2024-09-17 15:42:45,983 : INFO : root : Loading config.
2024-09-17 15:42:45,985 : INFO : YamlMultifileConfigLoader : Machine config file #1: config.yaml
2024-09-17 15:42:45,986 : WARNING : ConfigProcessor : Config file in cache changed: C:\Users\brice.rouanet\Documents\GitHub\Robowar\config\config.yaml
2024-09-17 15:42:45,986 : INFO : ConfigProcessor : Loading config from file C:\Users\brice.rouanet\Documents\mpf\mpf\mpfconfig.yaml.
2024-09-17 15:42:45,992 : INFO : ConfigProcessor : Loading config: C:\Users\brice.rouanet\Documents\mpf\mpf\mpfconfig.yaml
2024-09-17 15:42:45,992 : INFO : ConfigProcessor : Loading config from file C:\Users\brice.rouanet\Documents\GitHub\Robowar\config\config.yaml.
2024-09-17 15:42:45,993 : INFO : ConfigProcessor : Loading config: C:\Users\brice.rouanet\Documents\GitHub\Robowar\config\config.yaml
2024-09-17 15:42:45,995 : INFO : ConfigProcessor : Loading config: C:\Users\brice.rouanet\Documents\GitHub\Robowar\config\switches.yaml
2024-09-17 15:42:45,997 : INFO : ConfigProcessor : Config file cache created: C:\Users\BRICE~1.ROU\AppData\Local\Temp\c22ae324d2bb5220608e2bc7ef80bf3a.mpf_cache
2024-09-17 15:42:46,037 : INFO : ConfigProcessor : Loading config from cache: C:\Users\BRICE~1.ROU\AppData\Local\Temp\d71cc0065cf3b986b341b4b3acf7151b.mpf_cache
2024-09-17 15:42:46,038 : INFO : ConfigProcessor : Loading config from cache: C:\Users\BRICE~1.ROU\AppData\Local\Temp\08ed8ef6bbf541ff70cecc6b77fe1bdf.mpf_cache
2024-09-17 15:42:46,038 : INFO : Machine : Mission Pinball Framework Core Engine v0.80.0.dev4
2024-09-17 15:42:46,038 : INFO : Machine : Command line arguments: {'no_load_cache': False, 'create_config_cache': True, 'bcp': False, 'configfile': ['config.yaml'], 'force_assets_load': False, 'platform_integration_test': False, 'jsonlogging': False, 'logfile': 'logs\\2024-09-17-15-42-45-mpf-C-CRI-BUR2-A13.log', 'pause': False, 'production': False, 'text_ui': False, 'loglevel': 15, 'consoleloglevel': 20, 'force_platform': None, 'syslog_address': None, 'full_logfile_path': 'C:\\Users\\brice.rouanet\\Documents\\GitHub\\Robowar\\logs\\2024-09-17-15-42-45-mpf-C-CRI-BUR2-A13.log'}
2024-09-17 15:42:46,038 : INFO : Machine : MPF path: C:\Users\brice.rouanet\Documents\mpf\mpf
2024-09-17 15:42:46,038 : INFO : Machine : Machine path: C:\Users\brice.rouanet\Documents\GitHub\Robowar
2024-09-17 15:42:46,038 : INFO : Machine : Platform: win32
2024-09-17 15:42:46,039 : INFO : Machine : Python executable location: C:\Users\brice.rouanet\Documents\mpfenv\Scripts\python.exe
2024-09-17 15:42:46,039 : INFO : Machine : Python version: 3.11.9 (64-bit)
2024-09-17 15:42:46,040 : INFO : Machine : Initializing MPF...
2024-09-17 15:42:46,086 : INFO : EventManager : Event: ======'machine_var_credits_string'====== Args={'value': 'FREE PLAY', 'prev_value': None, 'change': True}
2024-09-17 15:42:46,127 : INFO : EventManager : Event: ======'machine_var_master_volume'====== Args={'value': 0.5, 'prev_value': None, 'change': True}
2024-09-17 15:42:46,127 : INFO : EventManager : Event: ======'machine_var_mpf_version'====== Args={'value': 'Mission Pinball Framework v0.80.0.dev4', 'prev_value': None, 'change': True}
2024-09-17 15:42:46,127 : INFO : EventManager : Event: ======'machine_var_mpf_extended_version'====== Args={'value': 'Mission Pinball Framework v0.80.0.dev4, Config version:6, Show version: 6, BCP version:1.1', 'prev_value': None, 'change': True}
2024-09-17 15:42:46,127 : INFO : EventManager : Event: ======'machine_var_python_version'====== Args={'value': '3.11.9', 'prev_value': None, 'change': True}
2024-09-17 15:42:46,151 : INFO : EventManager : Event: ======'machine_var_platform'====== Args={'value': 'Windows-10-10.0.22631-SP0', 'prev_value': None, 'change': True}
2024-09-17 15:42:46,152 : INFO : EventManager : Event: ======'machine_var_platform_system'====== Args={'value': 'Windows', 'prev_value': None, 'change': True}
2024-09-17 15:42:46,152 : INFO : EventManager : Event: ======'machine_var_platform_release'====== Args={'value': '10', 'prev_value': None, 'change': True}
2024-09-17 15:42:46,152 : INFO : EventManager : Event: ======'machine_var_platform_version'====== Args={'value': '10.0.22631', 'prev_value': None, 'change': True}
2024-09-17 15:42:46,152 : INFO : EventManager : Event: ======'machine_var_platform_machine'====== Args={'value': 'AMD64', 'prev_value': None, 'change': True}
2024-09-17 15:42:46,152 : INFO : EventManager : Event: ======'machine_var_log_file_path'====== Args={'value': 'C:\\Users\\brice.rouanet\\Documents\\GitHub\\Robowar\\logs\\2024-09-17-15-42-45-mpf-C-CRI-BUR2-A13.log', 'prev_value': None, 'change': True}
2024-09-17 15:42:46,152 : INFO : EventManager : Event: ======'init_phase_1'====== Args={}
2024-09-17 15:42:46,169 : WARNING : segment_display.upper_display : Segment display update_method will default to 'replace' in a future MPF release. You have no config value specified and are currently getting 'stack' for backwards compatibility. To avoid a breaking change, please set 'update_method: "stack"' in your segment display config.
2024-09-17 15:42:46,169 : WARNING : segment_display.lower_display : Segment display update_method will default to 'replace' in a future MPF release. You have no config value specified and are currently getting 'stack' for backwards compatibility. To avoid a breaking change, please set 'update_method: "stack"' in your segment display config.
2024-09-17 15:42:46,170 : INFO : EventManager : Event: ======'init_phase_2'====== Args={}
2024-09-17 15:42:46,171 : INFO : ball_device.bd_drain : BCH: Initial count: 0
2024-09-17 15:42:46,171 : INFO : ball_device.bd_drain : State: idle
2024-09-17 15:42:46,184 : INFO : EventManager : Event: ======'init_phase_3'====== Args={}
2024-09-17 15:42:46,185 : INFO : EventManager : Event: ======'init_phase_4'====== Args={}
2024-09-17 15:42:46,185 : INFO : BallController : Initial balls found: 0
2024-09-17 15:42:46,186 : INFO : EventManager : Event: ======'machine_var_audits_switches_s_right_coin'====== Args={'value': 0, 'prev_value': None, 'change': True}
2024-09-17 15:42:46,186 : INFO : EventManager : Event: ======'machine_var_audits_switches_s_play_test_play'====== Args={'value': 0, 'prev_value': None, 'change': True}
2024-09-17 15:42:46,186 : INFO : EventManager : Event: ======'machine_var_audits_switches_s_kicking_2'====== Args={'value': 0, 'prev_value': None, 'change': True}
2024-09-17 15:42:46,186 : INFO : EventManager : Event: ======'machine_var_audits_switches_s_start'====== Args={'value': 0, 'prev_value': None, 'change': True}
2024-09-17 15:42:46,186 : INFO : EventManager : Event: ======'machine_var_audits_switches_s_4_top_rollover'====== Args={'value': 0, 'prev_value': None, 'change': True}
2024-09-17 15:42:46,186 : INFO : EventManager : Event: ======'machine_var_audits_switches_s_right_adv'====== Args={'value': 0, 'prev_value': None, 'change': True}
2024-09-17 15:42:46,186 : INFO : EventManager : Event: ======'machine_var_audits_switches_s_bottom_bumper'====== Args={'value': 0, 'prev_value': None, 'change': True}
2024-09-17 15:42:46,186 : INFO : EventManager : Event: ======'machine_var_audits_switches_s_4_top_grop_target'====== Args={'value': 0, 'prev_value': None, 'change': True}
2024-09-17 15:42:46,186 : INFO : EventManager : Event: ======'machine_var_audits_switches_s_right_out_rollover'====== Args={'value': 0, 'prev_value': None, 'change': True}
2024-09-17 15:42:46,186 : INFO : EventManager : Event: ======'machine_var_audits_switches_s_right_return_rollover'====== Args={'value': 0, 'prev_value': None, 'change': True}
2024-09-17 15:42:46,186 : INFO : EventManager : Event: ======'machine_var_audits_switches_s_left_return_rollover'====== Args={'value': 0, 'prev_value': None, 'change': True}
2024-09-17 15:42:46,186 : INFO : EventManager : Event: ======'machine_var_audits_switches_s_right_flipper'====== Args={'value': 0, 'prev_value': None, 'change': True}
2024-09-17 15:42:46,186 : INFO : EventManager : Event: ======'machine_var_audits_switches_s_2_center_target'====== Args={'value': 0, 'prev_value': None, 'change': True}
2024-09-17 15:42:46,186 : INFO : EventManager : Event: ======'machine_var_audits_switches_s_right_side_rollover'====== Args={'value': 0, 'prev_value': None, 'change': True}
2024-09-17 15:42:46,186 : INFO : EventManager : Event: ======'machine_var_audits_switches_s_2_top_rollover'====== Args={'value': 0, 'prev_value': None, 'change': True}
2024-09-17 15:42:46,186 : INFO : EventManager : Event: ======'machine_var_audits_switches_s_3_top_rollover'====== Args={'value': 0, 'prev_value': None, 'change': True}
2024-09-17 15:42:46,186 : INFO : EventManager : Event: ======'machine_var_audits_switches_s_top_left_bumper'====== Args={'value': 0, 'prev_value': None, 'change': True}
2024-09-17 15:42:46,186 : INFO : EventManager : Event: ======'machine_var_audits_switches_s_outhole'====== Args={'value': 0, 'prev_value': None, 'change': True}
2024-09-17 15:42:46,186 : INFO : EventManager : Event: ======'machine_var_audits_switches_s_2_top_target'====== Args={'value': 0, 'prev_value': None, 'change': True}
2024-09-17 15:42:46,186 : INFO : EventManager : Event: ======'machine_var_audits_switches_s_left_out_rollover'====== Args={'value': 0, 'prev_value': None, 'change': True}
2024-09-17 15:42:46,186 : INFO : EventManager : Event: ======'machine_var_audits_switches_s_tilt'====== Args={'value': 0, 'prev_value': None, 'change': True}
2024-09-17 15:42:46,186 : INFO : EventManager : Event: ======'machine_var_audits_switches_s_stargate_rollover'====== Args={'value': 0, 'prev_value': None, 'change': True}
2024-09-17 15:42:46,186 : INFO : EventManager : Event: ======'machine_var_audits_switches_s_1_left_target'====== Args={'value': 0, 'prev_value': None, 'change': True}
2024-09-17 15:42:46,186 : INFO : EventManager : Event: ======'machine_var_audits_switches_s_top_right_rollunder'====== Args={'value': 0, 'prev_value': None, 'change': True}
2024-09-17 15:42:46,186 : INFO : EventManager : Event: ======'machine_var_audits_switches_s_3_right_target'====== Args={'value': 0, 'prev_value': None, 'change': True}
2024-09-17 15:42:46,186 : INFO : EventManager : Event: ======'machine_var_audits_switches_s_2_throught'====== Args={'value': 0, 'prev_value': None, 'change': True}
2024-09-17 15:42:46,186 : INFO : EventManager : Event: ======'machine_var_audits_switches_s_2_right_target'====== Args={'value': 0, 'prev_value': None, 'change': True}
2024-09-17 15:42:46,187 : INFO : EventManager : Event: ======'machine_var_audits_switches_s_hole'====== Args={'value': 0, 'prev_value': None, 'change': True}
2024-09-17 15:42:46,187 : INFO : EventManager : Event: ======'machine_var_audits_switches_s_stargate_spot'====== Args={'value': 0, 'prev_value': None, 'change': True}
2024-09-17 15:42:46,187 : INFO : EventManager : Event: ======'machine_var_audits_switches_s_3_top_target'====== Args={'value': 0, 'prev_value': None, 'change': True}
2024-09-17 15:42:46,187 : INFO : EventManager : Event: ======'machine_var_audits_switches_s_shooter_lane_rollover'====== Args={'value': 0, 'prev_value': None, 'change': True}
2024-09-17 15:42:46,187 : INFO : EventManager : Event: ======'machine_var_audits_switches_s_1_top_target'====== Args={'value': 0, 'prev_value': None, 'change': True}
2024-09-17 15:42:46,187 : INFO : EventManager : Event: ======'machine_var_audits_switches_s_1_top_rollover'====== Args={'value': 0, 'prev_value': None, 'change': True}
2024-09-17 15:42:46,187 : INFO : EventManager : Event: ======'machine_var_audits_switches_s_center_coin'====== Args={'value': 0, 'prev_value': None, 'change': True}
2024-09-17 15:42:46,187 : INFO : EventManager : Event: ======'machine_var_audits_switches_s_left_adv'====== Args={'value': 0, 'prev_value': None, 'change': True}
2024-09-17 15:42:46,187 : INFO : EventManager : Event: ======'machine_var_audits_switches_s_left_spot_target'====== Args={'value': 0, 'prev_value': None, 'change': True}
2024-09-17 15:42:46,187 : INFO : EventManager : Event: ======'machine_var_audits_switches_s_1_right_target'====== Args={'value': 0, 'prev_value': None, 'change': True}
2024-09-17 15:42:46,187 : INFO : EventManager : Event: ======'machine_var_audits_switches_s_1_center_target'====== Args={'value': 0, 'prev_value': None, 'change': True}
2024-09-17 15:42:46,187 : INFO : EventManager : Event: ======'machine_var_audits_switches_s_left_coin'====== Args={'value': 0, 'prev_value': None, 'change': True}
2024-09-17 15:42:46,187 : INFO : EventManager : Event: ======'machine_var_audits_switches_s_spinner'====== Args={'value': 0, 'prev_value': None, 'change': True}
2024-09-17 15:42:46,187 : INFO : EventManager : Event: ======'machine_var_audits_switches_s_top_right_bumper'====== Args={'value': 0, 'prev_value': None, 'change': True}
2024-09-17 15:42:46,187 : INFO : EventManager : Event: ======'machine_var_audits_events_game_started'====== Args={'value': 0, 'prev_value': None, 'change': True}
2024-09-17 15:42:46,187 : INFO : EventManager : Event: ======'machine_var_audits_events_game_ended'====== Args={'value': 0, 'prev_value': None, 'change': True}
2024-09-17 15:42:46,187 : INFO : EventManager : Event: ======'machine_var_audits_player_score'====== Args={'value': {'top': [], 'average': 0, 'total': 0}, 'prev_value': None, 'change': True}
2024-09-17 15:42:46,187 : INFO : EventManager : Event: ======'init_phase_5'====== Args={}
2024-09-17 15:42:46,187 : INFO : EventManager : Event: ======'init_done'====== Args={}
2024-09-17 15:42:46,187 : INFO : EventManager : Event: ======'machine_reset_phase_1'====== Args={}
2024-09-17 15:42:46,187 : INFO : EventManager : Event: ======'machine_reset_phase_2'====== Args={}
2024-09-17 15:42:46,187 : INFO : EventManager : Event: ======'machine_reset_phase_3'====== Args={}
2024-09-17 15:42:46,187 : INFO : EventManager : Event: ======'reset_complete'====== Args={}
2024-09-17 15:42:46,188 : INFO : EventManager : Event: ======'mode_attract_will_start'====== Args={}
2024-09-17 15:42:46,188 : INFO : EventManager : Event: ======'mode_attract_starting'====== Args={}
2024-09-17 15:42:46,188 : INFO : Mode.attract : Started. Priority: 10
2024-09-17 15:42:46,188 : INFO : EventManager : Event: ======'modes_active_modes_changed'====== Args={}
2024-09-17 15:42:46,188 : INFO : EventManager : Event: ======'mode_attract_started'====== Args={}
2024-09-17 15:42:46,188 : INFO : EventManager : Event: ======'collecting_balls_complete'====== Args={}
2024-09-17 15:42:46,188 : INFO : Machine : Starting the main run loop with active modes: [<Mode.attract>]
2024-09-17 16:07:56,394 : INFO : Machine : Shutting down...
2024-09-17 16:07:56,394 : INFO : EventManager : Event: ======'shutdown'====== Args={}
2024-09-17 16:07:56,396 : INFO : root : MPF run loop ended.
