2024-09-18 14:25:47,180 : INFO : root : Loading config.
2024-09-18 14:25:47,182 : INFO : YamlMultifileConfigLoader : Machine config file #1: config.yaml
2024-09-18 14:25:47,182 : WARNING : ConfigProcessor : Config file in cache changed: /home/pinball/Documents/Robowar/config/config.yaml
2024-09-18 14:25:47,182 : INFO : ConfigProcessor : Loading config from file /home/pinball/mpfenv/lib/python3.12/site-packages/mpf/mpfconfig.yaml.
2024-09-18 14:25:47,191 : INFO : ConfigProcessor : Loading config: /home/pinball/mpfenv/lib/python3.12/site-packages/mpf/mpfconfig.yaml
2024-09-18 14:25:47,191 : INFO : ConfigProcessor : Loading config from file /home/pinball/Documents/Robowar/config/config.yaml.
2024-09-18 14:25:47,192 : INFO : ConfigProcessor : Loading config: /home/pinball/Documents/Robowar/config/config.yaml
2024-09-18 14:25:47,194 : INFO : ConfigProcessor : Loading config: /home/pinball/Documents/Robowar/config/switches.yaml
2024-09-18 14:25:47,195 : INFO : ConfigProcessor : Loading config: /home/pinball/Documents/Robowar/config/coils.yaml
2024-09-18 14:25:47,196 : INFO : ConfigProcessor : Loading config: /home/pinball/Documents/Robowar/config/displays.yaml
2024-09-18 14:25:47,198 : INFO : ConfigProcessor : Loading config: /home/pinball/Documents/Robowar/config/lamps.yaml
2024-09-18 14:25:47,199 : INFO : ConfigProcessor : Config file cache created: /tmp/ce9187e7529af622f3b6e40d00abcf94.mpf_cache
2024-09-18 14:25:47,227 : INFO : ConfigProcessor : Loading config from cache: /tmp/8973a6dc4f28e221c9999ded5d94a924.mpf_cache
2024-09-18 14:25:47,228 : INFO : ConfigProcessor : Loading config from cache: /tmp/630a60b96e3d9b5031cbb1e5fa5514c1.mpf_cache
2024-09-18 14:25:47,228 : INFO : Machine : Mission Pinball Framework Core Engine v0.80.0.dev4
2024-09-18 14:25:47,228 : INFO : Machine : Command line arguments: {'no_load_cache': False, 'create_config_cache': True, 'bcp': False, 'configfile': ['config.yaml'], 'force_assets_load': False, 'platform_integration_test': False, 'jsonlogging': False, 'logfile': 'logs/2024-09-18-14-25-47-mpf-mpf.log', 'pause': False, 'production': False, 'text_ui': True, 'loglevel': 15, 'consoleloglevel': 20, 'force_platform': None, 'syslog_address': None, 'mc_file_name': None, 'no_sound': False, 'full_logfile_path': '/home/pinball/Documents/Robowar/logs/2024-09-18-14-25-47-mpf-mpf.log'}
2024-09-18 14:25:47,228 : INFO : Machine : MPF path: /home/pinball/mpfenv/lib/python3.12/site-packages/mpf
2024-09-18 14:25:47,228 : INFO : Machine : Machine path: /home/pinball/Documents/Robowar
2024-09-18 14:25:47,228 : INFO : Machine : Platform: linux
2024-09-18 14:25:47,228 : INFO : Machine : Python executable location: /home/pinball/mpfenv/bin/python3
2024-09-18 14:25:47,228 : INFO : Machine : Python version: 3.12.3 (64-bit)
2024-09-18 14:25:47,229 : INFO : Machine : Initializing MPF...
2024-09-18 14:25:47,282 : INFO : lisy : Connecting to /dev/ttyACM0 at 115200bps
2024-09-18 14:25:47,389 : INFO : EventManager : Event: ======'machine_var_lisy_hardware'====== Args={'value': 'LISY80', 'prev_value': None, 'change': True}
2024-09-18 14:25:47,389 : INFO : EventManager : Event: ======'machine_var_lisy_version'====== Args={'value': '5.26 ', 'prev_value': None, 'change': True}
2024-09-18 14:25:47,389 : INFO : EventManager : Event: ======'machine_var_lisy_api_version'====== Args={'value': b'0.09', 'prev_value': None, 'change': True}
2024-09-18 14:25:47,472 : INFO : EventManager : Event: ======'machine_var_credits_string'====== Args={'value': 'FREE PLAY', 'prev_value': None, 'change': True}
2024-09-18 14:25:47,486 : INFO : EventManager : Event: ======'machine_var_master_volume'====== Args={'value': 0.5, 'prev_value': None, 'change': True}
2024-09-18 14:25:47,486 : INFO : EventManager : Event: ======'machine_var_mpf_version'====== Args={'value': 'Mission Pinball Framework v0.80.0.dev4', 'prev_value': None, 'change': True}
2024-09-18 14:25:47,486 : INFO : EventManager : Event: ======'machine_var_mpf_extended_version'====== Args={'value': 'Mission Pinball Framework v0.80.0.dev4, Config version:6, Show version: 6, BCP version:1.1', 'prev_value': None, 'change': True}
2024-09-18 14:25:47,487 : INFO : EventManager : Event: ======'machine_var_python_version'====== Args={'value': '3.12.3', 'prev_value': None, 'change': True}
2024-09-18 14:25:47,488 : INFO : EventManager : Event: ======'machine_var_platform'====== Args={'value': 'Linux-6.8.0-38-generic-x86_64-with-glibc2.39', 'prev_value': None, 'change': True}
2024-09-18 14:25:47,489 : INFO : EventManager : Event: ======'machine_var_platform_system'====== Args={'value': 'Linux', 'prev_value': None, 'change': True}
2024-09-18 14:25:47,489 : INFO : EventManager : Event: ======'machine_var_platform_release'====== Args={'value': '6.8.0-38-generic', 'prev_value': None, 'change': True}
2024-09-18 14:25:47,489 : INFO : EventManager : Event: ======'machine_var_platform_version'====== Args={'value': '#38-Ubuntu SMP PREEMPT_DYNAMIC Fri Jun  7 15:25:01 UTC 2024', 'prev_value': None, 'change': True}
2024-09-18 14:25:47,489 : INFO : EventManager : Event: ======'machine_var_platform_machine'====== Args={'value': 'x86_64', 'prev_value': None, 'change': True}
2024-09-18 14:25:47,489 : INFO : EventManager : Event: ======'machine_var_log_file_path'====== Args={'value': '/home/pinball/Documents/Robowar/logs/2024-09-18-14-25-47-mpf-mpf.log', 'prev_value': None, 'change': True}
2024-09-18 14:25:47,489 : INFO : EventManager : Event: ======'init_phase_1'====== Args={}
2024-09-18 14:25:47,506 : WARNING : segment_display.upper_display : Segment display update_method will default to 'replace' in a future MPF release. You have no config value specified and are currently getting 'stack' for backwards compatibility. To avoid a breaking change, please set 'update_method: "stack"' in your segment display config.
2024-09-18 14:25:47,507 : WARNING : segment_display.lower_display : Segment display update_method will default to 'replace' in a future MPF release. You have no config value specified and are currently getting 'stack' for backwards compatibility. To avoid a breaking change, please set 'update_method: "stack"' in your segment display config.
2024-09-18 14:25:47,521 : ERROR : asyncio : Task exception was never retrieved
future: <Task finished name='Task-104' coro=<SystemWideDevice.device_added_system_wide() done, defined at /home/pinball/mpfenv/lib/python3.12/site-packages/mpf/core/system_wide_device.py:15> exception=ConfigFileError('Config validation error: Entry ball_device_ejector_pulse:ball_device_ejector_pulse:eject_coil = "s_shooter_lane_rollover" is not valid. Device "s_shooter_lane_rollover" not found in "coils:" section in your config.')>
Traceback (most recent call last):
  File "/home/pinball/mpfenv/lib/python3.12/site-packages/mpf/core/system_wide_device.py", line 17, in device_added_system_wide
    await self._initialize()
  File "/home/pinball/mpfenv/lib/python3.12/site-packages/mpf/devices/ball_device/ball_device.py", line 90, in _initialize
    self._configure_targets()
  File "/home/pinball/mpfenv/lib/python3.12/site-packages/mpf/devices/ball_device/ball_device.py", line 386, in _configure_targets
    self.ejector = ejector_class(ejector_config, self, self.machine)
                   ^^^^^^^^^^^^^^^^^^^^^^^^^^^^^^^^^^^^^^^^^^^^^^^^^
  File "/home/pinball/mpfenv/lib/python3.12/site-packages/mpf/devices/ball_device/pulse_coil_ejector.py", line 26, in __init__
    self.config = self.machine.config_validator.validate_config("ball_device_ejector_pulse", self.config)
                  ^^^^^^^^^^^^^^^^^^^^^^^^^^^^^^^^^^^^^^^^^^^^^^^^^^^^^^^^^^^^^^^^^^^^^^^^^^^^^^^^^^^^^^^
  File "/home/pinball/mpfenv/lib/python3.12/site-packages/mpf/core/config_validator.py", line 164, in validate_config
    return self._validate_config(config_spec, source, base_spec=base_spec, add_missing_keys=add_missing_keys,
           ^^^^^^^^^^^^^^^^^^^^^^^^^^^^^^^^^^^^^^^^^^^^^^^^^^^^^^^^^^^^^^^^^^^^^^^^^^^^^^^^^^^^^^^^^^^^^^^^^^
  File "/home/pinball/mpfenv/lib/python3.12/site-packages/mpf/core/config_validator.py", line 204, in _validate_config
    processed_config[k] = self.validate_config_item(
                          ^^^^^^^^^^^^^^^^^^^^^^^^^^
  File "/home/pinball/mpfenv/lib/python3.12/site-packages/mpf/core/config_validator.py", line 243, in validate_config_item
    return self.validate_item(item, validation, validation_failure_info)
           ^^^^^^^^^^^^^^^^^^^^^^^^^^^^^^^^^^^^^^^^^^^^^^^^^^^^^^^^^^^^^
  File "/home/pinball/mpfenv/lib/python3.12/site-packages/mpf/core/config_validator.py", line 699, in validate_item
    return self.validator_list[validator](item, validation_failure_info=validation_failure_info, param=param)
           ^^^^^^^^^^^^^^^^^^^^^^^^^^^^^^^^^^^^^^^^^^^^^^^^^^^^^^^^^^^^^^^^^^^^^^^^^^^^^^^^^^^^^^^^^^^^^^^^^^
  File "/home/pinball/mpfenv/lib/python3.12/site-packages/mpf/core/config_validator.py", line 413, in _validate_type_machine
    raise self.validation_error(item, validation_failure_info,
mpf.exceptions.config_file_error.ConfigFileError: Config File Error in ConfigValidator: Config validation error: Entry ball_device_ejector_pulse:ball_device_ejector_pulse:eject_coil = "s_shooter_lane_rollover" is not valid. Device "s_shooter_lane_rollover" not found in "coils:" section in your config. Error Code: CFE-ConfigValidator-6 (https://missionpinball.org/logs)
2024-09-18 14:25:47,522 : INFO : EventManager : Event: ======'init_phase_2'====== Args={}
2024-09-18 14:25:47,522 : INFO : Machine : Starting the main run loop.
2024-09-18 14:25:47,522 : INFO : Machine : Shutting down...
2024-09-18 14:25:47,522 : INFO : EventManager : Event: ======'shutdown'====== Args={}
2024-09-18 14:25:47,523 : INFO : SwitchController : Found active switch: ('40', <mpf.platforms.lisy.lisy.LisyHardwarePlatform object at 0x7239db194dd0>) <switch.s_1_top_target>
2024-09-18 14:25:47,523 : INFO : SwitchController : Found active switch: ('41', <mpf.platforms.lisy.lisy.LisyHardwarePlatform object at 0x7239db194dd0>) <switch.s_1_right_target>
2024-09-18 14:25:47,523 : INFO : SwitchController : Found active switch: ('42', <mpf.platforms.lisy.lisy.LisyHardwarePlatform object at 0x7239db194dd0>) <switch.s_1_center_target>
2024-09-18 14:25:47,523 : INFO : SwitchController : Found active switch: ('43', <mpf.platforms.lisy.lisy.LisyHardwarePlatform object at 0x7239db194dd0>) <switch.s_1_left_target>
2024-09-18 14:25:47,523 : INFO : SwitchController : Found active switch: ('50', <mpf.platforms.lisy.lisy.LisyHardwarePlatform object at 0x7239db194dd0>) <switch.s_2_top_target>
2024-09-18 14:25:47,523 : INFO : SwitchController : Found active switch: ('51', <mpf.platforms.lisy.lisy.LisyHardwarePlatform object at 0x7239db194dd0>) <switch.s_2_right_target>
2024-09-18 14:25:47,523 : INFO : SwitchController : Found active switch: ('52', <mpf.platforms.lisy.lisy.LisyHardwarePlatform object at 0x7239db194dd0>) <switch.s_2_center_target>
2024-09-18 14:25:47,523 : INFO : SwitchController : Found active switch: ('60', <mpf.platforms.lisy.lisy.LisyHardwarePlatform object at 0x7239db194dd0>) <switch.s_3_top_target>
2024-09-18 14:25:47,523 : INFO : SwitchController : Found active switch: ('61', <mpf.platforms.lisy.lisy.LisyHardwarePlatform object at 0x7239db194dd0>) <switch.s_3_right_target>
2024-09-18 14:25:47,523 : INFO : SwitchController : Found active switch: ('66', <mpf.platforms.lisy.lisy.LisyHardwarePlatform object at 0x7239db194dd0>) <switch.s_outhole>
2024-09-18 14:25:47,523 : INFO : SwitchController : Found active switch: ('70', <mpf.platforms.lisy.lisy.LisyHardwarePlatform object at 0x7239db194dd0>) <switch.s_4_top_grop_target>
2024-09-18 14:25:47,523 : INFO : SwitchController : Found active switch: ('73', <mpf.platforms.lisy.lisy.LisyHardwarePlatform object at 0x7239db194dd0>) <switch.s_bottom_bumper>
2024-09-18 14:25:47,527 : ERROR : asyncio : Task exception was never retrieved
future: <Task finished name='Task-117' coro=<BallDevice._initialize_async() done, defined at /home/pinball/mpfenv/lib/python3.12/site-packages/mpf/devices/ball_device/ball_device.py:196> exception=ConfigFileError('Config validation error: Entry ball_device_counter_ball_switches:ball_device_counter_ball_switches:ball_switches = "s_ouhole" is not valid. Device "s_ouhole" not found in "switches:" section in your config.')>
Traceback (most recent call last):
  File "/home/pinball/mpfenv/lib/python3.12/site-packages/mpf/devices/ball_device/ball_device.py", line 198, in _initialize_async
    await self.ball_count_handler.initialize()
  File "/home/pinball/mpfenv/lib/python3.12/site-packages/mpf/devices/ball_device/ball_count_handler.py", line 92, in initialize
    self.counter = counter_class(self.ball_device, self.ball_device.config.get("counter", {}))
                   ^^^^^^^^^^^^^^^^^^^^^^^^^^^^^^^^^^^^^^^^^^^^^^^^^^^^^^^^^^^^^^^^^^^^^^^^^^^
  File "/home/pinball/mpfenv/lib/python3.12/site-packages/mpf/devices/ball_device/switch_counter.py", line 27, in __init__
    self.config = self.machine.config_validator.validate_config("ball_device_counter_ball_switches", self.config)
                  ^^^^^^^^^^^^^^^^^^^^^^^^^^^^^^^^^^^^^^^^^^^^^^^^^^^^^^^^^^^^^^^^^^^^^^^^^^^^^^^^^^^^^^^^^^^^^^^
  File "/home/pinball/mpfenv/lib/python3.12/site-packages/mpf/core/config_validator.py", line 164, in validate_config
    return self._validate_config(config_spec, source, base_spec=base_spec, add_missing_keys=add_missing_keys,
           ^^^^^^^^^^^^^^^^^^^^^^^^^^^^^^^^^^^^^^^^^^^^^^^^^^^^^^^^^^^^^^^^^^^^^^^^^^^^^^^^^^^^^^^^^^^^^^^^^^
  File "/home/pinball/mpfenv/lib/python3.12/site-packages/mpf/core/config_validator.py", line 204, in _validate_config
    processed_config[k] = self.validate_config_item(
                          ^^^^^^^^^^^^^^^^^^^^^^^^^^
  File "/home/pinball/mpfenv/lib/python3.12/site-packages/mpf/core/config_validator.py", line 256, in validate_config_item
    new_list.append(self.validate_item(i, validation, validation_failure_info))
                    ^^^^^^^^^^^^^^^^^^^^^^^^^^^^^^^^^^^^^^^^^^^^^^^^^^^^^^^^^^
  File "/home/pinball/mpfenv/lib/python3.12/site-packages/mpf/core/config_validator.py", line 699, in validate_item
    return self.validator_list[validator](item, validation_failure_info=validation_failure_info, param=param)
           ^^^^^^^^^^^^^^^^^^^^^^^^^^^^^^^^^^^^^^^^^^^^^^^^^^^^^^^^^^^^^^^^^^^^^^^^^^^^^^^^^^^^^^^^^^^^^^^^^^
  File "/home/pinball/mpfenv/lib/python3.12/site-packages/mpf/core/config_validator.py", line 413, in _validate_type_machine
    raise self.validation_error(item, validation_failure_info,
mpf.exceptions.config_file_error.ConfigFileError: Config File Error in ConfigValidator: Config validation error: Entry ball_device_counter_ball_switches:ball_device_counter_ball_switches:ball_switches = "s_ouhole" is not valid. Device "s_ouhole" not found in "switches:" section in your config. Error Code: CFE-ConfigValidator-6 (https://missionpinball.org/logs)
2024-09-18 14:25:47,531 : ERROR : asyncio : Task exception was never retrieved
future: <Task finished name='Task-118' coro=<BallDevice._initialize_async() done, defined at /home/pinball/mpfenv/lib/python3.12/site-packages/mpf/devices/ball_device/ball_device.py:196> exception=ConfigFileError('Config validation error: Entry ball_device_counter_ball_switches:ball_device_counter_ball_switches:ball_switches = "s_plunger_lane" is not valid. Device "s_plunger_lane" not found in "switches:" section in your config.')>
Traceback (most recent call last):
  File "/home/pinball/mpfenv/lib/python3.12/site-packages/mpf/devices/ball_device/ball_device.py", line 198, in _initialize_async
    await self.ball_count_handler.initialize()
  File "/home/pinball/mpfenv/lib/python3.12/site-packages/mpf/devices/ball_device/ball_count_handler.py", line 92, in initialize
    self.counter = counter_class(self.ball_device, self.ball_device.config.get("counter", {}))
                   ^^^^^^^^^^^^^^^^^^^^^^^^^^^^^^^^^^^^^^^^^^^^^^^^^^^^^^^^^^^^^^^^^^^^^^^^^^^
  File "/home/pinball/mpfenv/lib/python3.12/site-packages/mpf/devices/ball_device/switch_counter.py", line 27, in __init__
    self.config = self.machine.config_validator.validate_config("ball_device_counter_ball_switches", self.config)
                  ^^^^^^^^^^^^^^^^^^^^^^^^^^^^^^^^^^^^^^^^^^^^^^^^^^^^^^^^^^^^^^^^^^^^^^^^^^^^^^^^^^^^^^^^^^^^^^^
  File "/home/pinball/mpfenv/lib/python3.12/site-packages/mpf/core/config_validator.py", line 164, in validate_config
    return self._validate_config(config_spec, source, base_spec=base_spec, add_missing_keys=add_missing_keys,
           ^^^^^^^^^^^^^^^^^^^^^^^^^^^^^^^^^^^^^^^^^^^^^^^^^^^^^^^^^^^^^^^^^^^^^^^^^^^^^^^^^^^^^^^^^^^^^^^^^^
  File "/home/pinball/mpfenv/lib/python3.12/site-packages/mpf/core/config_validator.py", line 204, in _validate_config
    processed_config[k] = self.validate_config_item(
                          ^^^^^^^^^^^^^^^^^^^^^^^^^^
  File "/home/pinball/mpfenv/lib/python3.12/site-packages/mpf/core/config_validator.py", line 256, in validate_config_item
    new_list.append(self.validate_item(i, validation, validation_failure_info))
                    ^^^^^^^^^^^^^^^^^^^^^^^^^^^^^^^^^^^^^^^^^^^^^^^^^^^^^^^^^^
  File "/home/pinball/mpfenv/lib/python3.12/site-packages/mpf/core/config_validator.py", line 699, in validate_item
    return self.validator_list[validator](item, validation_failure_info=validation_failure_info, param=param)
           ^^^^^^^^^^^^^^^^^^^^^^^^^^^^^^^^^^^^^^^^^^^^^^^^^^^^^^^^^^^^^^^^^^^^^^^^^^^^^^^^^^^^^^^^^^^^^^^^^^
  File "/home/pinball/mpfenv/lib/python3.12/site-packages/mpf/core/config_validator.py", line 413, in _validate_type_machine
    raise self.validation_error(item, validation_failure_info,
mpf.exceptions.config_file_error.ConfigFileError: Config File Error in ConfigValidator: Config validation error: Entry ball_device_counter_ball_switches:ball_device_counter_ball_switches:ball_switches = "s_plunger_lane" is not valid. Device "s_plunger_lane" not found in "switches:" section in your config. Error Code: CFE-ConfigValidator-6 (https://missionpinball.org/logs)
2024-09-18 14:25:47,544 : INFO : EventManager : Event: ======'init_phase_3'====== Args={}
2024-09-18 14:25:47,546 : INFO : EventManager : Event: ======'init_phase_4'====== Args={}
2024-09-18 14:25:47,547 : ERROR : asyncio : Exception in callback Util.raise_exceptions(<Task finishe...unt_stable'")>) at /home/pinball/mpfenv/lib/python3.12/site-packages/mpf/core/utility_functions.py:790
handle: <Handle Util.raise_exceptions(<Task finishe...unt_stable'")>) at /home/pinball/mpfenv/lib/python3.12/site-packages/mpf/core/utility_functions.py:790>
Traceback (most recent call last):
  File "/usr/lib/python3.12/asyncio/events.py", line 88, in _run
    self._context.run(self._callback, *self._args)
  File "/home/pinball/mpfenv/lib/python3.12/site-packages/mpf/core/utility_functions.py", line 798, in raise_exceptions
    future.result()
  File "/home/pinball/mpfenv/lib/python3.12/site-packages/mpf/core/ball_controller.py", line 90, in _add_new_balls_to_playfield
    self.num_balls_known = await self._count_all_balls_in_devices()
                           ^^^^^^^^^^^^^^^^^^^^^^^^^^^^^^^^^^^^^^^^
  File "/home/pinball/mpfenv/lib/python3.12/site-packages/mpf/core/ball_controller.py", line 129, in _count_all_balls_in_devices
    futures.append(asyncio.ensure_future(device.ball_count_handler.counter.wait_for_count_stable()))
                                         ^^^^^^^^^^^^^^^^^^^^^^^^^^^^^^^^^^^^^^^^^^^^^^^^^^^^^^^
AttributeError: 'NoneType' object has no attribute 'wait_for_count_stable'
2024-09-18 14:25:47,550 : INFO : EventManager : Event: ======'machine_var_audits_events_game_ended'====== Args={'value': 0, 'prev_value': None, 'change': True}
2024-09-18 14:25:47,550 : INFO : EventManager : Event: ======'machine_var_audits_events_game_started'====== Args={'value': 15, 'prev_value': None, 'change': True}
2024-09-18 14:25:47,550 : INFO : EventManager : Event: ======'machine_var_audits_missing_switches_s_1_center_target'====== Args={'value': 15, 'prev_value': None, 'change': True}
2024-09-18 14:25:47,550 : INFO : EventManager : Event: ======'machine_var_audits_missing_switches_s_1_top_rollover'====== Args={'value': 15, 'prev_value': None, 'change': True}
2024-09-18 14:25:47,551 : INFO : EventManager : Event: ======'machine_var_audits_missing_switches_s_1_top_target'====== Args={'value': 15, 'prev_value': None, 'change': True}
2024-09-18 14:25:47,551 : INFO : EventManager : Event: ======'machine_var_audits_missing_switches_s_2_center_target'====== Args={'value': 15, 'prev_value': None, 'change': True}
2024-09-18 14:25:47,551 : INFO : EventManager : Event: ======'machine_var_audits_missing_switches_s_2_right_target'====== Args={'value': 1, 'prev_value': None, 'change': True}
2024-09-18 14:25:47,551 : INFO : EventManager : Event: ======'machine_var_audits_missing_switches_s_2_top_rollover'====== Args={'value': 15, 'prev_value': None, 'change': True}
2024-09-18 14:25:47,551 : INFO : EventManager : Event: ======'machine_var_audits_missing_switches_s_2_top_target'====== Args={'value': 15, 'prev_value': None, 'change': True}
2024-09-18 14:25:47,551 : INFO : EventManager : Event: ======'machine_var_audits_missing_switches_s_3_right_target'====== Args={'value': 11, 'prev_value': None, 'change': True}
2024-09-18 14:25:47,551 : INFO : EventManager : Event: ======'machine_var_audits_missing_switches_s_3_top_rollover'====== Args={'value': 15, 'prev_value': None, 'change': True}
2024-09-18 14:25:47,551 : INFO : EventManager : Event: ======'machine_var_audits_missing_switches_s_3_top_target'====== Args={'value': 15, 'prev_value': None, 'change': True}
2024-09-18 14:25:47,551 : INFO : EventManager : Event: ======'machine_var_audits_missing_switches_s_4_top_grop_target'====== Args={'value': 15, 'prev_value': None, 'change': True}
2024-09-18 14:25:47,551 : INFO : EventManager : Event: ======'machine_var_audits_missing_switches_s_bottom_bumper'====== Args={'value': 15, 'prev_value': None, 'change': True}
2024-09-18 14:25:47,551 : INFO : EventManager : Event: ======'machine_var_audits_missing_switches_s_center_coin'====== Args={'value': 15, 'prev_value': None, 'change': True}
2024-09-18 14:25:47,552 : INFO : EventManager : Event: ======'machine_var_audits_missing_switches_s_hole'====== Args={'value': 15, 'prev_value': None, 'change': True}
2024-09-18 14:25:47,552 : INFO : EventManager : Event: ======'machine_var_audits_missing_switches_s_kicking_2'====== Args={'value': 15, 'prev_value': None, 'change': True}
2024-09-18 14:25:47,552 : INFO : EventManager : Event: ======'machine_var_audits_missing_switches_s_left_adv'====== Args={'value': 15, 'prev_value': None, 'change': True}
2024-09-18 14:25:47,552 : INFO : EventManager : Event: ======'machine_var_audits_missing_switches_s_left_coin'====== Args={'value': 15, 'prev_value': None, 'change': True}
2024-09-18 14:25:47,552 : INFO : EventManager : Event: ======'machine_var_audits_missing_switches_s_left_out_rollover'====== Args={'value': 15, 'prev_value': None, 'change': True}
2024-09-18 14:25:47,552 : INFO : EventManager : Event: ======'machine_var_audits_missing_switches_s_left_return_rollover'====== Args={'value': 15, 'prev_value': None, 'change': True}
2024-09-18 14:25:47,552 : INFO : EventManager : Event: ======'machine_var_audits_missing_switches_s_left_spot_target'====== Args={'value': 15, 'prev_value': None, 'change': True}
2024-09-18 14:25:47,552 : INFO : EventManager : Event: ======'machine_var_audits_missing_switches_s_play_test_play'====== Args={'value': 15, 'prev_value': None, 'change': True}
2024-09-18 14:25:47,552 : INFO : EventManager : Event: ======'machine_var_audits_missing_switches_s_right_adv'====== Args={'value': 15, 'prev_value': None, 'change': True}
2024-09-18 14:25:47,552 : INFO : EventManager : Event: ======'machine_var_audits_missing_switches_s_right_coin'====== Args={'value': 15, 'prev_value': None, 'change': True}
2024-09-18 14:25:47,553 : INFO : EventManager : Event: ======'machine_var_audits_missing_switches_s_right_flipper'====== Args={'value': 15, 'prev_value': None, 'change': True}
2024-09-18 14:25:47,553 : INFO : EventManager : Event: ======'machine_var_audits_missing_switches_s_right_out_rollover'====== Args={'value': 15, 'prev_value': None, 'change': True}
2024-09-18 14:25:47,553 : INFO : EventManager : Event: ======'machine_var_audits_missing_switches_s_right_return_rollover'====== Args={'value': 15, 'prev_value': None, 'change': True}
2024-09-18 14:25:47,553 : INFO : EventManager : Event: ======'machine_var_audits_missing_switches_s_right_side_rollover'====== Args={'value': 15, 'prev_value': None, 'change': True}
2024-09-18 14:25:47,553 : INFO : EventManager : Event: ======'machine_var_audits_missing_switches_s_spinner'====== Args={'value': 15, 'prev_value': None, 'change': True}
2024-09-18 14:25:47,553 : INFO : EventManager : Event: ======'machine_var_audits_missing_switches_s_stargate_rollover'====== Args={'value': 15, 'prev_value': None, 'change': True}
2024-09-18 14:25:47,553 : INFO : EventManager : Event: ======'machine_var_audits_missing_switches_s_stargate_spot'====== Args={'value': 15, 'prev_value': None, 'change': True}
2024-09-18 14:25:47,553 : INFO : EventManager : Event: ======'machine_var_audits_missing_switches_s_throught'====== Args={'value': 1, 'prev_value': None, 'change': True}
2024-09-18 14:25:47,553 : INFO : EventManager : Event: ======'machine_var_audits_missing_switches_s_tilt'====== Args={'value': 15, 'prev_value': None, 'change': True}
2024-09-18 14:25:47,554 : INFO : EventManager : Event: ======'machine_var_audits_missing_switches_s_top_left_bumper'====== Args={'value': 15, 'prev_value': None, 'change': True}
2024-09-18 14:25:47,554 : INFO : EventManager : Event: ======'machine_var_audits_missing_switches_s_top_right_bumper'====== Args={'value': 11, 'prev_value': None, 'change': True}
2024-09-18 14:25:47,554 : INFO : EventManager : Event: ======'machine_var_audits_player_score'====== Args={'value': {'average': 0, 'top': [], 'total': 0}, 'prev_value': None, 'change': True}
2024-09-18 14:25:47,554 : INFO : EventManager : Event: ======'machine_var_audits_switches_s_1_center_target'====== Args={'value': 0, 'prev_value': None, 'change': True}
2024-09-18 14:25:47,554 : INFO : EventManager : Event: ======'machine_var_audits_switches_s_1_left_target'====== Args={'value': 19, 'prev_value': None, 'change': True}
2024-09-18 14:25:47,555 : INFO : EventManager : Event: ======'machine_var_audits_switches_s_1_right_target'====== Args={'value': 14, 'prev_value': None, 'change': True}
2024-09-18 14:25:47,555 : INFO : EventManager : Event: ======'machine_var_audits_switches_s_1_top_rollover'====== Args={'value': 0, 'prev_value': None, 'change': True}
2024-09-18 14:25:47,555 : INFO : EventManager : Event: ======'machine_var_audits_switches_s_1_top_target'====== Args={'value': 0, 'prev_value': None, 'change': True}
2024-09-18 14:25:47,555 : INFO : EventManager : Event: ======'machine_var_audits_switches_s_2_center_target'====== Args={'value': 0, 'prev_value': None, 'change': True}
2024-09-18 14:25:47,555 : INFO : EventManager : Event: ======'machine_var_audits_switches_s_2_right_target'====== Args={'value': 5, 'prev_value': None, 'change': True}
2024-09-18 14:25:47,555 : INFO : EventManager : Event: ======'machine_var_audits_switches_s_2_top_rollover'====== Args={'value': 0, 'prev_value': None, 'change': True}
2024-09-18 14:25:47,555 : INFO : EventManager : Event: ======'machine_var_audits_switches_s_2_top_target'====== Args={'value': 0, 'prev_value': None, 'change': True}
2024-09-18 14:25:47,555 : INFO : EventManager : Event: ======'machine_var_audits_switches_s_3_right_target'====== Args={'value': 5, 'prev_value': None, 'change': True}
2024-09-18 14:25:47,555 : INFO : EventManager : Event: ======'machine_var_audits_switches_s_3_top_rollover'====== Args={'value': 0, 'prev_value': None, 'change': True}
2024-09-18 14:25:47,556 : INFO : EventManager : Event: ======'machine_var_audits_switches_s_3_top_target'====== Args={'value': 0, 'prev_value': None, 'change': True}
2024-09-18 14:25:47,556 : INFO : EventManager : Event: ======'machine_var_audits_switches_s_4_top_grop_target'====== Args={'value': 0, 'prev_value': None, 'change': True}
2024-09-18 14:25:47,556 : INFO : EventManager : Event: ======'machine_var_audits_switches_s_4_top_rollover'====== Args={'value': 1, 'prev_value': None, 'change': True}
2024-09-18 14:25:47,556 : INFO : EventManager : Event: ======'machine_var_audits_switches_s_bottom_bumper'====== Args={'value': 0, 'prev_value': None, 'change': True}
2024-09-18 14:25:47,557 : INFO : EventManager : Event: ======'machine_var_audits_switches_s_center_coin'====== Args={'value': 0, 'prev_value': None, 'change': True}
2024-09-18 14:25:47,557 : INFO : EventManager : Event: ======'machine_var_audits_switches_s_hole'====== Args={'value': 0, 'prev_value': None, 'change': True}
2024-09-18 14:25:47,557 : INFO : EventManager : Event: ======'machine_var_audits_switches_s_kicking_2'====== Args={'value': 0, 'prev_value': None, 'change': True}
2024-09-18 14:25:47,558 : INFO : EventManager : Event: ======'machine_var_audits_switches_s_left_adv'====== Args={'value': 0, 'prev_value': None, 'change': True}
2024-09-18 14:25:47,558 : INFO : EventManager : Event: ======'machine_var_audits_switches_s_left_coin'====== Args={'value': 0, 'prev_value': None, 'change': True}
2024-09-18 14:25:47,559 : INFO : EventManager : Event: ======'machine_var_audits_switches_s_left_out_rollover'====== Args={'value': 0, 'prev_value': None, 'change': True}
2024-09-18 14:25:47,559 : INFO : EventManager : Event: ======'machine_var_audits_switches_s_left_return_rollover'====== Args={'value': 0, 'prev_value': None, 'change': True}
2024-09-18 14:25:47,559 : INFO : EventManager : Event: ======'machine_var_audits_switches_s_left_spot_target'====== Args={'value': 0, 'prev_value': None, 'change': True}
2024-09-18 14:25:47,559 : INFO : EventManager : Event: ======'machine_var_audits_switches_s_outhole'====== Args={'value': 7, 'prev_value': None, 'change': True}
2024-09-18 14:25:47,560 : INFO : EventManager : Event: ======'machine_var_audits_switches_s_play_test_play'====== Args={'value': 0, 'prev_value': None, 'change': True}
2024-09-18 14:25:47,560 : INFO : EventManager : Event: ======'machine_var_audits_switches_s_right_adv'====== Args={'value': 0, 'prev_value': None, 'change': True}
2024-09-18 14:25:47,561 : INFO : EventManager : Event: ======'machine_var_audits_switches_s_right_coin'====== Args={'value': 0, 'prev_value': None, 'change': True}
2024-09-18 14:25:47,561 : INFO : EventManager : Event: ======'machine_var_audits_switches_s_right_flipper'====== Args={'value': 0, 'prev_value': None, 'change': True}
2024-09-18 14:25:47,561 : INFO : EventManager : Event: ======'machine_var_audits_switches_s_right_out_rollover'====== Args={'value': 0, 'prev_value': None, 'change': True}
2024-09-18 14:25:47,561 : INFO : EventManager : Event: ======'machine_var_audits_switches_s_right_return_rollover'====== Args={'value': 0, 'prev_value': None, 'change': True}
2024-09-18 14:25:47,562 : INFO : EventManager : Event: ======'machine_var_audits_switches_s_right_side_rollover'====== Args={'value': 0, 'prev_value': None, 'change': True}
2024-09-18 14:25:47,562 : INFO : EventManager : Event: ======'machine_var_audits_switches_s_shooter_lane_rollover'====== Args={'value': 16, 'prev_value': None, 'change': True}
2024-09-18 14:25:47,562 : INFO : EventManager : Event: ======'machine_var_audits_switches_s_spinner'====== Args={'value': 0, 'prev_value': None, 'change': True}
2024-09-18 14:25:47,562 : INFO : EventManager : Event: ======'machine_var_audits_switches_s_stargate_rollover'====== Args={'value': 0, 'prev_value': None, 'change': True}
2024-09-18 14:25:47,562 : INFO : EventManager : Event: ======'machine_var_audits_switches_s_stargate_spot'====== Args={'value': 0, 'prev_value': None, 'change': True}
2024-09-18 14:25:47,563 : INFO : EventManager : Event: ======'machine_var_audits_switches_s_start'====== Args={'value': 20, 'prev_value': None, 'change': True}
2024-09-18 14:25:47,563 : INFO : EventManager : Event: ======'machine_var_audits_switches_s_throught'====== Args={'value': 7, 'prev_value': None, 'change': True}
2024-09-18 14:25:47,563 : INFO : EventManager : Event: ======'machine_var_audits_switches_s_tilt'====== Args={'value': 0, 'prev_value': None, 'change': True}
2024-09-18 14:25:47,563 : INFO : EventManager : Event: ======'machine_var_audits_switches_s_top_left_bumper'====== Args={'value': 0, 'prev_value': None, 'change': True}
2024-09-18 14:25:47,563 : INFO : EventManager : Event: ======'machine_var_audits_switches_s_top_right_bumper'====== Args={'value': 1, 'prev_value': None, 'change': True}
2024-09-18 14:25:47,564 : INFO : EventManager : Event: ======'machine_var_audits_switches_s_top_right_rollunder'====== Args={'value': 47, 'prev_value': None, 'change': True}
2024-09-18 14:25:47,564 : INFO : EventManager : Event: ======'init_phase_5'====== Args={}
2024-09-18 14:25:47,565 : INFO : EventManager : Event: ======'init_done'====== Args={}
2024-09-18 14:25:47,565 : ERROR : asyncio : Exception in callback Util.raise_exceptions(<Task finishe...ertionError()>) at /home/pinball/mpfenv/lib/python3.12/site-packages/mpf/core/utility_functions.py:790
handle: <Handle Util.raise_exceptions(<Task finishe...ertionError()>) at /home/pinball/mpfenv/lib/python3.12/site-packages/mpf/core/utility_functions.py:790>
Traceback (most recent call last):
  File "/usr/lib/python3.12/asyncio/events.py", line 88, in _run
    self._context.run(self._callback, *self._args)
  File "/home/pinball/mpfenv/lib/python3.12/site-packages/mpf/core/utility_functions.py", line 798, in raise_exceptions
    future.result()
  File "/home/pinball/mpfenv/lib/python3.12/site-packages/mpf/platforms/lisy/lisy.py", line 576, in _poll
    self.send_byte(LisyDefines.SwitchesGetChangedSwitches)
  File "/home/pinball/mpfenv/lib/python3.12/site-packages/mpf/platforms/lisy/lisy.py", line 783, in send_byte
    assert self._writer is not None
           ^^^^^^^^^^^^^^^^^^^^^^^^
AssertionError
2024-09-18 14:25:47,566 : INFO : EventManager : Event: ======'machine_reset_phase_1'====== Args={}
2024-09-18 14:25:47,566 : INFO : EventManager : Event: ======'machine_reset_phase_2'====== Args={}
2024-09-18 14:25:47,566 : INFO : EventManager : Event: ======'machine_reset_phase_3'====== Args={}
2024-09-18 14:25:47,566 : INFO : EventManager : Event: ======'reset_complete'====== Args={}
2024-09-18 14:25:47,566 : INFO : EventManager : Event: ======'mode_attract_will_start'====== Args={}
2024-09-18 14:25:47,567 : INFO : EventManager : Event: ======'mode_attract_starting'====== Args={}
2024-09-18 14:25:47,567 : INFO : Mode.attract : Will not start because machine is shutting down.
2024-09-18 14:25:47,628 : ERROR : Machine : Runtime Exception
Traceback (most recent call last):
  File "/home/pinball/mpfenv/lib/python3.12/site-packages/mpf/core/machine.py", line 793, in _run_loop
    raise self._exception['exception']
  File "/home/pinball/mpfenv/lib/python3.12/site-packages/mpf/core/system_wide_device.py", line 17, in device_added_system_wide
    await self._initialize()
  File "/home/pinball/mpfenv/lib/python3.12/site-packages/mpf/devices/ball_device/ball_device.py", line 90, in _initialize
    self._configure_targets()
  File "/home/pinball/mpfenv/lib/python3.12/site-packages/mpf/devices/ball_device/ball_device.py", line 386, in _configure_targets
    self.ejector = ejector_class(ejector_config, self, self.machine)
                   ^^^^^^^^^^^^^^^^^^^^^^^^^^^^^^^^^^^^^^^^^^^^^^^^^
  File "/home/pinball/mpfenv/lib/python3.12/site-packages/mpf/devices/ball_device/pulse_coil_ejector.py", line 26, in __init__
    self.config = self.machine.config_validator.validate_config("ball_device_ejector_pulse", self.config)
                  ^^^^^^^^^^^^^^^^^^^^^^^^^^^^^^^^^^^^^^^^^^^^^^^^^^^^^^^^^^^^^^^^^^^^^^^^^^^^^^^^^^^^^^^
  File "/home/pinball/mpfenv/lib/python3.12/site-packages/mpf/core/config_validator.py", line 164, in validate_config
    return self._validate_config(config_spec, source, base_spec=base_spec, add_missing_keys=add_missing_keys,
           ^^^^^^^^^^^^^^^^^^^^^^^^^^^^^^^^^^^^^^^^^^^^^^^^^^^^^^^^^^^^^^^^^^^^^^^^^^^^^^^^^^^^^^^^^^^^^^^^^^
  File "/home/pinball/mpfenv/lib/python3.12/site-packages/mpf/core/config_validator.py", line 204, in _validate_config
    processed_config[k] = self.validate_config_item(
                          ^^^^^^^^^^^^^^^^^^^^^^^^^^
  File "/home/pinball/mpfenv/lib/python3.12/site-packages/mpf/core/config_validator.py", line 243, in validate_config_item
    return self.validate_item(item, validation, validation_failure_info)
           ^^^^^^^^^^^^^^^^^^^^^^^^^^^^^^^^^^^^^^^^^^^^^^^^^^^^^^^^^^^^^
  File "/home/pinball/mpfenv/lib/python3.12/site-packages/mpf/core/config_validator.py", line 699, in validate_item
    return self.validator_list[validator](item, validation_failure_info=validation_failure_info, param=param)
           ^^^^^^^^^^^^^^^^^^^^^^^^^^^^^^^^^^^^^^^^^^^^^^^^^^^^^^^^^^^^^^^^^^^^^^^^^^^^^^^^^^^^^^^^^^^^^^^^^^
  File "/home/pinball/mpfenv/lib/python3.12/site-packages/mpf/core/config_validator.py", line 413, in _validate_type_machine
    raise self.validation_error(item, validation_failure_info,
mpf.exceptions.config_file_error.ConfigFileError: Config File Error in ConfigValidator: Config validation error: Entry ball_device_ejector_pulse:ball_device_ejector_pulse:eject_coil = "s_shooter_lane_rollover" is not valid. Device "s_shooter_lane_rollover" not found in "coils:" section in your config. Error Code: CFE-ConfigValidator-6 (https://missionpinball.org/logs)
2024-09-18 14:25:47,629 : INFO : root : MPF run loop ended.
