2024-09-18 14:36:07,427 : INFO : root : Loading config.
2024-09-18 14:36:07,432 : INFO : YamlMultifileConfigLoader : Machine config file #1: config.yaml
2024-09-18 14:36:07,432 : WARNING : ConfigProcessor : Config file in cache changed: /home/pinball/Documents/Robowar/config/config.yaml
2024-09-18 14:36:07,432 : INFO : ConfigProcessor : Loading config from file /home/pinball/mpfenv/lib/python3.12/site-packages/mpf/mpfconfig.yaml.
2024-09-18 14:36:07,441 : INFO : ConfigProcessor : Loading config: /home/pinball/mpfenv/lib/python3.12/site-packages/mpf/mpfconfig.yaml
2024-09-18 14:36:07,441 : INFO : ConfigProcessor : Loading config from file /home/pinball/Documents/Robowar/config/config.yaml.
2024-09-18 14:36:07,442 : INFO : ConfigProcessor : Loading config: /home/pinball/Documents/Robowar/config/config.yaml
2024-09-18 14:36:07,444 : INFO : ConfigProcessor : Loading config: /home/pinball/Documents/Robowar/config/switches.yaml
2024-09-18 14:36:07,445 : INFO : ConfigProcessor : Loading config: /home/pinball/Documents/Robowar/config/coils.yaml
2024-09-18 14:36:07,445 : INFO : ConfigProcessor : Loading config: /home/pinball/Documents/Robowar/config/displays.yaml
2024-09-18 14:36:07,447 : INFO : ConfigProcessor : Loading config: /home/pinball/Documents/Robowar/config/lamps.yaml
2024-09-18 14:36:07,449 : INFO : ConfigProcessor : Config file cache created: /tmp/ce9187e7529af622f3b6e40d00abcf94.mpf_cache
2024-09-18 14:36:07,476 : INFO : ConfigProcessor : Loading config from cache: /tmp/8973a6dc4f28e221c9999ded5d94a924.mpf_cache
2024-09-18 14:36:07,477 : INFO : ConfigProcessor : Loading config from cache: /tmp/630a60b96e3d9b5031cbb1e5fa5514c1.mpf_cache
2024-09-18 14:36:07,477 : INFO : Machine : Mission Pinball Framework Core Engine v0.80.0.dev4
2024-09-18 14:36:07,477 : INFO : Machine : Command line arguments: {'no_load_cache': False, 'create_config_cache': True, 'bcp': False, 'configfile': ['config.yaml'], 'force_assets_load': False, 'platform_integration_test': False, 'jsonlogging': False, 'logfile': 'logs/2024-09-18-14-36-07-mpf-mpf.log', 'pause': False, 'production': False, 'text_ui': True, 'loglevel': 15, 'consoleloglevel': 20, 'force_platform': None, 'syslog_address': None, 'mc_file_name': None, 'no_sound': False, 'full_logfile_path': '/home/pinball/Documents/Robowar/logs/2024-09-18-14-36-07-mpf-mpf.log'}
2024-09-18 14:36:07,477 : INFO : Machine : MPF path: /home/pinball/mpfenv/lib/python3.12/site-packages/mpf
2024-09-18 14:36:07,477 : INFO : Machine : Machine path: /home/pinball/Documents/Robowar
2024-09-18 14:36:07,477 : INFO : Machine : Platform: linux
2024-09-18 14:36:07,477 : INFO : Machine : Python executable location: /home/pinball/mpfenv/bin/python3
2024-09-18 14:36:07,477 : INFO : Machine : Python version: 3.12.3 (64-bit)
2024-09-18 14:36:07,478 : INFO : Machine : Initializing MPF...
2024-09-18 14:36:07,525 : INFO : lisy : Connecting to /dev/ttyACM0 at 115200bps
2024-09-18 14:36:07,632 : INFO : EventManager : Event: ======'machine_var_lisy_hardware'====== Args={'value': 'LISY80', 'prev_value': None, 'change': True}
2024-09-18 14:36:07,632 : INFO : EventManager : Event: ======'machine_var_lisy_version'====== Args={'value': '5.26 ', 'prev_value': None, 'change': True}
2024-09-18 14:36:07,632 : INFO : EventManager : Event: ======'machine_var_lisy_api_version'====== Args={'value': b'0.09', 'prev_value': None, 'change': True}
2024-09-18 14:36:07,710 : INFO : EventManager : Event: ======'machine_var_credits_string'====== Args={'value': 'FREE PLAY', 'prev_value': None, 'change': True}
2024-09-18 14:36:07,725 : INFO : EventManager : Event: ======'machine_var_master_volume'====== Args={'value': 0.5, 'prev_value': None, 'change': True}
2024-09-18 14:36:07,725 : INFO : EventManager : Event: ======'machine_var_mpf_version'====== Args={'value': 'Mission Pinball Framework v0.80.0.dev4', 'prev_value': None, 'change': True}
2024-09-18 14:36:07,725 : INFO : EventManager : Event: ======'machine_var_mpf_extended_version'====== Args={'value': 'Mission Pinball Framework v0.80.0.dev4, Config version:6, Show version: 6, BCP version:1.1', 'prev_value': None, 'change': True}
2024-09-18 14:36:07,725 : INFO : EventManager : Event: ======'machine_var_python_version'====== Args={'value': '3.12.3', 'prev_value': None, 'change': True}
2024-09-18 14:36:07,727 : INFO : EventManager : Event: ======'machine_var_platform'====== Args={'value': 'Linux-6.8.0-38-generic-x86_64-with-glibc2.39', 'prev_value': None, 'change': True}
2024-09-18 14:36:07,727 : INFO : EventManager : Event: ======'machine_var_platform_system'====== Args={'value': 'Linux', 'prev_value': None, 'change': True}
2024-09-18 14:36:07,727 : INFO : EventManager : Event: ======'machine_var_platform_release'====== Args={'value': '6.8.0-38-generic', 'prev_value': None, 'change': True}
2024-09-18 14:36:07,727 : INFO : EventManager : Event: ======'machine_var_platform_version'====== Args={'value': '#38-Ubuntu SMP PREEMPT_DYNAMIC Fri Jun  7 15:25:01 UTC 2024', 'prev_value': None, 'change': True}
2024-09-18 14:36:07,727 : INFO : EventManager : Event: ======'machine_var_platform_machine'====== Args={'value': 'x86_64', 'prev_value': None, 'change': True}
2024-09-18 14:36:07,727 : INFO : EventManager : Event: ======'machine_var_log_file_path'====== Args={'value': '/home/pinball/Documents/Robowar/logs/2024-09-18-14-36-07-mpf-mpf.log', 'prev_value': None, 'change': True}
2024-09-18 14:36:07,727 : INFO : EventManager : Event: ======'init_phase_1'====== Args={}
2024-09-18 14:36:07,740 : WARNING : segment_display.upper_display : Segment display update_method will default to 'replace' in a future MPF release. You have no config value specified and are currently getting 'stack' for backwards compatibility. To avoid a breaking change, please set 'update_method: "stack"' in your segment display config.
2024-09-18 14:36:07,740 : WARNING : segment_display.lower_display : Segment display update_method will default to 'replace' in a future MPF release. You have no config value specified and are currently getting 'stack' for backwards compatibility. To avoid a breaking change, please set 'update_method: "stack"' in your segment display config.
2024-09-18 14:36:07,753 : INFO : EventManager : Event: ======'init_phase_2'====== Args={}
2024-09-18 14:36:07,753 : INFO : SwitchController : Found active switch: ('36', <mpf.platforms.lisy.lisy.LisyHardwarePlatform object at 0x70bb6458cdd0>) <switch.s_shooter_lane_rollover>
2024-09-18 14:36:07,753 : INFO : SwitchController : Found active switch: ('40', <mpf.platforms.lisy.lisy.LisyHardwarePlatform object at 0x70bb6458cdd0>) <switch.s_1_top_target>
2024-09-18 14:36:07,753 : INFO : SwitchController : Found active switch: ('41', <mpf.platforms.lisy.lisy.LisyHardwarePlatform object at 0x70bb6458cdd0>) <switch.s_1_right_target>
2024-09-18 14:36:07,753 : INFO : SwitchController : Found active switch: ('42', <mpf.platforms.lisy.lisy.LisyHardwarePlatform object at 0x70bb6458cdd0>) <switch.s_1_center_target>
2024-09-18 14:36:07,753 : INFO : SwitchController : Found active switch: ('43', <mpf.platforms.lisy.lisy.LisyHardwarePlatform object at 0x70bb6458cdd0>) <switch.s_1_left_target>
2024-09-18 14:36:07,753 : INFO : SwitchController : Found active switch: ('50', <mpf.platforms.lisy.lisy.LisyHardwarePlatform object at 0x70bb6458cdd0>) <switch.s_2_top_target>
2024-09-18 14:36:07,753 : INFO : SwitchController : Found active switch: ('51', <mpf.platforms.lisy.lisy.LisyHardwarePlatform object at 0x70bb6458cdd0>) <switch.s_2_right_target>
2024-09-18 14:36:07,754 : INFO : SwitchController : Found active switch: ('52', <mpf.platforms.lisy.lisy.LisyHardwarePlatform object at 0x70bb6458cdd0>) <switch.s_2_center_target>
2024-09-18 14:36:07,754 : INFO : SwitchController : Found active switch: ('60', <mpf.platforms.lisy.lisy.LisyHardwarePlatform object at 0x70bb6458cdd0>) <switch.s_3_top_target>
2024-09-18 14:36:07,754 : INFO : SwitchController : Found active switch: ('61', <mpf.platforms.lisy.lisy.LisyHardwarePlatform object at 0x70bb6458cdd0>) <switch.s_3_right_target>
2024-09-18 14:36:07,754 : INFO : SwitchController : Found active switch: ('70', <mpf.platforms.lisy.lisy.LisyHardwarePlatform object at 0x70bb6458cdd0>) <switch.s_4_top_grop_target>
2024-09-18 14:36:07,754 : INFO : SwitchController : Found active switch: ('73', <mpf.platforms.lisy.lisy.LisyHardwarePlatform object at 0x70bb6458cdd0>) <switch.s_bottom_bumper>
2024-09-18 14:36:07,755 : INFO : ball_device.bd_drain : BCH: Initial count: 0
2024-09-18 14:36:07,755 : INFO : ball_device.bd_drain : State: idle
2024-09-18 14:36:07,761 : INFO : EventManager : Event: ======'init_phase_3'====== Args={}
2024-09-18 14:36:07,762 : INFO : EventManager : Event: ======'init_phase_4'====== Args={}
2024-09-18 14:36:07,762 : INFO : BallController : Initial balls found: 0
2024-09-18 14:36:07,763 : INFO : EventManager : Event: ======'machine_var_audits_events_game_ended'====== Args={'value': 0, 'prev_value': None, 'change': True}
2024-09-18 14:36:07,763 : INFO : EventManager : Event: ======'machine_var_audits_events_game_started'====== Args={'value': 18, 'prev_value': None, 'change': True}
2024-09-18 14:36:07,763 : INFO : EventManager : Event: ======'machine_var_audits_missing_switches_s_1_center_target'====== Args={'value': 18, 'prev_value': None, 'change': True}
2024-09-18 14:36:07,763 : INFO : EventManager : Event: ======'machine_var_audits_missing_switches_s_1_left_target'====== Args={'value': 3, 'prev_value': None, 'change': True}
2024-09-18 14:36:07,763 : INFO : EventManager : Event: ======'machine_var_audits_missing_switches_s_1_right_target'====== Args={'value': 3, 'prev_value': None, 'change': True}
2024-09-18 14:36:07,763 : INFO : EventManager : Event: ======'machine_var_audits_missing_switches_s_1_top_rollover'====== Args={'value': 18, 'prev_value': None, 'change': True}
2024-09-18 14:36:07,763 : INFO : EventManager : Event: ======'machine_var_audits_missing_switches_s_1_top_target'====== Args={'value': 18, 'prev_value': None, 'change': True}
2024-09-18 14:36:07,763 : INFO : EventManager : Event: ======'machine_var_audits_missing_switches_s_2_center_target'====== Args={'value': 18, 'prev_value': None, 'change': True}
2024-09-18 14:36:07,763 : INFO : EventManager : Event: ======'machine_var_audits_missing_switches_s_2_top_rollover'====== Args={'value': 18, 'prev_value': None, 'change': True}
2024-09-18 14:36:07,763 : INFO : EventManager : Event: ======'machine_var_audits_missing_switches_s_2_top_target'====== Args={'value': 18, 'prev_value': None, 'change': True}
2024-09-18 14:36:07,764 : INFO : EventManager : Event: ======'machine_var_audits_missing_switches_s_3_right_target'====== Args={'value': 14, 'prev_value': None, 'change': True}
2024-09-18 14:36:07,764 : INFO : EventManager : Event: ======'machine_var_audits_missing_switches_s_3_top_rollover'====== Args={'value': 18, 'prev_value': None, 'change': True}
2024-09-18 14:36:07,764 : INFO : EventManager : Event: ======'machine_var_audits_missing_switches_s_3_top_target'====== Args={'value': 18, 'prev_value': None, 'change': True}
2024-09-18 14:36:07,764 : INFO : EventManager : Event: ======'machine_var_audits_missing_switches_s_4_top_grop_target'====== Args={'value': 18, 'prev_value': None, 'change': True}
2024-09-18 14:36:07,764 : INFO : EventManager : Event: ======'machine_var_audits_missing_switches_s_4_top_rollover'====== Args={'value': 3, 'prev_value': None, 'change': True}
2024-09-18 14:36:07,764 : INFO : EventManager : Event: ======'machine_var_audits_missing_switches_s_bottom_bumper'====== Args={'value': 18, 'prev_value': None, 'change': True}
2024-09-18 14:36:07,764 : INFO : EventManager : Event: ======'machine_var_audits_missing_switches_s_center_coin'====== Args={'value': 18, 'prev_value': None, 'change': True}
2024-09-18 14:36:07,764 : INFO : EventManager : Event: ======'machine_var_audits_missing_switches_s_hole'====== Args={'value': 18, 'prev_value': None, 'change': True}
2024-09-18 14:36:07,764 : INFO : EventManager : Event: ======'machine_var_audits_missing_switches_s_kicking_2'====== Args={'value': 18, 'prev_value': None, 'change': True}
2024-09-18 14:36:07,764 : INFO : EventManager : Event: ======'machine_var_audits_missing_switches_s_left_adv'====== Args={'value': 18, 'prev_value': None, 'change': True}
2024-09-18 14:36:07,764 : INFO : EventManager : Event: ======'machine_var_audits_missing_switches_s_left_coin'====== Args={'value': 18, 'prev_value': None, 'change': True}
2024-09-18 14:36:07,764 : INFO : EventManager : Event: ======'machine_var_audits_missing_switches_s_left_out_rollover'====== Args={'value': 18, 'prev_value': None, 'change': True}
2024-09-18 14:36:07,764 : INFO : EventManager : Event: ======'machine_var_audits_missing_switches_s_left_return_rollover'====== Args={'value': 18, 'prev_value': None, 'change': True}
2024-09-18 14:36:07,764 : INFO : EventManager : Event: ======'machine_var_audits_missing_switches_s_left_spot_target'====== Args={'value': 18, 'prev_value': None, 'change': True}
2024-09-18 14:36:07,765 : INFO : EventManager : Event: ======'machine_var_audits_missing_switches_s_outhole'====== Args={'value': 3, 'prev_value': None, 'change': True}
2024-09-18 14:36:07,765 : INFO : EventManager : Event: ======'machine_var_audits_missing_switches_s_play_test_play'====== Args={'value': 18, 'prev_value': None, 'change': True}
2024-09-18 14:36:07,765 : INFO : EventManager : Event: ======'machine_var_audits_missing_switches_s_right_adv'====== Args={'value': 18, 'prev_value': None, 'change': True}
2024-09-18 14:36:07,765 : INFO : EventManager : Event: ======'machine_var_audits_missing_switches_s_right_coin'====== Args={'value': 18, 'prev_value': None, 'change': True}
2024-09-18 14:36:07,765 : INFO : EventManager : Event: ======'machine_var_audits_missing_switches_s_right_flipper'====== Args={'value': 1, 'prev_value': None, 'change': True}
2024-09-18 14:36:07,765 : INFO : EventManager : Event: ======'machine_var_audits_missing_switches_s_right_out_rollover'====== Args={'value': 18, 'prev_value': None, 'change': True}
2024-09-18 14:36:07,765 : INFO : EventManager : Event: ======'machine_var_audits_missing_switches_s_right_return_rollover'====== Args={'value': 18, 'prev_value': None, 'change': True}
2024-09-18 14:36:07,765 : INFO : EventManager : Event: ======'machine_var_audits_missing_switches_s_right_side_rollover'====== Args={'value': 18, 'prev_value': None, 'change': True}
2024-09-18 14:36:07,765 : INFO : EventManager : Event: ======'machine_var_audits_missing_switches_s_spinner'====== Args={'value': 18, 'prev_value': None, 'change': True}
2024-09-18 14:36:07,765 : INFO : EventManager : Event: ======'machine_var_audits_missing_switches_s_stargate_rollover'====== Args={'value': 18, 'prev_value': None, 'change': True}
2024-09-18 14:36:07,765 : INFO : EventManager : Event: ======'machine_var_audits_missing_switches_s_stargate_spot'====== Args={'value': 18, 'prev_value': None, 'change': True}
2024-09-18 14:36:07,765 : INFO : EventManager : Event: ======'machine_var_audits_missing_switches_s_throught'====== Args={'value': 4, 'prev_value': None, 'change': True}
2024-09-18 14:36:07,765 : INFO : EventManager : Event: ======'machine_var_audits_missing_switches_s_tilt'====== Args={'value': 18, 'prev_value': None, 'change': True}
2024-09-18 14:36:07,766 : INFO : EventManager : Event: ======'machine_var_audits_missing_switches_s_top_left_bumper'====== Args={'value': 18, 'prev_value': None, 'change': True}
2024-09-18 14:36:07,766 : INFO : EventManager : Event: ======'machine_var_audits_missing_switches_s_top_right_bumper'====== Args={'value': 14, 'prev_value': None, 'change': True}
2024-09-18 14:36:07,766 : INFO : EventManager : Event: ======'machine_var_audits_missing_switches_s_top_right_rollunder'====== Args={'value': 3, 'prev_value': None, 'change': True}
2024-09-18 14:36:07,766 : INFO : EventManager : Event: ======'machine_var_audits_player_score'====== Args={'value': {'average': 0, 'top': [], 'total': 0}, 'prev_value': None, 'change': True}
2024-09-18 14:36:07,766 : INFO : EventManager : Event: ======'machine_var_audits_switches_s_1_center_target'====== Args={'value': 0, 'prev_value': None, 'change': True}
2024-09-18 14:36:07,766 : INFO : EventManager : Event: ======'machine_var_audits_switches_s_1_left_target'====== Args={'value': 19, 'prev_value': None, 'change': True}
2024-09-18 14:36:07,766 : INFO : EventManager : Event: ======'machine_var_audits_switches_s_1_right_target'====== Args={'value': 14, 'prev_value': None, 'change': True}
2024-09-18 14:36:07,766 : INFO : EventManager : Event: ======'machine_var_audits_switches_s_1_top_rollover'====== Args={'value': 0, 'prev_value': None, 'change': True}
2024-09-18 14:36:07,766 : INFO : EventManager : Event: ======'machine_var_audits_switches_s_1_top_target'====== Args={'value': 0, 'prev_value': None, 'change': True}
2024-09-18 14:36:07,766 : INFO : EventManager : Event: ======'machine_var_audits_switches_s_2_center_target'====== Args={'value': 0, 'prev_value': None, 'change': True}
2024-09-18 14:36:07,766 : INFO : EventManager : Event: ======'machine_var_audits_switches_s_2_right_target'====== Args={'value': 6, 'prev_value': None, 'change': True}
2024-09-18 14:36:07,766 : INFO : EventManager : Event: ======'machine_var_audits_switches_s_2_top_rollover'====== Args={'value': 0, 'prev_value': None, 'change': True}
2024-09-18 14:36:07,767 : INFO : EventManager : Event: ======'machine_var_audits_switches_s_2_top_target'====== Args={'value': 0, 'prev_value': None, 'change': True}
2024-09-18 14:36:07,767 : INFO : EventManager : Event: ======'machine_var_audits_switches_s_3_right_target'====== Args={'value': 5, 'prev_value': None, 'change': True}
2024-09-18 14:36:07,767 : INFO : EventManager : Event: ======'machine_var_audits_switches_s_3_top_rollover'====== Args={'value': 0, 'prev_value': None, 'change': True}
2024-09-18 14:36:07,767 : INFO : EventManager : Event: ======'machine_var_audits_switches_s_3_top_target'====== Args={'value': 0, 'prev_value': None, 'change': True}
2024-09-18 14:36:07,767 : INFO : EventManager : Event: ======'machine_var_audits_switches_s_4_top_grop_target'====== Args={'value': 0, 'prev_value': None, 'change': True}
2024-09-18 14:36:07,767 : INFO : EventManager : Event: ======'machine_var_audits_switches_s_4_top_rollover'====== Args={'value': 1, 'prev_value': None, 'change': True}
2024-09-18 14:36:07,767 : INFO : EventManager : Event: ======'machine_var_audits_switches_s_bottom_bumper'====== Args={'value': 0, 'prev_value': None, 'change': True}
2024-09-18 14:36:07,767 : INFO : EventManager : Event: ======'machine_var_audits_switches_s_center_coin'====== Args={'value': 0, 'prev_value': None, 'change': True}
2024-09-18 14:36:07,768 : INFO : EventManager : Event: ======'machine_var_audits_switches_s_hole'====== Args={'value': 0, 'prev_value': None, 'change': True}
2024-09-18 14:36:07,768 : INFO : EventManager : Event: ======'machine_var_audits_switches_s_kicking_2'====== Args={'value': 0, 'prev_value': None, 'change': True}
2024-09-18 14:36:07,768 : INFO : EventManager : Event: ======'machine_var_audits_switches_s_left_adv'====== Args={'value': 0, 'prev_value': None, 'change': True}
2024-09-18 14:36:07,768 : INFO : EventManager : Event: ======'machine_var_audits_switches_s_left_coin'====== Args={'value': 0, 'prev_value': None, 'change': True}
2024-09-18 14:36:07,768 : INFO : EventManager : Event: ======'machine_var_audits_switches_s_left_out_rollover'====== Args={'value': 0, 'prev_value': None, 'change': True}
2024-09-18 14:36:07,768 : INFO : EventManager : Event: ======'machine_var_audits_switches_s_left_return_rollover'====== Args={'value': 0, 'prev_value': None, 'change': True}
2024-09-18 14:36:07,768 : INFO : EventManager : Event: ======'machine_var_audits_switches_s_left_spot_target'====== Args={'value': 0, 'prev_value': None, 'change': True}
2024-09-18 14:36:07,768 : INFO : EventManager : Event: ======'machine_var_audits_switches_s_outhole'====== Args={'value': 7, 'prev_value': None, 'change': True}
2024-09-18 14:36:07,768 : INFO : EventManager : Event: ======'machine_var_audits_switches_s_play_test_play'====== Args={'value': 0, 'prev_value': None, 'change': True}
2024-09-18 14:36:07,768 : INFO : EventManager : Event: ======'machine_var_audits_switches_s_right_adv'====== Args={'value': 0, 'prev_value': None, 'change': True}
2024-09-18 14:36:07,769 : INFO : EventManager : Event: ======'machine_var_audits_switches_s_right_coin'====== Args={'value': 0, 'prev_value': None, 'change': True}
2024-09-18 14:36:07,769 : INFO : EventManager : Event: ======'machine_var_audits_switches_s_right_flipper'====== Args={'value': 2, 'prev_value': None, 'change': True}
2024-09-18 14:36:07,769 : INFO : EventManager : Event: ======'machine_var_audits_switches_s_right_out_rollover'====== Args={'value': 0, 'prev_value': None, 'change': True}
2024-09-18 14:36:07,769 : INFO : EventManager : Event: ======'machine_var_audits_switches_s_right_return_rollover'====== Args={'value': 0, 'prev_value': None, 'change': True}
2024-09-18 14:36:07,769 : INFO : EventManager : Event: ======'machine_var_audits_switches_s_right_side_rollover'====== Args={'value': 0, 'prev_value': None, 'change': True}
2024-09-18 14:36:07,769 : INFO : EventManager : Event: ======'machine_var_audits_switches_s_shooter_lane_rollover'====== Args={'value': 17, 'prev_value': None, 'change': True}
2024-09-18 14:36:07,769 : INFO : EventManager : Event: ======'machine_var_audits_switches_s_spinner'====== Args={'value': 0, 'prev_value': None, 'change': True}
2024-09-18 14:36:07,769 : INFO : EventManager : Event: ======'machine_var_audits_switches_s_stargate_rollover'====== Args={'value': 0, 'prev_value': None, 'change': True}
2024-09-18 14:36:07,769 : INFO : EventManager : Event: ======'machine_var_audits_switches_s_stargate_spot'====== Args={'value': 0, 'prev_value': None, 'change': True}
2024-09-18 14:36:07,770 : INFO : EventManager : Event: ======'machine_var_audits_switches_s_start'====== Args={'value': 28, 'prev_value': None, 'change': True}
2024-09-18 14:36:07,770 : INFO : EventManager : Event: ======'machine_var_audits_switches_s_throught'====== Args={'value': 7, 'prev_value': None, 'change': True}
2024-09-18 14:36:07,770 : INFO : EventManager : Event: ======'machine_var_audits_switches_s_tilt'====== Args={'value': 0, 'prev_value': None, 'change': True}
2024-09-18 14:36:07,770 : INFO : EventManager : Event: ======'machine_var_audits_switches_s_top_left_bumper'====== Args={'value': 0, 'prev_value': None, 'change': True}
2024-09-18 14:36:07,770 : INFO : EventManager : Event: ======'machine_var_audits_switches_s_top_right_bumper'====== Args={'value': 1, 'prev_value': None, 'change': True}
2024-09-18 14:36:07,770 : INFO : EventManager : Event: ======'machine_var_audits_switches_s_top_right_rollunder'====== Args={'value': 47, 'prev_value': None, 'change': True}
2024-09-18 14:36:07,771 : INFO : EventManager : Event: ======'init_phase_5'====== Args={}
2024-09-18 14:36:07,780 : INFO : EventManager : Event: ======'init_done'====== Args={}
2024-09-18 14:36:07,781 : INFO : EventManager : Event: ======'machine_reset_phase_1'====== Args={}
2024-09-18 14:36:07,781 : INFO : EventManager : Event: ======'machine_reset_phase_2'====== Args={}
2024-09-18 14:36:07,781 : INFO : EventManager : Event: ======'machine_reset_phase_3'====== Args={}
2024-09-18 14:36:07,781 : INFO : SwitchController : <<<<<<< 's_shooter_lane_rollover' inactive >>>>>>>
2024-09-18 14:36:07,782 : INFO : EventManager : Event: ======'reset_complete'====== Args={}
2024-09-18 14:36:07,782 : INFO : EventManager : Event: ======'mode_attract_will_start'====== Args={}
2024-09-18 14:36:07,782 : INFO : EventManager : Event: ======'mode_attract_starting'====== Args={}
2024-09-18 14:36:07,782 : INFO : Mode.attract : Started. Priority: 10
2024-09-18 14:36:07,782 : INFO : EventManager : Event: ======'modes_active_modes_changed'====== Args={}
2024-09-18 14:36:07,782 : INFO : EventManager : Event: ======'mode_attract_started'====== Args={}
2024-09-18 14:36:07,782 : INFO : EventManager : Event: ======'collecting_balls_complete'====== Args={}
2024-09-18 14:36:07,783 : INFO : SwitchController : <<<<<<< 's_throught' active >>>>>>>
2024-09-18 14:36:07,783 : INFO : Machine : Starting the main run loop.
2024-09-18 14:36:08,284 : INFO : EventManager : Event: ======'balldevice_bd_drain_ball_count_changed'====== Args={'balls': 1}
2024-09-18 14:36:08,284 : INFO : ball_device.bd_drain : Received unexpected ball
2024-09-18 14:36:08,284 : INFO : EventManager : Event: ======'balldevice_captured_from_playfield'====== Args={'balls': 1}
2024-09-18 14:36:08,284 : INFO : EventManager : Event: ======'sw_playfield_active'====== Args={'balls': 1}
2024-09-18 14:36:08,285 : INFO : EventManager : Event: ======'playfield_active'====== Args={'source': None}
2024-09-18 14:36:08,285 : INFO : EventManager : Event: ======'unexpected_ball_on_playfield'====== Args={}
2024-09-18 14:36:08,285 : INFO : EventManager : Event: ======'playfield_ball_count_change'====== Args={'balls': -1, 'change': -1}
2024-09-18 14:36:08,285 : INFO : EventManager : Event: ======'balldevice_playfield_ball_enter'====== Args={'new_balls': 1, 'unclaimed_balls': 1, 'device': <playfield.playfield>}
2024-09-18 14:36:08,285 : INFO : EventManager : Event: ======'playfield_ball_count_change'====== Args={'balls': 0, 'change': 1}
2024-09-18 14:36:08,285 : INFO : BallController : Found a new ball which was captured from playfield. Known balls: 1
2024-09-18 14:36:08,286 : INFO : EventManager : Event: ======'found_new_ball'====== Args={}
2024-09-18 14:36:08,286 : INFO : EventManager : Event: ======'balldevice_bd_drain_ball_enter'====== Args={'new_balls': 1, 'unclaimed_balls': 1, 'new_available_balls': 1, 'device': <ball_device.bd_drain>}
2024-09-18 14:36:08,286 : INFO : EventManager : Event: ======'ball_drain'====== Args={'device': <ball_device.bd_drain>, 'balls': 1}
2024-09-18 14:36:08,286 : INFO : EventManager : Event: ======'balldevice_balls_available'====== Args={}
2024-09-18 14:36:08,286 : INFO : EventManager : Event: ======'balldevice_bd_drain_ball_entered'====== Args={'new_balls': 1, 'device': <ball_device.bd_drain>}
2024-09-18 14:36:09,637 : INFO : SwitchController : <<<<<<< 's_start' active >>>>>>>
2024-09-18 14:36:09,730 : INFO : SwitchController : <<<<<<< 's_start' inactive >>>>>>>
2024-09-18 14:36:09,730 : INFO : EventManager : Event: ======'request_to_start_game'====== Args={}
2024-09-18 14:36:09,731 : INFO : EventManager : Event: ======'game_start'====== Args={'buttons': [], 'hold_time': 0.0936333600038779}
2024-09-18 14:36:09,731 : INFO : EventManager : Event: ======'mode_game_will_start'====== Args={'buttons': [], 'hold_time': 0.0936333600038779}
2024-09-18 14:36:09,732 : INFO : EventManager : Event: ======'mode_game_starting'====== Args={'buttons': [], 'hold_time': 0.0936333600038779}
2024-09-18 14:36:09,732 : INFO : EventManager : Event: ======'mode_attract_will_stop'====== Args={}
2024-09-18 14:36:09,732 : INFO : EventManager : Event: ======'mode_attract_stopping'====== Args={}
2024-09-18 14:36:09,732 : INFO : Mode.attract : Stopped.
2024-09-18 14:36:09,732 : INFO : EventManager : Event: ======'modes_active_modes_changed'====== Args={}
2024-09-18 14:36:09,732 : INFO : EventManager : Event: ======'mode_attract_stopped'====== Args={}
2024-09-18 14:36:09,732 : INFO : EventManager : Event: ======'clear'====== Args={'key': 'attract'}
2024-09-18 14:36:09,732 : INFO : Mode.game : Started. Priority: 20
2024-09-18 14:36:09,732 : INFO : EventManager : Event: ======'modes_active_modes_changed'====== Args={}
2024-09-18 14:36:09,733 : INFO : EventManager : Event: ======'mode_game_started'====== Args={'buttons': [], 'hold_time': 0.0936333600038779}
2024-09-18 14:36:09,734 : INFO : EventManager : Event: ======'game_will_start'====== Args={}
2024-09-18 14:36:09,734 : INFO : EventManager : Event: ======'game_starting'====== Args={'game': <Mode.game>}
2024-09-18 14:36:09,735 : INFO : EventManager : Unordered handler for class <Auditor> on event game_ended with priority 1. Handlers: [RegisteredHandler(callback=<bound method Auditor.disable of <Auditor>>, priority=1, kwargs={}, key=UUID('38b3041e-1a28-4d25-8fe5-203d1031eaae'), condition=None, blocking_facility=None), RegisteredHandler(callback=<bound method Auditor._save_audits of <Auditor>>, priority=1, kwargs={}, key=UUID('977ed8b3-caaf-43f3-a1d6-5cf6654576ce'), condition=None, blocking_facility=None)]. The order of those handlers is not defined and they will be executed in random order. This might lead to race conditions and potential bugs.
2024-09-18 14:36:09,735 : INFO : EventManager : Event: ======'player_add_request'====== Args={}
2024-09-18 14:36:09,735 : INFO : EventManager : Event: ======'player_will_add'====== Args={'number': 1}
2024-09-18 14:36:09,735 : INFO : EventManager : Event: ======'player_adding'====== Args={'player': <Player 1>, 'number': 1}
2024-09-18 14:36:09,735 : INFO : EventManager : Event: ======'player_added'====== Args={'player': <Player 1>, 'num': 1}
2024-09-18 14:36:09,735 : INFO : Mode.game : Player added successfully. Total players: 1
2024-09-18 14:36:09,735 : INFO : EventManager : Event: ======'player_index'====== Args={'value': 0, 'prev_value': 0, 'change': 0, 'player_num': 1}
2024-09-18 14:36:09,736 : INFO : EventManager : Event: ======'player_number'====== Args={'value': 1, 'prev_value': 1, 'change': 0, 'player_num': 1}
2024-09-18 14:36:09,736 : INFO : EventManager : Event: ======'player_score'====== Args={'value': 0, 'prev_value': 0, 'change': 0, 'player_num': 1}
2024-09-18 14:36:09,736 : INFO : EventManager : Event: ======'game_started'====== Args={}
2024-09-18 14:36:09,736 : INFO : EventManager : Event: ======'player_turn_will_start'====== Args={'player': <Player 1>, 'number': 1}
2024-09-18 14:36:09,737 : INFO : EventManager : Event: ======'player_turn_starting'====== Args={'player': <Player 1>, 'number': 1}
2024-09-18 14:36:09,737 : INFO : EventManager : Event: ======'player_ball'====== Args={'value': 1, 'prev_value': 0, 'change': 1, 'player_num': 1}
2024-09-18 14:36:09,737 : INFO : EventManager : Event: ======'player_turn_started'====== Args={'player': <Player 1>, 'number': 1}
2024-09-18 14:36:09,737 : INFO : EventManager : Event: ======'ball_will_start'====== Args={'player': 1, 'ball': 1, 'balls_remaining': 2, 'is_extra_ball': False}
2024-09-18 14:36:09,738 : INFO : SwitchController : <<<<<<< 's_start' active >>>>>>>
2024-09-18 14:36:09,738 : INFO : EventManager : Event: ======'sw_start'====== Args={}
2024-09-18 14:36:09,738 : INFO : EventManager : Event: ======'machine_var_audits_switches_s_start'====== Args={'value': 29, 'prev_value': 28, 'change': 1}
2024-09-18 14:36:09,738 : INFO : EventManager : Event: ======'ball_starting'====== Args={'player': 1, 'ball': 1, 'balls_remaining': 2, 'is_extra_ball': False}
2024-09-18 14:36:09,738 : INFO : EventManager : Event: ======'player_add_request'====== Args={}
2024-09-18 14:36:09,738 : INFO : EventManager : Event: ======'player_will_add'====== Args={'number': 2}
2024-09-18 14:36:09,739 : INFO : EventManager : Event: ======'player_adding'====== Args={'player': <Player 2>, 'number': 2}
2024-09-18 14:36:09,739 : INFO : EventManager : Event: ======'player_added'====== Args={'player': <Player 2>, 'num': 2}
2024-09-18 14:36:09,739 : INFO : Mode.game : Player added successfully. Total players: 2
2024-09-18 14:36:09,739 : INFO : EventManager : Event: ======'multiplayer_game'====== Args={}
2024-09-18 14:36:09,739 : INFO : EventManager : Event: ======'player_index'====== Args={'value': 1, 'prev_value': 1, 'change': 0, 'player_num': 2}
2024-09-18 14:36:09,739 : INFO : EventManager : Event: ======'player_number'====== Args={'value': 2, 'prev_value': 2, 'change': 0, 'player_num': 2}
2024-09-18 14:36:09,739 : INFO : EventManager : Event: ======'player_score'====== Args={'value': 0, 'prev_value': 0, 'change': 0, 'player_num': 2}
2024-09-18 14:36:09,750 : INFO : EventManager : Event: ======'balls_in_play'====== Args={'balls': 1}
2024-09-18 14:36:09,750 : INFO : EventManager : Event: ======'ball_started'====== Args={'player': 1, 'ball': 1, 'balls_remaining': 2, 'is_extra_ball': False}
2024-09-18 14:36:09,750 : INFO : EventManager : Event: ======'multi_player_ball_started'====== Args={}
2024-09-18 14:36:09,751 : INFO : EventManager : Event: ======'player_1_ball_started'====== Args={}
2024-09-18 14:36:09,751 : INFO : EventManager : Event: ======'ball_start_target'====== Args={'target': 'playfield'}
2024-09-18 14:36:09,751 : INFO : ball_device.bd_drain : Setting up player-controlled eject. Balls: 1, Target: <playfield.playfield>, player_controlled_eject_event: None
2024-09-18 14:36:09,751 : INFO : ball_device.bd_drain : Adding 1 ball(s) to the eject_queue with target <playfield.playfield>.
2024-09-18 14:36:09,751 : INFO : EventManager : Event: ======'balldevice_balls_available'====== Args={}
2024-09-18 14:36:09,751 : INFO : ball_device.bd_drain : State: waiting_for_target_ready
2024-09-18 14:36:09,751 : INFO : EventManager : Event: ======'balldevice_bd_drain_ball_eject_attempt'====== Args={'balls': 1, 'target': <playfield.playfield>, 'source': <ball_device.bd_drain>, 'mechanical_eject': False, 'num_attempts': 0}
2024-09-18 14:36:09,751 : INFO : ball_device.bd_drain : State: ejecting
2024-09-18 14:36:09,751 : INFO : ball_device.bd_drain : Ejecting ball to <playfield.playfield>
2024-09-18 14:36:09,752 : INFO : EventManager : Event: ======'balldevice_bd_drain_ejecting_ball'====== Args={'balls': 1, 'target': <playfield.playfield>, 'source': <ball_device.bd_drain>, 'mechanical_eject': False, 'num_attempts': 0}
2024-09-18 14:36:09,752 : INFO : ball_device.bd_drain : Wait for ball to leave device
2024-09-18 14:36:09,752 : INFO : coil.c_ball_release : Pulsing Driver for 200ms (1.0 pulse_power)
2024-09-18 14:36:09,955 : INFO : SwitchController : <<<<<<< 's_start' inactive >>>>>>>
2024-09-18 14:36:09,956 : INFO : SwitchController : <<<<<<< 's_start' active >>>>>>>
2024-09-18 14:36:09,957 : INFO : EventManager : Event: ======'sw_start'====== Args={}
2024-09-18 14:36:09,957 : INFO : EventManager : Event: ======'machine_var_audits_switches_s_start'====== Args={'value': 30, 'prev_value': 29, 'change': 1}
2024-09-18 14:36:09,957 : INFO : EventManager : Event: ======'player_add_request'====== Args={}
2024-09-18 14:36:09,958 : INFO : EventManager : Event: ======'player_will_add'====== Args={'number': 3}
2024-09-18 14:36:09,958 : INFO : EventManager : Event: ======'player_adding'====== Args={'player': <Player 3>, 'number': 3}
2024-09-18 14:36:09,958 : INFO : EventManager : Event: ======'player_added'====== Args={'player': <Player 3>, 'num': 3}
2024-09-18 14:36:09,958 : INFO : Mode.game : Player added successfully. Total players: 3
2024-09-18 14:36:09,958 : INFO : EventManager : Event: ======'player_index'====== Args={'value': 2, 'prev_value': 2, 'change': 0, 'player_num': 3}
2024-09-18 14:36:09,958 : INFO : EventManager : Event: ======'player_number'====== Args={'value': 3, 'prev_value': 3, 'change': 0, 'player_num': 3}
2024-09-18 14:36:09,958 : INFO : EventManager : Event: ======'player_score'====== Args={'value': 0, 'prev_value': 0, 'change': 0, 'player_num': 3}
2024-09-18 14:36:09,961 : INFO : SwitchController : <<<<<<< 's_start' inactive >>>>>>>
2024-09-18 14:36:10,265 : INFO : SwitchController : <<<<<<< 's_1_left_target' inactive >>>>>>>
2024-09-18 14:36:10,266 : INFO : SwitchController : <<<<<<< 's_1_left_target' active >>>>>>>
2024-09-18 14:36:10,266 : INFO : EventManager : Event: ======'machine_var_audits_switches_s_1_left_target'====== Args={'value': 20, 'prev_value': 19, 'change': 1}
2024-09-18 14:36:10,316 : INFO : SwitchController : <<<<<<< 's_throught' inactive >>>>>>>
2024-09-18 14:36:10,317 : INFO : ball_device.bd_drain : State: ball_left
2024-09-18 14:36:10,317 : INFO : ball_device.bd_drain : Ball left
2024-09-18 14:36:10,317 : INFO : ball_device.bd_drain : Wait for confirm with timeout 10.0
2024-09-18 14:36:10,387 : INFO : SwitchController : <<<<<<< 's_shooter_lane_rollover' active >>>>>>>
2024-09-18 14:36:10,387 : INFO : EventManager : Event: ======'sw_playfield_active'====== Args={}
2024-09-18 14:36:10,387 : INFO : EventManager : Event: ======'machine_var_audits_switches_s_shooter_lane_rollover'====== Args={'value': 18, 'prev_value': 17, 'change': 1}
2024-09-18 14:36:10,388 : INFO : EventManager : Event: ======'playfield_active'====== Args={'source': None}
2024-09-18 14:36:10,389 : INFO : ball_device.bd_drain : Got eject confirm
2024-09-18 14:36:10,389 : INFO : ball_device.bd_drain : Eject successful
2024-09-18 14:36:10,389 : INFO : EventManager : Event: ======'balldevice_bd_drain_ball_eject_success'====== Args={'balls': 1, 'target': <playfield.playfield>}
2024-09-18 14:36:10,389 : INFO : EventManager : Event: ======'balldevice_playfield_ball_enter'====== Args={'new_balls': 1, 'unclaimed_balls': 1, 'device': <playfield.playfield>}
2024-09-18 14:36:10,389 : INFO : EventManager : Event: ======'playfield_ball_count_change'====== Args={'balls': 1, 'change': 1}
2024-09-18 14:36:10,389 : INFO : EventManager : Event: ======'balldevice_bd_drain_ball_count_changed'====== Args={'balls': 0}
2024-09-18 14:36:10,389 : INFO : ball_device.bd_drain : State: idle
2024-09-18 14:36:11,061 : INFO : SwitchController : <<<<<<< 's_right_flipper' active >>>>>>>
2024-09-18 14:36:11,061 : INFO : EventManager : Event: ======'machine_var_audits_switches_s_right_flipper'====== Args={'value': 3, 'prev_value': 2, 'change': 1}
2024-09-18 14:36:11,090 : INFO : SwitchController : <<<<<<< 's_1_left_target' inactive >>>>>>>
2024-09-18 14:36:11,091 : INFO : SwitchController : <<<<<<< 's_1_left_target' active >>>>>>>
2024-09-18 14:36:11,091 : INFO : EventManager : Event: ======'machine_var_audits_switches_s_1_left_target'====== Args={'value': 21, 'prev_value': 20, 'change': 1}
2024-09-18 14:36:11,171 : INFO : SwitchController : <<<<<<< 's_right_flipper' inactive >>>>>>>
2024-09-18 14:36:11,524 : INFO : SwitchController : <<<<<<< 's_right_flipper' active >>>>>>>
2024-09-18 14:36:11,524 : INFO : EventManager : Event: ======'machine_var_audits_switches_s_right_flipper'====== Args={'value': 4, 'prev_value': 3, 'change': 1}
2024-09-18 14:36:11,525 : INFO : SwitchController : <<<<<<< 's_1_right_target' inactive >>>>>>>
2024-09-18 14:36:11,526 : INFO : SwitchController : <<<<<<< 's_1_left_target' inactive >>>>>>>
2024-09-18 14:36:11,543 : INFO : SwitchController : <<<<<<< 's_1_right_target' active >>>>>>>
2024-09-18 14:36:11,543 : INFO : EventManager : Event: ======'machine_var_audits_switches_s_1_right_target'====== Args={'value': 15, 'prev_value': 14, 'change': 1}
2024-09-18 14:36:11,544 : INFO : SwitchController : <<<<<<< 's_1_left_target' active >>>>>>>
2024-09-18 14:36:11,544 : INFO : EventManager : Event: ======'machine_var_audits_switches_s_1_left_target'====== Args={'value': 22, 'prev_value': 21, 'change': 1}
2024-09-18 14:36:11,613 : INFO : SwitchController : <<<<<<< 's_right_flipper' inactive >>>>>>>
2024-09-18 14:36:11,768 : INFO : SwitchController : <<<<<<< 's_right_flipper' active >>>>>>>
2024-09-18 14:36:11,769 : INFO : EventManager : Event: ======'machine_var_audits_switches_s_right_flipper'====== Args={'value': 5, 'prev_value': 4, 'change': 1}
2024-09-18 14:36:11,793 : INFO : SwitchController : <<<<<<< 's_1_right_target' inactive >>>>>>>
2024-09-18 14:36:11,794 : INFO : SwitchController : <<<<<<< 's_1_right_target' active >>>>>>>
2024-09-18 14:36:11,794 : INFO : EventManager : Event: ======'machine_var_audits_switches_s_1_right_target'====== Args={'value': 16, 'prev_value': 15, 'change': 1}
2024-09-18 14:36:11,828 : INFO : SwitchController : <<<<<<< 's_right_flipper' inactive >>>>>>>
2024-09-18 14:36:14,184 : INFO : SwitchController : <<<<<<< 's_right_flipper' active >>>>>>>
2024-09-18 14:36:14,185 : INFO : EventManager : Event: ======'machine_var_audits_switches_s_right_flipper'====== Args={'value': 6, 'prev_value': 5, 'change': 1}
2024-09-18 14:36:14,269 : INFO : SwitchController : <<<<<<< 's_right_flipper' inactive >>>>>>>
2024-09-18 14:36:14,330 : INFO : SwitchController : <<<<<<< 's_1_left_target' inactive >>>>>>>
2024-09-18 14:36:14,355 : INFO : SwitchController : <<<<<<< 's_1_left_target' active >>>>>>>
2024-09-18 14:36:14,355 : INFO : EventManager : Event: ======'machine_var_audits_switches_s_1_left_target'====== Args={'value': 23, 'prev_value': 22, 'change': 1}
2024-09-18 14:36:14,528 : INFO : SwitchController : <<<<<<< 's_shooter_lane_rollover' inactive >>>>>>>
2024-09-18 14:36:14,529 : INFO : SwitchController : <<<<<<< 's_1_top_target' inactive >>>>>>>
2024-09-18 14:36:14,529 : INFO : SwitchController : <<<<<<< 's_1_right_target' inactive >>>>>>>
2024-09-18 14:36:14,530 : INFO : SwitchController : <<<<<<< 's_right_flipper' active >>>>>>>
2024-09-18 14:36:14,530 : INFO : EventManager : Event: ======'machine_var_audits_switches_s_right_flipper'====== Args={'value': 7, 'prev_value': 6, 'change': 1}
2024-09-18 14:36:14,531 : INFO : SwitchController : <<<<<<< 's_2_right_target' inactive >>>>>>>
2024-09-18 14:36:14,550 : INFO : SwitchController : <<<<<<< 's_shooter_lane_rollover' active >>>>>>>
2024-09-18 14:36:14,550 : INFO : EventManager : Event: ======'sw_playfield_active'====== Args={}
2024-09-18 14:36:14,550 : INFO : EventManager : Event: ======'machine_var_audits_switches_s_shooter_lane_rollover'====== Args={'value': 19, 'prev_value': 18, 'change': 1}
2024-09-18 14:36:14,551 : INFO : SwitchController : <<<<<<< 's_1_top_target' active >>>>>>>
2024-09-18 14:36:14,551 : INFO : EventManager : Event: ======'machine_var_audits_switches_s_1_top_target'====== Args={'value': 1, 'prev_value': 0, 'change': 1}
2024-09-18 14:36:14,551 : INFO : SwitchController : <<<<<<< 's_1_right_target' active >>>>>>>
2024-09-18 14:36:14,552 : INFO : EventManager : Event: ======'machine_var_audits_switches_s_1_right_target'====== Args={'value': 17, 'prev_value': 16, 'change': 1}
2024-09-18 14:36:14,552 : INFO : SwitchController : <<<<<<< 's_1_left_target' inactive >>>>>>>
2024-09-18 14:36:14,553 : INFO : SwitchController : <<<<<<< 's_2_right_target' active >>>>>>>
2024-09-18 14:36:14,553 : INFO : EventManager : Event: ======'machine_var_audits_switches_s_2_right_target'====== Args={'value': 7, 'prev_value': 6, 'change': 1}
2024-09-18 14:36:14,572 : INFO : SwitchController : <<<<<<< 's_1_left_target' active >>>>>>>
2024-09-18 14:36:14,573 : INFO : EventManager : Event: ======'machine_var_audits_switches_s_1_left_target'====== Args={'value': 24, 'prev_value': 23, 'change': 1}
2024-09-18 14:36:14,595 : INFO : SwitchController : <<<<<<< 's_right_flipper' inactive >>>>>>>
2024-09-18 14:36:14,757 : INFO : SwitchController : <<<<<<< 's_1_left_target' inactive >>>>>>>
2024-09-18 14:36:14,791 : INFO : SwitchController : <<<<<<< 's_1_left_target' active >>>>>>>
2024-09-18 14:36:14,791 : INFO : EventManager : Event: ======'machine_var_audits_switches_s_1_left_target'====== Args={'value': 25, 'prev_value': 24, 'change': 1}
2024-09-18 14:36:14,793 : INFO : SwitchController : <<<<<<< 's_1_right_target' inactive >>>>>>>
2024-09-18 14:36:14,793 : INFO : SwitchController : <<<<<<< 's_1_right_target' active >>>>>>>
2024-09-18 14:36:14,793 : INFO : EventManager : Event: ======'machine_var_audits_switches_s_1_right_target'====== Args={'value': 18, 'prev_value': 17, 'change': 1}
2024-09-18 14:36:14,992 : INFO : SwitchController : <<<<<<< 's_1_left_target' inactive >>>>>>>
2024-09-18 14:36:15,009 : INFO : SwitchController : <<<<<<< 's_1_right_target' inactive >>>>>>>
2024-09-18 14:36:15,010 : INFO : SwitchController : <<<<<<< 's_1_left_target' active >>>>>>>
2024-09-18 14:36:15,010 : INFO : EventManager : Event: ======'machine_var_audits_switches_s_1_left_target'====== Args={'value': 26, 'prev_value': 25, 'change': 1}
2024-09-18 14:36:15,010 : INFO : SwitchController : <<<<<<< 's_1_right_target' active >>>>>>>
2024-09-18 14:36:15,010 : INFO : EventManager : Event: ======'machine_var_audits_switches_s_1_right_target'====== Args={'value': 19, 'prev_value': 18, 'change': 1}
2024-09-18 14:36:15,029 : INFO : SwitchController : <<<<<<< 's_1_left_target' inactive >>>>>>>
2024-09-18 14:36:15,049 : INFO : SwitchController : <<<<<<< 's_1_left_target' active >>>>>>>
2024-09-18 14:36:15,049 : INFO : EventManager : Event: ======'machine_var_audits_switches_s_1_left_target'====== Args={'value': 27, 'prev_value': 26, 'change': 1}
2024-09-18 14:36:15,675 : INFO : SwitchController : <<<<<<< 's_right_flipper' active >>>>>>>
2024-09-18 14:36:15,675 : INFO : EventManager : Event: ======'machine_var_audits_switches_s_right_flipper'====== Args={'value': 8, 'prev_value': 7, 'change': 1}
2024-09-18 14:36:15,707 : INFO : SwitchController : <<<<<<< 's_1_right_target' inactive >>>>>>>
2024-09-18 14:36:15,708 : INFO : SwitchController : <<<<<<< 's_1_left_target' inactive >>>>>>>
2024-09-18 14:36:15,709 : INFO : SwitchController : <<<<<<< 's_1_right_target' active >>>>>>>
2024-09-18 14:36:15,709 : INFO : EventManager : Event: ======'machine_var_audits_switches_s_1_right_target'====== Args={'value': 20, 'prev_value': 19, 'change': 1}
2024-09-18 14:36:15,710 : INFO : SwitchController : <<<<<<< 's_1_left_target' active >>>>>>>
2024-09-18 14:36:15,710 : INFO : EventManager : Event: ======'machine_var_audits_switches_s_1_left_target'====== Args={'value': 28, 'prev_value': 27, 'change': 1}
2024-09-18 14:36:15,711 : INFO : SwitchController : <<<<<<< 's_right_flipper' inactive >>>>>>>
2024-09-18 14:36:15,739 : INFO : SwitchController : <<<<<<< 's_1_left_target' inactive >>>>>>>
2024-09-18 14:36:15,757 : INFO : SwitchController : <<<<<<< 's_1_left_target' active >>>>>>>
2024-09-18 14:36:15,757 : INFO : EventManager : Event: ======'machine_var_audits_switches_s_1_left_target'====== Args={'value': 29, 'prev_value': 28, 'change': 1}
2024-09-18 14:36:15,780 : INFO : SwitchController : <<<<<<< 's_1_left_target' inactive >>>>>>>
2024-09-18 14:36:15,780 : INFO : SwitchController : <<<<<<< 's_1_left_target' active >>>>>>>
2024-09-18 14:36:15,780 : INFO : EventManager : Event: ======'machine_var_audits_switches_s_1_left_target'====== Args={'value': 30, 'prev_value': 29, 'change': 1}
2024-09-18 14:36:15,934 : INFO : SwitchController : <<<<<<< 's_right_flipper' active >>>>>>>
2024-09-18 14:36:15,934 : INFO : EventManager : Event: ======'machine_var_audits_switches_s_right_flipper'====== Args={'value': 9, 'prev_value': 8, 'change': 1}
2024-09-18 14:36:15,965 : INFO : SwitchController : <<<<<<< 's_1_left_target' inactive >>>>>>>
2024-09-18 14:36:15,966 : INFO : SwitchController : <<<<<<< 's_1_left_target' active >>>>>>>
2024-09-18 14:36:15,967 : INFO : EventManager : Event: ======'machine_var_audits_switches_s_1_left_target'====== Args={'value': 31, 'prev_value': 30, 'change': 1}
2024-09-18 14:36:15,968 : INFO : SwitchController : <<<<<<< 's_right_flipper' inactive >>>>>>>
2024-09-18 14:36:16,201 : INFO : SwitchController : <<<<<<< 's_1_left_target' inactive >>>>>>>
2024-09-18 14:36:16,224 : INFO : SwitchController : <<<<<<< 's_1_left_target' active >>>>>>>
2024-09-18 14:36:16,225 : INFO : EventManager : Event: ======'machine_var_audits_switches_s_1_left_target'====== Args={'value': 32, 'prev_value': 31, 'change': 1}
2024-09-18 14:36:16,337 : INFO : SwitchController : <<<<<<< 's_1_left_target' inactive >>>>>>>
2024-09-18 14:36:16,366 : INFO : SwitchController : <<<<<<< 's_1_left_target' active >>>>>>>
2024-09-18 14:36:16,366 : INFO : EventManager : Event: ======'machine_var_audits_switches_s_1_left_target'====== Args={'value': 33, 'prev_value': 32, 'change': 1}
2024-09-18 14:36:16,407 : INFO : SwitchController : <<<<<<< 's_1_right_target' inactive >>>>>>>
2024-09-18 14:36:16,409 : INFO : SwitchController : <<<<<<< 's_1_left_target' inactive >>>>>>>
2024-09-18 14:36:16,432 : INFO : SwitchController : <<<<<<< 's_1_right_target' active >>>>>>>
2024-09-18 14:36:16,432 : INFO : EventManager : Event: ======'machine_var_audits_switches_s_1_right_target'====== Args={'value': 21, 'prev_value': 20, 'change': 1}
2024-09-18 14:36:16,433 : INFO : SwitchController : <<<<<<< 's_1_left_target' active >>>>>>>
2024-09-18 14:36:16,433 : INFO : EventManager : Event: ======'machine_var_audits_switches_s_1_left_target'====== Args={'value': 34, 'prev_value': 33, 'change': 1}
2024-09-18 14:36:16,543 : INFO : SwitchController : <<<<<<< 's_1_left_target' inactive >>>>>>>
2024-09-18 14:36:16,544 : INFO : SwitchController : <<<<<<< 's_1_left_target' active >>>>>>>
2024-09-18 14:36:16,544 : INFO : EventManager : Event: ======'machine_var_audits_switches_s_1_left_target'====== Args={'value': 35, 'prev_value': 34, 'change': 1}
2024-09-18 14:36:18,533 : INFO : SwitchController : <<<<<<< 's_1_left_target' inactive >>>>>>>
2024-09-18 14:36:18,534 : INFO : SwitchController : <<<<<<< 's_1_left_target' active >>>>>>>
2024-09-18 14:36:18,534 : INFO : EventManager : Event: ======'machine_var_audits_switches_s_1_left_target'====== Args={'value': 36, 'prev_value': 35, 'change': 1}
2024-09-18 14:36:18,637 : INFO : SwitchController : <<<<<<< 's_1_top_target' inactive >>>>>>>
2024-09-18 14:36:18,638 : INFO : SwitchController : <<<<<<< 's_1_left_target' inactive >>>>>>>
2024-09-18 14:36:18,638 : INFO : SwitchController : <<<<<<< 's_2_right_target' inactive >>>>>>>
2024-09-18 14:36:18,639 : INFO : SwitchController : <<<<<<< 's_3_right_target' inactive >>>>>>>
2024-09-18 14:36:18,664 : INFO : SwitchController : <<<<<<< 's_1_top_target' active >>>>>>>
2024-09-18 14:36:18,664 : INFO : EventManager : Event: ======'machine_var_audits_switches_s_1_top_target'====== Args={'value': 2, 'prev_value': 1, 'change': 1}
2024-09-18 14:36:18,665 : INFO : SwitchController : <<<<<<< 's_1_right_target' inactive >>>>>>>
2024-09-18 14:36:18,666 : INFO : SwitchController : <<<<<<< 's_2_right_target' active >>>>>>>
2024-09-18 14:36:18,666 : INFO : EventManager : Event: ======'machine_var_audits_switches_s_2_right_target'====== Args={'value': 8, 'prev_value': 7, 'change': 1}
2024-09-18 14:36:18,667 : INFO : SwitchController : <<<<<<< 's_1_right_target' active >>>>>>>
2024-09-18 14:36:18,667 : INFO : EventManager : Event: ======'machine_var_audits_switches_s_1_right_target'====== Args={'value': 22, 'prev_value': 21, 'change': 1}
2024-09-18 14:36:18,668 : INFO : SwitchController : <<<<<<< 's_1_left_target' active >>>>>>>
2024-09-18 14:36:18,668 : INFO : EventManager : Event: ======'machine_var_audits_switches_s_1_left_target'====== Args={'value': 37, 'prev_value': 36, 'change': 1}
2024-09-18 14:36:18,669 : INFO : SwitchController : <<<<<<< 's_3_right_target' active >>>>>>>
2024-09-18 14:36:18,669 : INFO : EventManager : Event: ======'machine_var_audits_switches_s_3_right_target'====== Args={'value': 6, 'prev_value': 5, 'change': 1}
2024-09-18 14:36:18,670 : INFO : SwitchController : <<<<<<< 's_1_right_target' inactive >>>>>>>
2024-09-18 14:36:18,689 : INFO : SwitchController : <<<<<<< 's_1_right_target' active >>>>>>>
2024-09-18 14:36:18,689 : INFO : EventManager : Event: ======'machine_var_audits_switches_s_1_right_target'====== Args={'value': 23, 'prev_value': 22, 'change': 1}
2024-09-18 14:36:18,720 : INFO : SwitchController : <<<<<<< 's_bottom_bumper' inactive >>>>>>>
2024-09-18 14:36:18,721 : INFO : SwitchController : <<<<<<< 's_1_right_target' inactive >>>>>>>
2024-09-18 14:36:18,740 : INFO : SwitchController : <<<<<<< 's_bottom_bumper' active >>>>>>>
2024-09-18 14:36:18,740 : INFO : EventManager : Event: ======'machine_var_audits_switches_s_bottom_bumper'====== Args={'value': 1, 'prev_value': 0, 'change': 1}
2024-09-18 14:36:18,740 : INFO : SwitchController : <<<<<<< 's_1_right_target' active >>>>>>>
2024-09-18 14:36:18,740 : INFO : EventManager : Event: ======'machine_var_audits_switches_s_1_right_target'====== Args={'value': 24, 'prev_value': 23, 'change': 1}
2024-09-18 14:36:18,760 : INFO : SwitchController : <<<<<<< 's_1_right_target' inactive >>>>>>>
2024-09-18 14:36:18,761 : INFO : SwitchController : <<<<<<< 's_1_right_target' active >>>>>>>
2024-09-18 14:36:18,761 : INFO : EventManager : Event: ======'machine_var_audits_switches_s_1_right_target'====== Args={'value': 25, 'prev_value': 24, 'change': 1}
2024-09-18 14:36:18,863 : INFO : SwitchController : <<<<<<< 's_1_left_target' inactive >>>>>>>
2024-09-18 14:36:18,890 : INFO : SwitchController : <<<<<<< 's_1_left_target' active >>>>>>>
2024-09-18 14:36:18,890 : INFO : EventManager : Event: ======'machine_var_audits_switches_s_1_left_target'====== Args={'value': 38, 'prev_value': 37, 'change': 1}
2024-09-18 14:36:19,887 : INFO : SwitchController : <<<<<<< 's_1_left_target' inactive >>>>>>>
2024-09-18 14:36:19,918 : INFO : SwitchController : <<<<<<< 's_1_left_target' active >>>>>>>
2024-09-18 14:36:19,918 : INFO : EventManager : Event: ======'machine_var_audits_switches_s_1_left_target'====== Args={'value': 39, 'prev_value': 38, 'change': 1}
2024-09-18 14:36:19,945 : INFO : SwitchController : <<<<<<< 's_1_left_target' inactive >>>>>>>
2024-09-18 14:36:19,946 : INFO : SwitchController : <<<<<<< 's_1_left_target' active >>>>>>>
2024-09-18 14:36:19,946 : INFO : EventManager : Event: ======'machine_var_audits_switches_s_1_left_target'====== Args={'value': 40, 'prev_value': 39, 'change': 1}
2024-09-18 14:36:20,035 : INFO : SwitchController : <<<<<<< 's_1_top_target' inactive >>>>>>>
2024-09-18 14:36:20,035 : INFO : SwitchController : <<<<<<< 's_1_right_target' inactive >>>>>>>
2024-09-18 14:36:20,063 : INFO : SwitchController : <<<<<<< 's_1_top_target' active >>>>>>>
2024-09-18 14:36:20,063 : INFO : EventManager : Event: ======'machine_var_audits_switches_s_1_top_target'====== Args={'value': 3, 'prev_value': 2, 'change': 1}
2024-09-18 14:36:20,064 : INFO : SwitchController : <<<<<<< 's_1_right_target' active >>>>>>>
2024-09-18 14:36:20,064 : INFO : EventManager : Event: ======'machine_var_audits_switches_s_1_right_target'====== Args={'value': 26, 'prev_value': 25, 'change': 1}
2024-09-18 14:36:20,065 : INFO : SwitchController : <<<<<<< 's_1_left_target' inactive >>>>>>>
2024-09-18 14:36:20,066 : INFO : SwitchController : <<<<<<< 's_1_left_target' active >>>>>>>
2024-09-18 14:36:20,066 : INFO : EventManager : Event: ======'machine_var_audits_switches_s_1_left_target'====== Args={'value': 41, 'prev_value': 40, 'change': 1}
2024-09-18 14:36:20,089 : INFO : SwitchController : <<<<<<< 's_top_left_bumper' active >>>>>>>
2024-09-18 14:36:20,089 : INFO : EventManager : Event: ======'machine_var_audits_switches_s_top_left_bumper'====== Args={'value': 1, 'prev_value': 0, 'change': 1}
2024-09-18 14:36:20,137 : INFO : SwitchController : <<<<<<< 's_top_left_bumper' inactive >>>>>>>
2024-09-18 14:36:20,890 : INFO : SwitchController : <<<<<<< 's_top_right_bumper' active >>>>>>>
2024-09-18 14:36:20,891 : INFO : EventManager : Event: ======'machine_var_audits_switches_s_top_right_bumper'====== Args={'value': 2, 'prev_value': 1, 'change': 1}
2024-09-18 14:36:20,922 : INFO : SwitchController : <<<<<<< 's_1_right_target' inactive >>>>>>>
2024-09-18 14:36:20,923 : INFO : SwitchController : <<<<<<< 's_1_left_target' inactive >>>>>>>
2024-09-18 14:36:20,924 : INFO : SwitchController : <<<<<<< 's_1_left_target' active >>>>>>>
2024-09-18 14:36:20,924 : INFO : EventManager : Event: ======'machine_var_audits_switches_s_1_left_target'====== Args={'value': 42, 'prev_value': 41, 'change': 1}
2024-09-18 14:36:20,925 : INFO : SwitchController : <<<<<<< 's_1_top_target' inactive >>>>>>>
2024-09-18 14:36:20,926 : INFO : SwitchController : <<<<<<< 's_1_center_target' inactive >>>>>>>
2024-09-18 14:36:20,926 : INFO : SwitchController : <<<<<<< 's_1_left_target' inactive >>>>>>>
2024-09-18 14:36:20,943 : INFO : SwitchController : <<<<<<< 's_3_right_target' inactive >>>>>>>
2024-09-18 14:36:20,944 : INFO : SwitchController : <<<<<<< 's_1_top_target' active >>>>>>>
2024-09-18 14:36:20,944 : INFO : EventManager : Event: ======'machine_var_audits_switches_s_1_top_target'====== Args={'value': 4, 'prev_value': 3, 'change': 1}
2024-09-18 14:36:20,945 : INFO : SwitchController : <<<<<<< 's_1_center_target' active >>>>>>>
2024-09-18 14:36:20,945 : INFO : EventManager : Event: ======'machine_var_audits_switches_s_1_center_target'====== Args={'value': 1, 'prev_value': 0, 'change': 1}
2024-09-18 14:36:20,946 : INFO : SwitchController : <<<<<<< 's_1_left_target' active >>>>>>>
2024-09-18 14:36:20,946 : INFO : EventManager : Event: ======'machine_var_audits_switches_s_1_left_target'====== Args={'value': 43, 'prev_value': 42, 'change': 1}
2024-09-18 14:36:20,946 : INFO : SwitchController : <<<<<<< 's_3_right_target' active >>>>>>>
2024-09-18 14:36:20,947 : INFO : EventManager : Event: ======'machine_var_audits_switches_s_3_right_target'====== Args={'value': 7, 'prev_value': 6, 'change': 1}
2024-09-18 14:36:20,987 : INFO : SwitchController : <<<<<<< 's_1_right_target' active >>>>>>>
2024-09-18 14:36:20,988 : INFO : EventManager : Event: ======'machine_var_audits_switches_s_1_right_target'====== Args={'value': 27, 'prev_value': 26, 'change': 1}
2024-09-18 14:36:20,988 : INFO : SwitchController : <<<<<<< 's_top_right_bumper' inactive >>>>>>>
2024-09-18 14:36:21,010 : INFO : SwitchController : <<<<<<< 's_1_right_target' inactive >>>>>>>
2024-09-18 14:36:21,011 : INFO : SwitchController : <<<<<<< 's_2_right_target' inactive >>>>>>>
2024-09-18 14:36:21,012 : INFO : SwitchController : <<<<<<< 's_1_right_target' active >>>>>>>
2024-09-18 14:36:21,012 : INFO : EventManager : Event: ======'machine_var_audits_switches_s_1_right_target'====== Args={'value': 28, 'prev_value': 27, 'change': 1}
2024-09-18 14:36:21,013 : INFO : SwitchController : <<<<<<< 's_2_right_target' active >>>>>>>
2024-09-18 14:36:21,013 : INFO : EventManager : Event: ======'machine_var_audits_switches_s_2_right_target'====== Args={'value': 9, 'prev_value': 8, 'change': 1}
2024-09-18 14:36:21,014 : INFO : SwitchController : <<<<<<< 's_top_right_bumper' active >>>>>>>
2024-09-18 14:36:21,014 : INFO : EventManager : Event: ======'machine_var_audits_switches_s_top_right_bumper'====== Args={'value': 3, 'prev_value': 2, 'change': 1}
2024-09-18 14:36:21,015 : INFO : SwitchController : <<<<<<< 's_bottom_bumper' inactive >>>>>>>
2024-09-18 14:36:21,016 : INFO : SwitchController : <<<<<<< 's_1_left_target' inactive >>>>>>>
2024-09-18 14:36:21,035 : INFO : SwitchController : <<<<<<< 's_top_right_bumper' inactive >>>>>>>
2024-09-18 14:36:21,036 : INFO : SwitchController : <<<<<<< 's_bottom_bumper' active >>>>>>>
2024-09-18 14:36:21,036 : INFO : EventManager : Event: ======'machine_var_audits_switches_s_bottom_bumper'====== Args={'value': 2, 'prev_value': 1, 'change': 1}
2024-09-18 14:36:21,037 : INFO : SwitchController : <<<<<<< 's_1_left_target' active >>>>>>>
2024-09-18 14:36:21,037 : INFO : EventManager : Event: ======'machine_var_audits_switches_s_1_left_target'====== Args={'value': 44, 'prev_value': 43, 'change': 1}
2024-09-18 14:36:25,944 : INFO : SwitchController : <<<<<<< 's_1_right_target' inactive >>>>>>>
2024-09-18 14:36:25,971 : INFO : SwitchController : <<<<<<< 's_1_left_target' inactive >>>>>>>
2024-09-18 14:36:25,972 : INFO : SwitchController : <<<<<<< 's_shooter_lane_rollover' inactive >>>>>>>
2024-09-18 14:36:25,973 : INFO : SwitchController : <<<<<<< 's_1_right_target' active >>>>>>>
2024-09-18 14:36:25,973 : INFO : EventManager : Event: ======'machine_var_audits_switches_s_1_right_target'====== Args={'value': 29, 'prev_value': 28, 'change': 1}
2024-09-18 14:36:25,974 : INFO : SwitchController : <<<<<<< 's_1_left_target' active >>>>>>>
2024-09-18 14:36:25,974 : INFO : EventManager : Event: ======'machine_var_audits_switches_s_1_left_target'====== Args={'value': 45, 'prev_value': 44, 'change': 1}
2024-09-18 14:36:25,993 : INFO : SwitchController : <<<<<<< 's_1_right_target' inactive >>>>>>>
2024-09-18 14:36:25,993 : INFO : SwitchController : <<<<<<< 's_1_right_target' active >>>>>>>
2024-09-18 14:36:25,993 : INFO : EventManager : Event: ======'machine_var_audits_switches_s_1_right_target'====== Args={'value': 30, 'prev_value': 29, 'change': 1}
2024-09-18 14:36:26,028 : INFO : SwitchController : <<<<<<< 's_1_right_target' inactive >>>>>>>
2024-09-18 14:36:26,046 : INFO : SwitchController : <<<<<<< 's_1_right_target' active >>>>>>>
2024-09-18 14:36:26,046 : INFO : EventManager : Event: ======'machine_var_audits_switches_s_1_right_target'====== Args={'value': 31, 'prev_value': 30, 'change': 1}
2024-09-18 14:36:26,099 : INFO : SwitchController : <<<<<<< 's_1_right_target' inactive >>>>>>>
2024-09-18 14:36:26,117 : INFO : SwitchController : <<<<<<< 's_1_right_target' active >>>>>>>
2024-09-18 14:36:26,117 : INFO : EventManager : Event: ======'machine_var_audits_switches_s_1_right_target'====== Args={'value': 32, 'prev_value': 31, 'change': 1}
2024-09-18 14:36:26,266 : INFO : SwitchController : <<<<<<< 's_1_right_target' inactive >>>>>>>
2024-09-18 14:36:26,292 : INFO : SwitchController : <<<<<<< 's_1_right_target' active >>>>>>>
2024-09-18 14:36:26,292 : INFO : EventManager : Event: ======'machine_var_audits_switches_s_1_right_target'====== Args={'value': 33, 'prev_value': 32, 'change': 1}
2024-09-18 14:36:26,488 : INFO : SwitchController : <<<<<<< 's_top_right_rollunder' active >>>>>>>
2024-09-18 14:36:26,488 : INFO : EventManager : Event: ======'machine_var_audits_switches_s_top_right_rollunder'====== Args={'value': 48, 'prev_value': 47, 'change': 1}
2024-09-18 14:36:26,517 : INFO : SwitchController : <<<<<<< 's_top_right_rollunder' inactive >>>>>>>
2024-09-18 14:36:26,548 : INFO : SwitchController : <<<<<<< 's_top_right_rollunder' active >>>>>>>
2024-09-18 14:36:26,549 : INFO : EventManager : Event: ======'machine_var_audits_switches_s_top_right_rollunder'====== Args={'value': 49, 'prev_value': 48, 'change': 1}
2024-09-18 14:36:26,579 : INFO : SwitchController : <<<<<<< 's_top_right_rollunder' inactive >>>>>>>
2024-09-18 14:36:26,625 : INFO : SwitchController : <<<<<<< 's_top_right_rollunder' active >>>>>>>
2024-09-18 14:36:26,626 : INFO : EventManager : Event: ======'machine_var_audits_switches_s_top_right_rollunder'====== Args={'value': 50, 'prev_value': 49, 'change': 1}
2024-09-18 14:36:26,650 : INFO : SwitchController : <<<<<<< 's_top_right_rollunder' inactive >>>>>>>
2024-09-18 14:36:27,095 : INFO : SwitchController : <<<<<<< 's_1_right_target' inactive >>>>>>>
2024-09-18 14:36:27,096 : INFO : SwitchController : <<<<<<< 's_1_left_target' inactive >>>>>>>
2024-09-18 14:36:27,097 : INFO : SwitchController : <<<<<<< 's_right_flipper' active >>>>>>>
2024-09-18 14:36:27,098 : INFO : EventManager : Event: ======'machine_var_audits_switches_s_right_flipper'====== Args={'value': 10, 'prev_value': 9, 'change': 1}
2024-09-18 14:36:27,099 : INFO : SwitchController : <<<<<<< 's_1_left_target' active >>>>>>>
2024-09-18 14:36:27,099 : INFO : EventManager : Event: ======'machine_var_audits_switches_s_1_left_target'====== Args={'value': 46, 'prev_value': 45, 'change': 1}
2024-09-18 14:36:27,125 : INFO : SwitchController : <<<<<<< 's_1_right_target' active >>>>>>>
2024-09-18 14:36:27,125 : INFO : EventManager : Event: ======'machine_var_audits_switches_s_1_right_target'====== Args={'value': 34, 'prev_value': 33, 'change': 1}
2024-09-18 14:36:27,184 : INFO : SwitchController : <<<<<<< 's_right_flipper' inactive >>>>>>>
2024-09-18 14:36:27,250 : INFO : SwitchController : <<<<<<< 's_1_left_target' inactive >>>>>>>
2024-09-18 14:36:27,276 : INFO : SwitchController : <<<<<<< 's_1_left_target' active >>>>>>>
2024-09-18 14:36:27,277 : INFO : EventManager : Event: ======'machine_var_audits_switches_s_1_left_target'====== Args={'value': 47, 'prev_value': 46, 'change': 1}
2024-09-18 14:36:27,386 : INFO : SwitchController : <<<<<<< 's_1_left_target' inactive >>>>>>>
2024-09-18 14:36:27,413 : INFO : SwitchController : <<<<<<< 's_1_right_target' inactive >>>>>>>
2024-09-18 14:36:27,414 : INFO : SwitchController : <<<<<<< 's_1_left_target' active >>>>>>>
2024-09-18 14:36:27,414 : INFO : EventManager : Event: ======'machine_var_audits_switches_s_1_left_target'====== Args={'value': 48, 'prev_value': 47, 'change': 1}
2024-09-18 14:36:27,415 : INFO : SwitchController : <<<<<<< 's_1_right_target' active >>>>>>>
2024-09-18 14:36:27,415 : INFO : EventManager : Event: ======'machine_var_audits_switches_s_1_right_target'====== Args={'value': 35, 'prev_value': 34, 'change': 1}
2024-09-18 14:36:27,416 : INFO : SwitchController : <<<<<<< 's_1_left_target' inactive >>>>>>>
2024-09-18 14:36:27,438 : INFO : SwitchController : <<<<<<< 's_1_left_target' active >>>>>>>
2024-09-18 14:36:27,439 : INFO : EventManager : Event: ======'machine_var_audits_switches_s_1_left_target'====== Args={'value': 49, 'prev_value': 48, 'change': 1}
2024-09-18 14:36:28,376 : INFO : SwitchController : <<<<<<< 's_4_top_rollover' active >>>>>>>
2024-09-18 14:36:28,376 : INFO : EventManager : Event: ======'machine_var_audits_switches_s_4_top_rollover'====== Args={'value': 2, 'prev_value': 1, 'change': 1}
2024-09-18 14:36:28,511 : INFO : SwitchController : <<<<<<< 's_4_top_rollover' inactive >>>>>>>
2024-09-18 14:36:28,810 : INFO : SwitchController : <<<<<<< 's_top_right_bumper' active >>>>>>>
2024-09-18 14:36:28,810 : INFO : EventManager : Event: ======'machine_var_audits_switches_s_top_right_bumper'====== Args={'value': 4, 'prev_value': 3, 'change': 1}
2024-09-18 14:36:28,840 : INFO : SwitchController : <<<<<<< 's_1_right_target' inactive >>>>>>>
2024-09-18 14:36:28,841 : INFO : SwitchController : <<<<<<< 's_2_right_target' inactive >>>>>>>
2024-09-18 14:36:28,841 : INFO : SwitchController : <<<<<<< 's_1_left_target' inactive >>>>>>>
2024-09-18 14:36:28,842 : INFO : SwitchController : <<<<<<< 's_2_right_target' active >>>>>>>
2024-09-18 14:36:28,842 : INFO : EventManager : Event: ======'machine_var_audits_switches_s_2_right_target'====== Args={'value': 10, 'prev_value': 9, 'change': 1}
2024-09-18 14:36:28,843 : INFO : SwitchController : <<<<<<< 's_1_left_target' active >>>>>>>
2024-09-18 14:36:28,844 : INFO : EventManager : Event: ======'machine_var_audits_switches_s_1_left_target'====== Args={'value': 50, 'prev_value': 49, 'change': 1}
2024-09-18 14:36:28,863 : INFO : SwitchController : <<<<<<< 's_1_right_target' active >>>>>>>
2024-09-18 14:36:28,863 : INFO : EventManager : Event: ======'machine_var_audits_switches_s_1_right_target'====== Args={'value': 36, 'prev_value': 35, 'change': 1}
2024-09-18 14:36:28,917 : INFO : SwitchController : <<<<<<< 's_top_right_bumper' inactive >>>>>>>
2024-09-18 14:36:28,945 : INFO : SwitchController : <<<<<<< 's_1_right_target' inactive >>>>>>>
2024-09-18 14:36:28,946 : INFO : SwitchController : <<<<<<< 's_top_right_bumper' active >>>>>>>
2024-09-18 14:36:28,946 : INFO : EventManager : Event: ======'machine_var_audits_switches_s_top_right_bumper'====== Args={'value': 5, 'prev_value': 4, 'change': 1}
2024-09-18 14:36:28,947 : INFO : SwitchController : <<<<<<< 's_1_right_target' active >>>>>>>
2024-09-18 14:36:28,947 : INFO : EventManager : Event: ======'machine_var_audits_switches_s_1_right_target'====== Args={'value': 37, 'prev_value': 36, 'change': 1}
2024-09-18 14:36:28,948 : INFO : SwitchController : <<<<<<< 's_top_right_bumper' inactive >>>>>>>
2024-09-18 14:36:28,972 : INFO : SwitchController : <<<<<<< 's_4_top_rollover' active >>>>>>>
2024-09-18 14:36:28,972 : INFO : EventManager : Event: ======'machine_var_audits_switches_s_4_top_rollover'====== Args={'value': 3, 'prev_value': 2, 'change': 1}
2024-09-18 14:36:29,044 : INFO : SwitchController : <<<<<<< 's_4_top_rollover' inactive >>>>>>>
2024-09-18 14:36:29,616 : INFO : SwitchController : <<<<<<< 's_1_right_target' inactive >>>>>>>
2024-09-18 14:36:29,618 : INFO : SwitchController : <<<<<<< 's_right_flipper' active >>>>>>>
2024-09-18 14:36:29,618 : INFO : EventManager : Event: ======'machine_var_audits_switches_s_right_flipper'====== Args={'value': 11, 'prev_value': 10, 'change': 1}
2024-09-18 14:36:29,638 : INFO : SwitchController : <<<<<<< 's_1_right_target' active >>>>>>>
2024-09-18 14:36:29,638 : INFO : EventManager : Event: ======'machine_var_audits_switches_s_1_right_target'====== Args={'value': 38, 'prev_value': 37, 'change': 1}
2024-09-18 14:36:29,738 : INFO : SwitchController : <<<<<<< 's_right_flipper' inactive >>>>>>>
2024-09-18 14:36:29,794 : INFO : SwitchController : <<<<<<< 's_1_left_target' inactive >>>>>>>
2024-09-18 14:36:29,795 : INFO : SwitchController : <<<<<<< 's_1_left_target' active >>>>>>>
2024-09-18 14:36:29,795 : INFO : EventManager : Event: ======'machine_var_audits_switches_s_1_left_target'====== Args={'value': 51, 'prev_value': 50, 'change': 1}
2024-09-18 14:36:29,835 : INFO : SwitchController : <<<<<<< 's_4_top_rollover' active >>>>>>>
2024-09-18 14:36:29,835 : INFO : EventManager : Event: ======'machine_var_audits_switches_s_4_top_rollover'====== Args={'value': 4, 'prev_value': 3, 'change': 1}
2024-09-18 14:36:29,967 : INFO : SwitchController : <<<<<<< 's_4_top_rollover' inactive >>>>>>>
2024-09-18 14:36:30,324 : INFO : SwitchController : <<<<<<< 's_top_right_bumper' active >>>>>>>
2024-09-18 14:36:30,324 : INFO : EventManager : Event: ======'machine_var_audits_switches_s_top_right_bumper'====== Args={'value': 6, 'prev_value': 5, 'change': 1}
2024-09-18 14:36:30,363 : INFO : SwitchController : <<<<<<< 's_1_right_target' inactive >>>>>>>
2024-09-18 14:36:30,364 : INFO : SwitchController : <<<<<<< 's_2_right_target' inactive >>>>>>>
2024-09-18 14:36:30,364 : INFO : SwitchController : <<<<<<< 's_3_right_target' inactive >>>>>>>
2024-09-18 14:36:30,365 : INFO : SwitchController : <<<<<<< 's_1_left_target' inactive >>>>>>>
2024-09-18 14:36:30,366 : INFO : SwitchController : <<<<<<< 's_2_right_target' active >>>>>>>
2024-09-18 14:36:30,366 : INFO : EventManager : Event: ======'machine_var_audits_switches_s_2_right_target'====== Args={'value': 11, 'prev_value': 10, 'change': 1}
2024-09-18 14:36:30,367 : INFO : SwitchController : <<<<<<< 's_3_right_target' active >>>>>>>
2024-09-18 14:36:30,368 : INFO : EventManager : Event: ======'machine_var_audits_switches_s_3_right_target'====== Args={'value': 8, 'prev_value': 7, 'change': 1}
2024-09-18 14:36:30,369 : INFO : SwitchController : <<<<<<< 's_1_left_target' active >>>>>>>
2024-09-18 14:36:30,369 : INFO : EventManager : Event: ======'machine_var_audits_switches_s_1_left_target'====== Args={'value': 52, 'prev_value': 51, 'change': 1}
2024-09-18 14:36:30,383 : INFO : SwitchController : <<<<<<< 's_1_right_target' active >>>>>>>
2024-09-18 14:36:30,384 : INFO : EventManager : Event: ======'machine_var_audits_switches_s_1_right_target'====== Args={'value': 39, 'prev_value': 38, 'change': 1}
2024-09-18 14:36:30,462 : INFO : SwitchController : <<<<<<< 's_top_right_bumper' inactive >>>>>>>
2024-09-18 14:36:30,463 : INFO : SwitchController : <<<<<<< 's_1_right_target' inactive >>>>>>>
2024-09-18 14:36:30,492 : INFO : SwitchController : <<<<<<< 's_1_right_target' active >>>>>>>
2024-09-18 14:36:30,492 : INFO : EventManager : Event: ======'machine_var_audits_switches_s_1_right_target'====== Args={'value': 40, 'prev_value': 39, 'change': 1}
2024-09-18 14:36:30,494 : INFO : SwitchController : <<<<<<< 's_1_right_target' inactive >>>>>>>
2024-09-18 14:36:30,524 : INFO : SwitchController : <<<<<<< 's_1_right_target' active >>>>>>>
2024-09-18 14:36:30,524 : INFO : EventManager : Event: ======'machine_var_audits_switches_s_1_right_target'====== Args={'value': 41, 'prev_value': 40, 'change': 1}
2024-09-18 14:36:30,525 : INFO : SwitchController : <<<<<<< 's_1_right_target' inactive >>>>>>>
2024-09-18 14:36:30,526 : INFO : SwitchController : <<<<<<< 's_1_right_target' active >>>>>>>
2024-09-18 14:36:30,526 : INFO : EventManager : Event: ======'machine_var_audits_switches_s_1_right_target'====== Args={'value': 42, 'prev_value': 41, 'change': 1}
2024-09-18 14:36:30,800 : INFO : SwitchController : <<<<<<< 's_1_right_target' inactive >>>>>>>
2024-09-18 14:36:30,801 : INFO : SwitchController : <<<<<<< 's_1_left_target' inactive >>>>>>>
2024-09-18 14:36:30,802 : INFO : SwitchController : <<<<<<< 's_2_right_target' inactive >>>>>>>
2024-09-18 14:36:30,803 : INFO : SwitchController : <<<<<<< 's_2_right_target' active >>>>>>>
2024-09-18 14:36:30,803 : INFO : EventManager : Event: ======'machine_var_audits_switches_s_2_right_target'====== Args={'value': 12, 'prev_value': 11, 'change': 1}
2024-09-18 14:36:30,829 : INFO : SwitchController : <<<<<<< 's_1_right_target' active >>>>>>>
2024-09-18 14:36:30,829 : INFO : EventManager : Event: ======'machine_var_audits_switches_s_1_right_target'====== Args={'value': 43, 'prev_value': 42, 'change': 1}
2024-09-18 14:36:30,830 : INFO : SwitchController : <<<<<<< 's_1_left_target' active >>>>>>>
2024-09-18 14:36:30,830 : INFO : EventManager : Event: ======'machine_var_audits_switches_s_1_left_target'====== Args={'value': 53, 'prev_value': 52, 'change': 1}
2024-09-18 14:36:30,855 : INFO : SwitchController : <<<<<<< 's_1_right_target' inactive >>>>>>>
2024-09-18 14:36:30,881 : INFO : SwitchController : <<<<<<< 's_1_right_target' active >>>>>>>
2024-09-18 14:36:30,882 : INFO : EventManager : Event: ======'machine_var_audits_switches_s_1_right_target'====== Args={'value': 44, 'prev_value': 43, 'change': 1}
2024-09-18 14:36:30,883 : INFO : SwitchController : <<<<<<< 's_bottom_bumper' inactive >>>>>>>
2024-09-18 14:36:30,884 : INFO : SwitchController : <<<<<<< 's_2_right_target' inactive >>>>>>>
2024-09-18 14:36:30,884 : INFO : SwitchController : <<<<<<< 's_bottom_bumper' active >>>>>>>
2024-09-18 14:36:30,885 : INFO : EventManager : Event: ======'machine_var_audits_switches_s_bottom_bumper'====== Args={'value': 3, 'prev_value': 2, 'change': 1}
2024-09-18 14:36:30,886 : INFO : SwitchController : <<<<<<< 's_2_right_target' active >>>>>>>
2024-09-18 14:36:30,886 : INFO : EventManager : Event: ======'machine_var_audits_switches_s_2_right_target'====== Args={'value': 13, 'prev_value': 12, 'change': 1}
2024-09-18 14:36:30,903 : INFO : SwitchController : <<<<<<< 's_1_top_target' inactive >>>>>>>
2024-09-18 14:36:30,903 : INFO : SwitchController : <<<<<<< 's_1_right_target' inactive >>>>>>>
2024-09-18 14:36:30,904 : INFO : SwitchController : <<<<<<< 's_1_top_target' active >>>>>>>
2024-09-18 14:36:30,904 : INFO : EventManager : Event: ======'machine_var_audits_switches_s_1_top_target'====== Args={'value': 5, 'prev_value': 4, 'change': 1}
2024-09-18 14:36:30,922 : INFO : SwitchController : <<<<<<< 's_1_right_target' active >>>>>>>
2024-09-18 14:36:30,922 : INFO : EventManager : Event: ======'machine_var_audits_switches_s_1_right_target'====== Args={'value': 45, 'prev_value': 44, 'change': 1}
2024-09-18 14:36:30,976 : INFO : SwitchController : <<<<<<< 's_bottom_bumper' inactive >>>>>>>
2024-09-18 14:36:31,003 : INFO : SwitchController : <<<<<<< 's_1_right_target' inactive >>>>>>>
2024-09-18 14:36:31,009 : INFO : SwitchController : <<<<<<< 's_bottom_bumper' active >>>>>>>
2024-09-18 14:36:31,009 : INFO : EventManager : Event: ======'machine_var_audits_switches_s_bottom_bumper'====== Args={'value': 4, 'prev_value': 3, 'change': 1}
2024-09-18 14:36:31,010 : INFO : SwitchController : <<<<<<< 's_1_right_target' active >>>>>>>
2024-09-18 14:36:31,011 : INFO : EventManager : Event: ======'machine_var_audits_switches_s_1_right_target'====== Args={'value': 46, 'prev_value': 45, 'change': 1}
2024-09-18 14:36:31,160 : INFO : SwitchController : <<<<<<< 's_1_right_target' inactive >>>>>>>
2024-09-18 14:36:31,161 : INFO : SwitchController : <<<<<<< 's_1_right_target' active >>>>>>>
2024-09-18 14:36:31,161 : INFO : EventManager : Event: ======'machine_var_audits_switches_s_1_right_target'====== Args={'value': 47, 'prev_value': 46, 'change': 1}
2024-09-18 14:36:31,499 : INFO : SwitchController : <<<<<<< 's_top_right_bumper' active >>>>>>>
2024-09-18 14:36:31,499 : INFO : EventManager : Event: ======'machine_var_audits_switches_s_top_right_bumper'====== Args={'value': 7, 'prev_value': 6, 'change': 1}
2024-09-18 14:36:31,534 : INFO : SwitchController : <<<<<<< 's_1_right_target' inactive >>>>>>>
2024-09-18 14:36:31,535 : INFO : SwitchController : <<<<<<< 's_1_left_target' inactive >>>>>>>
2024-09-18 14:36:31,536 : INFO : SwitchController : <<<<<<< 's_2_right_target' inactive >>>>>>>
2024-09-18 14:36:31,537 : INFO : SwitchController : <<<<<<< 's_3_right_target' inactive >>>>>>>
2024-09-18 14:36:31,538 : INFO : SwitchController : <<<<<<< 's_1_right_target' active >>>>>>>
2024-09-18 14:36:31,538 : INFO : EventManager : Event: ======'machine_var_audits_switches_s_1_right_target'====== Args={'value': 48, 'prev_value': 47, 'change': 1}
2024-09-18 14:36:31,540 : INFO : SwitchController : <<<<<<< 's_1_left_target' active >>>>>>>
2024-09-18 14:36:31,540 : INFO : EventManager : Event: ======'machine_var_audits_switches_s_1_left_target'====== Args={'value': 54, 'prev_value': 53, 'change': 1}
2024-09-18 14:36:31,541 : INFO : SwitchController : <<<<<<< 's_2_right_target' active >>>>>>>
2024-09-18 14:36:31,541 : INFO : EventManager : Event: ======'machine_var_audits_switches_s_2_right_target'====== Args={'value': 14, 'prev_value': 13, 'change': 1}
2024-09-18 14:36:31,542 : INFO : SwitchController : <<<<<<< 's_3_right_target' active >>>>>>>
2024-09-18 14:36:31,543 : INFO : EventManager : Event: ======'machine_var_audits_switches_s_3_right_target'====== Args={'value': 9, 'prev_value': 8, 'change': 1}
2024-09-18 14:36:31,544 : INFO : SwitchController : <<<<<<< 's_2_right_target' inactive >>>>>>>
2024-09-18 14:36:31,557 : INFO : SwitchController : <<<<<<< 's_1_right_target' inactive >>>>>>>
2024-09-18 14:36:31,557 : INFO : SwitchController : <<<<<<< 's_2_right_target' active >>>>>>>
2024-09-18 14:36:31,557 : INFO : EventManager : Event: ======'machine_var_audits_switches_s_2_right_target'====== Args={'value': 15, 'prev_value': 14, 'change': 1}
2024-09-18 14:36:31,558 : INFO : SwitchController : <<<<<<< 's_1_right_target' active >>>>>>>
2024-09-18 14:36:31,558 : INFO : EventManager : Event: ======'machine_var_audits_switches_s_1_right_target'====== Args={'value': 49, 'prev_value': 48, 'change': 1}
2024-09-18 14:36:31,559 : INFO : SwitchController : <<<<<<< 's_1_left_target' inactive >>>>>>>
2024-09-18 14:36:31,577 : INFO : SwitchController : <<<<<<< 's_1_left_target' active >>>>>>>
2024-09-18 14:36:31,577 : INFO : EventManager : Event: ======'machine_var_audits_switches_s_1_left_target'====== Args={'value': 55, 'prev_value': 54, 'change': 1}
2024-09-18 14:36:31,578 : INFO : SwitchController : <<<<<<< 's_1_right_target' inactive >>>>>>>
2024-09-18 14:36:31,596 : INFO : SwitchController : <<<<<<< 's_1_right_target' active >>>>>>>
2024-09-18 14:36:31,596 : INFO : EventManager : Event: ======'machine_var_audits_switches_s_1_right_target'====== Args={'value': 50, 'prev_value': 49, 'change': 1}
2024-09-18 14:36:31,616 : INFO : SwitchController : <<<<<<< 's_top_right_bumper' inactive >>>>>>>
2024-09-18 14:36:31,617 : INFO : SwitchController : <<<<<<< 's_1_right_target' inactive >>>>>>>
2024-09-18 14:36:31,618 : INFO : SwitchController : <<<<<<< 's_top_right_bumper' active >>>>>>>
2024-09-18 14:36:31,618 : INFO : EventManager : Event: ======'machine_var_audits_switches_s_top_right_bumper'====== Args={'value': 8, 'prev_value': 7, 'change': 1}
2024-09-18 14:36:31,635 : INFO : SwitchController : <<<<<<< 's_1_right_target' active >>>>>>>
2024-09-18 14:36:31,635 : INFO : EventManager : Event: ======'machine_var_audits_switches_s_1_right_target'====== Args={'value': 51, 'prev_value': 50, 'change': 1}
2024-09-18 14:36:31,636 : INFO : SwitchController : <<<<<<< 's_top_right_bumper' inactive >>>>>>>
2024-09-18 14:36:31,658 : INFO : SwitchController : <<<<<<< 's_1_right_target' inactive >>>>>>>
2024-09-18 14:36:31,658 : INFO : SwitchController : <<<<<<< 's_1_right_target' active >>>>>>>
2024-09-18 14:36:31,658 : INFO : EventManager : Event: ======'machine_var_audits_switches_s_1_right_target'====== Args={'value': 52, 'prev_value': 51, 'change': 1}
2024-09-18 14:36:31,700 : INFO : SwitchController : <<<<<<< 's_1_right_target' inactive >>>>>>>
2024-09-18 14:36:31,721 : INFO : SwitchController : <<<<<<< 's_1_right_target' active >>>>>>>
2024-09-18 14:36:31,721 : INFO : EventManager : Event: ======'machine_var_audits_switches_s_1_right_target'====== Args={'value': 53, 'prev_value': 52, 'change': 1}
2024-09-18 14:36:31,875 : INFO : SwitchController : <<<<<<< 's_1_right_target' inactive >>>>>>>
2024-09-18 14:36:31,909 : INFO : SwitchController : <<<<<<< 's_1_right_target' active >>>>>>>
2024-09-18 14:36:31,909 : INFO : EventManager : Event: ======'machine_var_audits_switches_s_1_right_target'====== Args={'value': 54, 'prev_value': 53, 'change': 1}
2024-09-18 14:36:31,939 : INFO : SwitchController : <<<<<<< 's_1_right_target' inactive >>>>>>>
2024-09-18 14:36:31,940 : INFO : SwitchController : <<<<<<< 's_1_right_target' active >>>>>>>
2024-09-18 14:36:31,940 : INFO : EventManager : Event: ======'machine_var_audits_switches_s_1_right_target'====== Args={'value': 55, 'prev_value': 54, 'change': 1}
2024-09-18 14:36:32,107 : INFO : SwitchController : <<<<<<< 's_1_right_target' inactive >>>>>>>
2024-09-18 14:36:32,143 : INFO : SwitchController : <<<<<<< 's_1_right_target' active >>>>>>>
2024-09-18 14:36:32,144 : INFO : EventManager : Event: ======'machine_var_audits_switches_s_1_right_target'====== Args={'value': 56, 'prev_value': 55, 'change': 1}
2024-09-18 14:36:33,090 : INFO : SwitchController : <<<<<<< 's_1_right_target' inactive >>>>>>>
2024-09-18 14:36:33,092 : INFO : SwitchController : <<<<<<< 's_1_right_target' active >>>>>>>
2024-09-18 14:36:33,092 : INFO : EventManager : Event: ======'machine_var_audits_switches_s_1_right_target'====== Args={'value': 57, 'prev_value': 56, 'change': 1}
2024-09-18 14:36:33,122 : INFO : SwitchController : <<<<<<< 's_1_right_target' inactive >>>>>>>
2024-09-18 14:36:33,123 : INFO : SwitchController : <<<<<<< 's_1_right_target' active >>>>>>>
2024-09-18 14:36:33,123 : INFO : EventManager : Event: ======'machine_var_audits_switches_s_1_right_target'====== Args={'value': 58, 'prev_value': 57, 'change': 1}
2024-09-18 14:36:33,278 : INFO : SwitchController : <<<<<<< 's_1_right_target' inactive >>>>>>>
2024-09-18 14:36:33,309 : INFO : SwitchController : <<<<<<< 's_1_right_target' active >>>>>>>
2024-09-18 14:36:33,309 : INFO : EventManager : Event: ======'machine_var_audits_switches_s_1_right_target'====== Args={'value': 59, 'prev_value': 58, 'change': 1}
2024-09-18 14:36:34,789 : INFO : SwitchController : <<<<<<< 's_1_right_target' inactive >>>>>>>
2024-09-18 14:36:34,790 : INFO : SwitchController : <<<<<<< 's_right_flipper' active >>>>>>>
2024-09-18 14:36:34,791 : INFO : EventManager : Event: ======'machine_var_audits_switches_s_right_flipper'====== Args={'value': 12, 'prev_value': 11, 'change': 1}
2024-09-18 14:36:34,792 : INFO : SwitchController : <<<<<<< 's_2_right_target' inactive >>>>>>>
2024-09-18 14:36:34,793 : INFO : SwitchController : <<<<<<< 's_3_right_target' inactive >>>>>>>
2024-09-18 14:36:34,818 : INFO : SwitchController : <<<<<<< 's_1_right_target' active >>>>>>>
2024-09-18 14:36:34,819 : INFO : EventManager : Event: ======'machine_var_audits_switches_s_1_right_target'====== Args={'value': 60, 'prev_value': 59, 'change': 1}
2024-09-18 14:36:34,820 : INFO : SwitchController : <<<<<<< 's_1_left_target' inactive >>>>>>>
2024-09-18 14:36:34,820 : INFO : SwitchController : <<<<<<< 's_2_right_target' active >>>>>>>
2024-09-18 14:36:34,821 : INFO : EventManager : Event: ======'machine_var_audits_switches_s_2_right_target'====== Args={'value': 16, 'prev_value': 15, 'change': 1}
2024-09-18 14:36:34,822 : INFO : SwitchController : <<<<<<< 's_3_right_target' active >>>>>>>
2024-09-18 14:36:34,822 : INFO : EventManager : Event: ======'machine_var_audits_switches_s_3_right_target'====== Args={'value': 10, 'prev_value': 9, 'change': 1}
2024-09-18 14:36:34,823 : INFO : SwitchController : <<<<<<< 's_1_right_target' inactive >>>>>>>
2024-09-18 14:36:34,823 : INFO : SwitchController : <<<<<<< 's_2_right_target' inactive >>>>>>>
2024-09-18 14:36:34,824 : INFO : SwitchController : <<<<<<< 's_1_right_target' active >>>>>>>
2024-09-18 14:36:34,824 : INFO : EventManager : Event: ======'machine_var_audits_switches_s_1_right_target'====== Args={'value': 61, 'prev_value': 60, 'change': 1}
2024-09-18 14:36:34,826 : INFO : SwitchController : <<<<<<< 's_1_left_target' active >>>>>>>
2024-09-18 14:36:34,826 : INFO : EventManager : Event: ======'machine_var_audits_switches_s_1_left_target'====== Args={'value': 56, 'prev_value': 55, 'change': 1}
2024-09-18 14:36:34,827 : INFO : SwitchController : <<<<<<< 's_2_right_target' active >>>>>>>
2024-09-18 14:36:34,827 : INFO : EventManager : Event: ======'machine_var_audits_switches_s_2_right_target'====== Args={'value': 17, 'prev_value': 16, 'change': 1}
2024-09-18 14:36:35,321 : INFO : SwitchController : <<<<<<< 's_right_flipper' inactive >>>>>>>
2024-09-18 14:36:35,529 : INFO : SwitchController : <<<<<<< 's_right_flipper' active >>>>>>>
2024-09-18 14:36:35,529 : INFO : EventManager : Event: ======'machine_var_audits_switches_s_right_flipper'====== Args={'value': 13, 'prev_value': 12, 'change': 1}
2024-09-18 14:36:35,530 : INFO : SwitchController : <<<<<<< 's_1_right_target' inactive >>>>>>>
2024-09-18 14:36:35,531 : INFO : SwitchController : <<<<<<< 's_1_left_target' inactive >>>>>>>
2024-09-18 14:36:35,532 : INFO : SwitchController : <<<<<<< 's_1_right_target' active >>>>>>>
2024-09-18 14:36:35,532 : INFO : EventManager : Event: ======'machine_var_audits_switches_s_1_right_target'====== Args={'value': 62, 'prev_value': 61, 'change': 1}
2024-09-18 14:36:35,533 : INFO : SwitchController : <<<<<<< 's_1_left_target' active >>>>>>>
2024-09-18 14:36:35,533 : INFO : EventManager : Event: ======'machine_var_audits_switches_s_1_left_target'====== Args={'value': 57, 'prev_value': 56, 'change': 1}
2024-09-18 14:36:35,702 : INFO : SwitchController : <<<<<<< 's_right_flipper' inactive >>>>>>>
2024-09-18 14:36:35,824 : INFO : SwitchController : <<<<<<< 's_1_left_target' inactive >>>>>>>
2024-09-18 14:36:35,853 : INFO : SwitchController : <<<<<<< 's_1_left_target' active >>>>>>>
2024-09-18 14:36:35,853 : INFO : EventManager : Event: ======'machine_var_audits_switches_s_1_left_target'====== Args={'value': 58, 'prev_value': 57, 'change': 1}
2024-09-18 14:36:35,855 : INFO : SwitchController : <<<<<<< 's_1_left_target' inactive >>>>>>>
2024-09-18 14:36:35,879 : INFO : SwitchController : <<<<<<< 's_1_left_target' active >>>>>>>
2024-09-18 14:36:35,880 : INFO : EventManager : Event: ======'machine_var_audits_switches_s_1_left_target'====== Args={'value': 59, 'prev_value': 58, 'change': 1}
2024-09-18 14:36:35,923 : INFO : SwitchController : <<<<<<< 's_1_left_target' inactive >>>>>>>
2024-09-18 14:36:35,946 : INFO : SwitchController : <<<<<<< 's_1_left_target' active >>>>>>>
2024-09-18 14:36:35,946 : INFO : EventManager : Event: ======'machine_var_audits_switches_s_1_left_target'====== Args={'value': 60, 'prev_value': 59, 'change': 1}
2024-09-18 14:36:35,969 : INFO : SwitchController : <<<<<<< 's_1_left_target' inactive >>>>>>>
2024-09-18 14:36:35,992 : INFO : SwitchController : <<<<<<< 's_1_left_target' active >>>>>>>
2024-09-18 14:36:35,992 : INFO : EventManager : Event: ======'machine_var_audits_switches_s_1_left_target'====== Args={'value': 61, 'prev_value': 60, 'change': 1}
2024-09-18 14:36:36,423 : INFO : SwitchController : <<<<<<< 's_1_right_target' inactive >>>>>>>
2024-09-18 14:36:36,445 : INFO : SwitchController : <<<<<<< 's_1_right_target' active >>>>>>>
2024-09-18 14:36:36,445 : INFO : EventManager : Event: ======'machine_var_audits_switches_s_1_right_target'====== Args={'value': 63, 'prev_value': 62, 'change': 1}
2024-09-18 14:36:36,445 : INFO : SwitchController : <<<<<<< 's_kicking_2' active >>>>>>>
2024-09-18 14:36:36,446 : INFO : EventManager : Event: ======'machine_var_audits_switches_s_kicking_2'====== Args={'value': 1, 'prev_value': 0, 'change': 1}
2024-09-18 14:36:36,464 : INFO : SwitchController : <<<<<<< 's_kicking_2' inactive >>>>>>>
2024-09-18 14:36:36,584 : INFO : SwitchController : <<<<<<< 's_1_right_target' inactive >>>>>>>
2024-09-18 14:36:36,613 : INFO : SwitchController : <<<<<<< 's_1_right_target' active >>>>>>>
2024-09-18 14:36:36,613 : INFO : EventManager : Event: ======'machine_var_audits_switches_s_1_right_target'====== Args={'value': 64, 'prev_value': 63, 'change': 1}
2024-09-18 14:36:36,709 : INFO : SwitchController : <<<<<<< 's_1_right_target' inactive >>>>>>>
2024-09-18 14:36:36,710 : INFO : SwitchController : <<<<<<< 's_1_left_target' inactive >>>>>>>
2024-09-18 14:36:36,711 : INFO : SwitchController : <<<<<<< 's_right_flipper' active >>>>>>>
2024-09-18 14:36:36,711 : INFO : EventManager : Event: ======'machine_var_audits_switches_s_right_flipper'====== Args={'value': 14, 'prev_value': 13, 'change': 1}
2024-09-18 14:36:36,737 : INFO : SwitchController : <<<<<<< 's_1_left_target' active >>>>>>>
2024-09-18 14:36:36,737 : INFO : EventManager : Event: ======'machine_var_audits_switches_s_1_left_target'====== Args={'value': 62, 'prev_value': 61, 'change': 1}
2024-09-18 14:36:36,738 : INFO : SwitchController : <<<<<<< 's_1_right_target' active >>>>>>>
2024-09-18 14:36:36,738 : INFO : EventManager : Event: ======'machine_var_audits_switches_s_1_right_target'====== Args={'value': 65, 'prev_value': 64, 'change': 1}
2024-09-18 14:36:36,988 : INFO : SwitchController : <<<<<<< 's_right_flipper' inactive >>>>>>>
2024-09-18 14:36:37,285 : INFO : SwitchController : <<<<<<< 's_1_left_target' inactive >>>>>>>
2024-09-18 14:36:37,286 : INFO : SwitchController : <<<<<<< 's_right_flipper' active >>>>>>>
2024-09-18 14:36:37,287 : INFO : EventManager : Event: ======'machine_var_audits_switches_s_right_flipper'====== Args={'value': 15, 'prev_value': 14, 'change': 1}
2024-09-18 14:36:37,288 : INFO : SwitchController : <<<<<<< 's_2_right_target' inactive >>>>>>>
2024-09-18 14:36:37,289 : INFO : SwitchController : <<<<<<< 's_1_left_target' active >>>>>>>
2024-09-18 14:36:37,290 : INFO : EventManager : Event: ======'machine_var_audits_switches_s_1_left_target'====== Args={'value': 63, 'prev_value': 62, 'change': 1}
2024-09-18 14:36:37,291 : INFO : SwitchController : <<<<<<< 's_2_right_target' active >>>>>>>
2024-09-18 14:36:37,292 : INFO : EventManager : Event: ======'machine_var_audits_switches_s_2_right_target'====== Args={'value': 18, 'prev_value': 17, 'change': 1}
2024-09-18 14:36:37,316 : INFO : SwitchController : <<<<<<< 's_1_top_target' inactive >>>>>>>
2024-09-18 14:36:37,317 : INFO : SwitchController : <<<<<<< 's_1_right_target' inactive >>>>>>>
2024-09-18 14:36:37,318 : INFO : SwitchController : <<<<<<< 's_1_left_target' inactive >>>>>>>
2024-09-18 14:36:37,319 : INFO : SwitchController : <<<<<<< 's_1_left_target' active >>>>>>>
2024-09-18 14:36:37,319 : INFO : EventManager : Event: ======'machine_var_audits_switches_s_1_left_target'====== Args={'value': 64, 'prev_value': 63, 'change': 1}
2024-09-18 14:36:37,320 : INFO : SwitchController : <<<<<<< 's_2_right_target' inactive >>>>>>>
2024-09-18 14:36:37,344 : INFO : SwitchController : <<<<<<< 's_3_right_target' inactive >>>>>>>
2024-09-18 14:36:37,345 : INFO : SwitchController : <<<<<<< 's_1_top_target' active >>>>>>>
2024-09-18 14:36:37,345 : INFO : EventManager : Event: ======'machine_var_audits_switches_s_1_top_target'====== Args={'value': 6, 'prev_value': 5, 'change': 1}
2024-09-18 14:36:37,346 : INFO : SwitchController : <<<<<<< 's_1_left_target' inactive >>>>>>>
2024-09-18 14:36:37,347 : INFO : SwitchController : <<<<<<< 's_2_right_target' active >>>>>>>
2024-09-18 14:36:37,347 : INFO : EventManager : Event: ======'machine_var_audits_switches_s_2_right_target'====== Args={'value': 19, 'prev_value': 18, 'change': 1}
2024-09-18 14:36:37,348 : INFO : SwitchController : <<<<<<< 's_3_right_target' active >>>>>>>
2024-09-18 14:36:37,348 : INFO : EventManager : Event: ======'machine_var_audits_switches_s_3_right_target'====== Args={'value': 11, 'prev_value': 10, 'change': 1}
2024-09-18 14:36:37,348 : INFO : SwitchController : <<<<<<< 's_1_left_target' active >>>>>>>
2024-09-18 14:36:37,348 : INFO : EventManager : Event: ======'machine_var_audits_switches_s_1_left_target'====== Args={'value': 65, 'prev_value': 64, 'change': 1}
2024-09-18 14:36:37,349 : INFO : SwitchController : <<<<<<< 's_1_right_target' active >>>>>>>
2024-09-18 14:36:37,349 : INFO : EventManager : Event: ======'machine_var_audits_switches_s_1_right_target'====== Args={'value': 66, 'prev_value': 65, 'change': 1}
2024-09-18 14:36:37,407 : INFO : SwitchController : <<<<<<< 's_bottom_bumper' inactive >>>>>>>
2024-09-18 14:36:37,436 : INFO : SwitchController : <<<<<<< 's_1_right_target' inactive >>>>>>>
2024-09-18 14:36:37,437 : INFO : SwitchController : <<<<<<< 's_bottom_bumper' active >>>>>>>
2024-09-18 14:36:37,437 : INFO : EventManager : Event: ======'machine_var_audits_switches_s_bottom_bumper'====== Args={'value': 5, 'prev_value': 4, 'change': 1}
2024-09-18 14:36:37,439 : INFO : SwitchController : <<<<<<< 's_1_left_target' inactive >>>>>>>
2024-09-18 14:36:37,439 : INFO : SwitchController : <<<<<<< 's_1_right_target' active >>>>>>>
2024-09-18 14:36:37,439 : INFO : EventManager : Event: ======'machine_var_audits_switches_s_1_right_target'====== Args={'value': 67, 'prev_value': 66, 'change': 1}
2024-09-18 14:36:37,441 : INFO : SwitchController : <<<<<<< 's_1_left_target' active >>>>>>>
2024-09-18 14:36:37,441 : INFO : EventManager : Event: ======'machine_var_audits_switches_s_1_left_target'====== Args={'value': 66, 'prev_value': 65, 'change': 1}
2024-09-18 14:36:37,463 : INFO : SwitchController : <<<<<<< 's_1_right_target' inactive >>>>>>>
2024-09-18 14:36:37,464 : INFO : SwitchController : <<<<<<< 's_1_right_target' active >>>>>>>
2024-09-18 14:36:37,464 : INFO : EventManager : Event: ======'machine_var_audits_switches_s_1_right_target'====== Args={'value': 68, 'prev_value': 67, 'change': 1}
2024-09-18 14:36:37,487 : INFO : SwitchController : <<<<<<< 's_right_flipper' inactive >>>>>>>
2024-09-18 14:36:37,950 : INFO : SwitchController : <<<<<<< 's_1_right_target' inactive >>>>>>>
2024-09-18 14:36:37,987 : INFO : SwitchController : <<<<<<< 's_1_right_target' active >>>>>>>
2024-09-18 14:36:37,987 : INFO : EventManager : Event: ======'machine_var_audits_switches_s_1_right_target'====== Args={'value': 69, 'prev_value': 68, 'change': 1}
2024-09-18 14:36:37,989 : INFO : SwitchController : <<<<<<< 's_1_right_target' inactive >>>>>>>
2024-09-18 14:36:37,990 : INFO : SwitchController : <<<<<<< 's_1_right_target' active >>>>>>>
2024-09-18 14:36:37,990 : INFO : EventManager : Event: ======'machine_var_audits_switches_s_1_right_target'====== Args={'value': 70, 'prev_value': 69, 'change': 1}
2024-09-18 14:36:38,019 : INFO : SwitchController : <<<<<<< 's_1_right_target' inactive >>>>>>>
2024-09-18 14:36:38,041 : INFO : SwitchController : <<<<<<< 's_1_right_target' active >>>>>>>
2024-09-18 14:36:38,041 : INFO : EventManager : Event: ======'machine_var_audits_switches_s_1_right_target'====== Args={'value': 71, 'prev_value': 70, 'change': 1}
2024-09-18 14:36:38,999 : INFO : SwitchController : <<<<<<< 's_1_right_target' inactive >>>>>>>
2024-09-18 14:36:39,000 : INFO : SwitchController : <<<<<<< 's_outhole' active >>>>>>>
2024-09-18 14:36:39,000 : INFO : EventManager : Event: ======'machine_var_audits_switches_s_outhole'====== Args={'value': 8, 'prev_value': 7, 'change': 1}
2024-09-18 14:36:39,030 : INFO : SwitchController : <<<<<<< 's_1_right_target' active >>>>>>>
2024-09-18 14:36:39,030 : INFO : EventManager : Event: ======'machine_var_audits_switches_s_1_right_target'====== Args={'value': 72, 'prev_value': 71, 'change': 1}
2024-09-18 14:36:39,032 : INFO : SwitchController : <<<<<<< 's_top_right_rollunder' active >>>>>>>
2024-09-18 14:36:39,032 : INFO : EventManager : Event: ======'machine_var_audits_switches_s_top_right_rollunder'====== Args={'value': 51, 'prev_value': 50, 'change': 1}
2024-09-18 14:36:39,033 : INFO : SwitchController : <<<<<<< 's_1_left_target' inactive >>>>>>>
2024-09-18 14:36:39,034 : INFO : SwitchController : <<<<<<< 's_outhole' inactive >>>>>>>
2024-09-18 14:36:39,059 : INFO : SwitchController : <<<<<<< 's_top_right_rollunder' inactive >>>>>>>
2024-09-18 14:36:39,059 : INFO : SwitchController : <<<<<<< 's_1_left_target' active >>>>>>>
2024-09-18 14:36:39,059 : INFO : EventManager : Event: ======'machine_var_audits_switches_s_1_left_target'====== Args={'value': 67, 'prev_value': 66, 'change': 1}
2024-09-18 14:36:39,060 : INFO : SwitchController : <<<<<<< 's_outhole' active >>>>>>>
2024-09-18 14:36:39,060 : INFO : EventManager : Event: ======'machine_var_audits_switches_s_outhole'====== Args={'value': 9, 'prev_value': 8, 'change': 1}
2024-09-18 14:38:55,671 : INFO : Machine : Shutting down...
2024-09-18 14:38:55,672 : INFO : EventManager : Event: ======'shutdown'====== Args={}
2024-09-18 14:38:55,673 : INFO : EventManager : Event: ======'mode_game_will_stop'====== Args={}
2024-09-18 14:38:55,674 : INFO : EventManager : Event: ======'mode_game_stopping'====== Args={}
2024-09-18 14:38:55,674 : INFO : Mode.game : Stopped.
2024-09-18 14:38:55,674 : INFO : EventManager : Event: ======'modes_active_modes_changed'====== Args={}
2024-09-18 14:38:55,675 : INFO : EventManager : Event: ======'mode_game_stopped'====== Args={}
2024-09-18 14:38:55,675 : INFO : EventManager : Event: ======'clear'====== Args={'key': 'game'}
2024-09-18 14:38:55,780 : INFO : root : MPF run loop ended.
