2024-09-18 14:31:22,717 : INFO : root : Loading config.
2024-09-18 14:31:22,719 : INFO : YamlMultifileConfigLoader : Machine config file #1: config.yaml
2024-09-18 14:31:22,719 : WARNING : ConfigProcessor : Config file in cache changed: /home/pinball/Documents/Robowar/config/config.yaml
2024-09-18 14:31:22,720 : INFO : ConfigProcessor : Loading config from file /home/pinball/mpfenv/lib/python3.12/site-packages/mpf/mpfconfig.yaml.
2024-09-18 14:31:22,728 : INFO : ConfigProcessor : Loading config: /home/pinball/mpfenv/lib/python3.12/site-packages/mpf/mpfconfig.yaml
2024-09-18 14:31:22,728 : INFO : ConfigProcessor : Loading config from file /home/pinball/Documents/Robowar/config/config.yaml.
2024-09-18 14:31:22,729 : INFO : ConfigProcessor : Loading config: /home/pinball/Documents/Robowar/config/config.yaml
2024-09-18 14:31:22,731 : INFO : ConfigProcessor : Loading config: /home/pinball/Documents/Robowar/config/switches.yaml
2024-09-18 14:31:22,732 : INFO : ConfigProcessor : Loading config: /home/pinball/Documents/Robowar/config/coils.yaml
2024-09-18 14:31:22,732 : INFO : ConfigProcessor : Loading config: /home/pinball/Documents/Robowar/config/displays.yaml
2024-09-18 14:31:22,734 : INFO : ConfigProcessor : Loading config: /home/pinball/Documents/Robowar/config/lamps.yaml
2024-09-18 14:31:22,735 : INFO : ConfigProcessor : Config file cache created: /tmp/ce9187e7529af622f3b6e40d00abcf94.mpf_cache
2024-09-18 14:31:22,763 : INFO : ConfigProcessor : Loading config from cache: /tmp/8973a6dc4f28e221c9999ded5d94a924.mpf_cache
2024-09-18 14:31:22,763 : INFO : ConfigProcessor : Loading config from cache: /tmp/630a60b96e3d9b5031cbb1e5fa5514c1.mpf_cache
2024-09-18 14:31:22,763 : INFO : Machine : Mission Pinball Framework Core Engine v0.80.0.dev4
2024-09-18 14:31:22,763 : INFO : Machine : Command line arguments: {'no_load_cache': False, 'create_config_cache': True, 'bcp': False, 'configfile': ['config.yaml'], 'force_assets_load': False, 'platform_integration_test': False, 'jsonlogging': False, 'logfile': 'logs/2024-09-18-14-31-22-mpf-mpf.log', 'pause': False, 'production': False, 'text_ui': True, 'loglevel': 15, 'consoleloglevel': 20, 'force_platform': None, 'syslog_address': None, 'mc_file_name': None, 'no_sound': False, 'full_logfile_path': '/home/pinball/Documents/Robowar/logs/2024-09-18-14-31-22-mpf-mpf.log'}
2024-09-18 14:31:22,764 : INFO : Machine : MPF path: /home/pinball/mpfenv/lib/python3.12/site-packages/mpf
2024-09-18 14:31:22,764 : INFO : Machine : Machine path: /home/pinball/Documents/Robowar
2024-09-18 14:31:22,764 : INFO : Machine : Platform: linux
2024-09-18 14:31:22,764 : INFO : Machine : Python executable location: /home/pinball/mpfenv/bin/python3
2024-09-18 14:31:22,764 : INFO : Machine : Python version: 3.12.3 (64-bit)
2024-09-18 14:31:22,764 : INFO : Machine : Initializing MPF...
2024-09-18 14:31:22,815 : INFO : lisy : Connecting to /dev/ttyACM0 at 115200bps
2024-09-18 14:31:22,923 : INFO : EventManager : Event: ======'machine_var_lisy_hardware'====== Args={'value': 'LISY80', 'prev_value': None, 'change': True}
2024-09-18 14:31:22,923 : INFO : EventManager : Event: ======'machine_var_lisy_version'====== Args={'value': '5.26 ', 'prev_value': None, 'change': True}
2024-09-18 14:31:22,923 : INFO : EventManager : Event: ======'machine_var_lisy_api_version'====== Args={'value': b'0.09', 'prev_value': None, 'change': True}
2024-09-18 14:31:23,004 : INFO : EventManager : Event: ======'machine_var_credits_string'====== Args={'value': 'FREE PLAY', 'prev_value': None, 'change': True}
2024-09-18 14:31:23,021 : INFO : EventManager : Event: ======'machine_var_master_volume'====== Args={'value': 0.5, 'prev_value': None, 'change': True}
2024-09-18 14:31:23,021 : INFO : EventManager : Event: ======'machine_var_mpf_version'====== Args={'value': 'Mission Pinball Framework v0.80.0.dev4', 'prev_value': None, 'change': True}
2024-09-18 14:31:23,021 : INFO : EventManager : Event: ======'machine_var_mpf_extended_version'====== Args={'value': 'Mission Pinball Framework v0.80.0.dev4, Config version:6, Show version: 6, BCP version:1.1', 'prev_value': None, 'change': True}
2024-09-18 14:31:23,021 : INFO : EventManager : Event: ======'machine_var_python_version'====== Args={'value': '3.12.3', 'prev_value': None, 'change': True}
2024-09-18 14:31:23,023 : INFO : EventManager : Event: ======'machine_var_platform'====== Args={'value': 'Linux-6.8.0-38-generic-x86_64-with-glibc2.39', 'prev_value': None, 'change': True}
2024-09-18 14:31:23,023 : INFO : EventManager : Event: ======'machine_var_platform_system'====== Args={'value': 'Linux', 'prev_value': None, 'change': True}
2024-09-18 14:31:23,024 : INFO : EventManager : Event: ======'machine_var_platform_release'====== Args={'value': '6.8.0-38-generic', 'prev_value': None, 'change': True}
2024-09-18 14:31:23,024 : INFO : EventManager : Event: ======'machine_var_platform_version'====== Args={'value': '#38-Ubuntu SMP PREEMPT_DYNAMIC Fri Jun  7 15:25:01 UTC 2024', 'prev_value': None, 'change': True}
2024-09-18 14:31:23,024 : INFO : EventManager : Event: ======'machine_var_platform_machine'====== Args={'value': 'x86_64', 'prev_value': None, 'change': True}
2024-09-18 14:31:23,024 : INFO : EventManager : Event: ======'machine_var_log_file_path'====== Args={'value': '/home/pinball/Documents/Robowar/logs/2024-09-18-14-31-22-mpf-mpf.log', 'prev_value': None, 'change': True}
2024-09-18 14:31:23,024 : INFO : EventManager : Event: ======'init_phase_1'====== Args={}
2024-09-18 14:31:23,045 : WARNING : segment_display.upper_display : Segment display update_method will default to 'replace' in a future MPF release. You have no config value specified and are currently getting 'stack' for backwards compatibility. To avoid a breaking change, please set 'update_method: "stack"' in your segment display config.
2024-09-18 14:31:23,046 : WARNING : segment_display.lower_display : Segment display update_method will default to 'replace' in a future MPF release. You have no config value specified and are currently getting 'stack' for backwards compatibility. To avoid a breaking change, please set 'update_method: "stack"' in your segment display config.
2024-09-18 14:31:23,058 : INFO : EventManager : Event: ======'init_phase_2'====== Args={}
2024-09-18 14:31:23,058 : INFO : SwitchController : Found active switch: ('40', <mpf.platforms.lisy.lisy.LisyHardwarePlatform object at 0x759174f94dd0>) <switch.s_1_top_target>
2024-09-18 14:31:23,060 : INFO : ball_device.bd_drain : BCH: Initial count: 0
2024-09-18 14:31:23,060 : INFO : ball_device.bd_drain : State: idle
2024-09-18 14:31:23,065 : INFO : EventManager : Event: ======'init_phase_3'====== Args={}
2024-09-18 14:31:23,066 : INFO : EventManager : Event: ======'init_phase_4'====== Args={}
2024-09-18 14:31:23,066 : INFO : BallController : Initial balls found: 0
2024-09-18 14:31:23,067 : INFO : EventManager : Event: ======'machine_var_audits_events_game_ended'====== Args={'value': 0, 'prev_value': None, 'change': True}
2024-09-18 14:31:23,067 : INFO : EventManager : Event: ======'machine_var_audits_events_game_started'====== Args={'value': 15, 'prev_value': None, 'change': True}
2024-09-18 14:31:23,067 : INFO : EventManager : Event: ======'machine_var_audits_missing_switches_s_1_center_target'====== Args={'value': 15, 'prev_value': None, 'change': True}
2024-09-18 14:31:23,067 : INFO : EventManager : Event: ======'machine_var_audits_missing_switches_s_1_top_rollover'====== Args={'value': 15, 'prev_value': None, 'change': True}
2024-09-18 14:31:23,067 : INFO : EventManager : Event: ======'machine_var_audits_missing_switches_s_1_top_target'====== Args={'value': 15, 'prev_value': None, 'change': True}
2024-09-18 14:31:23,067 : INFO : EventManager : Event: ======'machine_var_audits_missing_switches_s_2_center_target'====== Args={'value': 15, 'prev_value': None, 'change': True}
2024-09-18 14:31:23,067 : INFO : EventManager : Event: ======'machine_var_audits_missing_switches_s_2_right_target'====== Args={'value': 1, 'prev_value': None, 'change': True}
2024-09-18 14:31:23,067 : INFO : EventManager : Event: ======'machine_var_audits_missing_switches_s_2_top_rollover'====== Args={'value': 15, 'prev_value': None, 'change': True}
2024-09-18 14:31:23,067 : INFO : EventManager : Event: ======'machine_var_audits_missing_switches_s_2_top_target'====== Args={'value': 15, 'prev_value': None, 'change': True}
2024-09-18 14:31:23,068 : INFO : EventManager : Event: ======'machine_var_audits_missing_switches_s_3_right_target'====== Args={'value': 11, 'prev_value': None, 'change': True}
2024-09-18 14:31:23,068 : INFO : EventManager : Event: ======'machine_var_audits_missing_switches_s_3_top_rollover'====== Args={'value': 15, 'prev_value': None, 'change': True}
2024-09-18 14:31:23,068 : INFO : EventManager : Event: ======'machine_var_audits_missing_switches_s_3_top_target'====== Args={'value': 15, 'prev_value': None, 'change': True}
2024-09-18 14:31:23,068 : INFO : EventManager : Event: ======'machine_var_audits_missing_switches_s_4_top_grop_target'====== Args={'value': 15, 'prev_value': None, 'change': True}
2024-09-18 14:31:23,068 : INFO : EventManager : Event: ======'machine_var_audits_missing_switches_s_bottom_bumper'====== Args={'value': 15, 'prev_value': None, 'change': True}
2024-09-18 14:31:23,068 : INFO : EventManager : Event: ======'machine_var_audits_missing_switches_s_center_coin'====== Args={'value': 15, 'prev_value': None, 'change': True}
2024-09-18 14:31:23,068 : INFO : EventManager : Event: ======'machine_var_audits_missing_switches_s_hole'====== Args={'value': 15, 'prev_value': None, 'change': True}
2024-09-18 14:31:23,068 : INFO : EventManager : Event: ======'machine_var_audits_missing_switches_s_kicking_2'====== Args={'value': 15, 'prev_value': None, 'change': True}
2024-09-18 14:31:23,068 : INFO : EventManager : Event: ======'machine_var_audits_missing_switches_s_left_adv'====== Args={'value': 15, 'prev_value': None, 'change': True}
2024-09-18 14:31:23,068 : INFO : EventManager : Event: ======'machine_var_audits_missing_switches_s_left_coin'====== Args={'value': 15, 'prev_value': None, 'change': True}
2024-09-18 14:31:23,068 : INFO : EventManager : Event: ======'machine_var_audits_missing_switches_s_left_out_rollover'====== Args={'value': 15, 'prev_value': None, 'change': True}
2024-09-18 14:31:23,068 : INFO : EventManager : Event: ======'machine_var_audits_missing_switches_s_left_return_rollover'====== Args={'value': 15, 'prev_value': None, 'change': True}
2024-09-18 14:31:23,068 : INFO : EventManager : Event: ======'machine_var_audits_missing_switches_s_left_spot_target'====== Args={'value': 15, 'prev_value': None, 'change': True}
2024-09-18 14:31:23,068 : INFO : EventManager : Event: ======'machine_var_audits_missing_switches_s_play_test_play'====== Args={'value': 15, 'prev_value': None, 'change': True}
2024-09-18 14:31:23,068 : INFO : EventManager : Event: ======'machine_var_audits_missing_switches_s_right_adv'====== Args={'value': 15, 'prev_value': None, 'change': True}
2024-09-18 14:31:23,069 : INFO : EventManager : Event: ======'machine_var_audits_missing_switches_s_right_coin'====== Args={'value': 15, 'prev_value': None, 'change': True}
2024-09-18 14:31:23,069 : INFO : EventManager : Event: ======'machine_var_audits_missing_switches_s_right_flipper'====== Args={'value': 15, 'prev_value': None, 'change': True}
2024-09-18 14:31:23,069 : INFO : EventManager : Event: ======'machine_var_audits_missing_switches_s_right_out_rollover'====== Args={'value': 15, 'prev_value': None, 'change': True}
2024-09-18 14:31:23,069 : INFO : EventManager : Event: ======'machine_var_audits_missing_switches_s_right_return_rollover'====== Args={'value': 15, 'prev_value': None, 'change': True}
2024-09-18 14:31:23,069 : INFO : EventManager : Event: ======'machine_var_audits_missing_switches_s_right_side_rollover'====== Args={'value': 15, 'prev_value': None, 'change': True}
2024-09-18 14:31:23,069 : INFO : EventManager : Event: ======'machine_var_audits_missing_switches_s_spinner'====== Args={'value': 15, 'prev_value': None, 'change': True}
2024-09-18 14:31:23,069 : INFO : EventManager : Event: ======'machine_var_audits_missing_switches_s_stargate_rollover'====== Args={'value': 15, 'prev_value': None, 'change': True}
2024-09-18 14:31:23,069 : INFO : EventManager : Event: ======'machine_var_audits_missing_switches_s_stargate_spot'====== Args={'value': 15, 'prev_value': None, 'change': True}
2024-09-18 14:31:23,069 : INFO : EventManager : Event: ======'machine_var_audits_missing_switches_s_throught'====== Args={'value': 1, 'prev_value': None, 'change': True}
2024-09-18 14:31:23,069 : INFO : EventManager : Event: ======'machine_var_audits_missing_switches_s_tilt'====== Args={'value': 15, 'prev_value': None, 'change': True}
2024-09-18 14:31:23,069 : INFO : EventManager : Event: ======'machine_var_audits_missing_switches_s_top_left_bumper'====== Args={'value': 15, 'prev_value': None, 'change': True}
2024-09-18 14:31:23,069 : INFO : EventManager : Event: ======'machine_var_audits_missing_switches_s_top_right_bumper'====== Args={'value': 11, 'prev_value': None, 'change': True}
2024-09-18 14:31:23,069 : INFO : EventManager : Event: ======'machine_var_audits_player_score'====== Args={'value': {'average': 0, 'top': [], 'total': 0}, 'prev_value': None, 'change': True}
2024-09-18 14:31:23,070 : INFO : EventManager : Event: ======'machine_var_audits_switches_s_1_center_target'====== Args={'value': 0, 'prev_value': None, 'change': True}
2024-09-18 14:31:23,070 : INFO : EventManager : Event: ======'machine_var_audits_switches_s_1_left_target'====== Args={'value': 19, 'prev_value': None, 'change': True}
2024-09-18 14:31:23,070 : INFO : EventManager : Event: ======'machine_var_audits_switches_s_1_right_target'====== Args={'value': 14, 'prev_value': None, 'change': True}
2024-09-18 14:31:23,070 : INFO : EventManager : Event: ======'machine_var_audits_switches_s_1_top_rollover'====== Args={'value': 0, 'prev_value': None, 'change': True}
2024-09-18 14:31:23,070 : INFO : EventManager : Event: ======'machine_var_audits_switches_s_1_top_target'====== Args={'value': 0, 'prev_value': None, 'change': True}
2024-09-18 14:31:23,070 : INFO : EventManager : Event: ======'machine_var_audits_switches_s_2_center_target'====== Args={'value': 0, 'prev_value': None, 'change': True}
2024-09-18 14:31:23,070 : INFO : EventManager : Event: ======'machine_var_audits_switches_s_2_right_target'====== Args={'value': 5, 'prev_value': None, 'change': True}
2024-09-18 14:31:23,070 : INFO : EventManager : Event: ======'machine_var_audits_switches_s_2_top_rollover'====== Args={'value': 0, 'prev_value': None, 'change': True}
2024-09-18 14:31:23,070 : INFO : EventManager : Event: ======'machine_var_audits_switches_s_2_top_target'====== Args={'value': 0, 'prev_value': None, 'change': True}
2024-09-18 14:31:23,070 : INFO : EventManager : Event: ======'machine_var_audits_switches_s_3_right_target'====== Args={'value': 5, 'prev_value': None, 'change': True}
2024-09-18 14:31:23,070 : INFO : EventManager : Event: ======'machine_var_audits_switches_s_3_top_rollover'====== Args={'value': 0, 'prev_value': None, 'change': True}
2024-09-18 14:31:23,070 : INFO : EventManager : Event: ======'machine_var_audits_switches_s_3_top_target'====== Args={'value': 0, 'prev_value': None, 'change': True}
2024-09-18 14:31:23,071 : INFO : EventManager : Event: ======'machine_var_audits_switches_s_4_top_grop_target'====== Args={'value': 0, 'prev_value': None, 'change': True}
2024-09-18 14:31:23,071 : INFO : EventManager : Event: ======'machine_var_audits_switches_s_4_top_rollover'====== Args={'value': 1, 'prev_value': None, 'change': True}
2024-09-18 14:31:23,071 : INFO : EventManager : Event: ======'machine_var_audits_switches_s_bottom_bumper'====== Args={'value': 0, 'prev_value': None, 'change': True}
2024-09-18 14:31:23,071 : INFO : EventManager : Event: ======'machine_var_audits_switches_s_center_coin'====== Args={'value': 0, 'prev_value': None, 'change': True}
2024-09-18 14:31:23,071 : INFO : EventManager : Event: ======'machine_var_audits_switches_s_hole'====== Args={'value': 0, 'prev_value': None, 'change': True}
2024-09-18 14:31:23,071 : INFO : EventManager : Event: ======'machine_var_audits_switches_s_kicking_2'====== Args={'value': 0, 'prev_value': None, 'change': True}
2024-09-18 14:31:23,071 : INFO : EventManager : Event: ======'machine_var_audits_switches_s_left_adv'====== Args={'value': 0, 'prev_value': None, 'change': True}
2024-09-18 14:31:23,071 : INFO : EventManager : Event: ======'machine_var_audits_switches_s_left_coin'====== Args={'value': 0, 'prev_value': None, 'change': True}
2024-09-18 14:31:23,071 : INFO : EventManager : Event: ======'machine_var_audits_switches_s_left_out_rollover'====== Args={'value': 0, 'prev_value': None, 'change': True}
2024-09-18 14:31:23,072 : INFO : EventManager : Event: ======'machine_var_audits_switches_s_left_return_rollover'====== Args={'value': 0, 'prev_value': None, 'change': True}
2024-09-18 14:31:23,072 : INFO : EventManager : Event: ======'machine_var_audits_switches_s_left_spot_target'====== Args={'value': 0, 'prev_value': None, 'change': True}
2024-09-18 14:31:23,072 : INFO : EventManager : Event: ======'machine_var_audits_switches_s_outhole'====== Args={'value': 7, 'prev_value': None, 'change': True}
2024-09-18 14:31:23,072 : INFO : EventManager : Event: ======'machine_var_audits_switches_s_play_test_play'====== Args={'value': 0, 'prev_value': None, 'change': True}
2024-09-18 14:31:23,072 : INFO : EventManager : Event: ======'machine_var_audits_switches_s_right_adv'====== Args={'value': 0, 'prev_value': None, 'change': True}
2024-09-18 14:31:23,072 : INFO : EventManager : Event: ======'machine_var_audits_switches_s_right_coin'====== Args={'value': 0, 'prev_value': None, 'change': True}
2024-09-18 14:31:23,072 : INFO : EventManager : Event: ======'machine_var_audits_switches_s_right_flipper'====== Args={'value': 0, 'prev_value': None, 'change': True}
2024-09-18 14:31:23,072 : INFO : EventManager : Event: ======'machine_var_audits_switches_s_right_out_rollover'====== Args={'value': 0, 'prev_value': None, 'change': True}
2024-09-18 14:31:23,073 : INFO : EventManager : Event: ======'machine_var_audits_switches_s_right_return_rollover'====== Args={'value': 0, 'prev_value': None, 'change': True}
2024-09-18 14:31:23,073 : INFO : EventManager : Event: ======'machine_var_audits_switches_s_right_side_rollover'====== Args={'value': 0, 'prev_value': None, 'change': True}
2024-09-18 14:31:23,073 : INFO : EventManager : Event: ======'machine_var_audits_switches_s_shooter_lane_rollover'====== Args={'value': 16, 'prev_value': None, 'change': True}
2024-09-18 14:31:23,073 : INFO : EventManager : Event: ======'machine_var_audits_switches_s_spinner'====== Args={'value': 0, 'prev_value': None, 'change': True}
2024-09-18 14:31:23,073 : INFO : EventManager : Event: ======'machine_var_audits_switches_s_stargate_rollover'====== Args={'value': 0, 'prev_value': None, 'change': True}
2024-09-18 14:31:23,073 : INFO : EventManager : Event: ======'machine_var_audits_switches_s_stargate_spot'====== Args={'value': 0, 'prev_value': None, 'change': True}
2024-09-18 14:31:23,073 : INFO : EventManager : Event: ======'machine_var_audits_switches_s_start'====== Args={'value': 20, 'prev_value': None, 'change': True}
2024-09-18 14:31:23,073 : INFO : EventManager : Event: ======'machine_var_audits_switches_s_throught'====== Args={'value': 7, 'prev_value': None, 'change': True}
2024-09-18 14:31:23,073 : INFO : EventManager : Event: ======'machine_var_audits_switches_s_tilt'====== Args={'value': 0, 'prev_value': None, 'change': True}
2024-09-18 14:31:23,073 : INFO : EventManager : Event: ======'machine_var_audits_switches_s_top_left_bumper'====== Args={'value': 0, 'prev_value': None, 'change': True}
2024-09-18 14:31:23,074 : INFO : EventManager : Event: ======'machine_var_audits_switches_s_top_right_bumper'====== Args={'value': 1, 'prev_value': None, 'change': True}
2024-09-18 14:31:23,074 : INFO : EventManager : Event: ======'machine_var_audits_switches_s_top_right_rollunder'====== Args={'value': 47, 'prev_value': None, 'change': True}
2024-09-18 14:31:23,074 : INFO : EventManager : Event: ======'init_phase_5'====== Args={}
2024-09-18 14:31:23,084 : INFO : EventManager : Event: ======'init_done'====== Args={}
2024-09-18 14:31:23,084 : INFO : EventManager : Event: ======'machine_reset_phase_1'====== Args={}
2024-09-18 14:31:23,084 : INFO : EventManager : Event: ======'machine_reset_phase_2'====== Args={}
2024-09-18 14:31:23,084 : INFO : EventManager : Event: ======'machine_reset_phase_3'====== Args={}
2024-09-18 14:31:23,084 : INFO : EventManager : Event: ======'reset_complete'====== Args={}
2024-09-18 14:31:23,084 : INFO : EventManager : Event: ======'mode_attract_will_start'====== Args={}
2024-09-18 14:31:23,084 : INFO : EventManager : Event: ======'mode_attract_starting'====== Args={}
2024-09-18 14:31:23,084 : INFO : Mode.attract : Started. Priority: 10
2024-09-18 14:31:23,084 : INFO : EventManager : Event: ======'modes_active_modes_changed'====== Args={}
2024-09-18 14:31:23,085 : INFO : EventManager : Event: ======'mode_attract_started'====== Args={}
2024-09-18 14:31:23,085 : INFO : EventManager : Event: ======'collecting_balls_complete'====== Args={}
2024-09-18 14:31:23,085 : INFO : SwitchController : <<<<<<< 's_1_right_target' active >>>>>>>
2024-09-18 14:31:23,085 : INFO : Machine : Starting the main run loop.
2024-09-18 14:31:23,086 : INFO : SwitchController : <<<<<<< 's_1_center_target' active >>>>>>>
2024-09-18 14:31:23,087 : INFO : SwitchController : <<<<<<< 's_1_left_target' active >>>>>>>
2024-09-18 14:31:23,087 : INFO : SwitchController : <<<<<<< 's_2_top_target' active >>>>>>>
2024-09-18 14:31:23,088 : INFO : SwitchController : <<<<<<< 's_2_right_target' active >>>>>>>
2024-09-18 14:31:23,088 : INFO : SwitchController : <<<<<<< 's_2_center_target' active >>>>>>>
2024-09-18 14:31:23,089 : INFO : SwitchController : <<<<<<< 's_throught' active >>>>>>>
2024-09-18 14:31:23,090 : INFO : SwitchController : <<<<<<< 's_3_top_target' active >>>>>>>
2024-09-18 14:31:23,090 : INFO : SwitchController : <<<<<<< 's_3_right_target' active >>>>>>>
2024-09-18 14:31:23,091 : INFO : SwitchController : <<<<<<< 's_4_top_grop_target' active >>>>>>>
2024-09-18 14:31:23,092 : INFO : SwitchController : <<<<<<< 's_bottom_bumper' active >>>>>>>
2024-09-18 14:31:23,590 : INFO : EventManager : Event: ======'balldevice_bd_drain_ball_count_changed'====== Args={'balls': 1}
2024-09-18 14:31:23,590 : INFO : ball_device.bd_drain : Received unexpected ball
2024-09-18 14:31:23,591 : INFO : EventManager : Event: ======'balldevice_captured_from_playfield'====== Args={'balls': 1}
2024-09-18 14:31:23,591 : INFO : EventManager : Event: ======'sw_playfield_active'====== Args={'balls': 1}
2024-09-18 14:31:23,591 : INFO : EventManager : Event: ======'playfield_active'====== Args={'source': None}
2024-09-18 14:31:23,591 : INFO : EventManager : Event: ======'unexpected_ball_on_playfield'====== Args={}
2024-09-18 14:31:23,591 : INFO : EventManager : Event: ======'playfield_ball_count_change'====== Args={'balls': -1, 'change': -1}
2024-09-18 14:31:23,592 : INFO : EventManager : Event: ======'balldevice_playfield_ball_enter'====== Args={'new_balls': 1, 'unclaimed_balls': 1, 'device': <playfield.playfield>}
2024-09-18 14:31:23,592 : INFO : EventManager : Event: ======'playfield_ball_count_change'====== Args={'balls': 0, 'change': 1}
2024-09-18 14:31:23,592 : INFO : BallController : Found a new ball which was captured from playfield. Known balls: 1
2024-09-18 14:31:23,592 : INFO : EventManager : Event: ======'found_new_ball'====== Args={}
2024-09-18 14:31:23,592 : INFO : EventManager : Event: ======'balldevice_bd_drain_ball_enter'====== Args={'new_balls': 1, 'unclaimed_balls': 1, 'new_available_balls': 1, 'device': <ball_device.bd_drain>}
2024-09-18 14:31:23,593 : INFO : EventManager : Event: ======'ball_drain'====== Args={'device': <ball_device.bd_drain>, 'balls': 1}
2024-09-18 14:31:23,593 : INFO : EventManager : Event: ======'balldevice_balls_available'====== Args={}
2024-09-18 14:31:23,593 : INFO : EventManager : Event: ======'balldevice_bd_drain_ball_entered'====== Args={'new_balls': 1, 'device': <ball_device.bd_drain>}
2024-09-18 14:31:26,790 : INFO : Machine : Shutting down...
2024-09-18 14:31:26,790 : INFO : EventManager : Event: ======'shutdown'====== Args={}
2024-09-18 14:31:26,895 : INFO : root : MPF run loop ended.
