2024-09-18 14:39:11,295 : INFO : root : Loading config.
2024-09-18 14:39:11,299 : INFO : YamlMultifileConfigLoader : Machine config file #1: config.yaml
2024-09-18 14:39:11,299 : WARNING : ConfigProcessor : Config file in cache changed: /home/pinball/Documents/Robowar/config/config.yaml
2024-09-18 14:39:11,299 : INFO : ConfigProcessor : Loading config from file /home/pinball/mpfenv/lib/python3.12/site-packages/mpf/mpfconfig.yaml.
2024-09-18 14:39:11,312 : INFO : ConfigProcessor : Loading config: /home/pinball/mpfenv/lib/python3.12/site-packages/mpf/mpfconfig.yaml
2024-09-18 14:39:11,312 : INFO : ConfigProcessor : Loading config from file /home/pinball/Documents/Robowar/config/config.yaml.
2024-09-18 14:39:11,313 : INFO : ConfigProcessor : Loading config: /home/pinball/Documents/Robowar/config/config.yaml
2024-09-18 14:39:11,318 : INFO : ConfigProcessor : Loading config: /home/pinball/Documents/Robowar/config/switches.yaml
2024-09-18 14:39:11,320 : INFO : ConfigProcessor : Loading config: /home/pinball/Documents/Robowar/config/coils.yaml
2024-09-18 14:39:11,321 : INFO : ConfigProcessor : Loading config: /home/pinball/Documents/Robowar/config/displays.yaml
2024-09-18 14:39:11,324 : INFO : ConfigProcessor : Loading config: /home/pinball/Documents/Robowar/config/lamps.yaml
2024-09-18 14:39:11,326 : INFO : ConfigProcessor : Config file cache created: /tmp/ce9187e7529af622f3b6e40d00abcf94.mpf_cache
2024-09-18 14:39:11,376 : INFO : ConfigProcessor : Loading config from cache: /tmp/8973a6dc4f28e221c9999ded5d94a924.mpf_cache
2024-09-18 14:39:11,376 : INFO : ConfigProcessor : Loading config from cache: /tmp/630a60b96e3d9b5031cbb1e5fa5514c1.mpf_cache
2024-09-18 14:39:11,377 : INFO : Machine : Mission Pinball Framework Core Engine v0.80.0.dev4
2024-09-18 14:39:11,377 : INFO : Machine : Command line arguments: {'no_load_cache': False, 'create_config_cache': True, 'bcp': False, 'configfile': ['config.yaml'], 'force_assets_load': False, 'platform_integration_test': False, 'jsonlogging': False, 'logfile': 'logs/2024-09-18-14-39-11-mpf-mpf.log', 'pause': False, 'production': False, 'text_ui': True, 'loglevel': 15, 'consoleloglevel': 20, 'force_platform': None, 'syslog_address': None, 'mc_file_name': None, 'no_sound': False, 'full_logfile_path': '/home/pinball/Documents/Robowar/logs/2024-09-18-14-39-11-mpf-mpf.log'}
2024-09-18 14:39:11,377 : INFO : Machine : MPF path: /home/pinball/mpfenv/lib/python3.12/site-packages/mpf
2024-09-18 14:39:11,377 : INFO : Machine : Machine path: /home/pinball/Documents/Robowar
2024-09-18 14:39:11,377 : INFO : Machine : Platform: linux
2024-09-18 14:39:11,377 : INFO : Machine : Python executable location: /home/pinball/mpfenv/bin/python3
2024-09-18 14:39:11,377 : INFO : Machine : Python version: 3.12.3 (64-bit)
2024-09-18 14:39:11,378 : INFO : Machine : Initializing MPF...
2024-09-18 14:39:11,431 : INFO : lisy : Connecting to /dev/ttyACM0 at 115200bps
2024-09-18 14:39:11,539 : INFO : EventManager : Event: ======'machine_var_lisy_hardware'====== Args={'value': 'LISY80', 'prev_value': None, 'change': True}
2024-09-18 14:39:11,539 : INFO : EventManager : Event: ======'machine_var_lisy_version'====== Args={'value': '5.26 ', 'prev_value': None, 'change': True}
2024-09-18 14:39:11,539 : INFO : EventManager : Event: ======'machine_var_lisy_api_version'====== Args={'value': b'0.09', 'prev_value': None, 'change': True}
2024-09-18 14:39:11,629 : INFO : EventManager : Event: ======'machine_var_credits_string'====== Args={'value': 'FREE PLAY', 'prev_value': None, 'change': True}
2024-09-18 14:39:11,648 : INFO : EventManager : Event: ======'machine_var_master_volume'====== Args={'value': 0.5, 'prev_value': None, 'change': True}
2024-09-18 14:39:11,648 : INFO : EventManager : Event: ======'machine_var_mpf_version'====== Args={'value': 'Mission Pinball Framework v0.80.0.dev4', 'prev_value': None, 'change': True}
2024-09-18 14:39:11,648 : INFO : EventManager : Event: ======'machine_var_mpf_extended_version'====== Args={'value': 'Mission Pinball Framework v0.80.0.dev4, Config version:6, Show version: 6, BCP version:1.1', 'prev_value': None, 'change': True}
2024-09-18 14:39:11,649 : INFO : EventManager : Event: ======'machine_var_python_version'====== Args={'value': '3.12.3', 'prev_value': None, 'change': True}
2024-09-18 14:39:11,650 : INFO : EventManager : Event: ======'machine_var_platform'====== Args={'value': 'Linux-6.8.0-38-generic-x86_64-with-glibc2.39', 'prev_value': None, 'change': True}
2024-09-18 14:39:11,650 : INFO : EventManager : Event: ======'machine_var_platform_system'====== Args={'value': 'Linux', 'prev_value': None, 'change': True}
2024-09-18 14:39:11,650 : INFO : EventManager : Event: ======'machine_var_platform_release'====== Args={'value': '6.8.0-38-generic', 'prev_value': None, 'change': True}
2024-09-18 14:39:11,650 : INFO : EventManager : Event: ======'machine_var_platform_version'====== Args={'value': '#38-Ubuntu SMP PREEMPT_DYNAMIC Fri Jun  7 15:25:01 UTC 2024', 'prev_value': None, 'change': True}
2024-09-18 14:39:11,650 : INFO : EventManager : Event: ======'machine_var_platform_machine'====== Args={'value': 'x86_64', 'prev_value': None, 'change': True}
2024-09-18 14:39:11,651 : INFO : EventManager : Event: ======'machine_var_log_file_path'====== Args={'value': '/home/pinball/Documents/Robowar/logs/2024-09-18-14-39-11-mpf-mpf.log', 'prev_value': None, 'change': True}
2024-09-18 14:39:11,651 : INFO : EventManager : Event: ======'init_phase_1'====== Args={}
2024-09-18 14:39:11,664 : WARNING : segment_display.upper_display : Segment display update_method will default to 'replace' in a future MPF release. You have no config value specified and are currently getting 'stack' for backwards compatibility. To avoid a breaking change, please set 'update_method: "stack"' in your segment display config.
2024-09-18 14:39:11,664 : WARNING : segment_display.lower_display : Segment display update_method will default to 'replace' in a future MPF release. You have no config value specified and are currently getting 'stack' for backwards compatibility. To avoid a breaking change, please set 'update_method: "stack"' in your segment display config.
2024-09-18 14:39:11,677 : INFO : EventManager : Event: ======'init_phase_2'====== Args={}
2024-09-18 14:39:11,677 : INFO : SwitchController : Found active switch: ('40', <mpf.platforms.lisy.lisy.LisyHardwarePlatform object at 0x7aa43c498dd0>) <switch.s_1_top_target>
2024-09-18 14:39:11,677 : INFO : SwitchController : Found active switch: ('41', <mpf.platforms.lisy.lisy.LisyHardwarePlatform object at 0x7aa43c498dd0>) <switch.s_1_right_target>
2024-09-18 14:39:11,677 : INFO : SwitchController : Found active switch: ('42', <mpf.platforms.lisy.lisy.LisyHardwarePlatform object at 0x7aa43c498dd0>) <switch.s_1_center_target>
2024-09-18 14:39:11,677 : INFO : SwitchController : Found active switch: ('43', <mpf.platforms.lisy.lisy.LisyHardwarePlatform object at 0x7aa43c498dd0>) <switch.s_1_left_target>
2024-09-18 14:39:11,677 : INFO : SwitchController : Found active switch: ('50', <mpf.platforms.lisy.lisy.LisyHardwarePlatform object at 0x7aa43c498dd0>) <switch.s_2_top_target>
2024-09-18 14:39:11,677 : INFO : SwitchController : Found active switch: ('51', <mpf.platforms.lisy.lisy.LisyHardwarePlatform object at 0x7aa43c498dd0>) <switch.s_2_right_target>
2024-09-18 14:39:11,677 : INFO : SwitchController : Found active switch: ('52', <mpf.platforms.lisy.lisy.LisyHardwarePlatform object at 0x7aa43c498dd0>) <switch.s_2_center_target>
2024-09-18 14:39:11,677 : INFO : SwitchController : Found active switch: ('60', <mpf.platforms.lisy.lisy.LisyHardwarePlatform object at 0x7aa43c498dd0>) <switch.s_3_top_target>
2024-09-18 14:39:11,677 : INFO : SwitchController : Found active switch: ('61', <mpf.platforms.lisy.lisy.LisyHardwarePlatform object at 0x7aa43c498dd0>) <switch.s_3_right_target>
2024-09-18 14:39:11,677 : INFO : SwitchController : Found active switch: ('66', <mpf.platforms.lisy.lisy.LisyHardwarePlatform object at 0x7aa43c498dd0>) <switch.s_outhole>
2024-09-18 14:39:11,677 : INFO : SwitchController : Found active switch: ('70', <mpf.platforms.lisy.lisy.LisyHardwarePlatform object at 0x7aa43c498dd0>) <switch.s_4_top_grop_target>
2024-09-18 14:39:11,677 : INFO : SwitchController : Found active switch: ('73', <mpf.platforms.lisy.lisy.LisyHardwarePlatform object at 0x7aa43c498dd0>) <switch.s_bottom_bumper>
2024-09-18 14:39:11,679 : INFO : ball_device.bd_plung : BCH: Initial count: 0
2024-09-18 14:39:11,679 : INFO : ball_device.bd_plung : State: idle
2024-09-18 14:39:11,679 : INFO : ball_device.bd_drain : BCH: Initial count: 1
2024-09-18 14:39:11,679 : INFO : ball_device.bd_drain : State: idle
2024-09-18 14:39:11,684 : INFO : EventManager : Event: ======'init_phase_3'====== Args={}
2024-09-18 14:39:11,686 : INFO : EventManager : Event: ======'init_phase_4'====== Args={}
2024-09-18 14:39:11,686 : INFO : BallController : Initial balls found: 1
2024-09-18 14:39:11,686 : INFO : EventManager : Event: ======'machine_var_audits_events_game_ended'====== Args={'value': 0, 'prev_value': None, 'change': True}
2024-09-18 14:39:11,687 : INFO : EventManager : Event: ======'machine_var_audits_events_game_started'====== Args={'value': 19, 'prev_value': None, 'change': True}
2024-09-18 14:39:11,687 : INFO : EventManager : Event: ======'machine_var_audits_missing_switches_s_1_top_rollover'====== Args={'value': 19, 'prev_value': None, 'change': True}
2024-09-18 14:39:11,687 : INFO : EventManager : Event: ======'machine_var_audits_missing_switches_s_2_center_target'====== Args={'value': 19, 'prev_value': None, 'change': True}
2024-09-18 14:39:11,687 : INFO : EventManager : Event: ======'machine_var_audits_missing_switches_s_2_top_rollover'====== Args={'value': 19, 'prev_value': None, 'change': True}
2024-09-18 14:39:11,687 : INFO : EventManager : Event: ======'machine_var_audits_missing_switches_s_2_top_target'====== Args={'value': 19, 'prev_value': None, 'change': True}
2024-09-18 14:39:11,687 : INFO : EventManager : Event: ======'machine_var_audits_missing_switches_s_3_top_rollover'====== Args={'value': 19, 'prev_value': None, 'change': True}
2024-09-18 14:39:11,687 : INFO : EventManager : Event: ======'machine_var_audits_missing_switches_s_3_top_target'====== Args={'value': 19, 'prev_value': None, 'change': True}
2024-09-18 14:39:11,687 : INFO : EventManager : Event: ======'machine_var_audits_missing_switches_s_4_top_grop_target'====== Args={'value': 19, 'prev_value': None, 'change': True}
2024-09-18 14:39:11,687 : INFO : EventManager : Event: ======'machine_var_audits_missing_switches_s_center_coin'====== Args={'value': 19, 'prev_value': None, 'change': True}
2024-09-18 14:39:11,687 : INFO : EventManager : Event: ======'machine_var_audits_missing_switches_s_hole'====== Args={'value': 19, 'prev_value': None, 'change': True}
2024-09-18 14:39:11,687 : INFO : EventManager : Event: ======'machine_var_audits_missing_switches_s_left_adv'====== Args={'value': 19, 'prev_value': None, 'change': True}
2024-09-18 14:39:11,687 : INFO : EventManager : Event: ======'machine_var_audits_missing_switches_s_left_coin'====== Args={'value': 19, 'prev_value': None, 'change': True}
2024-09-18 14:39:11,687 : INFO : EventManager : Event: ======'machine_var_audits_missing_switches_s_left_out_rollover'====== Args={'value': 19, 'prev_value': None, 'change': True}
2024-09-18 14:39:11,687 : INFO : EventManager : Event: ======'machine_var_audits_missing_switches_s_left_return_rollover'====== Args={'value': 19, 'prev_value': None, 'change': True}
2024-09-18 14:39:11,687 : INFO : EventManager : Event: ======'machine_var_audits_missing_switches_s_left_spot_target'====== Args={'value': 19, 'prev_value': None, 'change': True}
2024-09-18 14:39:11,687 : INFO : EventManager : Event: ======'machine_var_audits_missing_switches_s_play_test_play'====== Args={'value': 19, 'prev_value': None, 'change': True}
2024-09-18 14:39:11,688 : INFO : EventManager : Event: ======'machine_var_audits_missing_switches_s_right_adv'====== Args={'value': 19, 'prev_value': None, 'change': True}
2024-09-18 14:39:11,688 : INFO : EventManager : Event: ======'machine_var_audits_missing_switches_s_right_coin'====== Args={'value': 19, 'prev_value': None, 'change': True}
2024-09-18 14:39:11,688 : INFO : EventManager : Event: ======'machine_var_audits_missing_switches_s_right_out_rollover'====== Args={'value': 19, 'prev_value': None, 'change': True}
2024-09-18 14:39:11,688 : INFO : EventManager : Event: ======'machine_var_audits_missing_switches_s_right_return_rollover'====== Args={'value': 19, 'prev_value': None, 'change': True}
2024-09-18 14:39:11,688 : INFO : EventManager : Event: ======'machine_var_audits_missing_switches_s_right_side_rollover'====== Args={'value': 19, 'prev_value': None, 'change': True}
2024-09-18 14:39:11,688 : INFO : EventManager : Event: ======'machine_var_audits_missing_switches_s_spinner'====== Args={'value': 19, 'prev_value': None, 'change': True}
2024-09-18 14:39:11,688 : INFO : EventManager : Event: ======'machine_var_audits_missing_switches_s_stargate_rollover'====== Args={'value': 19, 'prev_value': None, 'change': True}
2024-09-18 14:39:11,688 : INFO : EventManager : Event: ======'machine_var_audits_missing_switches_s_stargate_spot'====== Args={'value': 19, 'prev_value': None, 'change': True}
2024-09-18 14:39:11,688 : INFO : EventManager : Event: ======'machine_var_audits_missing_switches_s_throught'====== Args={'value': 5, 'prev_value': None, 'change': True}
2024-09-18 14:39:11,688 : INFO : EventManager : Event: ======'machine_var_audits_missing_switches_s_tilt'====== Args={'value': 19, 'prev_value': None, 'change': True}
2024-09-18 14:39:11,688 : INFO : EventManager : Event: ======'machine_var_audits_player_score'====== Args={'value': {'average': 0, 'top': [], 'total': 0}, 'prev_value': None, 'change': True}
2024-09-18 14:39:11,688 : INFO : EventManager : Event: ======'machine_var_audits_switches_s_1_center_target'====== Args={'value': 1, 'prev_value': None, 'change': True}
2024-09-18 14:39:11,688 : INFO : EventManager : Event: ======'machine_var_audits_switches_s_1_left_target'====== Args={'value': 67, 'prev_value': None, 'change': True}
2024-09-18 14:39:11,688 : INFO : EventManager : Event: ======'machine_var_audits_switches_s_1_right_target'====== Args={'value': 72, 'prev_value': None, 'change': True}
2024-09-18 14:39:11,689 : INFO : EventManager : Event: ======'machine_var_audits_switches_s_1_top_rollover'====== Args={'value': 0, 'prev_value': None, 'change': True}
2024-09-18 14:39:11,689 : INFO : EventManager : Event: ======'machine_var_audits_switches_s_1_top_target'====== Args={'value': 6, 'prev_value': None, 'change': True}
2024-09-18 14:39:11,689 : INFO : EventManager : Event: ======'machine_var_audits_switches_s_2_center_target'====== Args={'value': 0, 'prev_value': None, 'change': True}
2024-09-18 14:39:11,689 : INFO : EventManager : Event: ======'machine_var_audits_switches_s_2_right_target'====== Args={'value': 19, 'prev_value': None, 'change': True}
2024-09-18 14:39:11,689 : INFO : EventManager : Event: ======'machine_var_audits_switches_s_2_top_rollover'====== Args={'value': 0, 'prev_value': None, 'change': True}
2024-09-18 14:39:11,689 : INFO : EventManager : Event: ======'machine_var_audits_switches_s_2_top_target'====== Args={'value': 0, 'prev_value': None, 'change': True}
2024-09-18 14:39:11,689 : INFO : EventManager : Event: ======'machine_var_audits_switches_s_3_right_target'====== Args={'value': 11, 'prev_value': None, 'change': True}
2024-09-18 14:39:11,689 : INFO : EventManager : Event: ======'machine_var_audits_switches_s_3_top_rollover'====== Args={'value': 0, 'prev_value': None, 'change': True}
2024-09-18 14:39:11,689 : INFO : EventManager : Event: ======'machine_var_audits_switches_s_3_top_target'====== Args={'value': 0, 'prev_value': None, 'change': True}
2024-09-18 14:39:11,689 : INFO : EventManager : Event: ======'machine_var_audits_switches_s_4_top_grop_target'====== Args={'value': 0, 'prev_value': None, 'change': True}
2024-09-18 14:39:11,689 : INFO : EventManager : Event: ======'machine_var_audits_switches_s_4_top_rollover'====== Args={'value': 4, 'prev_value': None, 'change': True}
2024-09-18 14:39:11,690 : INFO : EventManager : Event: ======'machine_var_audits_switches_s_bottom_bumper'====== Args={'value': 5, 'prev_value': None, 'change': True}
2024-09-18 14:39:11,690 : INFO : EventManager : Event: ======'machine_var_audits_switches_s_center_coin'====== Args={'value': 0, 'prev_value': None, 'change': True}
2024-09-18 14:39:11,690 : INFO : EventManager : Event: ======'machine_var_audits_switches_s_hole'====== Args={'value': 0, 'prev_value': None, 'change': True}
2024-09-18 14:39:11,690 : INFO : EventManager : Event: ======'machine_var_audits_switches_s_kicking_2'====== Args={'value': 1, 'prev_value': None, 'change': True}
2024-09-18 14:39:11,690 : INFO : EventManager : Event: ======'machine_var_audits_switches_s_left_adv'====== Args={'value': 0, 'prev_value': None, 'change': True}
2024-09-18 14:39:11,690 : INFO : EventManager : Event: ======'machine_var_audits_switches_s_left_coin'====== Args={'value': 0, 'prev_value': None, 'change': True}
2024-09-18 14:39:11,690 : INFO : EventManager : Event: ======'machine_var_audits_switches_s_left_out_rollover'====== Args={'value': 0, 'prev_value': None, 'change': True}
2024-09-18 14:39:11,690 : INFO : EventManager : Event: ======'machine_var_audits_switches_s_left_return_rollover'====== Args={'value': 0, 'prev_value': None, 'change': True}
2024-09-18 14:39:11,690 : INFO : EventManager : Event: ======'machine_var_audits_switches_s_left_spot_target'====== Args={'value': 0, 'prev_value': None, 'change': True}
2024-09-18 14:39:11,690 : INFO : EventManager : Event: ======'machine_var_audits_switches_s_outhole'====== Args={'value': 9, 'prev_value': None, 'change': True}
2024-09-18 14:39:11,690 : INFO : EventManager : Event: ======'machine_var_audits_switches_s_play_test_play'====== Args={'value': 0, 'prev_value': None, 'change': True}
2024-09-18 14:39:11,691 : INFO : EventManager : Event: ======'machine_var_audits_switches_s_right_adv'====== Args={'value': 0, 'prev_value': None, 'change': True}
2024-09-18 14:39:11,691 : INFO : EventManager : Event: ======'machine_var_audits_switches_s_right_coin'====== Args={'value': 0, 'prev_value': None, 'change': True}
2024-09-18 14:39:11,691 : INFO : EventManager : Event: ======'machine_var_audits_switches_s_right_flipper'====== Args={'value': 15, 'prev_value': None, 'change': True}
2024-09-18 14:39:11,691 : INFO : EventManager : Event: ======'machine_var_audits_switches_s_right_out_rollover'====== Args={'value': 0, 'prev_value': None, 'change': True}
2024-09-18 14:39:11,691 : INFO : EventManager : Event: ======'machine_var_audits_switches_s_right_return_rollover'====== Args={'value': 0, 'prev_value': None, 'change': True}
2024-09-18 14:39:11,691 : INFO : EventManager : Event: ======'machine_var_audits_switches_s_right_side_rollover'====== Args={'value': 0, 'prev_value': None, 'change': True}
2024-09-18 14:39:11,691 : INFO : EventManager : Event: ======'machine_var_audits_switches_s_shooter_lane_rollover'====== Args={'value': 19, 'prev_value': None, 'change': True}
2024-09-18 14:39:11,691 : INFO : EventManager : Event: ======'machine_var_audits_switches_s_spinner'====== Args={'value': 0, 'prev_value': None, 'change': True}
2024-09-18 14:39:11,691 : INFO : EventManager : Event: ======'machine_var_audits_switches_s_stargate_rollover'====== Args={'value': 0, 'prev_value': None, 'change': True}
2024-09-18 14:39:11,691 : INFO : EventManager : Event: ======'machine_var_audits_switches_s_stargate_spot'====== Args={'value': 0, 'prev_value': None, 'change': True}
2024-09-18 14:39:11,691 : INFO : EventManager : Event: ======'machine_var_audits_switches_s_start'====== Args={'value': 30, 'prev_value': None, 'change': True}
2024-09-18 14:39:11,692 : INFO : EventManager : Event: ======'machine_var_audits_switches_s_throught'====== Args={'value': 7, 'prev_value': None, 'change': True}
2024-09-18 14:39:11,692 : INFO : EventManager : Event: ======'machine_var_audits_switches_s_tilt'====== Args={'value': 0, 'prev_value': None, 'change': True}
2024-09-18 14:39:11,692 : INFO : EventManager : Event: ======'machine_var_audits_switches_s_top_left_bumper'====== Args={'value': 1, 'prev_value': None, 'change': True}
2024-09-18 14:39:11,692 : INFO : EventManager : Event: ======'machine_var_audits_switches_s_top_right_bumper'====== Args={'value': 8, 'prev_value': None, 'change': True}
2024-09-18 14:39:11,692 : INFO : EventManager : Event: ======'machine_var_audits_switches_s_top_right_rollunder'====== Args={'value': 51, 'prev_value': None, 'change': True}
2024-09-18 14:39:11,693 : INFO : EventManager : Event: ======'init_phase_5'====== Args={}
2024-09-18 14:39:11,702 : INFO : EventManager : Event: ======'init_done'====== Args={}
2024-09-18 14:39:11,703 : INFO : EventManager : Event: ======'machine_reset_phase_1'====== Args={}
2024-09-18 14:39:11,703 : INFO : EventManager : Event: ======'machine_reset_phase_2'====== Args={}
2024-09-18 14:39:11,703 : INFO : EventManager : Event: ======'machine_reset_phase_3'====== Args={}
2024-09-18 14:39:11,703 : INFO : EventManager : Event: ======'reset_complete'====== Args={}
2024-09-18 14:39:11,703 : INFO : EventManager : Event: ======'mode_attract_will_start'====== Args={}
2024-09-18 14:39:11,704 : INFO : EventManager : Event: ======'mode_attract_starting'====== Args={}
2024-09-18 14:39:11,704 : INFO : Mode.attract : Started. Priority: 10
2024-09-18 14:39:11,704 : INFO : EventManager : Event: ======'modes_active_modes_changed'====== Args={}
2024-09-18 14:39:11,704 : INFO : EventManager : Event: ======'mode_attract_started'====== Args={}
2024-09-18 14:39:11,704 : INFO : EventManager : Event: ======'collecting_balls'====== Args={}
2024-09-18 14:39:11,704 : INFO : ball_device.bd_drain : Adding 1 ball(s) to the eject_queue with target <ball_device.bd_plung>.
2024-09-18 14:39:11,704 : INFO : EventManager : Event: ======'balldevice_balls_available'====== Args={}
2024-09-18 14:39:11,704 : INFO : Machine : Starting the main run loop.
2024-09-18 14:39:11,705 : INFO : ball_device.bd_drain : State: waiting_for_target_ready
2024-09-18 14:39:11,705 : INFO : EventManager : Event: ======'balldevice_bd_drain_ball_eject_attempt'====== Args={'balls': 1, 'target': <ball_device.bd_plung>, 'source': <ball_device.bd_drain>, 'mechanical_eject': False, 'num_attempts': 0}
2024-09-18 14:39:11,705 : INFO : ball_device.bd_drain : State: ejecting
2024-09-18 14:39:11,705 : INFO : ball_device.bd_drain : Ejecting ball to <ball_device.bd_plung>
2024-09-18 14:39:11,705 : INFO : EventManager : Event: ======'balldevice_bd_drain_ejecting_ball'====== Args={'balls': 1, 'target': <ball_device.bd_plung>, 'source': <ball_device.bd_drain>, 'mechanical_eject': False, 'num_attempts': 0}
2024-09-18 14:39:11,705 : INFO : ball_device.bd_drain : Wait for ball to leave device
2024-09-18 14:39:11,705 : INFO : coil.c_3 : Pulsing Driver for 30ms (1.0 pulse_power)
2024-09-18 14:39:11,760 : INFO : SwitchController : <<<<<<< 's_1_right_target' inactive >>>>>>>
2024-09-18 14:39:11,779 : INFO : SwitchController : <<<<<<< 's_1_right_target' active >>>>>>>
2024-09-18 14:39:14,398 : INFO : SwitchController : <<<<<<< 's_right_flipper' active >>>>>>>
2024-09-18 14:39:14,399 : INFO : SwitchController : <<<<<<< 's_1_right_target' inactive >>>>>>>
2024-09-18 14:39:14,434 : INFO : SwitchController : <<<<<<< 's_1_right_target' active >>>>>>>
2024-09-18 14:39:14,511 : INFO : SwitchController : <<<<<<< 's_right_flipper' inactive >>>>>>>
2024-09-18 14:39:14,809 : INFO : SwitchController : <<<<<<< 's_right_flipper' active >>>>>>>
2024-09-18 14:39:14,837 : INFO : SwitchController : <<<<<<< 's_1_left_target' inactive >>>>>>>
2024-09-18 14:39:14,837 : INFO : SwitchController : <<<<<<< 's_1_right_target' inactive >>>>>>>
2024-09-18 14:39:14,863 : INFO : SwitchController : <<<<<<< 's_1_right_target' active >>>>>>>
2024-09-18 14:39:14,863 : INFO : SwitchController : <<<<<<< 's_1_left_target' active >>>>>>>
2024-09-18 14:39:14,900 : INFO : SwitchController : <<<<<<< 's_right_flipper' inactive >>>>>>>
2024-09-18 14:39:14,956 : INFO : SwitchController : <<<<<<< 's_1_left_target' inactive >>>>>>>
2024-09-18 14:39:14,985 : INFO : SwitchController : <<<<<<< 's_1_left_target' active >>>>>>>
2024-09-18 14:39:21,706 : INFO : EventManager : Event: ======'balldevice_bd_drain_ball_eject_failed'====== Args={'target': <ball_device.bd_plung>, 'balls': 1, 'retry': True, 'num_attempts': 1}
2024-09-18 14:39:21,707 : INFO : ball_device.bd_drain : State: waiting_for_target_ready
2024-09-18 14:39:21,707 : INFO : EventManager : Event: ======'balldevice_bd_drain_ball_eject_attempt'====== Args={'balls': 1, 'target': <ball_device.bd_plung>, 'source': <ball_device.bd_drain>, 'mechanical_eject': False, 'num_attempts': 1}
2024-09-18 14:39:21,707 : INFO : ball_device.bd_drain : State: ejecting
2024-09-18 14:39:21,708 : INFO : ball_device.bd_drain : Ejecting ball to <ball_device.bd_plung>
2024-09-18 14:39:21,708 : INFO : EventManager : Event: ======'balldevice_bd_drain_ejecting_ball'====== Args={'balls': 1, 'target': <ball_device.bd_plung>, 'source': <ball_device.bd_drain>, 'mechanical_eject': False, 'num_attempts': 1}
2024-09-18 14:39:21,708 : INFO : ball_device.bd_drain : Wait for ball to leave device
2024-09-18 14:39:21,708 : INFO : coil.c_3 : Pulsing Driver for 30ms (1.0 pulse_power)
2024-09-18 14:39:24,658 : INFO : Machine : Shutting down...
2024-09-18 14:39:24,658 : INFO : EventManager : Event: ======'shutdown'====== Args={}
2024-09-18 14:39:24,764 : INFO : root : MPF run loop ended.
