2024-09-18 14:28:07,580 : INFO : root : Loading config.
2024-09-18 14:28:07,581 : INFO : YamlMultifileConfigLoader : Machine config file #1: config.yaml
2024-09-18 14:28:07,582 : INFO : ConfigProcessor : Loading config from cache: /tmp/ce9187e7529af622f3b6e40d00abcf94.mpf_cache
2024-09-18 14:28:07,611 : INFO : ConfigProcessor : Loading config from cache: /tmp/8973a6dc4f28e221c9999ded5d94a924.mpf_cache
2024-09-18 14:28:07,612 : INFO : ConfigProcessor : Loading config from cache: /tmp/630a60b96e3d9b5031cbb1e5fa5514c1.mpf_cache
2024-09-18 14:28:07,612 : INFO : Machine : Mission Pinball Framework Core Engine v0.80.0.dev4
2024-09-18 14:28:07,612 : INFO : Machine : Command line arguments: {'no_load_cache': False, 'create_config_cache': True, 'bcp': False, 'configfile': ['config.yaml'], 'force_assets_load': False, 'platform_integration_test': False, 'jsonlogging': False, 'logfile': 'logs/2024-09-18-14-28-07-mpf-mpf.log', 'pause': False, 'production': False, 'text_ui': True, 'loglevel': 15, 'consoleloglevel': 20, 'force_platform': None, 'syslog_address': None, 'mc_file_name': None, 'no_sound': False, 'full_logfile_path': '/home/pinball/Documents/Robowar/logs/2024-09-18-14-28-07-mpf-mpf.log'}
2024-09-18 14:28:07,612 : INFO : Machine : MPF path: /home/pinball/mpfenv/lib/python3.12/site-packages/mpf
2024-09-18 14:28:07,612 : INFO : Machine : Machine path: /home/pinball/Documents/Robowar
2024-09-18 14:28:07,612 : INFO : Machine : Platform: linux
2024-09-18 14:28:07,612 : INFO : Machine : Python executable location: /home/pinball/mpfenv/bin/python3
2024-09-18 14:28:07,612 : INFO : Machine : Python version: 3.12.3 (64-bit)
2024-09-18 14:28:07,613 : INFO : Machine : Initializing MPF...
2024-09-18 14:28:07,657 : INFO : lisy : Connecting to /dev/ttyACM0 at 115200bps
2024-09-18 14:28:08,263 : WARNING : lisy : Reset of LISY failed. Did not get a response in 500ms. Will retry.
2024-09-18 14:28:08,764 : WARNING : lisy : Reset of LISY failed. Did not get a response in 500ms. Will retry.
2024-09-18 14:28:09,266 : WARNING : lisy : Reset of LISY failed. Did not get a response in 500ms. Will retry.
2024-09-18 14:28:09,768 : WARNING : lisy : Reset of LISY failed. Did not get a response in 500ms. Will retry.
2024-09-18 14:28:10,268 : WARNING : lisy : Reset of LISY failed. Did not get a response in 500ms. Will retry.
2024-09-18 14:28:10,771 : WARNING : lisy : Reset of LISY failed. Did not get a response in 500ms. Will retry.
2024-09-18 14:28:11,273 : WARNING : lisy : Reset of LISY failed. Did not get a response in 500ms. Will retry.
2024-09-18 14:28:11,775 : WARNING : lisy : Reset of LISY failed. Did not get a response in 500ms. Will retry.
2024-09-18 14:28:12,277 : WARNING : lisy : Reset of LISY failed. Did not get a response in 500ms. Will retry.
2024-09-18 14:28:12,778 : WARNING : lisy : Reset of LISY failed. Did not get a response in 500ms. Will retry.
2024-09-18 14:28:13,279 : WARNING : lisy : Reset of LISY failed. Did not get a response in 500ms. Will retry.
2024-09-18 14:28:13,781 : WARNING : lisy : Reset of LISY failed. Did not get a response in 500ms. Will retry.
2024-09-18 14:28:14,283 : WARNING : lisy : Reset of LISY failed. Did not get a response in 500ms. Will retry.
2024-09-18 14:28:14,784 : WARNING : lisy : Reset of LISY failed. Did not get a response in 500ms. Will retry.
2024-09-18 14:28:15,286 : WARNING : lisy : Reset of LISY failed. Did not get a response in 500ms. Will retry.
2024-09-18 14:28:15,787 : WARNING : lisy : Reset of LISY failed. Did not get a response in 500ms. Will retry.
2024-09-18 14:28:16,289 : WARNING : lisy : Reset of LISY failed. Did not get a response in 500ms. Will retry.
2024-09-18 14:28:16,790 : WARNING : lisy : Reset of LISY failed. Did not get a response in 500ms. Will retry.
2024-09-18 14:28:17,292 : WARNING : lisy : Reset of LISY failed. Did not get a response in 500ms. Will retry.
2024-09-18 14:28:17,793 : WARNING : lisy : Reset of LISY failed. Did not get a response in 500ms. Will retry.
2024-09-18 14:28:18,295 : WARNING : lisy : Reset of LISY failed. Did not get a response in 500ms. Will retry.
2024-09-18 14:28:18,796 : WARNING : lisy : Reset of LISY failed. Did not get a response in 500ms. Will retry.
2024-09-18 14:28:19,296 : WARNING : lisy : Reset of LISY failed. Did not get a response in 500ms. Will retry.
2024-09-18 14:28:19,798 : WARNING : lisy : Reset of LISY failed. Did not get a response in 500ms. Will retry.
2024-09-18 14:28:20,298 : WARNING : lisy : Reset of LISY failed. Did not get a response in 500ms. Will retry.
2024-09-18 14:28:20,800 : WARNING : lisy : Reset of LISY failed. Did not get a response in 500ms. Will retry.
2024-09-18 14:28:21,301 : WARNING : lisy : Reset of LISY failed. Did not get a response in 500ms. Will retry.
2024-09-18 14:28:21,802 : WARNING : lisy : Reset of LISY failed. Did not get a response in 500ms. Will retry.
2024-09-18 14:28:22,303 : WARNING : lisy : Reset of LISY failed. Did not get a response in 500ms. Will retry.
2024-09-18 14:28:22,804 : WARNING : lisy : Reset of LISY failed. Did not get a response in 500ms. Will retry.
2024-09-18 14:28:23,305 : WARNING : lisy : Reset of LISY failed. Did not get a response in 500ms. Will retry.
2024-09-18 14:28:23,806 : WARNING : lisy : Reset of LISY failed. Did not get a response in 500ms. Will retry.
2024-09-18 14:28:24,307 : WARNING : lisy : Reset of LISY failed. Did not get a response in 500ms. Will retry.
2024-09-18 14:28:24,808 : WARNING : lisy : Reset of LISY failed. Did not get a response in 500ms. Will retry.
2024-09-18 14:28:25,309 : WARNING : lisy : Reset of LISY failed. Did not get a response in 500ms. Will retry.
2024-09-18 14:28:25,811 : WARNING : lisy : Reset of LISY failed. Did not get a response in 500ms. Will retry.
2024-09-18 14:28:26,313 : WARNING : lisy : Reset of LISY failed. Did not get a response in 500ms. Will retry.
2024-09-18 14:28:26,814 : WARNING : lisy : Reset of LISY failed. Did not get a response in 500ms. Will retry.
2024-09-18 14:28:27,315 : WARNING : lisy : Reset of LISY failed. Did not get a response in 500ms. Will retry.
2024-09-18 14:28:27,816 : WARNING : lisy : Reset of LISY failed. Did not get a response in 500ms. Will retry.
2024-09-18 14:28:28,318 : WARNING : lisy : Reset of LISY failed. Did not get a response in 500ms. Will retry.
2024-09-18 14:28:28,819 : WARNING : lisy : Reset of LISY failed. Did not get a response in 500ms. Will retry.
2024-09-18 14:28:29,320 : WARNING : lisy : Reset of LISY failed. Did not get a response in 500ms. Will retry.
2024-09-18 14:28:29,822 : WARNING : lisy : Reset of LISY failed. Did not get a response in 500ms. Will retry.
2024-09-18 14:28:28,519 : WARNING : lisy : Reset of LISY failed. Did not get a response in 500ms. Will retry.
2024-09-18 14:28:29,020 : WARNING : lisy : Reset of LISY failed. Did not get a response in 500ms. Will retry.
2024-09-18 14:28:29,521 : WARNING : lisy : Reset of LISY failed. Did not get a response in 500ms. Will retry.
2024-09-18 14:28:30,023 : WARNING : lisy : Reset of LISY failed. Did not get a response in 500ms. Will retry.
2024-09-18 14:28:30,524 : WARNING : lisy : Reset of LISY failed. Did not get a response in 500ms. Will retry.
2024-09-18 14:28:31,025 : WARNING : lisy : Reset of LISY failed. Did not get a response in 500ms. Will retry.
2024-09-18 14:28:31,526 : WARNING : lisy : Reset of LISY failed. Did not get a response in 500ms. Will retry.
2024-09-18 14:28:32,027 : WARNING : lisy : Reset of LISY failed. Did not get a response in 500ms. Will retry.
2024-09-18 14:28:32,528 : WARNING : lisy : Reset of LISY failed. Did not get a response in 500ms. Will retry.
2024-09-18 14:28:33,030 : WARNING : lisy : Reset of LISY failed. Did not get a response in 500ms. Will retry.
2024-09-18 14:28:33,530 : WARNING : lisy : Reset of LISY failed. Did not get a response in 500ms. Will retry.
2024-09-18 14:28:34,032 : WARNING : lisy : Reset of LISY failed. Did not get a response in 500ms. Will retry.
2024-09-18 14:28:34,533 : WARNING : lisy : Reset of LISY failed. Did not get a response in 500ms. Will retry.
2024-09-18 14:28:35,035 : WARNING : lisy : Reset of LISY failed. Did not get a response in 500ms. Will retry.
2024-09-18 14:28:35,536 : WARNING : lisy : Reset of LISY failed. Did not get a response in 500ms. Will retry.
2024-09-18 14:28:36,037 : WARNING : lisy : Reset of LISY failed. Did not get a response in 500ms. Will retry.
2024-09-18 14:28:36,538 : WARNING : lisy : Reset of LISY failed. Did not get a response in 500ms. Will retry.
2024-09-18 14:28:37,039 : WARNING : lisy : Reset of LISY failed. Did not get a response in 500ms. Will retry.
2024-09-18 14:28:37,541 : WARNING : lisy : Reset of LISY failed. Did not get a response in 500ms. Will retry.
2024-09-18 14:28:38,043 : WARNING : lisy : Reset of LISY failed. Did not get a response in 500ms. Will retry.
2024-09-18 14:28:38,544 : WARNING : lisy : Reset of LISY failed. Did not get a response in 500ms. Will retry.
2024-09-18 14:28:39,046 : WARNING : lisy : Reset of LISY failed. Did not get a response in 500ms. Will retry.
2024-09-18 14:28:39,547 : WARNING : lisy : Reset of LISY failed. Did not get a response in 500ms. Will retry.
2024-09-18 14:28:40,049 : WARNING : lisy : Reset of LISY failed. Did not get a response in 500ms. Will retry.
2024-09-18 14:28:40,550 : WARNING : lisy : Reset of LISY failed. Did not get a response in 500ms. Will retry.
2024-09-18 14:28:41,051 : WARNING : lisy : Reset of LISY failed. Did not get a response in 500ms. Will retry.
2024-09-18 14:28:41,552 : WARNING : lisy : Reset of LISY failed. Did not get a response in 500ms. Will retry.
2024-09-18 14:28:42,054 : WARNING : lisy : Reset of LISY failed. Did not get a response in 500ms. Will retry.
2024-09-18 14:28:42,555 : WARNING : lisy : Reset of LISY failed. Did not get a response in 500ms. Will retry.
2024-09-18 14:28:43,056 : WARNING : lisy : Reset of LISY failed. Did not get a response in 500ms. Will retry.
2024-09-18 14:28:43,535 : INFO : Machine : Shutting down...
2024-09-18 14:28:43,535 : INFO : EventManager : Event: ======'shutdown'====== Args={}
2024-09-18 14:28:43,536 : ERROR : root : device reports readiness to read but returned no data (device disconnected or multiple access on port?)
Traceback (most recent call last):
  File "/home/pinball/mpfenv/lib/python3.12/site-packages/mpf/commands/game.py", line 240, in __init__
    self.machine.run()
  File "/home/pinball/mpfenv/lib/python3.12/site-packages/mpf/core/machine.py", line 685, in run
    if not self.initialize_mpf():
           ^^^^^^^^^^^^^^^^^^^^^
  File "/home/pinball/mpfenv/lib/python3.12/site-packages/mpf/core/machine.py", line 673, in initialize_mpf
    self._crash_shutdown()
  File "/home/pinball/mpfenv/lib/python3.12/site-packages/mpf/core/machine.py", line 734, in _crash_shutdown
    self._do_stop()
  File "/home/pinball/mpfenv/lib/python3.12/site-packages/mpf/core/machine.py", line 725, in _do_stop
    self.shutdown()
  File "/home/pinball/mpfenv/lib/python3.12/site-packages/mpf/core/machine.py", line 755, in shutdown
    self._platform_stop()
  File "/home/pinball/mpfenv/lib/python3.12/site-packages/mpf/core/machine.py", line 805, in _platform_stop
    hardware_platform.stop()
  File "/home/pinball/mpfenv/lib/python3.12/site-packages/mpf/platforms/lisy/lisy.py", line 565, in stop
    self.machine.clock.loop.run_until_complete(self._writer.wait_closed())
  File "/usr/lib/python3.12/asyncio/base_events.py", line 687, in run_until_complete
    return future.result()
           ^^^^^^^^^^^^^^^
  File "/usr/lib/python3.12/asyncio/streams.py", line 364, in wait_closed
    await self._protocol._get_close_waiter(self)
  File "/home/pinball/mpfenv/lib/python3.12/site-packages/serial_asyncio/__init__.py", line 115, in _read_ready
    data = self._serial.read(self._max_read_size)
           ^^^^^^^^^^^^^^^^^^^^^^^^^^^^^^^^^^^^^^
  File "/home/pinball/mpfenv/lib/python3.12/site-packages/serial/serialposix.py", line 595, in read
    raise SerialException(
serial.serialutil.SerialException: device reports readiness to read but returned no data (device disconnected or multiple access on port?)
