2024-09-18 14:10:10,478 : INFO : root : Loading config.
2024-09-18 14:10:10,480 : INFO : YamlMultifileConfigLoader : Machine config file #1: config.yaml
2024-09-18 14:10:10,480 : INFO : ConfigProcessor : Loading config from cache: /tmp/ce9187e7529af622f3b6e40d00abcf94.mpf_cache
2024-09-18 14:10:10,516 : INFO : ConfigProcessor : Loading config from cache: /tmp/8973a6dc4f28e221c9999ded5d94a924.mpf_cache
2024-09-18 14:10:10,516 : INFO : ConfigProcessor : Loading config from cache: /tmp/630a60b96e3d9b5031cbb1e5fa5514c1.mpf_cache
2024-09-18 14:10:10,516 : INFO : Machine : Mission Pinball Framework Core Engine v0.80.0.dev4
2024-09-18 14:10:10,516 : INFO : Machine : Command line arguments: {'no_load_cache': False, 'create_config_cache': True, 'bcp': False, 'configfile': ['config.yaml'], 'force_assets_load': False, 'platform_integration_test': False, 'jsonlogging': False, 'logfile': 'logs/2024-09-18-14-10-10-mpf-mpf.log', 'pause': False, 'production': False, 'text_ui': True, 'loglevel': 15, 'consoleloglevel': 20, 'force_platform': None, 'syslog_address': None, 'mc_file_name': None, 'no_sound': False, 'full_logfile_path': '/home/pinball/Documents/Robowar/logs/2024-09-18-14-10-10-mpf-mpf.log'}
2024-09-18 14:10:10,517 : INFO : Machine : MPF path: /home/pinball/mpfenv/lib/python3.12/site-packages/mpf
2024-09-18 14:10:10,517 : INFO : Machine : Machine path: /home/pinball/Documents/Robowar
2024-09-18 14:10:10,517 : INFO : Machine : Platform: linux
2024-09-18 14:10:10,517 : INFO : Machine : Python executable location: /home/pinball/mpfenv/bin/python3
2024-09-18 14:10:10,517 : INFO : Machine : Python version: 3.12.3 (64-bit)
2024-09-18 14:10:10,517 : INFO : Machine : Initializing MPF...
2024-09-18 14:10:10,571 : INFO : lisy : Connecting to /dev/ttyACM0 at 115200bps
2024-09-18 14:10:10,680 : INFO : EventManager : Event: ======'machine_var_lisy_hardware'====== Args={'value': 'LISY80', 'prev_value': None, 'change': True}
2024-09-18 14:10:10,680 : INFO : EventManager : Event: ======'machine_var_lisy_version'====== Args={'value': '5.26 ', 'prev_value': None, 'change': True}
2024-09-18 14:10:10,681 : INFO : EventManager : Event: ======'machine_var_lisy_api_version'====== Args={'value': b'0.09', 'prev_value': None, 'change': True}
2024-09-18 14:10:10,745 : INFO : EventManager : Event: ======'machine_var_credits_string'====== Args={'value': 'FREE PLAY', 'prev_value': None, 'change': True}
2024-09-18 14:10:10,754 : INFO : EventManager : Event: ======'machine_var_master_volume'====== Args={'value': 0.5, 'prev_value': None, 'change': True}
2024-09-18 14:10:10,754 : INFO : EventManager : Event: ======'machine_var_mpf_version'====== Args={'value': 'Mission Pinball Framework v0.80.0.dev4', 'prev_value': None, 'change': True}
2024-09-18 14:10:10,754 : INFO : EventManager : Event: ======'machine_var_mpf_extended_version'====== Args={'value': 'Mission Pinball Framework v0.80.0.dev4, Config version:6, Show version: 6, BCP version:1.1', 'prev_value': None, 'change': True}
2024-09-18 14:10:10,754 : INFO : EventManager : Event: ======'machine_var_python_version'====== Args={'value': '3.12.3', 'prev_value': None, 'change': True}
2024-09-18 14:10:10,756 : INFO : EventManager : Event: ======'machine_var_platform'====== Args={'value': 'Linux-6.8.0-38-generic-x86_64-with-glibc2.39', 'prev_value': None, 'change': True}
2024-09-18 14:10:10,756 : INFO : EventManager : Event: ======'machine_var_platform_system'====== Args={'value': 'Linux', 'prev_value': None, 'change': True}
2024-09-18 14:10:10,756 : INFO : EventManager : Event: ======'machine_var_platform_release'====== Args={'value': '6.8.0-38-generic', 'prev_value': None, 'change': True}
2024-09-18 14:10:10,756 : INFO : EventManager : Event: ======'machine_var_platform_version'====== Args={'value': '#38-Ubuntu SMP PREEMPT_DYNAMIC Fri Jun  7 15:25:01 UTC 2024', 'prev_value': None, 'change': True}
2024-09-18 14:10:10,756 : INFO : EventManager : Event: ======'machine_var_platform_machine'====== Args={'value': 'x86_64', 'prev_value': None, 'change': True}
2024-09-18 14:10:10,756 : INFO : EventManager : Event: ======'machine_var_log_file_path'====== Args={'value': '/home/pinball/Documents/Robowar/logs/2024-09-18-14-10-10-mpf-mpf.log', 'prev_value': None, 'change': True}
2024-09-18 14:10:10,756 : INFO : EventManager : Event: ======'init_phase_1'====== Args={}
2024-09-18 14:10:10,767 : WARNING : segment_display.upper_display : Segment display update_method will default to 'replace' in a future MPF release. You have no config value specified and are currently getting 'stack' for backwards compatibility. To avoid a breaking change, please set 'update_method: "stack"' in your segment display config.
2024-09-18 14:10:10,768 : WARNING : segment_display.lower_display : Segment display update_method will default to 'replace' in a future MPF release. You have no config value specified and are currently getting 'stack' for backwards compatibility. To avoid a breaking change, please set 'update_method: "stack"' in your segment display config.
2024-09-18 14:10:10,780 : INFO : EventManager : Event: ======'init_phase_2'====== Args={}
2024-09-18 14:10:10,781 : INFO : SwitchController : Found active switch: ('40', <mpf.platforms.lisy.lisy.LisyHardwarePlatform object at 0x74b853f88b90>) <switch.s_1_top_target>
2024-09-18 14:10:10,781 : INFO : SwitchController : Found active switch: ('41', <mpf.platforms.lisy.lisy.LisyHardwarePlatform object at 0x74b853f88b90>) <switch.s_1_right_target>
2024-09-18 14:10:10,781 : INFO : SwitchController : Found active switch: ('42', <mpf.platforms.lisy.lisy.LisyHardwarePlatform object at 0x74b853f88b90>) <switch.s_1_center_target>
2024-09-18 14:10:10,781 : INFO : SwitchController : Found active switch: ('43', <mpf.platforms.lisy.lisy.LisyHardwarePlatform object at 0x74b853f88b90>) <switch.s_1_left_target>
2024-09-18 14:10:10,781 : INFO : SwitchController : Found active switch: ('50', <mpf.platforms.lisy.lisy.LisyHardwarePlatform object at 0x74b853f88b90>) <switch.s_2_top_target>
2024-09-18 14:10:10,781 : INFO : SwitchController : Found active switch: ('51', <mpf.platforms.lisy.lisy.LisyHardwarePlatform object at 0x74b853f88b90>) <switch.s_2_right_target>
2024-09-18 14:10:10,781 : INFO : SwitchController : Found active switch: ('52', <mpf.platforms.lisy.lisy.LisyHardwarePlatform object at 0x74b853f88b90>) <switch.s_2_center_target>
2024-09-18 14:10:10,781 : INFO : SwitchController : Found active switch: ('56', <mpf.platforms.lisy.lisy.LisyHardwarePlatform object at 0x74b853f88b90>) <switch.s_throught>
2024-09-18 14:10:10,781 : INFO : SwitchController : Found active switch: ('60', <mpf.platforms.lisy.lisy.LisyHardwarePlatform object at 0x74b853f88b90>) <switch.s_3_top_target>
2024-09-18 14:10:10,781 : INFO : SwitchController : Found active switch: ('61', <mpf.platforms.lisy.lisy.LisyHardwarePlatform object at 0x74b853f88b90>) <switch.s_3_right_target>
2024-09-18 14:10:10,781 : INFO : SwitchController : Found active switch: ('70', <mpf.platforms.lisy.lisy.LisyHardwarePlatform object at 0x74b853f88b90>) <switch.s_4_top_grop_target>
2024-09-18 14:10:10,781 : INFO : SwitchController : Found active switch: ('73', <mpf.platforms.lisy.lisy.LisyHardwarePlatform object at 0x74b853f88b90>) <switch.s_bottom_bumper>
2024-09-18 14:10:10,782 : INFO : ball_device.bd_drain : BCH: Initial count: 1
2024-09-18 14:10:10,782 : INFO : ball_device.bd_drain : State: idle
2024-09-18 14:10:10,788 : INFO : EventManager : Event: ======'init_phase_3'====== Args={}
2024-09-18 14:10:10,789 : INFO : EventManager : Event: ======'init_phase_4'====== Args={}
2024-09-18 14:10:10,789 : INFO : BallController : Initial balls found: 1
2024-09-18 14:10:10,792 : INFO : EventManager : Event: ======'machine_var_audits_events_game_ended'====== Args={'value': 0, 'prev_value': None, 'change': True}
2024-09-18 14:10:10,792 : INFO : EventManager : Event: ======'machine_var_audits_events_game_started'====== Args={'value': 7, 'prev_value': None, 'change': True}
2024-09-18 14:10:10,792 : INFO : EventManager : Event: ======'machine_var_audits_missing_switches_s_1_center_target'====== Args={'value': 7, 'prev_value': None, 'change': True}
2024-09-18 14:10:10,792 : INFO : EventManager : Event: ======'machine_var_audits_missing_switches_s_1_left_target'====== Args={'value': 2, 'prev_value': None, 'change': True}
2024-09-18 14:10:10,792 : INFO : EventManager : Event: ======'machine_var_audits_missing_switches_s_1_top_rollover'====== Args={'value': 7, 'prev_value': None, 'change': True}
2024-09-18 14:10:10,792 : INFO : EventManager : Event: ======'machine_var_audits_missing_switches_s_1_top_target'====== Args={'value': 7, 'prev_value': None, 'change': True}
2024-09-18 14:10:10,792 : INFO : EventManager : Event: ======'machine_var_audits_missing_switches_s_2_center_target'====== Args={'value': 7, 'prev_value': None, 'change': True}
2024-09-18 14:10:10,792 : INFO : EventManager : Event: ======'machine_var_audits_missing_switches_s_2_right_target'====== Args={'value': 1, 'prev_value': None, 'change': True}
2024-09-18 14:10:10,792 : INFO : EventManager : Event: ======'machine_var_audits_missing_switches_s_2_top_rollover'====== Args={'value': 7, 'prev_value': None, 'change': True}
2024-09-18 14:10:10,793 : INFO : EventManager : Event: ======'machine_var_audits_missing_switches_s_2_top_target'====== Args={'value': 7, 'prev_value': None, 'change': True}
2024-09-18 14:10:10,793 : INFO : EventManager : Event: ======'machine_var_audits_missing_switches_s_3_right_target'====== Args={'value': 3, 'prev_value': None, 'change': True}
2024-09-18 14:10:10,793 : INFO : EventManager : Event: ======'machine_var_audits_missing_switches_s_3_top_rollover'====== Args={'value': 7, 'prev_value': None, 'change': True}
2024-09-18 14:10:10,793 : INFO : EventManager : Event: ======'machine_var_audits_missing_switches_s_3_top_target'====== Args={'value': 7, 'prev_value': None, 'change': True}
2024-09-18 14:10:10,793 : INFO : EventManager : Event: ======'machine_var_audits_missing_switches_s_4_top_grop_target'====== Args={'value': 7, 'prev_value': None, 'change': True}
2024-09-18 14:10:10,793 : INFO : EventManager : Event: ======'machine_var_audits_missing_switches_s_4_top_rollover'====== Args={'value': 7, 'prev_value': None, 'change': True}
2024-09-18 14:10:10,793 : INFO : EventManager : Event: ======'machine_var_audits_missing_switches_s_bottom_bumper'====== Args={'value': 7, 'prev_value': None, 'change': True}
2024-09-18 14:10:10,793 : INFO : EventManager : Event: ======'machine_var_audits_missing_switches_s_center_coin'====== Args={'value': 7, 'prev_value': None, 'change': True}
2024-09-18 14:10:10,793 : INFO : EventManager : Event: ======'machine_var_audits_missing_switches_s_hole'====== Args={'value': 7, 'prev_value': None, 'change': True}
2024-09-18 14:10:10,793 : INFO : EventManager : Event: ======'machine_var_audits_missing_switches_s_kicking_2'====== Args={'value': 7, 'prev_value': None, 'change': True}
2024-09-18 14:10:10,793 : INFO : EventManager : Event: ======'machine_var_audits_missing_switches_s_left_adv'====== Args={'value': 7, 'prev_value': None, 'change': True}
2024-09-18 14:10:10,793 : INFO : EventManager : Event: ======'machine_var_audits_missing_switches_s_left_coin'====== Args={'value': 7, 'prev_value': None, 'change': True}
2024-09-18 14:10:10,793 : INFO : EventManager : Event: ======'machine_var_audits_missing_switches_s_left_out_rollover'====== Args={'value': 7, 'prev_value': None, 'change': True}
2024-09-18 14:10:10,793 : INFO : EventManager : Event: ======'machine_var_audits_missing_switches_s_left_return_rollover'====== Args={'value': 7, 'prev_value': None, 'change': True}
2024-09-18 14:10:10,794 : INFO : EventManager : Event: ======'machine_var_audits_missing_switches_s_left_spot_target'====== Args={'value': 7, 'prev_value': None, 'change': True}
2024-09-18 14:10:10,794 : INFO : EventManager : Event: ======'machine_var_audits_missing_switches_s_outhole'====== Args={'value': 3, 'prev_value': None, 'change': True}
2024-09-18 14:10:10,794 : INFO : EventManager : Event: ======'machine_var_audits_missing_switches_s_play_test_play'====== Args={'value': 7, 'prev_value': None, 'change': True}
2024-09-18 14:10:10,794 : INFO : EventManager : Event: ======'machine_var_audits_missing_switches_s_right_adv'====== Args={'value': 7, 'prev_value': None, 'change': True}
2024-09-18 14:10:10,794 : INFO : EventManager : Event: ======'machine_var_audits_missing_switches_s_right_coin'====== Args={'value': 7, 'prev_value': None, 'change': True}
2024-09-18 14:10:10,794 : INFO : EventManager : Event: ======'machine_var_audits_missing_switches_s_right_flipper'====== Args={'value': 7, 'prev_value': None, 'change': True}
2024-09-18 14:10:10,794 : INFO : EventManager : Event: ======'machine_var_audits_missing_switches_s_right_out_rollover'====== Args={'value': 7, 'prev_value': None, 'change': True}
2024-09-18 14:10:10,794 : INFO : EventManager : Event: ======'machine_var_audits_missing_switches_s_right_return_rollover'====== Args={'value': 7, 'prev_value': None, 'change': True}
2024-09-18 14:10:10,794 : INFO : EventManager : Event: ======'machine_var_audits_missing_switches_s_right_side_rollover'====== Args={'value': 7, 'prev_value': None, 'change': True}
2024-09-18 14:10:10,794 : INFO : EventManager : Event: ======'machine_var_audits_missing_switches_s_shooter_lane_rollover'====== Args={'value': 3, 'prev_value': None, 'change': True}
2024-09-18 14:10:10,794 : INFO : EventManager : Event: ======'machine_var_audits_missing_switches_s_spinner'====== Args={'value': 7, 'prev_value': None, 'change': True}
2024-09-18 14:10:10,794 : INFO : EventManager : Event: ======'machine_var_audits_missing_switches_s_stargate_rollover'====== Args={'value': 7, 'prev_value': None, 'change': True}
2024-09-18 14:10:10,795 : INFO : EventManager : Event: ======'machine_var_audits_missing_switches_s_stargate_spot'====== Args={'value': 7, 'prev_value': None, 'change': True}
2024-09-18 14:10:10,795 : INFO : EventManager : Event: ======'machine_var_audits_missing_switches_s_throught'====== Args={'value': 3, 'prev_value': None, 'change': True}
2024-09-18 14:10:10,795 : INFO : EventManager : Event: ======'machine_var_audits_missing_switches_s_tilt'====== Args={'value': 7, 'prev_value': None, 'change': True}
2024-09-18 14:10:10,795 : INFO : EventManager : Event: ======'machine_var_audits_missing_switches_s_top_left_bumper'====== Args={'value': 7, 'prev_value': None, 'change': True}
2024-09-18 14:10:10,795 : INFO : EventManager : Event: ======'machine_var_audits_missing_switches_s_top_right_bumper'====== Args={'value': 3, 'prev_value': None, 'change': True}
2024-09-18 14:10:10,795 : INFO : EventManager : Event: ======'machine_var_audits_missing_switches_s_top_right_rollunder'====== Args={'value': 3, 'prev_value': None, 'change': True}
2024-09-18 14:10:10,795 : INFO : EventManager : Event: ======'machine_var_audits_player_score'====== Args={'value': {'average': 0, 'top': [], 'total': 0}, 'prev_value': None, 'change': True}
2024-09-18 14:10:10,795 : INFO : EventManager : Event: ======'machine_var_audits_switches_s_1_center_target'====== Args={'value': 0, 'prev_value': None, 'change': True}
2024-09-18 14:10:10,795 : INFO : EventManager : Event: ======'machine_var_audits_switches_s_1_left_target'====== Args={'value': 10, 'prev_value': None, 'change': True}
2024-09-18 14:10:10,795 : INFO : EventManager : Event: ======'machine_var_audits_switches_s_1_right_target'====== Args={'value': 4, 'prev_value': None, 'change': True}
2024-09-18 14:10:10,796 : INFO : EventManager : Event: ======'machine_var_audits_switches_s_1_top_rollover'====== Args={'value': 0, 'prev_value': None, 'change': True}
2024-09-18 14:10:10,796 : INFO : EventManager : Event: ======'machine_var_audits_switches_s_1_top_target'====== Args={'value': 0, 'prev_value': None, 'change': True}
2024-09-18 14:10:10,796 : INFO : EventManager : Event: ======'machine_var_audits_switches_s_2_center_target'====== Args={'value': 0, 'prev_value': None, 'change': True}
2024-09-18 14:10:10,796 : INFO : EventManager : Event: ======'machine_var_audits_switches_s_2_right_target'====== Args={'value': 4, 'prev_value': None, 'change': True}
2024-09-18 14:10:10,796 : INFO : EventManager : Event: ======'machine_var_audits_switches_s_2_top_rollover'====== Args={'value': 0, 'prev_value': None, 'change': True}
2024-09-18 14:10:10,796 : INFO : EventManager : Event: ======'machine_var_audits_switches_s_2_top_target'====== Args={'value': 0, 'prev_value': None, 'change': True}
2024-09-18 14:10:10,796 : INFO : EventManager : Event: ======'machine_var_audits_switches_s_3_right_target'====== Args={'value': 5, 'prev_value': None, 'change': True}
2024-09-18 14:10:10,796 : INFO : EventManager : Event: ======'machine_var_audits_switches_s_3_top_rollover'====== Args={'value': 0, 'prev_value': None, 'change': True}
2024-09-18 14:10:10,797 : INFO : EventManager : Event: ======'machine_var_audits_switches_s_3_top_target'====== Args={'value': 0, 'prev_value': None, 'change': True}
2024-09-18 14:10:10,797 : INFO : EventManager : Event: ======'machine_var_audits_switches_s_4_top_grop_target'====== Args={'value': 0, 'prev_value': None, 'change': True}
2024-09-18 14:10:10,797 : INFO : EventManager : Event: ======'machine_var_audits_switches_s_4_top_rollover'====== Args={'value': 0, 'prev_value': None, 'change': True}
2024-09-18 14:10:10,797 : INFO : EventManager : Event: ======'machine_var_audits_switches_s_bottom_bumper'====== Args={'value': 0, 'prev_value': None, 'change': True}
2024-09-18 14:10:10,797 : INFO : EventManager : Event: ======'machine_var_audits_switches_s_center_coin'====== Args={'value': 0, 'prev_value': None, 'change': True}
2024-09-18 14:10:10,797 : INFO : EventManager : Event: ======'machine_var_audits_switches_s_hole'====== Args={'value': 0, 'prev_value': None, 'change': True}
2024-09-18 14:10:10,797 : INFO : EventManager : Event: ======'machine_var_audits_switches_s_kicking_2'====== Args={'value': 0, 'prev_value': None, 'change': True}
2024-09-18 14:10:10,797 : INFO : EventManager : Event: ======'machine_var_audits_switches_s_left_adv'====== Args={'value': 0, 'prev_value': None, 'change': True}
2024-09-18 14:10:10,798 : INFO : EventManager : Event: ======'machine_var_audits_switches_s_left_coin'====== Args={'value': 0, 'prev_value': None, 'change': True}
2024-09-18 14:10:10,798 : INFO : EventManager : Event: ======'machine_var_audits_switches_s_left_out_rollover'====== Args={'value': 0, 'prev_value': None, 'change': True}
2024-09-18 14:10:10,798 : INFO : EventManager : Event: ======'machine_var_audits_switches_s_left_return_rollover'====== Args={'value': 0, 'prev_value': None, 'change': True}
2024-09-18 14:10:10,798 : INFO : EventManager : Event: ======'machine_var_audits_switches_s_left_spot_target'====== Args={'value': 0, 'prev_value': None, 'change': True}
2024-09-18 14:10:10,798 : INFO : EventManager : Event: ======'machine_var_audits_switches_s_outhole'====== Args={'value': 1, 'prev_value': None, 'change': True}
2024-09-18 14:10:10,798 : INFO : EventManager : Event: ======'machine_var_audits_switches_s_play_test_play'====== Args={'value': 0, 'prev_value': None, 'change': True}
2024-09-18 14:10:10,798 : INFO : EventManager : Event: ======'machine_var_audits_switches_s_right_adv'====== Args={'value': 0, 'prev_value': None, 'change': True}
2024-09-18 14:10:10,798 : INFO : EventManager : Event: ======'machine_var_audits_switches_s_right_coin'====== Args={'value': 0, 'prev_value': None, 'change': True}
2024-09-18 14:10:10,798 : INFO : EventManager : Event: ======'machine_var_audits_switches_s_right_flipper'====== Args={'value': 0, 'prev_value': None, 'change': True}
2024-09-18 14:10:10,799 : INFO : EventManager : Event: ======'machine_var_audits_switches_s_right_out_rollover'====== Args={'value': 0, 'prev_value': None, 'change': True}
2024-09-18 14:10:10,799 : INFO : EventManager : Event: ======'machine_var_audits_switches_s_right_return_rollover'====== Args={'value': 0, 'prev_value': None, 'change': True}
2024-09-18 14:10:10,799 : INFO : EventManager : Event: ======'machine_var_audits_switches_s_right_side_rollover'====== Args={'value': 0, 'prev_value': None, 'change': True}
2024-09-18 14:10:10,799 : INFO : EventManager : Event: ======'machine_var_audits_switches_s_shooter_lane_rollover'====== Args={'value': 1, 'prev_value': None, 'change': True}
2024-09-18 14:10:10,799 : INFO : EventManager : Event: ======'machine_var_audits_switches_s_spinner'====== Args={'value': 0, 'prev_value': None, 'change': True}
2024-09-18 14:10:10,799 : INFO : EventManager : Event: ======'machine_var_audits_switches_s_stargate_rollover'====== Args={'value': 0, 'prev_value': None, 'change': True}
2024-09-18 14:10:10,799 : INFO : EventManager : Event: ======'machine_var_audits_switches_s_stargate_spot'====== Args={'value': 0, 'prev_value': None, 'change': True}
2024-09-18 14:10:10,799 : INFO : EventManager : Event: ======'machine_var_audits_switches_s_start'====== Args={'value': 9, 'prev_value': None, 'change': True}
2024-09-18 14:10:10,800 : INFO : EventManager : Event: ======'machine_var_audits_switches_s_throught'====== Args={'value': 1, 'prev_value': None, 'change': True}
2024-09-18 14:10:10,800 : INFO : EventManager : Event: ======'machine_var_audits_switches_s_tilt'====== Args={'value': 0, 'prev_value': None, 'change': True}
2024-09-18 14:10:10,800 : INFO : EventManager : Event: ======'machine_var_audits_switches_s_top_left_bumper'====== Args={'value': 0, 'prev_value': None, 'change': True}
2024-09-18 14:10:10,800 : INFO : EventManager : Event: ======'machine_var_audits_switches_s_top_right_bumper'====== Args={'value': 1, 'prev_value': None, 'change': True}
2024-09-18 14:10:10,800 : INFO : EventManager : Event: ======'machine_var_audits_switches_s_top_right_rollunder'====== Args={'value': 41, 'prev_value': None, 'change': True}
2024-09-18 14:10:10,800 : INFO : EventManager : Event: ======'init_phase_5'====== Args={}
2024-09-18 14:10:10,814 : INFO : EventManager : Event: ======'init_done'====== Args={}
2024-09-18 14:10:10,814 : INFO : EventManager : Event: ======'machine_reset_phase_1'====== Args={}
2024-09-18 14:10:10,815 : INFO : SwitchController : <<<<<<< 's_top_right_rollunder' active >>>>>>>
2024-09-18 14:10:10,815 : INFO : EventManager : Event: ======'machine_reset_phase_2'====== Args={}
2024-09-18 14:10:10,816 : INFO : EventManager : Event: ======'machine_reset_phase_3'====== Args={}
2024-09-18 14:10:10,816 : INFO : SwitchController : <<<<<<< 's_top_right_rollunder' inactive >>>>>>>
2024-09-18 14:10:10,816 : INFO : EventManager : Event: ======'reset_complete'====== Args={}
2024-09-18 14:10:10,816 : INFO : EventManager : Event: ======'mode_attract_will_start'====== Args={}
2024-09-18 14:10:10,817 : INFO : EventManager : Event: ======'mode_attract_starting'====== Args={}
2024-09-18 14:10:10,817 : INFO : Mode.attract : Started. Priority: 10
2024-09-18 14:10:10,817 : INFO : EventManager : Event: ======'modes_active_modes_changed'====== Args={}
2024-09-18 14:10:10,817 : INFO : EventManager : Event: ======'mode_attract_started'====== Args={}
2024-09-18 14:10:10,817 : INFO : EventManager : Event: ======'collecting_balls_complete'====== Args={}
2024-09-18 14:10:10,817 : INFO : SwitchController : <<<<<<< 's_top_right_rollunder' active >>>>>>>
2024-09-18 14:10:10,817 : INFO : Machine : Starting the main run loop.
2024-09-18 14:10:10,818 : INFO : SwitchController : <<<<<<< 's_top_right_rollunder' inactive >>>>>>>
2024-09-18 14:10:10,818 : INFO : SwitchController : <<<<<<< 's_1_right_target' inactive >>>>>>>
2024-09-18 14:10:10,819 : INFO : SwitchController : <<<<<<< 's_2_right_target' inactive >>>>>>>
2024-09-18 14:10:10,819 : INFO : SwitchController : <<<<<<< 's_1_top_target' inactive >>>>>>>
2024-09-18 14:10:10,820 : INFO : SwitchController : <<<<<<< 's_2_right_target' active >>>>>>>
2024-09-18 14:10:10,820 : INFO : SwitchController : <<<<<<< 's_1_top_target' active >>>>>>>
2024-09-18 14:10:10,820 : INFO : SwitchController : <<<<<<< 's_1_right_target' active >>>>>>>
2024-09-18 14:10:10,821 : INFO : SwitchController : <<<<<<< 's_1_left_target' inactive >>>>>>>
2024-09-18 14:10:10,821 : INFO : SwitchController : <<<<<<< 's_1_left_target' active >>>>>>>
2024-09-18 14:10:10,822 : INFO : SwitchController : <<<<<<< 's_1_left_target' inactive >>>>>>>
2024-09-18 14:10:10,822 : INFO : SwitchController : <<<<<<< 's_1_left_target' active >>>>>>>
2024-09-18 14:10:10,824 : INFO : SwitchController : <<<<<<< 's_1_right_target' inactive >>>>>>>
2024-09-18 14:10:10,850 : INFO : SwitchController : <<<<<<< 's_1_right_target' active >>>>>>>
2024-09-18 14:10:10,851 : INFO : SwitchController : <<<<<<< 's_top_right_rollunder' active >>>>>>>
2024-09-18 14:10:10,851 : INFO : SwitchController : <<<<<<< 's_top_right_rollunder' inactive >>>>>>>
2024-09-18 14:10:10,852 : INFO : SwitchController : <<<<<<< 's_top_right_rollunder' active >>>>>>>
2024-09-18 14:10:10,852 : INFO : SwitchController : <<<<<<< 's_top_right_rollunder' inactive >>>>>>>
2024-09-18 14:10:10,853 : INFO : SwitchController : <<<<<<< 's_top_right_rollunder' active >>>>>>>
2024-09-18 14:10:10,853 : INFO : SwitchController : <<<<<<< 's_top_right_rollunder' inactive >>>>>>>
2024-09-18 14:10:10,854 : INFO : SwitchController : <<<<<<< 's_1_left_target' inactive >>>>>>>
2024-09-18 14:10:10,854 : INFO : SwitchController : <<<<<<< 's_2_right_target' inactive >>>>>>>
2024-09-18 14:10:10,855 : INFO : SwitchController : <<<<<<< 's_1_top_target' inactive >>>>>>>
2024-09-18 14:10:10,855 : INFO : SwitchController : <<<<<<< 's_1_right_target' inactive >>>>>>>
2024-09-18 14:10:10,856 : INFO : SwitchController : <<<<<<< 's_1_left_target' active >>>>>>>
2024-09-18 14:10:10,857 : INFO : SwitchController : <<<<<<< 's_3_right_target' inactive >>>>>>>
2024-09-18 14:10:10,859 : INFO : SwitchController : <<<<<<< 's_1_top_target' active >>>>>>>
2024-09-18 14:10:10,860 : INFO : SwitchController : <<<<<<< 's_2_right_target' active >>>>>>>
2024-09-18 14:10:10,860 : INFO : SwitchController : <<<<<<< 's_3_right_target' active >>>>>>>
2024-09-18 14:10:10,871 : INFO : SwitchController : <<<<<<< 's_1_right_target' active >>>>>>>
2024-09-18 14:10:10,872 : INFO : SwitchController : <<<<<<< 's_1_right_target' inactive >>>>>>>
2024-09-18 14:10:10,872 : INFO : SwitchController : <<<<<<< 's_1_left_target' inactive >>>>>>>
2024-09-18 14:10:10,873 : INFO : SwitchController : <<<<<<< 's_1_left_target' active >>>>>>>
2024-09-18 14:10:10,874 : INFO : SwitchController : <<<<<<< 's_1_right_target' active >>>>>>>
2024-09-18 14:10:10,875 : INFO : SwitchController : <<<<<<< 's_1_left_target' inactive >>>>>>>
2024-09-18 14:10:10,875 : INFO : SwitchController : <<<<<<< 's_1_right_target' inactive >>>>>>>
2024-09-18 14:10:10,876 : INFO : SwitchController : <<<<<<< 's_1_left_target' active >>>>>>>
2024-09-18 14:10:10,876 : INFO : SwitchController : <<<<<<< 's_1_right_target' active >>>>>>>
2024-09-18 14:10:10,877 : INFO : SwitchController : <<<<<<< 's_2_right_target' inactive >>>>>>>
2024-09-18 14:10:10,877 : INFO : SwitchController : <<<<<<< 's_2_right_target' active >>>>>>>
2024-09-18 14:10:10,877 : INFO : SwitchController : <<<<<<< 's_top_right_rollunder' active >>>>>>>
2024-09-18 14:10:10,878 : INFO : SwitchController : <<<<<<< 's_top_right_rollunder' inactive >>>>>>>
2024-09-18 14:10:12,957 : INFO : SwitchController : <<<<<<< 's_start' active >>>>>>>
2024-09-18 14:10:13,190 : INFO : SwitchController : <<<<<<< 's_start' inactive >>>>>>>
2024-09-18 14:10:13,191 : INFO : EventManager : Event: ======'request_to_start_game'====== Args={}
2024-09-18 14:10:13,191 : INFO : EventManager : Event: ======'game_start'====== Args={'buttons': [], 'hold_time': 0.23340251600166084}
2024-09-18 14:10:13,192 : INFO : EventManager : Event: ======'mode_game_will_start'====== Args={'buttons': [], 'hold_time': 0.23340251600166084}
2024-09-18 14:10:13,193 : INFO : EventManager : Event: ======'mode_game_starting'====== Args={'buttons': [], 'hold_time': 0.23340251600166084}
2024-09-18 14:10:13,193 : INFO : EventManager : Event: ======'mode_attract_will_stop'====== Args={}
2024-09-18 14:10:13,193 : INFO : EventManager : Event: ======'mode_attract_stopping'====== Args={}
2024-09-18 14:10:13,193 : INFO : Mode.attract : Stopped.
2024-09-18 14:10:13,193 : INFO : EventManager : Event: ======'modes_active_modes_changed'====== Args={}
2024-09-18 14:10:13,193 : INFO : EventManager : Event: ======'mode_attract_stopped'====== Args={}
2024-09-18 14:10:13,194 : INFO : EventManager : Event: ======'clear'====== Args={'key': 'attract'}
2024-09-18 14:10:13,194 : INFO : Mode.game : Started. Priority: 20
2024-09-18 14:10:13,194 : INFO : EventManager : Event: ======'modes_active_modes_changed'====== Args={}
2024-09-18 14:10:13,194 : INFO : EventManager : Event: ======'mode_game_started'====== Args={'buttons': [], 'hold_time': 0.23340251600166084}
2024-09-18 14:10:13,195 : INFO : EventManager : Event: ======'game_will_start'====== Args={}
2024-09-18 14:10:13,196 : INFO : EventManager : Event: ======'game_starting'====== Args={'game': <Mode.game>}
2024-09-18 14:10:13,197 : INFO : EventManager : Unordered handler for class <Auditor> on event game_ended with priority 1. Handlers: [RegisteredHandler(callback=<bound method Auditor.disable of <Auditor>>, priority=1, kwargs={}, key=UUID('0349ed5d-c59b-4b52-b74e-66fec02f260f'), condition=None, blocking_facility=None), RegisteredHandler(callback=<bound method Auditor._save_audits of <Auditor>>, priority=1, kwargs={}, key=UUID('b95293d8-3593-4d35-a7b8-4e69470ba53e'), condition=None, blocking_facility=None)]. The order of those handlers is not defined and they will be executed in random order. This might lead to race conditions and potential bugs.
2024-09-18 14:10:13,198 : INFO : EventManager : Event: ======'player_add_request'====== Args={}
2024-09-18 14:10:13,198 : INFO : EventManager : Event: ======'player_will_add'====== Args={'number': 1}
2024-09-18 14:10:13,198 : INFO : EventManager : Event: ======'player_adding'====== Args={'player': <Player 1>, 'number': 1}
2024-09-18 14:10:13,198 : INFO : EventManager : Event: ======'player_added'====== Args={'player': <Player 1>, 'num': 1}
2024-09-18 14:10:13,198 : INFO : Mode.game : Player added successfully. Total players: 1
2024-09-18 14:10:13,199 : INFO : EventManager : Event: ======'player_index'====== Args={'value': 0, 'prev_value': 0, 'change': 0, 'player_num': 1}
2024-09-18 14:10:13,199 : INFO : EventManager : Event: ======'player_number'====== Args={'value': 1, 'prev_value': 1, 'change': 0, 'player_num': 1}
2024-09-18 14:10:13,199 : INFO : EventManager : Event: ======'player_score'====== Args={'value': 0, 'prev_value': 0, 'change': 0, 'player_num': 1}
2024-09-18 14:10:13,200 : INFO : EventManager : Event: ======'game_started'====== Args={}
2024-09-18 14:10:13,200 : INFO : EventManager : Event: ======'player_turn_will_start'====== Args={'player': <Player 1>, 'number': 1}
2024-09-18 14:10:13,201 : INFO : EventManager : Event: ======'player_turn_starting'====== Args={'player': <Player 1>, 'number': 1}
2024-09-18 14:10:13,235 : INFO : EventManager : Event: ======'player_ball'====== Args={'value': 1, 'prev_value': 0, 'change': 1, 'player_num': 1}
2024-09-18 14:10:13,235 : INFO : EventManager : Event: ======'player_turn_started'====== Args={'player': <Player 1>, 'number': 1}
2024-09-18 14:10:13,236 : INFO : EventManager : Event: ======'ball_will_start'====== Args={'player': 1, 'ball': 1, 'balls_remaining': 2, 'is_extra_ball': False}
2024-09-18 14:10:13,237 : INFO : EventManager : Event: ======'ball_starting'====== Args={'player': 1, 'ball': 1, 'balls_remaining': 2, 'is_extra_ball': False}
2024-09-18 14:10:13,237 : INFO : EventManager : Event: ======'balls_in_play'====== Args={'balls': 1}
2024-09-18 14:10:13,237 : INFO : EventManager : Event: ======'ball_started'====== Args={'player': 1, 'ball': 1, 'balls_remaining': 2, 'is_extra_ball': False}
2024-09-18 14:10:13,238 : INFO : EventManager : Event: ======'single_player_ball_started'====== Args={}
2024-09-18 14:10:13,238 : INFO : EventManager : Event: ======'ball_start_target'====== Args={'target': 'playfield'}
2024-09-18 14:10:13,238 : INFO : ball_device.bd_drain : Setting up player-controlled eject. Balls: 1, Target: <playfield.playfield>, player_controlled_eject_event: None
2024-09-18 14:10:13,238 : INFO : ball_device.bd_drain : Adding 1 ball(s) to the eject_queue with target <playfield.playfield>.
2024-09-18 14:10:13,238 : INFO : EventManager : Event: ======'balldevice_balls_available'====== Args={}
2024-09-18 14:10:13,239 : INFO : ball_device.bd_drain : State: waiting_for_target_ready
2024-09-18 14:10:13,239 : INFO : EventManager : Event: ======'balldevice_bd_drain_ball_eject_attempt'====== Args={'balls': 1, 'target': <playfield.playfield>, 'source': <ball_device.bd_drain>, 'mechanical_eject': False, 'num_attempts': 0}
2024-09-18 14:10:13,239 : INFO : ball_device.bd_drain : State: ejecting
2024-09-18 14:10:13,239 : INFO : ball_device.bd_drain : Ejecting ball to <playfield.playfield>
2024-09-18 14:10:13,239 : INFO : EventManager : Event: ======'balldevice_bd_drain_ejecting_ball'====== Args={'balls': 1, 'target': <playfield.playfield>, 'source': <ball_device.bd_drain>, 'mechanical_eject': False, 'num_attempts': 0}
2024-09-18 14:10:13,240 : INFO : ball_device.bd_drain : Wait for ball to leave device
2024-09-18 14:10:13,240 : INFO : coil.c_ball_release : Pulsing Driver for 20ms (1.0 pulse_power)
2024-09-18 14:10:15,069 : INFO : SwitchController : <<<<<<< 's_start' active >>>>>>>
2024-09-18 14:10:15,069 : INFO : EventManager : Event: ======'sw_start'====== Args={}
2024-09-18 14:10:15,070 : INFO : EventManager : Event: ======'machine_var_audits_switches_s_start'====== Args={'value': 10, 'prev_value': 9, 'change': 1}
2024-09-18 14:10:15,071 : INFO : EventManager : Event: ======'player_add_request'====== Args={}
2024-09-18 14:10:15,071 : INFO : EventManager : Event: ======'player_will_add'====== Args={'number': 2}
2024-09-18 14:10:15,071 : INFO : EventManager : Event: ======'player_adding'====== Args={'player': <Player 2>, 'number': 2}
2024-09-18 14:10:15,071 : INFO : EventManager : Event: ======'player_added'====== Args={'player': <Player 2>, 'num': 2}
2024-09-18 14:10:15,071 : INFO : Mode.game : Player added successfully. Total players: 2
2024-09-18 14:10:15,071 : INFO : EventManager : Event: ======'multiplayer_game'====== Args={}
2024-09-18 14:10:15,072 : INFO : EventManager : Event: ======'player_index'====== Args={'value': 1, 'prev_value': 1, 'change': 0, 'player_num': 2}
2024-09-18 14:10:15,072 : INFO : EventManager : Event: ======'player_number'====== Args={'value': 2, 'prev_value': 2, 'change': 0, 'player_num': 2}
2024-09-18 14:10:15,072 : INFO : EventManager : Event: ======'player_score'====== Args={'value': 0, 'prev_value': 0, 'change': 0, 'player_num': 2}
2024-09-18 14:10:15,109 : INFO : SwitchController : <<<<<<< 's_start' inactive >>>>>>>
2024-09-18 14:10:15,110 : INFO : SwitchController : <<<<<<< 's_start' active >>>>>>>
2024-09-18 14:10:15,110 : INFO : EventManager : Event: ======'sw_start'====== Args={}
2024-09-18 14:10:15,110 : INFO : EventManager : Event: ======'machine_var_audits_switches_s_start'====== Args={'value': 11, 'prev_value': 10, 'change': 1}
2024-09-18 14:10:15,111 : INFO : EventManager : Event: ======'player_add_request'====== Args={}
2024-09-18 14:10:15,111 : INFO : EventManager : Event: ======'player_will_add'====== Args={'number': 3}
2024-09-18 14:10:15,111 : INFO : EventManager : Event: ======'player_adding'====== Args={'player': <Player 3>, 'number': 3}
2024-09-18 14:10:15,111 : INFO : EventManager : Event: ======'player_added'====== Args={'player': <Player 3>, 'num': 3}
2024-09-18 14:10:15,111 : INFO : Mode.game : Player added successfully. Total players: 3
2024-09-18 14:10:15,111 : INFO : EventManager : Event: ======'player_index'====== Args={'value': 2, 'prev_value': 2, 'change': 0, 'player_num': 3}
2024-09-18 14:10:15,112 : INFO : EventManager : Event: ======'player_number'====== Args={'value': 3, 'prev_value': 3, 'change': 0, 'player_num': 3}
2024-09-18 14:10:15,112 : INFO : EventManager : Event: ======'player_score'====== Args={'value': 0, 'prev_value': 0, 'change': 0, 'player_num': 3}
2024-09-18 14:10:15,178 : INFO : SwitchController : <<<<<<< 's_start' inactive >>>>>>>
2024-09-18 14:10:15,204 : INFO : SwitchController : <<<<<<< 's_start' active >>>>>>>
2024-09-18 14:10:15,204 : INFO : EventManager : Event: ======'sw_start'====== Args={}
2024-09-18 14:10:15,204 : INFO : EventManager : Event: ======'machine_var_audits_switches_s_start'====== Args={'value': 12, 'prev_value': 11, 'change': 1}
2024-09-18 14:10:15,204 : INFO : EventManager : Event: ======'player_add_request'====== Args={}
2024-09-18 14:10:15,205 : INFO : EventManager : Event: ======'player_will_add'====== Args={'number': 4}
2024-09-18 14:10:15,205 : INFO : EventManager : Event: ======'player_adding'====== Args={'player': <Player 4>, 'number': 4}
2024-09-18 14:10:15,205 : INFO : EventManager : Event: ======'player_added'====== Args={'player': <Player 4>, 'num': 4}
2024-09-18 14:10:15,205 : INFO : Mode.game : Player added successfully. Total players: 4
2024-09-18 14:10:15,205 : INFO : EventManager : Event: ======'player_index'====== Args={'value': 3, 'prev_value': 3, 'change': 0, 'player_num': 4}
2024-09-18 14:10:15,205 : INFO : EventManager : Event: ======'player_number'====== Args={'value': 4, 'prev_value': 4, 'change': 0, 'player_num': 4}
2024-09-18 14:10:15,205 : INFO : EventManager : Event: ======'player_score'====== Args={'value': 0, 'prev_value': 0, 'change': 0, 'player_num': 4}
2024-09-18 14:10:15,390 : INFO : SwitchController : <<<<<<< 's_start' inactive >>>>>>>
2024-09-18 14:10:18,079 : INFO : SwitchController : <<<<<<< 's_shooter_lane_rollover' active >>>>>>>
2024-09-18 14:10:18,080 : INFO : EventManager : Event: ======'sw_playfield_active'====== Args={}
2024-09-18 14:10:18,080 : INFO : EventManager : Event: ======'machine_var_audits_switches_s_shooter_lane_rollover'====== Args={'value': 2, 'prev_value': 1, 'change': 1}
2024-09-18 14:10:18,081 : INFO : EventManager : Event: ======'playfield_active'====== Args={'source': None}
2024-09-18 14:10:21,173 : INFO : SwitchController : <<<<<<< 's_shooter_lane_rollover' inactive >>>>>>>
2024-09-18 14:10:23,241 : INFO : EventManager : Event: ======'balldevice_bd_drain_ball_eject_failed'====== Args={'target': <playfield.playfield>, 'balls': 1, 'retry': True, 'num_attempts': 1}
2024-09-18 14:10:23,242 : INFO : ball_device.bd_drain : State: waiting_for_target_ready
2024-09-18 14:10:23,242 : INFO : EventManager : Event: ======'balldevice_bd_drain_ball_eject_attempt'====== Args={'balls': 1, 'target': <playfield.playfield>, 'source': <ball_device.bd_drain>, 'mechanical_eject': False, 'num_attempts': 1}
2024-09-18 14:10:23,243 : INFO : ball_device.bd_drain : State: ejecting
2024-09-18 14:10:23,243 : INFO : ball_device.bd_drain : Ejecting ball to <playfield.playfield>
2024-09-18 14:10:23,243 : INFO : EventManager : Event: ======'balldevice_bd_drain_ejecting_ball'====== Args={'balls': 1, 'target': <playfield.playfield>, 'source': <ball_device.bd_drain>, 'mechanical_eject': False, 'num_attempts': 1}
2024-09-18 14:10:23,244 : INFO : ball_device.bd_drain : Wait for ball to leave device
2024-09-18 14:10:23,244 : INFO : coil.c_ball_release : Pulsing Driver for 20ms (1.0 pulse_power)
2024-09-18 14:10:25,679 : INFO : SwitchController : <<<<<<< 's_1_left_target' inactive >>>>>>>
2024-09-18 14:10:25,715 : INFO : SwitchController : <<<<<<< 's_1_left_target' active >>>>>>>
2024-09-18 14:10:25,715 : INFO : EventManager : Event: ======'machine_var_audits_switches_s_1_left_target'====== Args={'value': 11, 'prev_value': 10, 'change': 1}
2024-09-18 14:10:25,717 : INFO : SwitchController : <<<<<<< 's_outhole' active >>>>>>>
2024-09-18 14:10:25,717 : INFO : EventManager : Event: ======'machine_var_audits_switches_s_outhole'====== Args={'value': 2, 'prev_value': 1, 'change': 1}
2024-09-18 14:10:30,068 : INFO : SwitchController : <<<<<<< 's_outhole' inactive >>>>>>>
2024-09-18 14:10:33,245 : INFO : EventManager : Event: ======'balldevice_bd_drain_ball_eject_failed'====== Args={'target': <playfield.playfield>, 'balls': 1, 'retry': True, 'num_attempts': 2}
2024-09-18 14:10:33,247 : INFO : ball_device.bd_drain : State: waiting_for_target_ready
2024-09-18 14:10:33,247 : INFO : EventManager : Event: ======'balldevice_bd_drain_ball_eject_attempt'====== Args={'balls': 1, 'target': <playfield.playfield>, 'source': <ball_device.bd_drain>, 'mechanical_eject': False, 'num_attempts': 2}
2024-09-18 14:10:33,247 : INFO : ball_device.bd_drain : State: ejecting
2024-09-18 14:10:33,248 : INFO : ball_device.bd_drain : Ejecting ball to <playfield.playfield>
2024-09-18 14:10:33,248 : INFO : EventManager : Event: ======'balldevice_bd_drain_ejecting_ball'====== Args={'balls': 1, 'target': <playfield.playfield>, 'source': <ball_device.bd_drain>, 'mechanical_eject': False, 'num_attempts': 2}
2024-09-18 14:10:33,248 : INFO : ball_device.bd_drain : Wait for ball to leave device
2024-09-18 14:10:33,248 : INFO : coil.c_ball_release : Pulsing Driver for 20ms (1.0 pulse_power)
2024-09-18 14:10:33,283 : INFO : SwitchController : <<<<<<< 's_1_right_target' inactive >>>>>>>
2024-09-18 14:10:33,319 : INFO : SwitchController : <<<<<<< 's_1_right_target' active >>>>>>>
2024-09-18 14:10:33,319 : INFO : EventManager : Event: ======'machine_var_audits_switches_s_1_right_target'====== Args={'value': 5, 'prev_value': 4, 'change': 1}
2024-09-18 14:10:36,283 : INFO : SwitchController : <<<<<<< 's_shooter_lane_rollover' active >>>>>>>
2024-09-18 14:10:36,283 : INFO : EventManager : Event: ======'sw_playfield_active'====== Args={}
2024-09-18 14:10:36,284 : INFO : EventManager : Event: ======'machine_var_audits_switches_s_shooter_lane_rollover'====== Args={'value': 3, 'prev_value': 2, 'change': 1}
2024-09-18 14:10:36,284 : INFO : EventManager : Event: ======'playfield_active'====== Args={'source': None}
2024-09-18 14:10:36,828 : INFO : SwitchController : <<<<<<< 's_shooter_lane_rollover' inactive >>>>>>>
2024-09-18 14:10:37,178 : INFO : SwitchController : <<<<<<< 's_shooter_lane_rollover' active >>>>>>>
2024-09-18 14:10:37,179 : INFO : EventManager : Event: ======'sw_playfield_active'====== Args={}
2024-09-18 14:10:37,179 : INFO : EventManager : Event: ======'machine_var_audits_switches_s_shooter_lane_rollover'====== Args={'value': 4, 'prev_value': 3, 'change': 1}
2024-09-18 14:10:37,180 : INFO : EventManager : Event: ======'playfield_active'====== Args={'source': None}
2024-09-18 14:10:37,725 : INFO : SwitchController : <<<<<<< 's_shooter_lane_rollover' inactive >>>>>>>
2024-09-18 14:10:43,250 : INFO : EventManager : Event: ======'balldevice_bd_drain_ball_eject_failed'====== Args={'target': <playfield.playfield>, 'balls': 1, 'retry': True, 'num_attempts': 3}
2024-09-18 14:10:43,251 : INFO : ball_device.bd_drain : State: waiting_for_target_ready
2024-09-18 14:10:43,251 : INFO : EventManager : Event: ======'balldevice_bd_drain_ball_eject_attempt'====== Args={'balls': 1, 'target': <playfield.playfield>, 'source': <ball_device.bd_drain>, 'mechanical_eject': False, 'num_attempts': 3}
2024-09-18 14:10:43,252 : INFO : ball_device.bd_drain : State: ejecting
2024-09-18 14:10:43,252 : INFO : ball_device.bd_drain : Ejecting ball to <playfield.playfield>
2024-09-18 14:10:43,252 : INFO : EventManager : Event: ======'balldevice_bd_drain_ejecting_ball'====== Args={'balls': 1, 'target': <playfield.playfield>, 'source': <ball_device.bd_drain>, 'mechanical_eject': False, 'num_attempts': 3}
2024-09-18 14:10:43,254 : INFO : ball_device.bd_drain : Wait for ball to leave device
2024-09-18 14:10:43,254 : INFO : coil.c_ball_release : Pulsing Driver for 20ms (1.0 pulse_power)
2024-09-18 14:10:43,293 : INFO : SwitchController : <<<<<<< 's_1_right_target' inactive >>>>>>>
2024-09-18 14:10:43,295 : INFO : SwitchController : <<<<<<< 's_1_right_target' active >>>>>>>
2024-09-18 14:10:43,295 : INFO : EventManager : Event: ======'machine_var_audits_switches_s_1_right_target'====== Args={'value': 6, 'prev_value': 5, 'change': 1}
2024-09-18 14:10:43,536 : INFO : SwitchController : <<<<<<< 's_throught' inactive >>>>>>>
2024-09-18 14:10:43,537 : INFO : ball_device.bd_drain : State: ball_left
2024-09-18 14:10:43,537 : INFO : ball_device.bd_drain : Ball left
2024-09-18 14:10:43,537 : INFO : ball_device.bd_drain : Wait for confirm with timeout 10.0
2024-09-18 14:10:43,623 : INFO : SwitchController : <<<<<<< 's_outhole' active >>>>>>>
2024-09-18 14:10:43,623 : INFO : EventManager : Event: ======'machine_var_audits_switches_s_outhole'====== Args={'value': 3, 'prev_value': 2, 'change': 1}
2024-09-18 14:10:43,656 : INFO : SwitchController : <<<<<<< 's_1_right_target' inactive >>>>>>>
2024-09-18 14:10:43,678 : INFO : SwitchController : <<<<<<< 's_1_right_target' active >>>>>>>
2024-09-18 14:10:43,679 : INFO : EventManager : Event: ======'machine_var_audits_switches_s_1_right_target'====== Args={'value': 7, 'prev_value': 6, 'change': 1}
2024-09-18 14:10:43,679 : INFO : SwitchController : <<<<<<< 's_outhole' inactive >>>>>>>
2024-09-18 14:10:43,733 : INFO : SwitchController : <<<<<<< 's_outhole' active >>>>>>>
2024-09-18 14:10:43,733 : INFO : EventManager : Event: ======'machine_var_audits_switches_s_outhole'====== Args={'value': 4, 'prev_value': 3, 'change': 1}
2024-09-18 14:10:43,971 : INFO : SwitchController : <<<<<<< 's_throught' active >>>>>>>
2024-09-18 14:10:43,971 : INFO : EventManager : Event: ======'machine_var_audits_switches_s_throught'====== Args={'value': 2, 'prev_value': 1, 'change': 1}
2024-09-18 14:10:44,182 : INFO : SwitchController : <<<<<<< 's_throught' inactive >>>>>>>
2024-09-18 14:10:45,098 : INFO : SwitchController : <<<<<<< 's_throught' active >>>>>>>
2024-09-18 14:10:45,098 : INFO : EventManager : Event: ======'machine_var_audits_switches_s_throught'====== Args={'value': 3, 'prev_value': 2, 'change': 1}
2024-09-18 14:10:45,428 : INFO : SwitchController : <<<<<<< 's_throught' inactive >>>>>>>
2024-09-18 14:10:46,417 : INFO : SwitchController : <<<<<<< 's_throught' active >>>>>>>
2024-09-18 14:10:46,417 : INFO : EventManager : Event: ======'machine_var_audits_switches_s_throught'====== Args={'value': 4, 'prev_value': 3, 'change': 1}
2024-09-18 14:10:46,507 : INFO : SwitchController : <<<<<<< 's_throught' inactive >>>>>>>
2024-09-18 14:10:46,534 : INFO : SwitchController : <<<<<<< 's_throught' active >>>>>>>
2024-09-18 14:10:46,534 : INFO : EventManager : Event: ======'machine_var_audits_switches_s_throught'====== Args={'value': 5, 'prev_value': 4, 'change': 1}
2024-09-18 14:10:47,128 : INFO : SwitchController : <<<<<<< 's_outhole' inactive >>>>>>>
2024-09-18 14:10:53,538 : INFO : ball_device.bd_drain : State: failed_confirm
2024-09-18 14:10:53,538 : INFO : ball_device.bd_drain : Got timeout (10.0s) before confirm from <playfield.playfield>
2024-09-18 14:10:53,639 : INFO : ball_device.bd_drain : Got unknown balls. Assuming a ball returned.
2024-09-18 14:10:53,639 : INFO : EventManager : Event: ======'balldevice_bd_drain_ball_eject_failed'====== Args={'target': <playfield.playfield>, 'balls': 1, 'retry': True, 'num_attempts': 4}
2024-09-18 14:10:53,639 : INFO : ball_device.bd_drain : State: waiting_for_target_ready
2024-09-18 14:10:53,639 : INFO : EventManager : Event: ======'balldevice_bd_drain_ball_eject_attempt'====== Args={'balls': 1, 'target': <playfield.playfield>, 'source': <ball_device.bd_drain>, 'mechanical_eject': False, 'num_attempts': 4}
2024-09-18 14:10:53,640 : INFO : ball_device.bd_drain : State: ejecting
2024-09-18 14:10:53,640 : INFO : ball_device.bd_drain : Ejecting ball to <playfield.playfield>
2024-09-18 14:10:53,640 : INFO : EventManager : Event: ======'balldevice_bd_drain_ejecting_ball'====== Args={'balls': 1, 'target': <playfield.playfield>, 'source': <ball_device.bd_drain>, 'mechanical_eject': False, 'num_attempts': 4}
2024-09-18 14:10:53,640 : INFO : ball_device.bd_drain : Wait for ball to leave device
2024-09-18 14:10:53,640 : INFO : coil.c_ball_release : Pulsing Driver for 20ms (1.0 pulse_power)
2024-09-18 14:11:03,641 : INFO : EventManager : Event: ======'balldevice_bd_drain_ball_eject_failed'====== Args={'target': <playfield.playfield>, 'balls': 1, 'retry': True, 'num_attempts': 5}
2024-09-18 14:11:03,643 : INFO : ball_device.bd_drain : State: waiting_for_target_ready
2024-09-18 14:11:03,643 : INFO : EventManager : Event: ======'balldevice_bd_drain_ball_eject_attempt'====== Args={'balls': 1, 'target': <playfield.playfield>, 'source': <ball_device.bd_drain>, 'mechanical_eject': False, 'num_attempts': 5}
2024-09-18 14:11:03,643 : INFO : ball_device.bd_drain : State: ejecting
2024-09-18 14:11:03,644 : INFO : ball_device.bd_drain : Ejecting ball to <playfield.playfield>
2024-09-18 14:11:03,644 : INFO : EventManager : Event: ======'balldevice_bd_drain_ejecting_ball'====== Args={'balls': 1, 'target': <playfield.playfield>, 'source': <ball_device.bd_drain>, 'mechanical_eject': False, 'num_attempts': 5}
2024-09-18 14:11:03,645 : INFO : ball_device.bd_drain : Wait for ball to leave device
2024-09-18 14:11:03,646 : INFO : coil.c_ball_release : Pulsing Driver for 20ms (1.0 pulse_power)
2024-09-18 14:11:13,647 : INFO : EventManager : Event: ======'balldevice_bd_drain_ball_eject_failed'====== Args={'target': <playfield.playfield>, 'balls': 1, 'retry': True, 'num_attempts': 6}
2024-09-18 14:11:13,647 : INFO : ball_device.bd_drain : State: waiting_for_target_ready
2024-09-18 14:11:13,647 : INFO : EventManager : Event: ======'balldevice_bd_drain_ball_eject_attempt'====== Args={'balls': 1, 'target': <playfield.playfield>, 'source': <ball_device.bd_drain>, 'mechanical_eject': False, 'num_attempts': 6}
2024-09-18 14:11:13,647 : INFO : ball_device.bd_drain : State: ejecting
2024-09-18 14:11:13,647 : INFO : ball_device.bd_drain : Ejecting ball to <playfield.playfield>
2024-09-18 14:11:13,647 : INFO : EventManager : Event: ======'balldevice_bd_drain_ejecting_ball'====== Args={'balls': 1, 'target': <playfield.playfield>, 'source': <ball_device.bd_drain>, 'mechanical_eject': False, 'num_attempts': 6}
2024-09-18 14:11:13,648 : INFO : ball_device.bd_drain : Wait for ball to leave device
2024-09-18 14:11:13,648 : INFO : coil.c_ball_release : Pulsing Driver for 20ms (1.0 pulse_power)
2024-09-18 14:11:13,681 : INFO : SwitchController : <<<<<<< 's_1_right_target' inactive >>>>>>>
2024-09-18 14:11:13,700 : INFO : SwitchController : <<<<<<< 's_1_right_target' active >>>>>>>
2024-09-18 14:11:13,700 : INFO : EventManager : Event: ======'machine_var_audits_switches_s_1_right_target'====== Args={'value': 8, 'prev_value': 7, 'change': 1}
2024-09-18 14:11:14,217 : INFO : SwitchController : <<<<<<< 's_shooter_lane_rollover' active >>>>>>>
2024-09-18 14:11:14,217 : INFO : EventManager : Event: ======'sw_playfield_active'====== Args={}
2024-09-18 14:11:14,217 : INFO : EventManager : Event: ======'machine_var_audits_switches_s_shooter_lane_rollover'====== Args={'value': 5, 'prev_value': 4, 'change': 1}
2024-09-18 14:11:14,218 : INFO : EventManager : Event: ======'playfield_active'====== Args={'source': None}
2024-09-18 14:11:23,648 : INFO : EventManager : Event: ======'balldevice_bd_drain_ball_eject_failed'====== Args={'target': <playfield.playfield>, 'balls': 1, 'retry': True, 'num_attempts': 7}
2024-09-18 14:11:23,649 : INFO : ball_device.bd_drain : State: waiting_for_target_ready
2024-09-18 14:11:23,649 : INFO : EventManager : Event: ======'balldevice_bd_drain_ball_eject_attempt'====== Args={'balls': 1, 'target': <playfield.playfield>, 'source': <ball_device.bd_drain>, 'mechanical_eject': False, 'num_attempts': 7}
2024-09-18 14:11:23,650 : INFO : ball_device.bd_drain : State: ejecting
2024-09-18 14:11:23,650 : INFO : ball_device.bd_drain : Ejecting ball to <playfield.playfield>
2024-09-18 14:11:23,650 : INFO : EventManager : Event: ======'balldevice_bd_drain_ejecting_ball'====== Args={'balls': 1, 'target': <playfield.playfield>, 'source': <ball_device.bd_drain>, 'mechanical_eject': False, 'num_attempts': 7}
2024-09-18 14:11:23,650 : INFO : ball_device.bd_drain : Wait for ball to leave device
2024-09-18 14:11:23,650 : INFO : coil.c_ball_release : Pulsing Driver for 20ms (1.0 pulse_power)
2024-09-18 14:11:23,687 : INFO : SwitchController : <<<<<<< 's_1_left_target' inactive >>>>>>>
2024-09-18 14:11:23,717 : INFO : SwitchController : <<<<<<< 's_1_left_target' active >>>>>>>
2024-09-18 14:11:23,717 : INFO : EventManager : Event: ======'machine_var_audits_switches_s_1_left_target'====== Args={'value': 12, 'prev_value': 11, 'change': 1}
2024-09-18 14:11:25,782 : INFO : SwitchController : <<<<<<< 's_shooter_lane_rollover' inactive >>>>>>>
2024-09-18 14:11:33,652 : INFO : EventManager : Event: ======'balldevice_bd_drain_ball_eject_failed'====== Args={'target': <playfield.playfield>, 'balls': 1, 'retry': True, 'num_attempts': 8}
2024-09-18 14:11:33,652 : INFO : ball_device.bd_drain : State: waiting_for_target_ready
2024-09-18 14:11:33,652 : INFO : EventManager : Event: ======'balldevice_bd_drain_ball_eject_attempt'====== Args={'balls': 1, 'target': <playfield.playfield>, 'source': <ball_device.bd_drain>, 'mechanical_eject': False, 'num_attempts': 8}
2024-09-18 14:11:33,652 : INFO : ball_device.bd_drain : State: ejecting
2024-09-18 14:11:33,652 : INFO : ball_device.bd_drain : Ejecting ball to <playfield.playfield>
2024-09-18 14:11:33,652 : INFO : EventManager : Event: ======'balldevice_bd_drain_ejecting_ball'====== Args={'balls': 1, 'target': <playfield.playfield>, 'source': <ball_device.bd_drain>, 'mechanical_eject': False, 'num_attempts': 8}
2024-09-18 14:11:33,653 : INFO : ball_device.bd_drain : Wait for ball to leave device
2024-09-18 14:11:33,653 : INFO : coil.c_ball_release : Pulsing Driver for 20ms (1.0 pulse_power)
2024-09-18 14:11:43,654 : INFO : EventManager : Event: ======'balldevice_bd_drain_ball_eject_failed'====== Args={'target': <playfield.playfield>, 'balls': 1, 'retry': True, 'num_attempts': 9}
2024-09-18 14:11:43,655 : INFO : ball_device.bd_drain : State: waiting_for_target_ready
2024-09-18 14:11:43,655 : INFO : EventManager : Event: ======'balldevice_bd_drain_ball_eject_attempt'====== Args={'balls': 1, 'target': <playfield.playfield>, 'source': <ball_device.bd_drain>, 'mechanical_eject': False, 'num_attempts': 9}
2024-09-18 14:11:43,655 : INFO : ball_device.bd_drain : State: ejecting
2024-09-18 14:11:43,655 : INFO : ball_device.bd_drain : Ejecting ball to <playfield.playfield>
2024-09-18 14:11:43,655 : INFO : EventManager : Event: ======'balldevice_bd_drain_ejecting_ball'====== Args={'balls': 1, 'target': <playfield.playfield>, 'source': <ball_device.bd_drain>, 'mechanical_eject': False, 'num_attempts': 9}
2024-09-18 14:11:43,655 : INFO : ball_device.bd_drain : Wait for ball to leave device
2024-09-18 14:11:43,655 : INFO : coil.c_ball_release : Pulsing Driver for 20ms (1.0 pulse_power)
2024-09-18 14:11:43,699 : INFO : SwitchController : <<<<<<< 's_1_left_target' inactive >>>>>>>
2024-09-18 14:11:43,718 : INFO : SwitchController : <<<<<<< 's_1_left_target' active >>>>>>>
2024-09-18 14:11:43,718 : INFO : EventManager : Event: ======'machine_var_audits_switches_s_1_left_target'====== Args={'value': 13, 'prev_value': 12, 'change': 1}
2024-09-18 14:11:53,656 : INFO : EventManager : Event: ======'balldevice_bd_drain_ball_eject_failed'====== Args={'target': <playfield.playfield>, 'balls': 1, 'retry': True, 'num_attempts': 10}
2024-09-18 14:11:53,657 : INFO : ball_device.bd_drain : State: waiting_for_target_ready
2024-09-18 14:11:53,657 : INFO : EventManager : Event: ======'balldevice_bd_drain_ball_eject_attempt'====== Args={'balls': 1, 'target': <playfield.playfield>, 'source': <ball_device.bd_drain>, 'mechanical_eject': False, 'num_attempts': 10}
2024-09-18 14:11:53,657 : INFO : ball_device.bd_drain : State: ejecting
2024-09-18 14:11:53,657 : INFO : ball_device.bd_drain : Ejecting ball to <playfield.playfield>
2024-09-18 14:11:53,657 : INFO : EventManager : Event: ======'balldevice_bd_drain_ejecting_ball'====== Args={'balls': 1, 'target': <playfield.playfield>, 'source': <ball_device.bd_drain>, 'mechanical_eject': False, 'num_attempts': 10}
2024-09-18 14:11:53,657 : INFO : ball_device.bd_drain : Wait for ball to leave device
2024-09-18 14:11:53,657 : INFO : coil.c_ball_release : Pulsing Driver for 20ms (1.0 pulse_power)
2024-09-18 14:12:03,659 : INFO : EventManager : Event: ======'balldevice_bd_drain_ball_eject_failed'====== Args={'target': <playfield.playfield>, 'balls': 1, 'retry': True, 'num_attempts': 11}
2024-09-18 14:12:03,660 : INFO : ball_device.bd_drain : State: waiting_for_target_ready
2024-09-18 14:12:03,660 : INFO : EventManager : Event: ======'balldevice_bd_drain_ball_eject_attempt'====== Args={'balls': 1, 'target': <playfield.playfield>, 'source': <ball_device.bd_drain>, 'mechanical_eject': False, 'num_attempts': 11}
2024-09-18 14:12:03,660 : INFO : ball_device.bd_drain : State: ejecting
2024-09-18 14:12:03,661 : INFO : ball_device.bd_drain : Ejecting ball to <playfield.playfield>
2024-09-18 14:12:03,661 : INFO : EventManager : Event: ======'balldevice_bd_drain_ejecting_ball'====== Args={'balls': 1, 'target': <playfield.playfield>, 'source': <ball_device.bd_drain>, 'mechanical_eject': False, 'num_attempts': 11}
2024-09-18 14:12:03,661 : INFO : ball_device.bd_drain : Wait for ball to leave device
2024-09-18 14:12:03,662 : INFO : coil.c_ball_release : Pulsing Driver for 20ms (1.0 pulse_power)
2024-09-18 14:12:13,662 : INFO : EventManager : Event: ======'balldevice_bd_drain_ball_eject_failed'====== Args={'target': <playfield.playfield>, 'balls': 1, 'retry': True, 'num_attempts': 12}
2024-09-18 14:12:13,664 : INFO : ball_device.bd_drain : State: waiting_for_target_ready
2024-09-18 14:12:13,665 : INFO : EventManager : Event: ======'balldevice_bd_drain_ball_eject_attempt'====== Args={'balls': 1, 'target': <playfield.playfield>, 'source': <ball_device.bd_drain>, 'mechanical_eject': False, 'num_attempts': 12}
2024-09-18 14:12:13,665 : INFO : ball_device.bd_drain : State: ejecting
2024-09-18 14:12:13,665 : INFO : ball_device.bd_drain : Ejecting ball to <playfield.playfield>
2024-09-18 14:12:13,665 : INFO : EventManager : Event: ======'balldevice_bd_drain_ejecting_ball'====== Args={'balls': 1, 'target': <playfield.playfield>, 'source': <ball_device.bd_drain>, 'mechanical_eject': False, 'num_attempts': 12}
2024-09-18 14:12:13,666 : INFO : ball_device.bd_drain : Wait for ball to leave device
2024-09-18 14:12:13,667 : INFO : coil.c_ball_release : Pulsing Driver for 20ms (1.0 pulse_power)
2024-09-18 14:12:13,713 : INFO : SwitchController : <<<<<<< 's_1_left_target' inactive >>>>>>>
2024-09-18 14:12:13,747 : INFO : SwitchController : <<<<<<< 's_1_left_target' active >>>>>>>
2024-09-18 14:12:13,748 : INFO : EventManager : Event: ======'machine_var_audits_switches_s_1_left_target'====== Args={'value': 14, 'prev_value': 13, 'change': 1}
2024-09-18 14:12:20,341 : INFO : Machine : Shutting down...
2024-09-18 14:12:20,341 : INFO : EventManager : Event: ======'shutdown'====== Args={}
2024-09-18 14:12:20,343 : INFO : EventManager : Event: ======'mode_game_will_stop'====== Args={}
2024-09-18 14:12:20,343 : INFO : EventManager : Event: ======'mode_game_stopping'====== Args={}
2024-09-18 14:12:20,344 : INFO : Mode.game : Stopped.
2024-09-18 14:12:20,344 : INFO : EventManager : Event: ======'modes_active_modes_changed'====== Args={}
2024-09-18 14:12:20,344 : INFO : EventManager : Event: ======'mode_game_stopped'====== Args={}
2024-09-18 14:12:20,345 : INFO : EventManager : Event: ======'clear'====== Args={'key': 'game'}
2024-09-18 14:12:20,448 : INFO : root : MPF run loop ended.
