2024-09-18 14:08:42,257 : INFO : root : Loading config.
2024-09-18 14:08:42,262 : INFO : YamlMultifileConfigLoader : Machine config file #1: config.yaml
2024-09-18 14:08:42,262 : INFO : ConfigProcessor : Loading config from cache: /tmp/ce9187e7529af622f3b6e40d00abcf94.mpf_cache
2024-09-18 14:08:42,298 : INFO : ConfigProcessor : Loading config from cache: /tmp/8973a6dc4f28e221c9999ded5d94a924.mpf_cache
2024-09-18 14:08:42,298 : INFO : ConfigProcessor : Loading config from cache: /tmp/630a60b96e3d9b5031cbb1e5fa5514c1.mpf_cache
2024-09-18 14:08:42,298 : INFO : Machine : Mission Pinball Framework Core Engine v0.80.0.dev4
2024-09-18 14:08:42,298 : INFO : Machine : Command line arguments: {'no_load_cache': False, 'create_config_cache': True, 'bcp': False, 'configfile': ['config.yaml'], 'force_assets_load': False, 'platform_integration_test': False, 'jsonlogging': False, 'logfile': 'logs/2024-09-18-14-08-42-mpf-mpf.log', 'pause': False, 'production': False, 'text_ui': True, 'loglevel': 15, 'consoleloglevel': 20, 'force_platform': None, 'syslog_address': None, 'mc_file_name': None, 'no_sound': False, 'full_logfile_path': '/home/pinball/Documents/Robowar/logs/2024-09-18-14-08-42-mpf-mpf.log'}
2024-09-18 14:08:42,298 : INFO : Machine : MPF path: /home/pinball/mpfenv/lib/python3.12/site-packages/mpf
2024-09-18 14:08:42,298 : INFO : Machine : Machine path: /home/pinball/Documents/Robowar
2024-09-18 14:08:42,299 : INFO : Machine : Platform: linux
2024-09-18 14:08:42,299 : INFO : Machine : Python executable location: /home/pinball/mpfenv/bin/python3
2024-09-18 14:08:42,299 : INFO : Machine : Python version: 3.12.3 (64-bit)
2024-09-18 14:08:42,299 : INFO : Machine : Initializing MPF...
2024-09-18 14:08:42,368 : INFO : lisy : Connecting to /dev/ttyACM0 at 115200bps
2024-09-18 14:08:42,476 : INFO : EventManager : Event: ======'machine_var_lisy_hardware'====== Args={'value': 'LISY80', 'prev_value': None, 'change': True}
2024-09-18 14:08:42,476 : INFO : EventManager : Event: ======'machine_var_lisy_version'====== Args={'value': '5.26 ', 'prev_value': None, 'change': True}
2024-09-18 14:08:42,476 : INFO : EventManager : Event: ======'machine_var_lisy_api_version'====== Args={'value': b'0.09', 'prev_value': None, 'change': True}
2024-09-18 14:08:42,554 : INFO : EventManager : Event: ======'machine_var_credits_string'====== Args={'value': 'FREE PLAY', 'prev_value': None, 'change': True}
2024-09-18 14:08:42,574 : INFO : EventManager : Event: ======'machine_var_master_volume'====== Args={'value': 0.5, 'prev_value': None, 'change': True}
2024-09-18 14:08:42,574 : INFO : EventManager : Event: ======'machine_var_mpf_version'====== Args={'value': 'Mission Pinball Framework v0.80.0.dev4', 'prev_value': None, 'change': True}
2024-09-18 14:08:42,574 : INFO : EventManager : Event: ======'machine_var_mpf_extended_version'====== Args={'value': 'Mission Pinball Framework v0.80.0.dev4, Config version:6, Show version: 6, BCP version:1.1', 'prev_value': None, 'change': True}
2024-09-18 14:08:42,575 : INFO : EventManager : Event: ======'machine_var_python_version'====== Args={'value': '3.12.3', 'prev_value': None, 'change': True}
2024-09-18 14:08:42,576 : INFO : EventManager : Event: ======'machine_var_platform'====== Args={'value': 'Linux-6.8.0-38-generic-x86_64-with-glibc2.39', 'prev_value': None, 'change': True}
2024-09-18 14:08:42,576 : INFO : EventManager : Event: ======'machine_var_platform_system'====== Args={'value': 'Linux', 'prev_value': None, 'change': True}
2024-09-18 14:08:42,576 : INFO : EventManager : Event: ======'machine_var_platform_release'====== Args={'value': '6.8.0-38-generic', 'prev_value': None, 'change': True}
2024-09-18 14:08:42,576 : INFO : EventManager : Event: ======'machine_var_platform_version'====== Args={'value': '#38-Ubuntu SMP PREEMPT_DYNAMIC Fri Jun  7 15:25:01 UTC 2024', 'prev_value': None, 'change': True}
2024-09-18 14:08:42,576 : INFO : EventManager : Event: ======'machine_var_platform_machine'====== Args={'value': 'x86_64', 'prev_value': None, 'change': True}
2024-09-18 14:08:42,576 : INFO : EventManager : Event: ======'machine_var_log_file_path'====== Args={'value': '/home/pinball/Documents/Robowar/logs/2024-09-18-14-08-42-mpf-mpf.log', 'prev_value': None, 'change': True}
2024-09-18 14:08:42,576 : INFO : EventManager : Event: ======'init_phase_1'====== Args={}
2024-09-18 14:08:42,588 : WARNING : segment_display.upper_display : Segment display update_method will default to 'replace' in a future MPF release. You have no config value specified and are currently getting 'stack' for backwards compatibility. To avoid a breaking change, please set 'update_method: "stack"' in your segment display config.
2024-09-18 14:08:42,588 : WARNING : segment_display.lower_display : Segment display update_method will default to 'replace' in a future MPF release. You have no config value specified and are currently getting 'stack' for backwards compatibility. To avoid a breaking change, please set 'update_method: "stack"' in your segment display config.
2024-09-18 14:08:42,601 : INFO : EventManager : Event: ======'init_phase_2'====== Args={}
2024-09-18 14:08:42,602 : INFO : SwitchController : Found active switch: ('40', <mpf.platforms.lisy.lisy.LisyHardwarePlatform object at 0x799ed2994b90>) <switch.s_1_top_target>
2024-09-18 14:08:42,602 : INFO : SwitchController : Found active switch: ('41', <mpf.platforms.lisy.lisy.LisyHardwarePlatform object at 0x799ed2994b90>) <switch.s_1_right_target>
2024-09-18 14:08:42,602 : INFO : SwitchController : Found active switch: ('42', <mpf.platforms.lisy.lisy.LisyHardwarePlatform object at 0x799ed2994b90>) <switch.s_1_center_target>
2024-09-18 14:08:42,602 : INFO : SwitchController : Found active switch: ('43', <mpf.platforms.lisy.lisy.LisyHardwarePlatform object at 0x799ed2994b90>) <switch.s_1_left_target>
2024-09-18 14:08:42,602 : INFO : SwitchController : Found active switch: ('50', <mpf.platforms.lisy.lisy.LisyHardwarePlatform object at 0x799ed2994b90>) <switch.s_2_top_target>
2024-09-18 14:08:42,602 : INFO : SwitchController : Found active switch: ('51', <mpf.platforms.lisy.lisy.LisyHardwarePlatform object at 0x799ed2994b90>) <switch.s_2_right_target>
2024-09-18 14:08:42,602 : INFO : SwitchController : Found active switch: ('52', <mpf.platforms.lisy.lisy.LisyHardwarePlatform object at 0x799ed2994b90>) <switch.s_2_center_target>
2024-09-18 14:08:42,602 : INFO : SwitchController : Found active switch: ('56', <mpf.platforms.lisy.lisy.LisyHardwarePlatform object at 0x799ed2994b90>) <switch.s_throught>
2024-09-18 14:08:42,602 : INFO : SwitchController : Found active switch: ('60', <mpf.platforms.lisy.lisy.LisyHardwarePlatform object at 0x799ed2994b90>) <switch.s_3_top_target>
2024-09-18 14:08:42,602 : INFO : SwitchController : Found active switch: ('61', <mpf.platforms.lisy.lisy.LisyHardwarePlatform object at 0x799ed2994b90>) <switch.s_3_right_target>
2024-09-18 14:08:42,602 : INFO : SwitchController : Found active switch: ('70', <mpf.platforms.lisy.lisy.LisyHardwarePlatform object at 0x799ed2994b90>) <switch.s_4_top_grop_target>
2024-09-18 14:08:42,602 : INFO : SwitchController : Found active switch: ('73', <mpf.platforms.lisy.lisy.LisyHardwarePlatform object at 0x799ed2994b90>) <switch.s_bottom_bumper>
2024-09-18 14:08:42,603 : INFO : ball_device.bd_drain : BCH: Initial count: 1
2024-09-18 14:08:42,604 : INFO : ball_device.bd_drain : State: idle
2024-09-18 14:08:42,610 : INFO : EventManager : Event: ======'init_phase_3'====== Args={}
2024-09-18 14:08:42,611 : INFO : EventManager : Event: ======'init_phase_4'====== Args={}
2024-09-18 14:08:42,612 : INFO : BallController : Initial balls found: 1
2024-09-18 14:08:42,612 : INFO : EventManager : Event: ======'machine_var_audits_events_game_ended'====== Args={'value': 0, 'prev_value': None, 'change': True}
2024-09-18 14:08:42,612 : INFO : EventManager : Event: ======'machine_var_audits_events_game_started'====== Args={'value': 5, 'prev_value': None, 'change': True}
2024-09-18 14:08:42,612 : INFO : EventManager : Event: ======'machine_var_audits_missing_switches_s_1_center_target'====== Args={'value': 5, 'prev_value': None, 'change': True}
2024-09-18 14:08:42,612 : INFO : EventManager : Event: ======'machine_var_audits_missing_switches_s_1_top_rollover'====== Args={'value': 5, 'prev_value': None, 'change': True}
2024-09-18 14:08:42,612 : INFO : EventManager : Event: ======'machine_var_audits_missing_switches_s_1_top_target'====== Args={'value': 5, 'prev_value': None, 'change': True}
2024-09-18 14:08:42,612 : INFO : EventManager : Event: ======'machine_var_audits_missing_switches_s_2_center_target'====== Args={'value': 5, 'prev_value': None, 'change': True}
2024-09-18 14:08:42,613 : INFO : EventManager : Event: ======'machine_var_audits_missing_switches_s_2_right_target'====== Args={'value': 1, 'prev_value': None, 'change': True}
2024-09-18 14:08:42,613 : INFO : EventManager : Event: ======'machine_var_audits_missing_switches_s_2_top_rollover'====== Args={'value': 5, 'prev_value': None, 'change': True}
2024-09-18 14:08:42,613 : INFO : EventManager : Event: ======'machine_var_audits_missing_switches_s_2_top_target'====== Args={'value': 5, 'prev_value': None, 'change': True}
2024-09-18 14:08:42,613 : INFO : EventManager : Event: ======'machine_var_audits_missing_switches_s_3_right_target'====== Args={'value': 1, 'prev_value': None, 'change': True}
2024-09-18 14:08:42,613 : INFO : EventManager : Event: ======'machine_var_audits_missing_switches_s_3_top_rollover'====== Args={'value': 5, 'prev_value': None, 'change': True}
2024-09-18 14:08:42,613 : INFO : EventManager : Event: ======'machine_var_audits_missing_switches_s_3_top_target'====== Args={'value': 5, 'prev_value': None, 'change': True}
2024-09-18 14:08:42,613 : INFO : EventManager : Event: ======'machine_var_audits_missing_switches_s_4_top_grop_target'====== Args={'value': 5, 'prev_value': None, 'change': True}
2024-09-18 14:08:42,613 : INFO : EventManager : Event: ======'machine_var_audits_missing_switches_s_4_top_rollover'====== Args={'value': 5, 'prev_value': None, 'change': True}
2024-09-18 14:08:42,613 : INFO : EventManager : Event: ======'machine_var_audits_missing_switches_s_bottom_bumper'====== Args={'value': 5, 'prev_value': None, 'change': True}
2024-09-18 14:08:42,613 : INFO : EventManager : Event: ======'machine_var_audits_missing_switches_s_center_coin'====== Args={'value': 5, 'prev_value': None, 'change': True}
2024-09-18 14:08:42,613 : INFO : EventManager : Event: ======'machine_var_audits_missing_switches_s_hole'====== Args={'value': 5, 'prev_value': None, 'change': True}
2024-09-18 14:08:42,613 : INFO : EventManager : Event: ======'machine_var_audits_missing_switches_s_kicking_2'====== Args={'value': 5, 'prev_value': None, 'change': True}
2024-09-18 14:08:42,613 : INFO : EventManager : Event: ======'machine_var_audits_missing_switches_s_left_adv'====== Args={'value': 5, 'prev_value': None, 'change': True}
2024-09-18 14:08:42,613 : INFO : EventManager : Event: ======'machine_var_audits_missing_switches_s_left_coin'====== Args={'value': 5, 'prev_value': None, 'change': True}
2024-09-18 14:08:42,614 : INFO : EventManager : Event: ======'machine_var_audits_missing_switches_s_left_out_rollover'====== Args={'value': 5, 'prev_value': None, 'change': True}
2024-09-18 14:08:42,614 : INFO : EventManager : Event: ======'machine_var_audits_missing_switches_s_left_return_rollover'====== Args={'value': 5, 'prev_value': None, 'change': True}
2024-09-18 14:08:42,614 : INFO : EventManager : Event: ======'machine_var_audits_missing_switches_s_left_spot_target'====== Args={'value': 5, 'prev_value': None, 'change': True}
2024-09-18 14:08:42,614 : INFO : EventManager : Event: ======'machine_var_audits_missing_switches_s_outhole'====== Args={'value': 1, 'prev_value': None, 'change': True}
2024-09-18 14:08:42,614 : INFO : EventManager : Event: ======'machine_var_audits_missing_switches_s_play_test_play'====== Args={'value': 5, 'prev_value': None, 'change': True}
2024-09-18 14:08:42,614 : INFO : EventManager : Event: ======'machine_var_audits_missing_switches_s_right_adv'====== Args={'value': 5, 'prev_value': None, 'change': True}
2024-09-18 14:08:42,614 : INFO : EventManager : Event: ======'machine_var_audits_missing_switches_s_right_coin'====== Args={'value': 5, 'prev_value': None, 'change': True}
2024-09-18 14:08:42,614 : INFO : EventManager : Event: ======'machine_var_audits_missing_switches_s_right_flipper'====== Args={'value': 5, 'prev_value': None, 'change': True}
2024-09-18 14:08:42,614 : INFO : EventManager : Event: ======'machine_var_audits_missing_switches_s_right_out_rollover'====== Args={'value': 5, 'prev_value': None, 'change': True}
2024-09-18 14:08:42,614 : INFO : EventManager : Event: ======'machine_var_audits_missing_switches_s_right_return_rollover'====== Args={'value': 5, 'prev_value': None, 'change': True}
2024-09-18 14:08:42,614 : INFO : EventManager : Event: ======'machine_var_audits_missing_switches_s_right_side_rollover'====== Args={'value': 5, 'prev_value': None, 'change': True}
2024-09-18 14:08:42,614 : INFO : EventManager : Event: ======'machine_var_audits_missing_switches_s_shooter_lane_rollover'====== Args={'value': 1, 'prev_value': None, 'change': True}
2024-09-18 14:08:42,614 : INFO : EventManager : Event: ======'machine_var_audits_missing_switches_s_spinner'====== Args={'value': 5, 'prev_value': None, 'change': True}
2024-09-18 14:08:42,615 : INFO : EventManager : Event: ======'machine_var_audits_missing_switches_s_stargate_rollover'====== Args={'value': 5, 'prev_value': None, 'change': True}
2024-09-18 14:08:42,615 : INFO : EventManager : Event: ======'machine_var_audits_missing_switches_s_stargate_spot'====== Args={'value': 5, 'prev_value': None, 'change': True}
2024-09-18 14:08:42,615 : INFO : EventManager : Event: ======'machine_var_audits_missing_switches_s_start'====== Args={'value': 1, 'prev_value': None, 'change': True}
2024-09-18 14:08:42,615 : INFO : EventManager : Event: ======'machine_var_audits_missing_switches_s_throught'====== Args={'value': 1, 'prev_value': None, 'change': True}
2024-09-18 14:08:42,615 : INFO : EventManager : Event: ======'machine_var_audits_missing_switches_s_tilt'====== Args={'value': 5, 'prev_value': None, 'change': True}
2024-09-18 14:08:42,615 : INFO : EventManager : Event: ======'machine_var_audits_missing_switches_s_top_left_bumper'====== Args={'value': 5, 'prev_value': None, 'change': True}
2024-09-18 14:08:42,615 : INFO : EventManager : Event: ======'machine_var_audits_missing_switches_s_top_right_bumper'====== Args={'value': 1, 'prev_value': None, 'change': True}
2024-09-18 14:08:42,615 : INFO : EventManager : Event: ======'machine_var_audits_missing_switches_s_top_right_rollunder'====== Args={'value': 1, 'prev_value': None, 'change': True}
2024-09-18 14:08:42,615 : INFO : EventManager : Event: ======'machine_var_audits_player_score'====== Args={'value': {'average': 0, 'top': [], 'total': 0}, 'prev_value': None, 'change': True}
2024-09-18 14:08:42,615 : INFO : EventManager : Event: ======'machine_var_audits_switches_s_1_center_target'====== Args={'value': 0, 'prev_value': None, 'change': True}
2024-09-18 14:08:42,615 : INFO : EventManager : Event: ======'machine_var_audits_switches_s_1_left_target'====== Args={'value': 10, 'prev_value': None, 'change': True}
2024-09-18 14:08:42,616 : INFO : EventManager : Event: ======'machine_var_audits_switches_s_1_right_target'====== Args={'value': 3, 'prev_value': None, 'change': True}
2024-09-18 14:08:42,616 : INFO : EventManager : Event: ======'machine_var_audits_switches_s_1_top_rollover'====== Args={'value': 0, 'prev_value': None, 'change': True}
2024-09-18 14:08:42,616 : INFO : EventManager : Event: ======'machine_var_audits_switches_s_1_top_target'====== Args={'value': 0, 'prev_value': None, 'change': True}
2024-09-18 14:08:42,616 : INFO : EventManager : Event: ======'machine_var_audits_switches_s_2_center_target'====== Args={'value': 0, 'prev_value': None, 'change': True}
2024-09-18 14:08:42,616 : INFO : EventManager : Event: ======'machine_var_audits_switches_s_2_right_target'====== Args={'value': 3, 'prev_value': None, 'change': True}
2024-09-18 14:08:42,616 : INFO : EventManager : Event: ======'machine_var_audits_switches_s_2_top_rollover'====== Args={'value': 0, 'prev_value': None, 'change': True}
2024-09-18 14:08:42,616 : INFO : EventManager : Event: ======'machine_var_audits_switches_s_2_top_target'====== Args={'value': 0, 'prev_value': None, 'change': True}
2024-09-18 14:08:42,616 : INFO : EventManager : Event: ======'machine_var_audits_switches_s_3_right_target'====== Args={'value': 5, 'prev_value': None, 'change': True}
2024-09-18 14:08:42,616 : INFO : EventManager : Event: ======'machine_var_audits_switches_s_3_top_rollover'====== Args={'value': 0, 'prev_value': None, 'change': True}
2024-09-18 14:08:42,617 : INFO : EventManager : Event: ======'machine_var_audits_switches_s_3_top_target'====== Args={'value': 0, 'prev_value': None, 'change': True}
2024-09-18 14:08:42,617 : INFO : EventManager : Event: ======'machine_var_audits_switches_s_4_top_grop_target'====== Args={'value': 0, 'prev_value': None, 'change': True}
2024-09-18 14:08:42,617 : INFO : EventManager : Event: ======'machine_var_audits_switches_s_4_top_rollover'====== Args={'value': 0, 'prev_value': None, 'change': True}
2024-09-18 14:08:42,617 : INFO : EventManager : Event: ======'machine_var_audits_switches_s_bottom_bumper'====== Args={'value': 0, 'prev_value': None, 'change': True}
2024-09-18 14:08:42,617 : INFO : EventManager : Event: ======'machine_var_audits_switches_s_center_coin'====== Args={'value': 0, 'prev_value': None, 'change': True}
2024-09-18 14:08:42,617 : INFO : EventManager : Event: ======'machine_var_audits_switches_s_hole'====== Args={'value': 0, 'prev_value': None, 'change': True}
2024-09-18 14:08:42,617 : INFO : EventManager : Event: ======'machine_var_audits_switches_s_kicking_2'====== Args={'value': 0, 'prev_value': None, 'change': True}
2024-09-18 14:08:42,617 : INFO : EventManager : Event: ======'machine_var_audits_switches_s_left_adv'====== Args={'value': 0, 'prev_value': None, 'change': True}
2024-09-18 14:08:42,618 : INFO : EventManager : Event: ======'machine_var_audits_switches_s_left_coin'====== Args={'value': 0, 'prev_value': None, 'change': True}
2024-09-18 14:08:42,618 : INFO : EventManager : Event: ======'machine_var_audits_switches_s_left_out_rollover'====== Args={'value': 0, 'prev_value': None, 'change': True}
2024-09-18 14:08:42,618 : INFO : EventManager : Event: ======'machine_var_audits_switches_s_left_return_rollover'====== Args={'value': 0, 'prev_value': None, 'change': True}
2024-09-18 14:08:42,618 : INFO : EventManager : Event: ======'machine_var_audits_switches_s_left_spot_target'====== Args={'value': 0, 'prev_value': None, 'change': True}
2024-09-18 14:08:42,618 : INFO : EventManager : Event: ======'machine_var_audits_switches_s_outhole'====== Args={'value': 1, 'prev_value': None, 'change': True}
2024-09-18 14:08:42,618 : INFO : EventManager : Event: ======'machine_var_audits_switches_s_play_test_play'====== Args={'value': 0, 'prev_value': None, 'change': True}
2024-09-18 14:08:42,618 : INFO : EventManager : Event: ======'machine_var_audits_switches_s_right_adv'====== Args={'value': 0, 'prev_value': None, 'change': True}
2024-09-18 14:08:42,618 : INFO : EventManager : Event: ======'machine_var_audits_switches_s_right_coin'====== Args={'value': 0, 'prev_value': None, 'change': True}
2024-09-18 14:08:42,618 : INFO : EventManager : Event: ======'machine_var_audits_switches_s_right_flipper'====== Args={'value': 0, 'prev_value': None, 'change': True}
2024-09-18 14:08:42,619 : INFO : EventManager : Event: ======'machine_var_audits_switches_s_right_out_rollover'====== Args={'value': 0, 'prev_value': None, 'change': True}
2024-09-18 14:08:42,619 : INFO : EventManager : Event: ======'machine_var_audits_switches_s_right_return_rollover'====== Args={'value': 0, 'prev_value': None, 'change': True}
2024-09-18 14:08:42,619 : INFO : EventManager : Event: ======'machine_var_audits_switches_s_right_side_rollover'====== Args={'value': 0, 'prev_value': None, 'change': True}
2024-09-18 14:08:42,619 : INFO : EventManager : Event: ======'machine_var_audits_switches_s_shooter_lane_rollover'====== Args={'value': 1, 'prev_value': None, 'change': True}
2024-09-18 14:08:42,619 : INFO : EventManager : Event: ======'machine_var_audits_switches_s_spinner'====== Args={'value': 0, 'prev_value': None, 'change': True}
2024-09-18 14:08:42,619 : INFO : EventManager : Event: ======'machine_var_audits_switches_s_stargate_rollover'====== Args={'value': 0, 'prev_value': None, 'change': True}
2024-09-18 14:08:42,619 : INFO : EventManager : Event: ======'machine_var_audits_switches_s_stargate_spot'====== Args={'value': 0, 'prev_value': None, 'change': True}
2024-09-18 14:08:42,619 : INFO : EventManager : Event: ======'machine_var_audits_switches_s_start'====== Args={'value': 6, 'prev_value': None, 'change': True}
2024-09-18 14:08:42,620 : INFO : EventManager : Event: ======'machine_var_audits_switches_s_throught'====== Args={'value': 1, 'prev_value': None, 'change': True}
2024-09-18 14:08:42,620 : INFO : EventManager : Event: ======'machine_var_audits_switches_s_tilt'====== Args={'value': 0, 'prev_value': None, 'change': True}
2024-09-18 14:08:42,620 : INFO : EventManager : Event: ======'machine_var_audits_switches_s_top_left_bumper'====== Args={'value': 0, 'prev_value': None, 'change': True}
2024-09-18 14:08:42,620 : INFO : EventManager : Event: ======'machine_var_audits_switches_s_top_right_bumper'====== Args={'value': 1, 'prev_value': None, 'change': True}
2024-09-18 14:08:42,620 : INFO : EventManager : Event: ======'machine_var_audits_switches_s_top_right_rollunder'====== Args={'value': 41, 'prev_value': None, 'change': True}
2024-09-18 14:08:42,620 : INFO : EventManager : Event: ======'init_phase_5'====== Args={}
2024-09-18 14:08:42,633 : INFO : EventManager : Event: ======'init_done'====== Args={}
2024-09-18 14:08:42,633 : INFO : EventManager : Event: ======'machine_reset_phase_1'====== Args={}
2024-09-18 14:08:42,634 : INFO : EventManager : Event: ======'machine_reset_phase_2'====== Args={}
2024-09-18 14:08:42,634 : INFO : EventManager : Event: ======'machine_reset_phase_3'====== Args={}
2024-09-18 14:08:42,634 : INFO : EventManager : Event: ======'reset_complete'====== Args={}
2024-09-18 14:08:42,634 : INFO : EventManager : Event: ======'mode_attract_will_start'====== Args={}
2024-09-18 14:08:42,634 : INFO : EventManager : Event: ======'mode_attract_starting'====== Args={}
2024-09-18 14:08:42,634 : INFO : Mode.attract : Started. Priority: 10
2024-09-18 14:08:42,634 : INFO : EventManager : Event: ======'modes_active_modes_changed'====== Args={}
2024-09-18 14:08:42,634 : INFO : EventManager : Event: ======'mode_attract_started'====== Args={}
2024-09-18 14:08:42,634 : INFO : EventManager : Event: ======'collecting_balls_complete'====== Args={}
2024-09-18 14:08:42,634 : INFO : Machine : Starting the main run loop.
2024-09-18 14:08:45,892 : INFO : SwitchController : <<<<<<< 's_start' active >>>>>>>
2024-09-18 14:08:45,951 : INFO : SwitchController : <<<<<<< 's_start' inactive >>>>>>>
2024-09-18 14:08:45,952 : INFO : EventManager : Event: ======'request_to_start_game'====== Args={}
2024-09-18 14:08:45,952 : INFO : EventManager : Event: ======'game_start'====== Args={'buttons': [], 'hold_time': 0.058851779001997784}
2024-09-18 14:08:45,952 : INFO : EventManager : Event: ======'mode_game_will_start'====== Args={'buttons': [], 'hold_time': 0.058851779001997784}
2024-09-18 14:08:45,953 : INFO : EventManager : Event: ======'mode_game_starting'====== Args={'buttons': [], 'hold_time': 0.058851779001997784}
2024-09-18 14:08:45,953 : INFO : EventManager : Event: ======'mode_attract_will_stop'====== Args={}
2024-09-18 14:08:45,953 : INFO : EventManager : Event: ======'mode_attract_stopping'====== Args={}
2024-09-18 14:08:45,953 : INFO : Mode.attract : Stopped.
2024-09-18 14:08:45,953 : INFO : EventManager : Event: ======'modes_active_modes_changed'====== Args={}
2024-09-18 14:08:45,954 : INFO : EventManager : Event: ======'mode_attract_stopped'====== Args={}
2024-09-18 14:08:45,954 : INFO : EventManager : Event: ======'clear'====== Args={'key': 'attract'}
2024-09-18 14:08:45,954 : INFO : Mode.game : Started. Priority: 20
2024-09-18 14:08:45,954 : INFO : EventManager : Event: ======'modes_active_modes_changed'====== Args={}
2024-09-18 14:08:45,954 : INFO : EventManager : Event: ======'mode_game_started'====== Args={'buttons': [], 'hold_time': 0.058851779001997784}
2024-09-18 14:08:45,955 : INFO : EventManager : Event: ======'game_will_start'====== Args={}
2024-09-18 14:08:45,956 : INFO : EventManager : Event: ======'game_starting'====== Args={'game': <Mode.game>}
2024-09-18 14:08:45,957 : INFO : EventManager : Unordered handler for class <Auditor> on event game_ended with priority 1. Handlers: [RegisteredHandler(callback=<bound method Auditor.disable of <Auditor>>, priority=1, kwargs={}, key=UUID('3c32a6d6-b189-4407-8bc1-1869c0e32dbc'), condition=None, blocking_facility=None), RegisteredHandler(callback=<bound method Auditor._save_audits of <Auditor>>, priority=1, kwargs={}, key=UUID('69893a49-27a2-4b35-9c5f-a99acbd5887f'), condition=None, blocking_facility=None)]. The order of those handlers is not defined and they will be executed in random order. This might lead to race conditions and potential bugs.
2024-09-18 14:08:45,957 : INFO : EventManager : Event: ======'player_add_request'====== Args={}
2024-09-18 14:08:45,957 : INFO : EventManager : Event: ======'player_will_add'====== Args={'number': 1}
2024-09-18 14:08:45,958 : INFO : EventManager : Event: ======'player_adding'====== Args={'player': <Player 1>, 'number': 1}
2024-09-18 14:08:45,958 : INFO : EventManager : Event: ======'player_added'====== Args={'player': <Player 1>, 'num': 1}
2024-09-18 14:08:45,958 : INFO : Mode.game : Player added successfully. Total players: 1
2024-09-18 14:08:45,958 : INFO : EventManager : Event: ======'player_index'====== Args={'value': 0, 'prev_value': 0, 'change': 0, 'player_num': 1}
2024-09-18 14:08:45,958 : INFO : EventManager : Event: ======'player_number'====== Args={'value': 1, 'prev_value': 1, 'change': 0, 'player_num': 1}
2024-09-18 14:08:45,958 : INFO : EventManager : Event: ======'player_score'====== Args={'value': 0, 'prev_value': 0, 'change': 0, 'player_num': 1}
2024-09-18 14:08:45,959 : INFO : EventManager : Event: ======'game_started'====== Args={}
2024-09-18 14:08:45,959 : INFO : EventManager : Event: ======'player_turn_will_start'====== Args={'player': <Player 1>, 'number': 1}
2024-09-18 14:08:45,960 : INFO : EventManager : Event: ======'player_turn_starting'====== Args={'player': <Player 1>, 'number': 1}
2024-09-18 14:08:45,960 : INFO : EventManager : Event: ======'player_ball'====== Args={'value': 1, 'prev_value': 0, 'change': 1, 'player_num': 1}
2024-09-18 14:08:45,960 : INFO : EventManager : Event: ======'player_turn_started'====== Args={'player': <Player 1>, 'number': 1}
2024-09-18 14:08:45,961 : INFO : EventManager : Event: ======'ball_will_start'====== Args={'player': 1, 'ball': 1, 'balls_remaining': 2, 'is_extra_ball': False}
2024-09-18 14:08:45,961 : INFO : EventManager : Event: ======'ball_starting'====== Args={'player': 1, 'ball': 1, 'balls_remaining': 2, 'is_extra_ball': False}
2024-09-18 14:08:45,961 : INFO : EventManager : Event: ======'balls_in_play'====== Args={'balls': 1}
2024-09-18 14:08:45,962 : INFO : EventManager : Event: ======'ball_started'====== Args={'player': 1, 'ball': 1, 'balls_remaining': 2, 'is_extra_ball': False}
2024-09-18 14:08:45,962 : INFO : EventManager : Event: ======'single_player_ball_started'====== Args={}
2024-09-18 14:08:45,986 : INFO : EventManager : Event: ======'ball_start_target'====== Args={'target': 'playfield'}
2024-09-18 14:08:45,986 : INFO : ball_device.bd_drain : Setting up player-controlled eject. Balls: 1, Target: <playfield.playfield>, player_controlled_eject_event: None
2024-09-18 14:08:45,986 : INFO : ball_device.bd_drain : Adding 1 ball(s) to the eject_queue with target <playfield.playfield>.
2024-09-18 14:08:45,987 : INFO : EventManager : Event: ======'balldevice_balls_available'====== Args={}
2024-09-18 14:08:45,987 : INFO : ball_device.bd_drain : State: waiting_for_target_ready
2024-09-18 14:08:45,987 : INFO : EventManager : Event: ======'balldevice_bd_drain_ball_eject_attempt'====== Args={'balls': 1, 'target': <playfield.playfield>, 'source': <ball_device.bd_drain>, 'mechanical_eject': False, 'num_attempts': 0}
2024-09-18 14:08:45,987 : INFO : SwitchController : <<<<<<< 's_start' active >>>>>>>
2024-09-18 14:08:45,987 : INFO : EventManager : Event: ======'sw_start'====== Args={}
2024-09-18 14:08:45,988 : INFO : EventManager : Event: ======'machine_var_audits_switches_s_start'====== Args={'value': 7, 'prev_value': 6, 'change': 1}
2024-09-18 14:08:45,988 : INFO : ball_device.bd_drain : State: ejecting
2024-09-18 14:08:45,988 : INFO : ball_device.bd_drain : Ejecting ball to <playfield.playfield>
2024-09-18 14:08:45,988 : INFO : EventManager : Event: ======'balldevice_bd_drain_ejecting_ball'====== Args={'balls': 1, 'target': <playfield.playfield>, 'source': <ball_device.bd_drain>, 'mechanical_eject': False, 'num_attempts': 0}
2024-09-18 14:08:45,988 : INFO : EventManager : Event: ======'player_add_request'====== Args={}
2024-09-18 14:08:45,989 : INFO : EventManager : Event: ======'player_will_add'====== Args={'number': 2}
2024-09-18 14:08:45,989 : INFO : EventManager : Event: ======'player_adding'====== Args={'player': <Player 2>, 'number': 2}
2024-09-18 14:08:45,989 : INFO : EventManager : Event: ======'player_added'====== Args={'player': <Player 2>, 'num': 2}
2024-09-18 14:08:45,989 : INFO : Mode.game : Player added successfully. Total players: 2
2024-09-18 14:08:45,989 : INFO : EventManager : Event: ======'multiplayer_game'====== Args={}
2024-09-18 14:08:45,989 : INFO : EventManager : Event: ======'player_index'====== Args={'value': 1, 'prev_value': 1, 'change': 0, 'player_num': 2}
2024-09-18 14:08:45,989 : INFO : EventManager : Event: ======'player_number'====== Args={'value': 2, 'prev_value': 2, 'change': 0, 'player_num': 2}
2024-09-18 14:08:45,989 : INFO : EventManager : Event: ======'player_score'====== Args={'value': 0, 'prev_value': 0, 'change': 0, 'player_num': 2}
2024-09-18 14:08:45,991 : INFO : ball_device.bd_drain : Wait for ball to leave device
2024-09-18 14:08:45,991 : INFO : coil.c_ball_release : Pulsing Driver for 20ms (1.0 pulse_power)
2024-09-18 14:08:46,036 : INFO : SwitchController : <<<<<<< 's_2_right_target' inactive >>>>>>>
2024-09-18 14:08:46,054 : INFO : SwitchController : <<<<<<< 's_2_right_target' active >>>>>>>
2024-09-18 14:08:46,054 : INFO : EventManager : Event: ======'machine_var_audits_switches_s_2_right_target'====== Args={'value': 4, 'prev_value': 3, 'change': 1}
2024-09-18 14:08:46,109 : INFO : SwitchController : <<<<<<< 's_start' inactive >>>>>>>
2024-09-18 14:08:48,770 : INFO : Machine : Shutting down...
2024-09-18 14:08:48,771 : INFO : EventManager : Event: ======'shutdown'====== Args={}
2024-09-18 14:08:48,772 : INFO : EventManager : Event: ======'mode_game_will_stop'====== Args={}
2024-09-18 14:08:48,772 : INFO : EventManager : Event: ======'mode_game_stopping'====== Args={}
2024-09-18 14:08:48,774 : INFO : Mode.game : Stopped.
2024-09-18 14:08:48,774 : INFO : EventManager : Event: ======'modes_active_modes_changed'====== Args={}
2024-09-18 14:08:48,774 : INFO : EventManager : Event: ======'mode_game_stopped'====== Args={}
2024-09-18 14:08:48,774 : INFO : EventManager : Event: ======'clear'====== Args={'key': 'game'}
2024-09-18 14:08:48,878 : INFO : root : MPF run loop ended.
