2024-09-18 14:41:35,885 : INFO : root : Loading config.
2024-09-18 14:41:35,887 : INFO : YamlMultifileConfigLoader : Machine config file #1: config.yaml
2024-09-18 14:41:35,888 : INFO : ConfigProcessor : Loading config from cache: /tmp/ce9187e7529af622f3b6e40d00abcf94.mpf_cache
2024-09-18 14:41:35,888 : WARNING : ConfigProcessor : Config file in cache changed: /home/pinball/Documents/Robowar/config/coils.yaml
2024-09-18 14:41:35,888 : INFO : ConfigProcessor : Loading config from file /home/pinball/mpfenv/lib/python3.12/site-packages/mpf/mpfconfig.yaml.
2024-09-18 14:41:35,896 : INFO : ConfigProcessor : Loading config: /home/pinball/mpfenv/lib/python3.12/site-packages/mpf/mpfconfig.yaml
2024-09-18 14:41:35,896 : INFO : ConfigProcessor : Loading config from file /home/pinball/Documents/Robowar/config/config.yaml.
2024-09-18 14:41:35,897 : INFO : ConfigProcessor : Loading config: /home/pinball/Documents/Robowar/config/config.yaml
2024-09-18 14:41:35,899 : INFO : ConfigProcessor : Loading config: /home/pinball/Documents/Robowar/config/switches.yaml
2024-09-18 14:41:35,900 : INFO : ConfigProcessor : Loading config: /home/pinball/Documents/Robowar/config/coils.yaml
2024-09-18 14:41:35,901 : INFO : ConfigProcessor : Loading config: /home/pinball/Documents/Robowar/config/displays.yaml
2024-09-18 14:41:35,903 : INFO : ConfigProcessor : Loading config: /home/pinball/Documents/Robowar/config/lamps.yaml
2024-09-18 14:41:35,904 : INFO : ConfigProcessor : Config file cache created: /tmp/ce9187e7529af622f3b6e40d00abcf94.mpf_cache
2024-09-18 14:41:35,933 : INFO : ConfigProcessor : Loading config from cache: /tmp/8973a6dc4f28e221c9999ded5d94a924.mpf_cache
2024-09-18 14:41:35,933 : INFO : ConfigProcessor : Loading config from cache: /tmp/630a60b96e3d9b5031cbb1e5fa5514c1.mpf_cache
2024-09-18 14:41:35,934 : INFO : Machine : Mission Pinball Framework Core Engine v0.80.0.dev4
2024-09-18 14:41:35,934 : INFO : Machine : Command line arguments: {'no_load_cache': False, 'create_config_cache': True, 'bcp': False, 'configfile': ['config.yaml'], 'force_assets_load': False, 'platform_integration_test': False, 'jsonlogging': False, 'logfile': 'logs/2024-09-18-14-41-35-mpf-mpf.log', 'pause': False, 'production': False, 'text_ui': True, 'loglevel': 15, 'consoleloglevel': 20, 'force_platform': None, 'syslog_address': None, 'mc_file_name': None, 'no_sound': False, 'full_logfile_path': '/home/pinball/Documents/Robowar/logs/2024-09-18-14-41-35-mpf-mpf.log'}
2024-09-18 14:41:35,934 : INFO : Machine : MPF path: /home/pinball/mpfenv/lib/python3.12/site-packages/mpf
2024-09-18 14:41:35,934 : INFO : Machine : Machine path: /home/pinball/Documents/Robowar
2024-09-18 14:41:35,934 : INFO : Machine : Platform: linux
2024-09-18 14:41:35,934 : INFO : Machine : Python executable location: /home/pinball/mpfenv/bin/python3
2024-09-18 14:41:35,934 : INFO : Machine : Python version: 3.12.3 (64-bit)
2024-09-18 14:41:35,934 : INFO : Machine : Initializing MPF...
2024-09-18 14:41:35,982 : INFO : lisy : Connecting to /dev/ttyACM0 at 115200bps
2024-09-18 14:41:36,089 : INFO : EventManager : Event: ======'machine_var_lisy_hardware'====== Args={'value': 'LISY80', 'prev_value': None, 'change': True}
2024-09-18 14:41:36,089 : INFO : EventManager : Event: ======'machine_var_lisy_version'====== Args={'value': '5.26 ', 'prev_value': None, 'change': True}
2024-09-18 14:41:36,089 : INFO : EventManager : Event: ======'machine_var_lisy_api_version'====== Args={'value': b'0.09', 'prev_value': None, 'change': True}
2024-09-18 14:41:36,176 : INFO : EventManager : Event: ======'machine_var_credits_string'====== Args={'value': 'FREE PLAY', 'prev_value': None, 'change': True}
2024-09-18 14:41:36,194 : INFO : EventManager : Event: ======'machine_var_master_volume'====== Args={'value': 0.5, 'prev_value': None, 'change': True}
2024-09-18 14:41:36,194 : INFO : EventManager : Event: ======'machine_var_mpf_version'====== Args={'value': 'Mission Pinball Framework v0.80.0.dev4', 'prev_value': None, 'change': True}
2024-09-18 14:41:36,195 : INFO : EventManager : Event: ======'machine_var_mpf_extended_version'====== Args={'value': 'Mission Pinball Framework v0.80.0.dev4, Config version:6, Show version: 6, BCP version:1.1', 'prev_value': None, 'change': True}
2024-09-18 14:41:36,195 : INFO : EventManager : Event: ======'machine_var_python_version'====== Args={'value': '3.12.3', 'prev_value': None, 'change': True}
2024-09-18 14:41:36,197 : INFO : EventManager : Event: ======'machine_var_platform'====== Args={'value': 'Linux-6.8.0-38-generic-x86_64-with-glibc2.39', 'prev_value': None, 'change': True}
2024-09-18 14:41:36,197 : INFO : EventManager : Event: ======'machine_var_platform_system'====== Args={'value': 'Linux', 'prev_value': None, 'change': True}
2024-09-18 14:41:36,197 : INFO : EventManager : Event: ======'machine_var_platform_release'====== Args={'value': '6.8.0-38-generic', 'prev_value': None, 'change': True}
2024-09-18 14:41:36,197 : INFO : EventManager : Event: ======'machine_var_platform_version'====== Args={'value': '#38-Ubuntu SMP PREEMPT_DYNAMIC Fri Jun  7 15:25:01 UTC 2024', 'prev_value': None, 'change': True}
2024-09-18 14:41:36,197 : INFO : EventManager : Event: ======'machine_var_platform_machine'====== Args={'value': 'x86_64', 'prev_value': None, 'change': True}
2024-09-18 14:41:36,197 : INFO : EventManager : Event: ======'machine_var_log_file_path'====== Args={'value': '/home/pinball/Documents/Robowar/logs/2024-09-18-14-41-35-mpf-mpf.log', 'prev_value': None, 'change': True}
2024-09-18 14:41:36,197 : INFO : EventManager : Event: ======'init_phase_1'====== Args={}
2024-09-18 14:41:36,209 : WARNING : segment_display.upper_display : Segment display update_method will default to 'replace' in a future MPF release. You have no config value specified and are currently getting 'stack' for backwards compatibility. To avoid a breaking change, please set 'update_method: "stack"' in your segment display config.
2024-09-18 14:41:36,210 : WARNING : segment_display.lower_display : Segment display update_method will default to 'replace' in a future MPF release. You have no config value specified and are currently getting 'stack' for backwards compatibility. To avoid a breaking change, please set 'update_method: "stack"' in your segment display config.
2024-09-18 14:41:36,223 : INFO : EventManager : Event: ======'init_phase_2'====== Args={}
2024-09-18 14:41:36,223 : INFO : SwitchController : Found active switch: ('40', <mpf.platforms.lisy.lisy.LisyHardwarePlatform object at 0x76afec094dd0>) <switch.s_1_top_target>
2024-09-18 14:41:36,223 : INFO : SwitchController : Found active switch: ('41', <mpf.platforms.lisy.lisy.LisyHardwarePlatform object at 0x76afec094dd0>) <switch.s_1_right_target>
2024-09-18 14:41:36,223 : INFO : SwitchController : Found active switch: ('42', <mpf.platforms.lisy.lisy.LisyHardwarePlatform object at 0x76afec094dd0>) <switch.s_1_center_target>
2024-09-18 14:41:36,224 : INFO : SwitchController : Found active switch: ('43', <mpf.platforms.lisy.lisy.LisyHardwarePlatform object at 0x76afec094dd0>) <switch.s_1_left_target>
2024-09-18 14:41:36,224 : INFO : SwitchController : Found active switch: ('50', <mpf.platforms.lisy.lisy.LisyHardwarePlatform object at 0x76afec094dd0>) <switch.s_2_top_target>
2024-09-18 14:41:36,224 : INFO : SwitchController : Found active switch: ('51', <mpf.platforms.lisy.lisy.LisyHardwarePlatform object at 0x76afec094dd0>) <switch.s_2_right_target>
2024-09-18 14:41:36,224 : INFO : SwitchController : Found active switch: ('52', <mpf.platforms.lisy.lisy.LisyHardwarePlatform object at 0x76afec094dd0>) <switch.s_2_center_target>
2024-09-18 14:41:36,224 : INFO : SwitchController : Found active switch: ('56', <mpf.platforms.lisy.lisy.LisyHardwarePlatform object at 0x76afec094dd0>) <switch.s_throught>
2024-09-18 14:41:36,224 : INFO : SwitchController : Found active switch: ('60', <mpf.platforms.lisy.lisy.LisyHardwarePlatform object at 0x76afec094dd0>) <switch.s_3_top_target>
2024-09-18 14:41:36,224 : INFO : SwitchController : Found active switch: ('61', <mpf.platforms.lisy.lisy.LisyHardwarePlatform object at 0x76afec094dd0>) <switch.s_3_right_target>
2024-09-18 14:41:36,224 : INFO : SwitchController : Found active switch: ('70', <mpf.platforms.lisy.lisy.LisyHardwarePlatform object at 0x76afec094dd0>) <switch.s_4_top_grop_target>
2024-09-18 14:41:36,224 : INFO : SwitchController : Found active switch: ('73', <mpf.platforms.lisy.lisy.LisyHardwarePlatform object at 0x76afec094dd0>) <switch.s_bottom_bumper>
2024-09-18 14:41:36,225 : INFO : ball_device.bd_plung : BCH: Initial count: 1
2024-09-18 14:41:36,225 : INFO : ball_device.bd_plung : State: idle
2024-09-18 14:41:36,226 : INFO : ball_device.bd_drain : BCH: Initial count: 0
2024-09-18 14:41:36,226 : INFO : ball_device.bd_drain : State: idle
2024-09-18 14:41:36,232 : INFO : EventManager : Event: ======'init_phase_3'====== Args={}
2024-09-18 14:41:36,233 : INFO : EventManager : Event: ======'init_phase_4'====== Args={}
2024-09-18 14:41:36,233 : INFO : BallController : Initial balls found: 1
2024-09-18 14:41:36,234 : INFO : EventManager : Event: ======'machine_var_audits_events_game_ended'====== Args={'value': 0, 'prev_value': None, 'change': True}
2024-09-18 14:41:36,234 : INFO : EventManager : Event: ======'machine_var_audits_events_game_started'====== Args={'value': 19, 'prev_value': None, 'change': True}
2024-09-18 14:41:36,234 : INFO : EventManager : Event: ======'machine_var_audits_missing_switches_s_1_top_rollover'====== Args={'value': 19, 'prev_value': None, 'change': True}
2024-09-18 14:41:36,234 : INFO : EventManager : Event: ======'machine_var_audits_missing_switches_s_2_center_target'====== Args={'value': 19, 'prev_value': None, 'change': True}
2024-09-18 14:41:36,234 : INFO : EventManager : Event: ======'machine_var_audits_missing_switches_s_2_top_rollover'====== Args={'value': 19, 'prev_value': None, 'change': True}
2024-09-18 14:41:36,234 : INFO : EventManager : Event: ======'machine_var_audits_missing_switches_s_2_top_target'====== Args={'value': 19, 'prev_value': None, 'change': True}
2024-09-18 14:41:36,234 : INFO : EventManager : Event: ======'machine_var_audits_missing_switches_s_3_top_rollover'====== Args={'value': 19, 'prev_value': None, 'change': True}
2024-09-18 14:41:36,234 : INFO : EventManager : Event: ======'machine_var_audits_missing_switches_s_3_top_target'====== Args={'value': 19, 'prev_value': None, 'change': True}
2024-09-18 14:41:36,234 : INFO : EventManager : Event: ======'machine_var_audits_missing_switches_s_4_top_grop_target'====== Args={'value': 19, 'prev_value': None, 'change': True}
2024-09-18 14:41:36,234 : INFO : EventManager : Event: ======'machine_var_audits_missing_switches_s_center_coin'====== Args={'value': 19, 'prev_value': None, 'change': True}
2024-09-18 14:41:36,234 : INFO : EventManager : Event: ======'machine_var_audits_missing_switches_s_hole'====== Args={'value': 19, 'prev_value': None, 'change': True}
2024-09-18 14:41:36,234 : INFO : EventManager : Event: ======'machine_var_audits_missing_switches_s_left_adv'====== Args={'value': 19, 'prev_value': None, 'change': True}
2024-09-18 14:41:36,234 : INFO : EventManager : Event: ======'machine_var_audits_missing_switches_s_left_coin'====== Args={'value': 19, 'prev_value': None, 'change': True}
2024-09-18 14:41:36,234 : INFO : EventManager : Event: ======'machine_var_audits_missing_switches_s_left_out_rollover'====== Args={'value': 19, 'prev_value': None, 'change': True}
2024-09-18 14:41:36,234 : INFO : EventManager : Event: ======'machine_var_audits_missing_switches_s_left_return_rollover'====== Args={'value': 19, 'prev_value': None, 'change': True}
2024-09-18 14:41:36,235 : INFO : EventManager : Event: ======'machine_var_audits_missing_switches_s_left_spot_target'====== Args={'value': 19, 'prev_value': None, 'change': True}
2024-09-18 14:41:36,235 : INFO : EventManager : Event: ======'machine_var_audits_missing_switches_s_play_test_play'====== Args={'value': 19, 'prev_value': None, 'change': True}
2024-09-18 14:41:36,235 : INFO : EventManager : Event: ======'machine_var_audits_missing_switches_s_right_adv'====== Args={'value': 19, 'prev_value': None, 'change': True}
2024-09-18 14:41:36,235 : INFO : EventManager : Event: ======'machine_var_audits_missing_switches_s_right_coin'====== Args={'value': 19, 'prev_value': None, 'change': True}
2024-09-18 14:41:36,235 : INFO : EventManager : Event: ======'machine_var_audits_missing_switches_s_right_out_rollover'====== Args={'value': 19, 'prev_value': None, 'change': True}
2024-09-18 14:41:36,235 : INFO : EventManager : Event: ======'machine_var_audits_missing_switches_s_right_return_rollover'====== Args={'value': 19, 'prev_value': None, 'change': True}
2024-09-18 14:41:36,235 : INFO : EventManager : Event: ======'machine_var_audits_missing_switches_s_right_side_rollover'====== Args={'value': 19, 'prev_value': None, 'change': True}
2024-09-18 14:41:36,235 : INFO : EventManager : Event: ======'machine_var_audits_missing_switches_s_spinner'====== Args={'value': 19, 'prev_value': None, 'change': True}
2024-09-18 14:41:36,235 : INFO : EventManager : Event: ======'machine_var_audits_missing_switches_s_stargate_rollover'====== Args={'value': 19, 'prev_value': None, 'change': True}
2024-09-18 14:41:36,235 : INFO : EventManager : Event: ======'machine_var_audits_missing_switches_s_stargate_spot'====== Args={'value': 19, 'prev_value': None, 'change': True}
2024-09-18 14:41:36,235 : INFO : EventManager : Event: ======'machine_var_audits_missing_switches_s_throught'====== Args={'value': 5, 'prev_value': None, 'change': True}
2024-09-18 14:41:36,235 : INFO : EventManager : Event: ======'machine_var_audits_missing_switches_s_tilt'====== Args={'value': 19, 'prev_value': None, 'change': True}
2024-09-18 14:41:36,236 : INFO : EventManager : Event: ======'machine_var_audits_player_score'====== Args={'value': {'average': 0, 'top': [], 'total': 0}, 'prev_value': None, 'change': True}
2024-09-18 14:41:36,236 : INFO : EventManager : Event: ======'machine_var_audits_switches_s_1_center_target'====== Args={'value': 1, 'prev_value': None, 'change': True}
2024-09-18 14:41:36,236 : INFO : EventManager : Event: ======'machine_var_audits_switches_s_1_left_target'====== Args={'value': 67, 'prev_value': None, 'change': True}
2024-09-18 14:41:36,236 : INFO : EventManager : Event: ======'machine_var_audits_switches_s_1_right_target'====== Args={'value': 72, 'prev_value': None, 'change': True}
2024-09-18 14:41:36,236 : INFO : EventManager : Event: ======'machine_var_audits_switches_s_1_top_rollover'====== Args={'value': 0, 'prev_value': None, 'change': True}
2024-09-18 14:41:36,236 : INFO : EventManager : Event: ======'machine_var_audits_switches_s_1_top_target'====== Args={'value': 6, 'prev_value': None, 'change': True}
2024-09-18 14:41:36,236 : INFO : EventManager : Event: ======'machine_var_audits_switches_s_2_center_target'====== Args={'value': 0, 'prev_value': None, 'change': True}
2024-09-18 14:41:36,236 : INFO : EventManager : Event: ======'machine_var_audits_switches_s_2_right_target'====== Args={'value': 19, 'prev_value': None, 'change': True}
2024-09-18 14:41:36,236 : INFO : EventManager : Event: ======'machine_var_audits_switches_s_2_top_rollover'====== Args={'value': 0, 'prev_value': None, 'change': True}
2024-09-18 14:41:36,237 : INFO : EventManager : Event: ======'machine_var_audits_switches_s_2_top_target'====== Args={'value': 0, 'prev_value': None, 'change': True}
2024-09-18 14:41:36,237 : INFO : EventManager : Event: ======'machine_var_audits_switches_s_3_right_target'====== Args={'value': 11, 'prev_value': None, 'change': True}
2024-09-18 14:41:36,237 : INFO : EventManager : Event: ======'machine_var_audits_switches_s_3_top_rollover'====== Args={'value': 0, 'prev_value': None, 'change': True}
2024-09-18 14:41:36,237 : INFO : EventManager : Event: ======'machine_var_audits_switches_s_3_top_target'====== Args={'value': 0, 'prev_value': None, 'change': True}
2024-09-18 14:41:36,237 : INFO : EventManager : Event: ======'machine_var_audits_switches_s_4_top_grop_target'====== Args={'value': 0, 'prev_value': None, 'change': True}
2024-09-18 14:41:36,237 : INFO : EventManager : Event: ======'machine_var_audits_switches_s_4_top_rollover'====== Args={'value': 4, 'prev_value': None, 'change': True}
2024-09-18 14:41:36,237 : INFO : EventManager : Event: ======'machine_var_audits_switches_s_bottom_bumper'====== Args={'value': 5, 'prev_value': None, 'change': True}
2024-09-18 14:41:36,237 : INFO : EventManager : Event: ======'machine_var_audits_switches_s_center_coin'====== Args={'value': 0, 'prev_value': None, 'change': True}
2024-09-18 14:41:36,237 : INFO : EventManager : Event: ======'machine_var_audits_switches_s_hole'====== Args={'value': 0, 'prev_value': None, 'change': True}
2024-09-18 14:41:36,237 : INFO : EventManager : Event: ======'machine_var_audits_switches_s_kicking_2'====== Args={'value': 1, 'prev_value': None, 'change': True}
2024-09-18 14:41:36,237 : INFO : EventManager : Event: ======'machine_var_audits_switches_s_left_adv'====== Args={'value': 0, 'prev_value': None, 'change': True}
2024-09-18 14:41:36,238 : INFO : EventManager : Event: ======'machine_var_audits_switches_s_left_coin'====== Args={'value': 0, 'prev_value': None, 'change': True}
2024-09-18 14:41:36,238 : INFO : EventManager : Event: ======'machine_var_audits_switches_s_left_out_rollover'====== Args={'value': 0, 'prev_value': None, 'change': True}
2024-09-18 14:41:36,238 : INFO : EventManager : Event: ======'machine_var_audits_switches_s_left_return_rollover'====== Args={'value': 0, 'prev_value': None, 'change': True}
2024-09-18 14:41:36,238 : INFO : EventManager : Event: ======'machine_var_audits_switches_s_left_spot_target'====== Args={'value': 0, 'prev_value': None, 'change': True}
2024-09-18 14:41:36,238 : INFO : EventManager : Event: ======'machine_var_audits_switches_s_outhole'====== Args={'value': 9, 'prev_value': None, 'change': True}
2024-09-18 14:41:36,238 : INFO : EventManager : Event: ======'machine_var_audits_switches_s_play_test_play'====== Args={'value': 0, 'prev_value': None, 'change': True}
2024-09-18 14:41:36,238 : INFO : EventManager : Event: ======'machine_var_audits_switches_s_right_adv'====== Args={'value': 0, 'prev_value': None, 'change': True}
2024-09-18 14:41:36,238 : INFO : EventManager : Event: ======'machine_var_audits_switches_s_right_coin'====== Args={'value': 0, 'prev_value': None, 'change': True}
2024-09-18 14:41:36,238 : INFO : EventManager : Event: ======'machine_var_audits_switches_s_right_flipper'====== Args={'value': 15, 'prev_value': None, 'change': True}
2024-09-18 14:41:36,239 : INFO : EventManager : Event: ======'machine_var_audits_switches_s_right_out_rollover'====== Args={'value': 0, 'prev_value': None, 'change': True}
2024-09-18 14:41:36,239 : INFO : EventManager : Event: ======'machine_var_audits_switches_s_right_return_rollover'====== Args={'value': 0, 'prev_value': None, 'change': True}
2024-09-18 14:41:36,239 : INFO : EventManager : Event: ======'machine_var_audits_switches_s_right_side_rollover'====== Args={'value': 0, 'prev_value': None, 'change': True}
2024-09-18 14:41:36,239 : INFO : EventManager : Event: ======'machine_var_audits_switches_s_shooter_lane_rollover'====== Args={'value': 19, 'prev_value': None, 'change': True}
2024-09-18 14:41:36,239 : INFO : EventManager : Event: ======'machine_var_audits_switches_s_spinner'====== Args={'value': 0, 'prev_value': None, 'change': True}
2024-09-18 14:41:36,239 : INFO : EventManager : Event: ======'machine_var_audits_switches_s_stargate_rollover'====== Args={'value': 0, 'prev_value': None, 'change': True}
2024-09-18 14:41:36,239 : INFO : EventManager : Event: ======'machine_var_audits_switches_s_stargate_spot'====== Args={'value': 0, 'prev_value': None, 'change': True}
2024-09-18 14:41:36,239 : INFO : EventManager : Event: ======'machine_var_audits_switches_s_start'====== Args={'value': 30, 'prev_value': None, 'change': True}
2024-09-18 14:41:36,240 : INFO : EventManager : Event: ======'machine_var_audits_switches_s_throught'====== Args={'value': 7, 'prev_value': None, 'change': True}
2024-09-18 14:41:36,240 : INFO : EventManager : Event: ======'machine_var_audits_switches_s_tilt'====== Args={'value': 0, 'prev_value': None, 'change': True}
2024-09-18 14:41:36,240 : INFO : EventManager : Event: ======'machine_var_audits_switches_s_top_left_bumper'====== Args={'value': 1, 'prev_value': None, 'change': True}
2024-09-18 14:41:36,240 : INFO : EventManager : Event: ======'machine_var_audits_switches_s_top_right_bumper'====== Args={'value': 8, 'prev_value': None, 'change': True}
2024-09-18 14:41:36,240 : INFO : EventManager : Event: ======'machine_var_audits_switches_s_top_right_rollunder'====== Args={'value': 51, 'prev_value': None, 'change': True}
2024-09-18 14:41:36,240 : INFO : EventManager : Event: ======'init_phase_5'====== Args={}
2024-09-18 14:41:36,251 : INFO : EventManager : Event: ======'init_done'====== Args={}
2024-09-18 14:41:36,251 : INFO : EventManager : Event: ======'machine_reset_phase_1'====== Args={}
2024-09-18 14:41:36,252 : INFO : EventManager : Event: ======'machine_reset_phase_2'====== Args={}
2024-09-18 14:41:36,252 : INFO : EventManager : Event: ======'machine_reset_phase_3'====== Args={}
2024-09-18 14:41:36,252 : INFO : EventManager : Event: ======'reset_complete'====== Args={}
2024-09-18 14:41:36,252 : INFO : EventManager : Event: ======'mode_attract_will_start'====== Args={}
2024-09-18 14:41:36,252 : INFO : EventManager : Event: ======'mode_attract_starting'====== Args={}
2024-09-18 14:41:36,252 : INFO : Mode.attract : Started. Priority: 10
2024-09-18 14:41:36,252 : INFO : EventManager : Event: ======'modes_active_modes_changed'====== Args={}
2024-09-18 14:41:36,252 : INFO : EventManager : Event: ======'mode_attract_started'====== Args={}
2024-09-18 14:41:36,253 : INFO : EventManager : Event: ======'collecting_balls_complete'====== Args={}
2024-09-18 14:41:36,253 : INFO : Machine : Starting the main run loop.
2024-09-18 14:41:38,125 : INFO : BcpServer : New client connected.
2024-09-18 14:41:38,126 : INFO : service : Entered service mode. Resetting game if running. Resetting hardware interface now.
2024-09-18 14:41:38,126 : INFO : EventManager : Event: ======'mode_attract_will_stop'====== Args={}
2024-09-18 14:41:38,126 : INFO : EventManager : Event: ======'mode_attract_stopping'====== Args={}
2024-09-18 14:41:38,126 : INFO : EventManager : Event: ======'service_mode_entered'====== Args={}
2024-09-18 14:41:38,126 : INFO : Mode.attract : Stopped.
2024-09-18 14:41:38,126 : INFO : EventManager : Event: ======'modes_active_modes_changed'====== Args={}
2024-09-18 14:41:38,126 : INFO : EventManager : Event: ======'mode_attract_stopped'====== Args={}
2024-09-18 14:41:38,126 : INFO : EventManager : Event: ======'clear'====== Args={'key': 'attract'}
2024-09-18 14:41:51,257 : INFO : coil.c_1 : Pulsing Driver for 120ms (1.0 pulse_power)
2024-09-18 14:41:51,381 : INFO : SwitchController : <<<<<<< 's_1_left_target' inactive >>>>>>>
2024-09-18 14:41:53,443 : INFO : coil.c_2 : Pulsing Driver for 120ms (1.0 pulse_power)
2024-09-18 14:41:53,567 : INFO : SwitchController : <<<<<<< 's_1_center_target' inactive >>>>>>>
2024-09-18 14:41:53,568 : INFO : SwitchController : <<<<<<< 's_2_center_target' inactive >>>>>>>
2024-09-18 14:41:53,569 : INFO : SwitchController : <<<<<<< 's_1_right_target' inactive >>>>>>>
2024-09-18 14:41:53,570 : INFO : SwitchController : <<<<<<< 's_1_right_target' active >>>>>>>
2024-09-18 14:41:54,811 : INFO : coil.c_3 : Pulsing Driver for 120ms (1.0 pulse_power)
2024-09-18 14:41:54,935 : INFO : SwitchController : <<<<<<< 's_1_right_target' inactive >>>>>>>
2024-09-18 14:41:54,937 : INFO : SwitchController : <<<<<<< 's_1_right_target' active >>>>>>>
2024-09-18 14:41:56,348 : INFO : coil.c_3 : Pulsing Driver for 120ms (1.0 pulse_power)
2024-09-18 14:41:56,472 : INFO : SwitchController : <<<<<<< 's_1_right_target' inactive >>>>>>>
2024-09-18 14:41:56,474 : INFO : SwitchController : <<<<<<< 's_1_right_target' active >>>>>>>
2024-09-18 14:41:57,671 : INFO : coil.c_3 : Pulsing Driver for 120ms (1.0 pulse_power)
2024-09-18 14:41:57,795 : INFO : SwitchController : <<<<<<< 's_1_right_target' inactive >>>>>>>
2024-09-18 14:41:57,797 : INFO : SwitchController : <<<<<<< 's_1_right_target' active >>>>>>>
2024-09-18 14:42:03,181 : INFO : SwitchController : <<<<<<< 's_throught' inactive >>>>>>>
2024-09-18 14:42:05,079 : INFO : SwitchController : <<<<<<< 's_1_right_target' inactive >>>>>>>
2024-09-18 14:42:05,080 : INFO : SwitchController : <<<<<<< 's_1_right_target' active >>>>>>>
2024-09-18 14:42:05,661 : INFO : SwitchController : <<<<<<< 's_hole' active >>>>>>>
2024-09-18 14:42:05,683 : INFO : SwitchController : <<<<<<< 's_hole' inactive >>>>>>>
2024-09-18 14:42:05,714 : INFO : SwitchController : <<<<<<< 's_hole' active >>>>>>>
2024-09-18 14:42:05,737 : INFO : SwitchController : <<<<<<< 's_hole' inactive >>>>>>>
2024-09-18 14:42:05,738 : INFO : SwitchController : <<<<<<< 's_hole' active >>>>>>>
2024-09-18 14:42:06,546 : INFO : coil.c_3 : Pulsing Driver for 120ms (1.0 pulse_power)
2024-09-18 14:42:06,670 : INFO : SwitchController : <<<<<<< 's_hole' inactive >>>>>>>
2024-09-18 14:42:06,671 : INFO : SwitchController : <<<<<<< 's_1_right_target' inactive >>>>>>>
2024-09-18 14:42:06,673 : INFO : SwitchController : <<<<<<< 's_1_right_target' active >>>>>>>
2024-09-18 14:42:08,683 : INFO : EventManager : Event: ======'balldevice_bd_plung_ball_count_changed'====== Args={'balls': 0}
2024-09-18 14:42:08,683 : WARNING : ball_device.bd_plung : Ball disappeared while idle. This should not normally happen.
2024-09-18 14:42:08,683 : INFO : EventManager : Event: ======'balldevice_playfield_ball_enter'====== Args={'new_balls': 1, 'unclaimed_balls': 1, 'device': <playfield.playfield>}
2024-09-18 14:42:08,684 : INFO : EventManager : Event: ======'playfield_ball_count_change'====== Args={'balls': 1, 'change': 1}
2024-09-18 14:42:08,684 : INFO : ball_device.bd_plung : 1 ball(s) missing from device. Mechanical eject? False
2024-09-18 14:42:08,684 : INFO : EventManager : Event: ======'balldevice_bd_plung_ball_missing'====== Args={'balls': 1}
2024-09-18 14:42:08,684 : INFO : EventManager : Event: ======'balldevice_ball_missing'====== Args={'balls': 1, 'name': 'bd_plung'}
2024-09-18 14:42:09,283 : INFO : SwitchController : <<<<<<< 's_outhole' active >>>>>>>
2024-09-18 14:42:09,784 : INFO : EventManager : Event: ======'balldevice_bd_drain_ball_count_changed'====== Args={'balls': 1}
2024-09-18 14:42:09,784 : INFO : ball_device.bd_drain : Received unexpected ball
2024-09-18 14:42:09,785 : INFO : EventManager : Event: ======'balldevice_captured_from_playfield'====== Args={'balls': 1}
2024-09-18 14:42:09,785 : INFO : EventManager : Event: ======'sw_playfield_active'====== Args={'balls': 1}
2024-09-18 14:42:09,785 : INFO : EventManager : Event: ======'playfield_ball_count_change'====== Args={'balls': 0, 'change': -1}
2024-09-18 14:42:09,786 : INFO : EventManager : Event: ======'balldevice_bd_drain_ball_enter'====== Args={'new_balls': 1, 'unclaimed_balls': 1, 'new_available_balls': 1, 'device': <ball_device.bd_drain>}
2024-09-18 14:42:09,786 : INFO : EventManager : Event: ======'ball_drain'====== Args={'device': <ball_device.bd_drain>, 'balls': 1}
2024-09-18 14:42:09,786 : INFO : EventManager : Event: ======'balldevice_balls_available'====== Args={}
2024-09-18 14:42:09,787 : INFO : EventManager : Event: ======'balldevice_balls_available'====== Args={}
2024-09-18 14:42:09,787 : INFO : EventManager : Event: ======'balldevice_bd_drain_ball_entered'====== Args={'new_balls': 1, 'device': <ball_device.bd_drain>}
2024-09-18 14:42:09,788 : INFO : ball_device.bd_drain : State: waiting_for_target_ready
2024-09-18 14:42:09,788 : INFO : EventManager : Event: ======'balldevice_bd_drain_ball_eject_attempt'====== Args={'balls': 1, 'target': <ball_device.bd_plung>, 'source': <ball_device.bd_drain>, 'mechanical_eject': False, 'num_attempts': 0}
2024-09-18 14:42:09,788 : INFO : ball_device.bd_drain : State: ejecting
2024-09-18 14:42:09,789 : INFO : ball_device.bd_drain : Ejecting ball to <ball_device.bd_plung>
2024-09-18 14:42:09,789 : INFO : EventManager : Event: ======'balldevice_bd_drain_ejecting_ball'====== Args={'balls': 1, 'target': <ball_device.bd_plung>, 'source': <ball_device.bd_drain>, 'mechanical_eject': False, 'num_attempts': 0}
2024-09-18 14:42:09,789 : INFO : ball_device.bd_drain : Wait for ball to leave device
2024-09-18 14:42:09,790 : INFO : coil.c_3 : Pulsing Driver for 120ms (1.0 pulse_power)
2024-09-18 14:42:09,913 : INFO : SwitchController : <<<<<<< 's_1_right_target' inactive >>>>>>>
2024-09-18 14:42:09,915 : INFO : SwitchController : <<<<<<< 's_2_right_target' inactive >>>>>>>
2024-09-18 14:42:09,916 : INFO : SwitchController : <<<<<<< 's_1_right_target' active >>>>>>>
2024-09-18 14:42:09,917 : INFO : SwitchController : <<<<<<< 's_2_right_target' active >>>>>>>
2024-09-18 14:42:19,790 : INFO : EventManager : Event: ======'balldevice_bd_drain_ball_eject_failed'====== Args={'target': <ball_device.bd_plung>, 'balls': 1, 'retry': True, 'num_attempts': 1}
2024-09-18 14:42:19,792 : INFO : ball_device.bd_drain : State: waiting_for_target_ready
2024-09-18 14:42:19,792 : INFO : EventManager : Event: ======'balldevice_bd_drain_ball_eject_attempt'====== Args={'balls': 1, 'target': <ball_device.bd_plung>, 'source': <ball_device.bd_drain>, 'mechanical_eject': False, 'num_attempts': 1}
2024-09-18 14:42:19,793 : INFO : ball_device.bd_drain : State: ejecting
2024-09-18 14:42:19,793 : INFO : ball_device.bd_drain : Ejecting ball to <ball_device.bd_plung>
2024-09-18 14:42:19,793 : INFO : EventManager : Event: ======'balldevice_bd_drain_ejecting_ball'====== Args={'balls': 1, 'target': <ball_device.bd_plung>, 'source': <ball_device.bd_drain>, 'mechanical_eject': False, 'num_attempts': 1}
2024-09-18 14:42:19,793 : INFO : ball_device.bd_drain : Wait for ball to leave device
2024-09-18 14:42:19,794 : INFO : coil.c_3 : Pulsing Driver for 120ms (1.0 pulse_power)
2024-09-18 14:42:19,917 : INFO : SwitchController : <<<<<<< 's_1_right_target' inactive >>>>>>>
2024-09-18 14:42:19,919 : INFO : SwitchController : <<<<<<< 's_1_right_target' active >>>>>>>
2024-09-18 14:42:22,168 : INFO : coil.c_ball_release : Pulsing Driver for 200ms (1.0 pulse_power)
2024-09-18 14:42:29,794 : INFO : EventManager : Event: ======'balldevice_bd_drain_ball_eject_failed'====== Args={'target': <ball_device.bd_plung>, 'balls': 1, 'retry': True, 'num_attempts': 2}
2024-09-18 14:42:29,796 : INFO : ball_device.bd_drain : State: waiting_for_target_ready
2024-09-18 14:42:29,796 : INFO : EventManager : Event: ======'balldevice_bd_drain_ball_eject_attempt'====== Args={'balls': 1, 'target': <ball_device.bd_plung>, 'source': <ball_device.bd_drain>, 'mechanical_eject': False, 'num_attempts': 2}
2024-09-18 14:42:29,796 : INFO : ball_device.bd_drain : State: ejecting
2024-09-18 14:42:29,796 : INFO : ball_device.bd_drain : Ejecting ball to <ball_device.bd_plung>
2024-09-18 14:42:29,797 : INFO : EventManager : Event: ======'balldevice_bd_drain_ejecting_ball'====== Args={'balls': 1, 'target': <ball_device.bd_plung>, 'source': <ball_device.bd_drain>, 'mechanical_eject': False, 'num_attempts': 2}
2024-09-18 14:42:29,797 : INFO : ball_device.bd_drain : Wait for ball to leave device
2024-09-18 14:42:29,797 : INFO : coil.c_3 : Pulsing Driver for 120ms (1.0 pulse_power)
2024-09-18 14:42:29,921 : INFO : SwitchController : <<<<<<< 's_1_right_target' inactive >>>>>>>
2024-09-18 14:42:29,922 : INFO : SwitchController : <<<<<<< 's_1_right_target' active >>>>>>>
2024-09-18 14:42:31,609 : INFO : coil.c_relay_a : Pulsing Driver for 120ms (1.0 pulse_power)
2024-09-18 14:42:35,417 : INFO : coil.c_relay_a : Pulsing Driver for 120ms (1.0 pulse_power)
2024-09-18 14:42:36,201 : INFO : coil.c_relay_a : Pulsing Driver for 120ms (1.0 pulse_power)
2024-09-18 14:42:37,218 : INFO : coil.c_relay_a : Pulsing Driver for 120ms (1.0 pulse_power)
2024-09-18 14:42:37,915 : INFO : coil.c_relay_a : Pulsing Driver for 120ms (1.0 pulse_power)
2024-09-18 14:42:38,626 : INFO : coil.c_relay_a : Pulsing Driver for 120ms (1.0 pulse_power)
2024-09-18 14:42:39,590 : INFO : coil.c_relay_a : Pulsing Driver for 120ms (1.0 pulse_power)
2024-09-18 14:42:39,798 : INFO : EventManager : Event: ======'balldevice_bd_drain_ball_eject_failed'====== Args={'target': <ball_device.bd_plung>, 'balls': 1, 'retry': True, 'num_attempts': 3}
2024-09-18 14:42:39,800 : INFO : ball_device.bd_drain : State: waiting_for_target_ready
2024-09-18 14:42:39,800 : INFO : EventManager : Event: ======'balldevice_bd_drain_ball_eject_attempt'====== Args={'balls': 1, 'target': <ball_device.bd_plung>, 'source': <ball_device.bd_drain>, 'mechanical_eject': False, 'num_attempts': 3}
2024-09-18 14:42:39,801 : INFO : ball_device.bd_drain : State: ejecting
2024-09-18 14:42:39,801 : INFO : ball_device.bd_drain : Ejecting ball to <ball_device.bd_plung>
2024-09-18 14:42:39,801 : INFO : EventManager : Event: ======'balldevice_bd_drain_ejecting_ball'====== Args={'balls': 1, 'target': <ball_device.bd_plung>, 'source': <ball_device.bd_drain>, 'mechanical_eject': False, 'num_attempts': 3}
2024-09-18 14:42:39,802 : INFO : ball_device.bd_drain : Wait for ball to leave device
2024-09-18 14:42:39,802 : INFO : coil.c_3 : Pulsing Driver for 120ms (1.0 pulse_power)
2024-09-18 14:42:39,927 : INFO : SwitchController : <<<<<<< 's_1_right_target' inactive >>>>>>>
2024-09-18 14:42:39,928 : INFO : SwitchController : <<<<<<< 's_1_right_target' active >>>>>>>
2024-09-18 14:42:45,499 : INFO : coil.c_stargate_ramp : Pulsing Driver for 120ms (1.0 pulse_power)
2024-09-18 14:42:45,623 : INFO : SwitchController : <<<<<<< 's_1_top_target' inactive >>>>>>>
2024-09-18 14:42:45,624 : INFO : SwitchController : <<<<<<< 's_1_top_target' active >>>>>>>
2024-09-18 14:42:45,625 : INFO : SwitchController : <<<<<<< 's_top_right_rollunder' active >>>>>>>
2024-09-18 14:42:45,626 : INFO : SwitchController : <<<<<<< 's_top_right_rollunder' inactive >>>>>>>
2024-09-18 14:42:47,010 : INFO : coil.c_stargate_ramp : Pulsing Driver for 120ms (1.0 pulse_power)
2024-09-18 14:42:48,771 : INFO : coil.c_stargate_ramp : Pulsing Driver for 120ms (1.0 pulse_power)
2024-09-18 14:42:48,895 : INFO : SwitchController : <<<<<<< 's_top_right_rollunder' active >>>>>>>
2024-09-18 14:42:48,898 : INFO : SwitchController : <<<<<<< 's_top_right_rollunder' inactive >>>>>>>
2024-09-18 14:42:49,804 : INFO : EventManager : Event: ======'balldevice_bd_drain_ball_eject_failed'====== Args={'target': <ball_device.bd_plung>, 'balls': 1, 'retry': True, 'num_attempts': 4}
2024-09-18 14:42:49,805 : INFO : ball_device.bd_drain : State: waiting_for_target_ready
2024-09-18 14:42:49,805 : INFO : EventManager : Event: ======'balldevice_bd_drain_ball_eject_attempt'====== Args={'balls': 1, 'target': <ball_device.bd_plung>, 'source': <ball_device.bd_drain>, 'mechanical_eject': False, 'num_attempts': 4}
2024-09-18 14:42:49,806 : INFO : ball_device.bd_drain : State: ejecting
2024-09-18 14:42:49,806 : INFO : ball_device.bd_drain : Ejecting ball to <ball_device.bd_plung>
2024-09-18 14:42:49,806 : INFO : EventManager : Event: ======'balldevice_bd_drain_ejecting_ball'====== Args={'balls': 1, 'target': <ball_device.bd_plung>, 'source': <ball_device.bd_drain>, 'mechanical_eject': False, 'num_attempts': 4}
2024-09-18 14:42:49,807 : INFO : ball_device.bd_drain : Wait for ball to leave device
2024-09-18 14:42:49,807 : INFO : coil.c_3 : Pulsing Driver for 120ms (1.0 pulse_power)
2024-09-18 14:42:49,930 : INFO : SwitchController : <<<<<<< 's_1_right_target' inactive >>>>>>>
2024-09-18 14:42:49,932 : INFO : SwitchController : <<<<<<< 's_1_right_target' active >>>>>>>
2024-09-18 14:42:55,197 : INFO : coil.c_tiltrelay_s : Pulsing Driver for 200ms (1.0 pulse_power)
2024-09-18 14:42:59,808 : INFO : EventManager : Event: ======'balldevice_bd_drain_ball_eject_failed'====== Args={'target': <ball_device.bd_plung>, 'balls': 1, 'retry': True, 'num_attempts': 5}
2024-09-18 14:42:59,809 : INFO : ball_device.bd_drain : State: waiting_for_target_ready
2024-09-18 14:42:59,809 : INFO : EventManager : Event: ======'balldevice_bd_drain_ball_eject_attempt'====== Args={'balls': 1, 'target': <ball_device.bd_plung>, 'source': <ball_device.bd_drain>, 'mechanical_eject': False, 'num_attempts': 5}
2024-09-18 14:42:59,810 : INFO : ball_device.bd_drain : State: ejecting
2024-09-18 14:42:59,810 : INFO : ball_device.bd_drain : Ejecting ball to <ball_device.bd_plung>
2024-09-18 14:42:59,810 : INFO : EventManager : Event: ======'balldevice_bd_drain_ejecting_ball'====== Args={'balls': 1, 'target': <ball_device.bd_plung>, 'source': <ball_device.bd_drain>, 'mechanical_eject': False, 'num_attempts': 5}
2024-09-18 14:42:59,811 : INFO : ball_device.bd_drain : Wait for ball to leave device
2024-09-18 14:42:59,811 : INFO : coil.c_3 : Pulsing Driver for 120ms (1.0 pulse_power)
2024-09-18 14:42:59,934 : INFO : SwitchController : <<<<<<< 's_1_right_target' inactive >>>>>>>
2024-09-18 14:42:59,935 : INFO : SwitchController : <<<<<<< 's_1_right_target' active >>>>>>>
2024-09-18 14:43:00,038 : INFO : SwitchController : <<<<<<< 's_1_right_target' inactive >>>>>>>
2024-09-18 14:43:00,066 : INFO : SwitchController : <<<<<<< 's_1_right_target' active >>>>>>>
2024-09-18 14:43:00,767 : INFO : coil.c_tilt : Pulsing Driver for 200ms (1.0 pulse_power)
2024-09-18 14:43:03,452 : INFO : coil.c_tilt : Pulsing Driver for 200ms (1.0 pulse_power)
2024-09-18 14:43:05,950 : INFO : coil.c_tilt : Pulsing Driver for 200ms (1.0 pulse_power)
2024-09-18 14:43:09,032 : INFO : coil.c_tilt : Pulsing Driver for 200ms (1.0 pulse_power)
2024-09-18 14:43:09,813 : INFO : EventManager : Event: ======'balldevice_bd_drain_ball_eject_failed'====== Args={'target': <ball_device.bd_plung>, 'balls': 1, 'retry': True, 'num_attempts': 6}
2024-09-18 14:43:09,814 : INFO : ball_device.bd_drain : State: waiting_for_target_ready
2024-09-18 14:43:09,815 : INFO : EventManager : Event: ======'balldevice_bd_drain_ball_eject_attempt'====== Args={'balls': 1, 'target': <ball_device.bd_plung>, 'source': <ball_device.bd_drain>, 'mechanical_eject': False, 'num_attempts': 6}
2024-09-18 14:43:09,815 : INFO : ball_device.bd_drain : State: ejecting
2024-09-18 14:43:09,815 : INFO : ball_device.bd_drain : Ejecting ball to <ball_device.bd_plung>
2024-09-18 14:43:09,815 : INFO : EventManager : Event: ======'balldevice_bd_drain_ejecting_ball'====== Args={'balls': 1, 'target': <ball_device.bd_plung>, 'source': <ball_device.bd_drain>, 'mechanical_eject': False, 'num_attempts': 6}
2024-09-18 14:43:09,816 : INFO : ball_device.bd_drain : Wait for ball to leave device
2024-09-18 14:43:09,816 : INFO : coil.c_3 : Pulsing Driver for 120ms (1.0 pulse_power)
2024-09-18 14:43:09,939 : INFO : SwitchController : <<<<<<< 's_1_right_target' inactive >>>>>>>
2024-09-18 14:43:09,940 : INFO : SwitchController : <<<<<<< 's_1_right_target' active >>>>>>>
2024-09-18 14:43:10,051 : INFO : SwitchController : <<<<<<< 's_1_right_target' inactive >>>>>>>
2024-09-18 14:43:10,052 : INFO : SwitchController : <<<<<<< 's_1_right_target' active >>>>>>>
2024-09-18 14:43:19,818 : INFO : EventManager : Event: ======'balldevice_bd_drain_ball_eject_failed'====== Args={'target': <ball_device.bd_plung>, 'balls': 1, 'retry': True, 'num_attempts': 7}
2024-09-18 14:43:19,819 : INFO : ball_device.bd_drain : State: waiting_for_target_ready
2024-09-18 14:43:19,819 : INFO : EventManager : Event: ======'balldevice_bd_drain_ball_eject_attempt'====== Args={'balls': 1, 'target': <ball_device.bd_plung>, 'source': <ball_device.bd_drain>, 'mechanical_eject': False, 'num_attempts': 7}
2024-09-18 14:43:19,819 : INFO : ball_device.bd_drain : State: ejecting
2024-09-18 14:43:19,820 : INFO : ball_device.bd_drain : Ejecting ball to <ball_device.bd_plung>
2024-09-18 14:43:19,820 : INFO : EventManager : Event: ======'balldevice_bd_drain_ejecting_ball'====== Args={'balls': 1, 'target': <ball_device.bd_plung>, 'source': <ball_device.bd_drain>, 'mechanical_eject': False, 'num_attempts': 7}
2024-09-18 14:43:19,820 : INFO : ball_device.bd_drain : Wait for ball to leave device
2024-09-18 14:43:19,820 : INFO : coil.c_3 : Pulsing Driver for 120ms (1.0 pulse_power)
2024-09-18 14:43:19,943 : INFO : SwitchController : <<<<<<< 's_1_right_target' inactive >>>>>>>
2024-09-18 14:43:19,945 : INFO : SwitchController : <<<<<<< 's_1_right_target' active >>>>>>>
2024-09-18 14:43:27,130 : INFO : coil.c_tiltrelay_s : Pulsing Driver for 200ms (1.0 pulse_power)
2024-09-18 14:43:29,823 : INFO : EventManager : Event: ======'balldevice_bd_drain_ball_eject_failed'====== Args={'target': <ball_device.bd_plung>, 'balls': 1, 'retry': True, 'num_attempts': 8}
2024-09-18 14:43:29,825 : INFO : ball_device.bd_drain : State: waiting_for_target_ready
2024-09-18 14:43:29,825 : INFO : EventManager : Event: ======'balldevice_bd_drain_ball_eject_attempt'====== Args={'balls': 1, 'target': <ball_device.bd_plung>, 'source': <ball_device.bd_drain>, 'mechanical_eject': False, 'num_attempts': 8}
2024-09-18 14:43:29,826 : INFO : ball_device.bd_drain : State: ejecting
2024-09-18 14:43:29,826 : INFO : ball_device.bd_drain : Ejecting ball to <ball_device.bd_plung>
2024-09-18 14:43:29,826 : INFO : EventManager : Event: ======'balldevice_bd_drain_ejecting_ball'====== Args={'balls': 1, 'target': <ball_device.bd_plung>, 'source': <ball_device.bd_drain>, 'mechanical_eject': False, 'num_attempts': 8}
2024-09-18 14:43:29,827 : INFO : ball_device.bd_drain : Wait for ball to leave device
2024-09-18 14:43:29,827 : INFO : coil.c_3 : Pulsing Driver for 120ms (1.0 pulse_power)
2024-09-18 14:43:29,950 : INFO : SwitchController : <<<<<<< 's_1_right_target' inactive >>>>>>>
2024-09-18 14:43:29,952 : INFO : SwitchController : <<<<<<< 's_1_right_target' active >>>>>>>
2024-09-18 14:43:34,859 : INFO : coil.c_tiltrelay_s : Pulsing Driver for 200ms (1.0 pulse_power)
2024-09-18 14:43:39,828 : INFO : EventManager : Event: ======'balldevice_bd_drain_ball_eject_failed'====== Args={'target': <ball_device.bd_plung>, 'balls': 1, 'retry': True, 'num_attempts': 9}
2024-09-18 14:43:39,830 : INFO : ball_device.bd_drain : State: waiting_for_target_ready
2024-09-18 14:43:39,830 : INFO : EventManager : Event: ======'balldevice_bd_drain_ball_eject_attempt'====== Args={'balls': 1, 'target': <ball_device.bd_plung>, 'source': <ball_device.bd_drain>, 'mechanical_eject': False, 'num_attempts': 9}
2024-09-18 14:43:39,830 : INFO : ball_device.bd_drain : State: ejecting
2024-09-18 14:43:39,830 : INFO : ball_device.bd_drain : Ejecting ball to <ball_device.bd_plung>
2024-09-18 14:43:39,831 : INFO : EventManager : Event: ======'balldevice_bd_drain_ejecting_ball'====== Args={'balls': 1, 'target': <ball_device.bd_plung>, 'source': <ball_device.bd_drain>, 'mechanical_eject': False, 'num_attempts': 9}
2024-09-18 14:43:39,831 : INFO : ball_device.bd_drain : Wait for ball to leave device
2024-09-18 14:43:39,831 : INFO : coil.c_3 : Pulsing Driver for 120ms (1.0 pulse_power)
2024-09-18 14:43:39,955 : INFO : SwitchController : <<<<<<< 's_1_right_target' inactive >>>>>>>
2024-09-18 14:43:39,957 : INFO : SwitchController : <<<<<<< 's_2_right_target' inactive >>>>>>>
2024-09-18 14:43:39,959 : INFO : SwitchController : <<<<<<< 's_2_right_target' active >>>>>>>
2024-09-18 14:43:39,961 : INFO : SwitchController : <<<<<<< 's_1_right_target' active >>>>>>>
2024-09-18 14:43:47,064 : INFO : EventManager : Event: ======'service_mode_exited'====== Args={}
2024-09-18 14:43:47,065 : INFO : EventManager : Event: ======'machine_reset_phase_1'====== Args={}
2024-09-18 14:43:47,065 : INFO : EventManager : Event: ======'machine_reset_phase_2'====== Args={}
2024-09-18 14:43:47,066 : INFO : EventManager : Event: ======'machine_reset_phase_3'====== Args={}
2024-09-18 14:43:47,066 : INFO : EventManager : Event: ======'reset_complete'====== Args={}
2024-09-18 14:43:47,066 : INFO : EventManager : Event: ======'mode_attract_will_start'====== Args={}
2024-09-18 14:43:47,067 : INFO : EventManager : Event: ======'mode_attract_starting'====== Args={}
2024-09-18 14:43:47,067 : INFO : Mode.attract : Started. Priority: 10
2024-09-18 14:43:47,067 : INFO : EventManager : Event: ======'modes_active_modes_changed'====== Args={}
2024-09-18 14:43:47,067 : INFO : EventManager : Event: ======'mode_attract_started'====== Args={}
2024-09-18 14:43:47,067 : INFO : EventManager : Event: ======'collecting_balls_complete'====== Args={}
2024-09-18 14:43:49,833 : INFO : EventManager : Event: ======'balldevice_bd_drain_ball_eject_failed'====== Args={'target': <ball_device.bd_plung>, 'balls': 1, 'retry': True, 'num_attempts': 10}
2024-09-18 14:43:49,834 : INFO : ball_device.bd_drain : State: waiting_for_target_ready
2024-09-18 14:43:49,834 : INFO : EventManager : Event: ======'balldevice_bd_drain_ball_eject_attempt'====== Args={'balls': 1, 'target': <ball_device.bd_plung>, 'source': <ball_device.bd_drain>, 'mechanical_eject': False, 'num_attempts': 10}
2024-09-18 14:43:49,835 : INFO : ball_device.bd_drain : State: ejecting
2024-09-18 14:43:49,835 : INFO : ball_device.bd_drain : Ejecting ball to <ball_device.bd_plung>
2024-09-18 14:43:49,835 : INFO : EventManager : Event: ======'balldevice_bd_drain_ejecting_ball'====== Args={'balls': 1, 'target': <ball_device.bd_plung>, 'source': <ball_device.bd_drain>, 'mechanical_eject': False, 'num_attempts': 10}
2024-09-18 14:43:49,835 : INFO : ball_device.bd_drain : Wait for ball to leave device
2024-09-18 14:43:49,836 : INFO : coil.c_3 : Pulsing Driver for 120ms (1.0 pulse_power)
2024-09-18 14:43:49,960 : INFO : SwitchController : <<<<<<< 's_1_right_target' inactive >>>>>>>
2024-09-18 14:43:49,961 : INFO : SwitchController : <<<<<<< 's_1_right_target' active >>>>>>>
2024-09-18 14:43:49,962 : INFO : SwitchController : <<<<<<< 's_top_right_rollunder' active >>>>>>>
2024-09-18 14:43:49,962 : INFO : SwitchController : <<<<<<< 's_top_right_rollunder' inactive >>>>>>>
2024-09-18 14:43:50,066 : INFO : SwitchController : <<<<<<< 's_1_right_target' inactive >>>>>>>
2024-09-18 14:43:50,067 : INFO : SwitchController : <<<<<<< 's_1_right_target' active >>>>>>>
2024-09-18 14:43:54,731 : ERROR : asyncio : Exception in callback Util.raise_exceptions(<Task finishe...s on port?)')>) at /home/pinball/mpfenv/lib/python3.12/site-packages/mpf/core/utility_functions.py:790
handle: <Handle Util.raise_exceptions(<Task finishe...s on port?)')>) at /home/pinball/mpfenv/lib/python3.12/site-packages/mpf/core/utility_functions.py:790>
Traceback (most recent call last):
  File "/usr/lib/python3.12/asyncio/events.py", line 88, in _run
    self._context.run(self._callback, *self._args)
  File "/home/pinball/mpfenv/lib/python3.12/site-packages/mpf/core/utility_functions.py", line 798, in raise_exceptions
    future.result()
  File "/home/pinball/mpfenv/lib/python3.12/site-packages/mpf/platforms/lisy/lisy.py", line 577, in _poll
    status = await self._read_byte()
             ^^^^^^^^^^^^^^^^^^^^^^^
  File "/home/pinball/mpfenv/lib/python3.12/site-packages/mpf/platforms/lisy/lisy.py", line 816, in _read_byte
    data = await self._reader.readexactly(1)
           ^^^^^^^^^^^^^^^^^^^^^^^^^^^^^^^^^
  File "/usr/lib/python3.12/asyncio/streams.py", line 741, in readexactly
    raise self._exception
  File "/home/pinball/mpfenv/lib/python3.12/site-packages/serial_asyncio/__init__.py", line 115, in _read_ready
    data = self._serial.read(self._max_read_size)
           ^^^^^^^^^^^^^^^^^^^^^^^^^^^^^^^^^^^^^^
  File "/home/pinball/mpfenv/lib/python3.12/site-packages/serial/serialposix.py", line 595, in read
    raise SerialException(
serial.serialutil.SerialException: device reports readiness to read but returned no data (device disconnected or multiple access on port?)
2024-09-18 14:43:54,736 : INFO : Machine : Shutting down...
2024-09-18 14:43:54,737 : INFO : EventManager : Event: ======'shutdown'====== Args={}
2024-09-18 14:43:54,739 : ERROR : root : device reports readiness to read but returned no data (device disconnected or multiple access on port?)
Traceback (most recent call last):
  File "/home/pinball/mpfenv/lib/python3.12/site-packages/mpf/commands/game.py", line 240, in __init__
    self.machine.run()
  File "/home/pinball/mpfenv/lib/python3.12/site-packages/mpf/core/machine.py", line 689, in run
    self._run_loop()
  File "/home/pinball/mpfenv/lib/python3.12/site-packages/mpf/core/machine.py", line 789, in _run_loop
    self._crash_shutdown()
  File "/home/pinball/mpfenv/lib/python3.12/site-packages/mpf/core/machine.py", line 734, in _crash_shutdown
    self._do_stop()
  File "/home/pinball/mpfenv/lib/python3.12/site-packages/mpf/core/machine.py", line 725, in _do_stop
    self.shutdown()
  File "/home/pinball/mpfenv/lib/python3.12/site-packages/mpf/core/machine.py", line 755, in shutdown
    self._platform_stop()
  File "/home/pinball/mpfenv/lib/python3.12/site-packages/mpf/core/machine.py", line 805, in _platform_stop
    hardware_platform.stop()
  File "/home/pinball/mpfenv/lib/python3.12/site-packages/mpf/platforms/lisy/lisy.py", line 565, in stop
    self.machine.clock.loop.run_until_complete(self._writer.wait_closed())
  File "/usr/lib/python3.12/asyncio/base_events.py", line 687, in run_until_complete
    return future.result()
           ^^^^^^^^^^^^^^^
  File "/usr/lib/python3.12/asyncio/streams.py", line 364, in wait_closed
    await self._protocol._get_close_waiter(self)
  File "/home/pinball/mpfenv/lib/python3.12/site-packages/serial_asyncio/__init__.py", line 115, in _read_ready
    data = self._serial.read(self._max_read_size)
           ^^^^^^^^^^^^^^^^^^^^^^^^^^^^^^^^^^^^^^
  File "/home/pinball/mpfenv/lib/python3.12/site-packages/serial/serialposix.py", line 595, in read
    raise SerialException(
serial.serialutil.SerialException: device reports readiness to read but returned no data (device disconnected or multiple access on port?)
