2024-09-18 14:07:34,453 : INFO : root : Loading config.
2024-09-18 14:07:34,456 : INFO : YamlMultifileConfigLoader : Machine config file #1: config.yaml
2024-09-18 14:07:34,457 : INFO : ConfigProcessor : Loading config from cache: /tmp/ce9187e7529af622f3b6e40d00abcf94.mpf_cache
2024-09-18 14:07:34,493 : INFO : ConfigProcessor : Loading config from cache: /tmp/8973a6dc4f28e221c9999ded5d94a924.mpf_cache
2024-09-18 14:07:34,493 : INFO : ConfigProcessor : Loading config from cache: /tmp/630a60b96e3d9b5031cbb1e5fa5514c1.mpf_cache
2024-09-18 14:07:34,493 : INFO : Machine : Mission Pinball Framework Core Engine v0.80.0.dev4
2024-09-18 14:07:34,493 : INFO : Machine : Command line arguments: {'no_load_cache': False, 'create_config_cache': True, 'bcp': False, 'configfile': ['config.yaml'], 'force_assets_load': False, 'platform_integration_test': False, 'jsonlogging': False, 'logfile': 'logs/2024-09-18-14-07-34-mpf-mpf.log', 'pause': False, 'production': False, 'text_ui': True, 'loglevel': 15, 'consoleloglevel': 20, 'force_platform': None, 'syslog_address': None, 'mc_file_name': None, 'no_sound': False, 'full_logfile_path': '/home/pinball/Documents/Robowar/logs/2024-09-18-14-07-34-mpf-mpf.log'}
2024-09-18 14:07:34,493 : INFO : Machine : MPF path: /home/pinball/mpfenv/lib/python3.12/site-packages/mpf
2024-09-18 14:07:34,493 : INFO : Machine : Machine path: /home/pinball/Documents/Robowar
2024-09-18 14:07:34,493 : INFO : Machine : Platform: linux
2024-09-18 14:07:34,493 : INFO : Machine : Python executable location: /home/pinball/mpfenv/bin/python3
2024-09-18 14:07:34,493 : INFO : Machine : Python version: 3.12.3 (64-bit)
2024-09-18 14:07:34,494 : INFO : Machine : Initializing MPF...
2024-09-18 14:07:34,550 : INFO : lisy : Connecting to /dev/ttyACM0 at 115200bps
2024-09-18 14:07:34,657 : INFO : EventManager : Event: ======'machine_var_lisy_hardware'====== Args={'value': 'LISY80', 'prev_value': None, 'change': True}
2024-09-18 14:07:34,657 : INFO : EventManager : Event: ======'machine_var_lisy_version'====== Args={'value': '5.26 ', 'prev_value': None, 'change': True}
2024-09-18 14:07:34,657 : INFO : EventManager : Event: ======'machine_var_lisy_api_version'====== Args={'value': b'0.09', 'prev_value': None, 'change': True}
2024-09-18 14:07:34,726 : INFO : EventManager : Event: ======'machine_var_credits_string'====== Args={'value': 'FREE PLAY', 'prev_value': None, 'change': True}
2024-09-18 14:07:34,735 : INFO : EventManager : Event: ======'machine_var_master_volume'====== Args={'value': 0.5, 'prev_value': None, 'change': True}
2024-09-18 14:07:34,735 : INFO : EventManager : Event: ======'machine_var_mpf_version'====== Args={'value': 'Mission Pinball Framework v0.80.0.dev4', 'prev_value': None, 'change': True}
2024-09-18 14:07:34,735 : INFO : EventManager : Event: ======'machine_var_mpf_extended_version'====== Args={'value': 'Mission Pinball Framework v0.80.0.dev4, Config version:6, Show version: 6, BCP version:1.1', 'prev_value': None, 'change': True}
2024-09-18 14:07:34,735 : INFO : EventManager : Event: ======'machine_var_python_version'====== Args={'value': '3.12.3', 'prev_value': None, 'change': True}
2024-09-18 14:07:34,737 : INFO : EventManager : Event: ======'machine_var_platform'====== Args={'value': 'Linux-6.8.0-38-generic-x86_64-with-glibc2.39', 'prev_value': None, 'change': True}
2024-09-18 14:07:34,737 : INFO : EventManager : Event: ======'machine_var_platform_system'====== Args={'value': 'Linux', 'prev_value': None, 'change': True}
2024-09-18 14:07:34,737 : INFO : EventManager : Event: ======'machine_var_platform_release'====== Args={'value': '6.8.0-38-generic', 'prev_value': None, 'change': True}
2024-09-18 14:07:34,737 : INFO : EventManager : Event: ======'machine_var_platform_version'====== Args={'value': '#38-Ubuntu SMP PREEMPT_DYNAMIC Fri Jun  7 15:25:01 UTC 2024', 'prev_value': None, 'change': True}
2024-09-18 14:07:34,737 : INFO : EventManager : Event: ======'machine_var_platform_machine'====== Args={'value': 'x86_64', 'prev_value': None, 'change': True}
2024-09-18 14:07:34,737 : INFO : EventManager : Event: ======'machine_var_log_file_path'====== Args={'value': '/home/pinball/Documents/Robowar/logs/2024-09-18-14-07-34-mpf-mpf.log', 'prev_value': None, 'change': True}
2024-09-18 14:07:34,737 : INFO : EventManager : Event: ======'init_phase_1'====== Args={}
2024-09-18 14:07:34,748 : WARNING : segment_display.upper_display : Segment display update_method will default to 'replace' in a future MPF release. You have no config value specified and are currently getting 'stack' for backwards compatibility. To avoid a breaking change, please set 'update_method: "stack"' in your segment display config.
2024-09-18 14:07:34,748 : WARNING : segment_display.lower_display : Segment display update_method will default to 'replace' in a future MPF release. You have no config value specified and are currently getting 'stack' for backwards compatibility. To avoid a breaking change, please set 'update_method: "stack"' in your segment display config.
2024-09-18 14:07:34,761 : INFO : EventManager : Event: ======'init_phase_2'====== Args={}
2024-09-18 14:07:34,761 : INFO : SwitchController : Found active switch: ('40', <mpf.platforms.lisy.lisy.LisyHardwarePlatform object at 0x704c7e798b90>) <switch.s_1_top_target>
2024-09-18 14:07:34,761 : INFO : SwitchController : Found active switch: ('41', <mpf.platforms.lisy.lisy.LisyHardwarePlatform object at 0x704c7e798b90>) <switch.s_1_right_target>
2024-09-18 14:07:34,761 : INFO : SwitchController : Found active switch: ('42', <mpf.platforms.lisy.lisy.LisyHardwarePlatform object at 0x704c7e798b90>) <switch.s_1_center_target>
2024-09-18 14:07:34,761 : INFO : SwitchController : Found active switch: ('43', <mpf.platforms.lisy.lisy.LisyHardwarePlatform object at 0x704c7e798b90>) <switch.s_1_left_target>
2024-09-18 14:07:34,761 : INFO : SwitchController : Found active switch: ('50', <mpf.platforms.lisy.lisy.LisyHardwarePlatform object at 0x704c7e798b90>) <switch.s_2_top_target>
2024-09-18 14:07:34,761 : INFO : SwitchController : Found active switch: ('51', <mpf.platforms.lisy.lisy.LisyHardwarePlatform object at 0x704c7e798b90>) <switch.s_2_right_target>
2024-09-18 14:07:34,761 : INFO : SwitchController : Found active switch: ('52', <mpf.platforms.lisy.lisy.LisyHardwarePlatform object at 0x704c7e798b90>) <switch.s_2_center_target>
2024-09-18 14:07:34,762 : INFO : SwitchController : Found active switch: ('56', <mpf.platforms.lisy.lisy.LisyHardwarePlatform object at 0x704c7e798b90>) <switch.s_throught>
2024-09-18 14:07:34,762 : INFO : SwitchController : Found active switch: ('60', <mpf.platforms.lisy.lisy.LisyHardwarePlatform object at 0x704c7e798b90>) <switch.s_3_top_target>
2024-09-18 14:07:34,762 : INFO : SwitchController : Found active switch: ('61', <mpf.platforms.lisy.lisy.LisyHardwarePlatform object at 0x704c7e798b90>) <switch.s_3_right_target>
2024-09-18 14:07:34,762 : INFO : SwitchController : Found active switch: ('70', <mpf.platforms.lisy.lisy.LisyHardwarePlatform object at 0x704c7e798b90>) <switch.s_4_top_grop_target>
2024-09-18 14:07:34,762 : INFO : SwitchController : Found active switch: ('73', <mpf.platforms.lisy.lisy.LisyHardwarePlatform object at 0x704c7e798b90>) <switch.s_bottom_bumper>
2024-09-18 14:07:34,763 : INFO : ball_device.bd_drain : BCH: Initial count: 1
2024-09-18 14:07:34,763 : INFO : ball_device.bd_drain : State: idle
2024-09-18 14:07:34,769 : INFO : EventManager : Event: ======'init_phase_3'====== Args={}
2024-09-18 14:07:34,770 : INFO : EventManager : Event: ======'init_phase_4'====== Args={}
2024-09-18 14:07:34,770 : INFO : BallController : Initial balls found: 1
2024-09-18 14:07:34,772 : INFO : EventManager : Event: ======'machine_var_audits_events_game_ended'====== Args={'value': 0, 'prev_value': None, 'change': True}
2024-09-18 14:07:34,772 : INFO : EventManager : Event: ======'machine_var_audits_events_game_started'====== Args={'value': 3, 'prev_value': None, 'change': True}
2024-09-18 14:07:34,772 : INFO : EventManager : Event: ======'machine_var_audits_missing_switches_s_1_center_target'====== Args={'value': 3, 'prev_value': None, 'change': True}
2024-09-18 14:07:34,772 : INFO : EventManager : Event: ======'machine_var_audits_missing_switches_s_1_left_target'====== Args={'value': 1, 'prev_value': None, 'change': True}
2024-09-18 14:07:34,773 : INFO : EventManager : Event: ======'machine_var_audits_missing_switches_s_1_right_target'====== Args={'value': 3, 'prev_value': None, 'change': True}
2024-09-18 14:07:34,773 : INFO : EventManager : Event: ======'machine_var_audits_missing_switches_s_1_top_rollover'====== Args={'value': 3, 'prev_value': None, 'change': True}
2024-09-18 14:07:34,773 : INFO : EventManager : Event: ======'machine_var_audits_missing_switches_s_1_top_target'====== Args={'value': 3, 'prev_value': None, 'change': True}
2024-09-18 14:07:34,773 : INFO : EventManager : Event: ======'machine_var_audits_missing_switches_s_2_center_target'====== Args={'value': 3, 'prev_value': None, 'change': True}
2024-09-18 14:07:34,773 : INFO : EventManager : Event: ======'machine_var_audits_missing_switches_s_2_right_target'====== Args={'value': 3, 'prev_value': None, 'change': True}
2024-09-18 14:07:34,773 : INFO : EventManager : Event: ======'machine_var_audits_missing_switches_s_2_top_rollover'====== Args={'value': 3, 'prev_value': None, 'change': True}
2024-09-18 14:07:34,773 : INFO : EventManager : Event: ======'machine_var_audits_missing_switches_s_2_top_target'====== Args={'value': 3, 'prev_value': None, 'change': True}
2024-09-18 14:07:34,773 : INFO : EventManager : Event: ======'machine_var_audits_missing_switches_s_3_right_target'====== Args={'value': 3, 'prev_value': None, 'change': True}
2024-09-18 14:07:34,773 : INFO : EventManager : Event: ======'machine_var_audits_missing_switches_s_3_top_rollover'====== Args={'value': 3, 'prev_value': None, 'change': True}
2024-09-18 14:07:34,773 : INFO : EventManager : Event: ======'machine_var_audits_missing_switches_s_3_top_target'====== Args={'value': 3, 'prev_value': None, 'change': True}
2024-09-18 14:07:34,773 : INFO : EventManager : Event: ======'machine_var_audits_missing_switches_s_4_top_grop_target'====== Args={'value': 3, 'prev_value': None, 'change': True}
2024-09-18 14:07:34,773 : INFO : EventManager : Event: ======'machine_var_audits_missing_switches_s_4_top_rollover'====== Args={'value': 3, 'prev_value': None, 'change': True}
2024-09-18 14:07:34,773 : INFO : EventManager : Event: ======'machine_var_audits_missing_switches_s_bottom_bumper'====== Args={'value': 3, 'prev_value': None, 'change': True}
2024-09-18 14:07:34,774 : INFO : EventManager : Event: ======'machine_var_audits_missing_switches_s_center_coin'====== Args={'value': 3, 'prev_value': None, 'change': True}
2024-09-18 14:07:34,774 : INFO : EventManager : Event: ======'machine_var_audits_missing_switches_s_hole'====== Args={'value': 3, 'prev_value': None, 'change': True}
2024-09-18 14:07:34,774 : INFO : EventManager : Event: ======'machine_var_audits_missing_switches_s_kicking_2'====== Args={'value': 3, 'prev_value': None, 'change': True}
2024-09-18 14:07:34,774 : INFO : EventManager : Event: ======'machine_var_audits_missing_switches_s_left_adv'====== Args={'value': 3, 'prev_value': None, 'change': True}
2024-09-18 14:07:34,774 : INFO : EventManager : Event: ======'machine_var_audits_missing_switches_s_left_coin'====== Args={'value': 3, 'prev_value': None, 'change': True}
2024-09-18 14:07:34,774 : INFO : EventManager : Event: ======'machine_var_audits_missing_switches_s_left_out_rollover'====== Args={'value': 3, 'prev_value': None, 'change': True}
2024-09-18 14:07:34,774 : INFO : EventManager : Event: ======'machine_var_audits_missing_switches_s_left_return_rollover'====== Args={'value': 3, 'prev_value': None, 'change': True}
2024-09-18 14:07:34,774 : INFO : EventManager : Event: ======'machine_var_audits_missing_switches_s_left_spot_target'====== Args={'value': 3, 'prev_value': None, 'change': True}
2024-09-18 14:07:34,774 : INFO : EventManager : Event: ======'machine_var_audits_missing_switches_s_outhole'====== Args={'value': 3, 'prev_value': None, 'change': True}
2024-09-18 14:07:34,774 : INFO : EventManager : Event: ======'machine_var_audits_missing_switches_s_play_test_play'====== Args={'value': 3, 'prev_value': None, 'change': True}
2024-09-18 14:07:34,774 : INFO : EventManager : Event: ======'machine_var_audits_missing_switches_s_right_adv'====== Args={'value': 3, 'prev_value': None, 'change': True}
2024-09-18 14:07:34,774 : INFO : EventManager : Event: ======'machine_var_audits_missing_switches_s_right_coin'====== Args={'value': 3, 'prev_value': None, 'change': True}
2024-09-18 14:07:34,774 : INFO : EventManager : Event: ======'machine_var_audits_missing_switches_s_right_flipper'====== Args={'value': 3, 'prev_value': None, 'change': True}
2024-09-18 14:07:34,775 : INFO : EventManager : Event: ======'machine_var_audits_missing_switches_s_right_out_rollover'====== Args={'value': 3, 'prev_value': None, 'change': True}
2024-09-18 14:07:34,775 : INFO : EventManager : Event: ======'machine_var_audits_missing_switches_s_right_return_rollover'====== Args={'value': 3, 'prev_value': None, 'change': True}
2024-09-18 14:07:34,775 : INFO : EventManager : Event: ======'machine_var_audits_missing_switches_s_right_side_rollover'====== Args={'value': 3, 'prev_value': None, 'change': True}
2024-09-18 14:07:34,775 : INFO : EventManager : Event: ======'machine_var_audits_missing_switches_s_shooter_lane_rollover'====== Args={'value': 3, 'prev_value': None, 'change': True}
2024-09-18 14:07:34,775 : INFO : EventManager : Event: ======'machine_var_audits_missing_switches_s_spinner'====== Args={'value': 3, 'prev_value': None, 'change': True}
2024-09-18 14:07:34,775 : INFO : EventManager : Event: ======'machine_var_audits_missing_switches_s_stargate_rollover'====== Args={'value': 3, 'prev_value': None, 'change': True}
2024-09-18 14:07:34,775 : INFO : EventManager : Event: ======'machine_var_audits_missing_switches_s_stargate_spot'====== Args={'value': 3, 'prev_value': None, 'change': True}
2024-09-18 14:07:34,775 : INFO : EventManager : Event: ======'machine_var_audits_missing_switches_s_start'====== Args={'value': 1, 'prev_value': None, 'change': True}
2024-09-18 14:07:34,775 : INFO : EventManager : Event: ======'machine_var_audits_missing_switches_s_throught'====== Args={'value': 3, 'prev_value': None, 'change': True}
2024-09-18 14:07:34,775 : INFO : EventManager : Event: ======'machine_var_audits_missing_switches_s_tilt'====== Args={'value': 3, 'prev_value': None, 'change': True}
2024-09-18 14:07:34,775 : INFO : EventManager : Event: ======'machine_var_audits_missing_switches_s_top_left_bumper'====== Args={'value': 3, 'prev_value': None, 'change': True}
2024-09-18 14:07:34,776 : INFO : EventManager : Event: ======'machine_var_audits_missing_switches_s_top_right_bumper'====== Args={'value': 3, 'prev_value': None, 'change': True}
2024-09-18 14:07:34,776 : INFO : EventManager : Event: ======'machine_var_audits_missing_switches_s_top_right_rollunder'====== Args={'value': 3, 'prev_value': None, 'change': True}
2024-09-18 14:07:34,776 : INFO : EventManager : Event: ======'machine_var_audits_player_score'====== Args={'value': {'average': 0, 'top': [], 'total': 0}, 'prev_value': None, 'change': True}
2024-09-18 14:07:34,776 : INFO : EventManager : Event: ======'machine_var_audits_switches_s_1_center_target'====== Args={'value': 0, 'prev_value': None, 'change': True}
2024-09-18 14:07:34,776 : INFO : EventManager : Event: ======'machine_var_audits_switches_s_1_left_target'====== Args={'value': 1, 'prev_value': None, 'change': True}
2024-09-18 14:07:34,776 : INFO : EventManager : Event: ======'machine_var_audits_switches_s_1_right_target'====== Args={'value': 0, 'prev_value': None, 'change': True}
2024-09-18 14:07:34,776 : INFO : EventManager : Event: ======'machine_var_audits_switches_s_1_top_rollover'====== Args={'value': 0, 'prev_value': None, 'change': True}
2024-09-18 14:07:34,776 : INFO : EventManager : Event: ======'machine_var_audits_switches_s_1_top_target'====== Args={'value': 0, 'prev_value': None, 'change': True}
2024-09-18 14:07:34,777 : INFO : EventManager : Event: ======'machine_var_audits_switches_s_2_center_target'====== Args={'value': 0, 'prev_value': None, 'change': True}
2024-09-18 14:07:34,777 : INFO : EventManager : Event: ======'machine_var_audits_switches_s_2_right_target'====== Args={'value': 0, 'prev_value': None, 'change': True}
2024-09-18 14:07:34,777 : INFO : EventManager : Event: ======'machine_var_audits_switches_s_2_top_rollover'====== Args={'value': 0, 'prev_value': None, 'change': True}
2024-09-18 14:07:34,777 : INFO : EventManager : Event: ======'machine_var_audits_switches_s_2_top_target'====== Args={'value': 0, 'prev_value': None, 'change': True}
2024-09-18 14:07:34,777 : INFO : EventManager : Event: ======'machine_var_audits_switches_s_3_right_target'====== Args={'value': 0, 'prev_value': None, 'change': True}
2024-09-18 14:07:34,777 : INFO : EventManager : Event: ======'machine_var_audits_switches_s_3_top_rollover'====== Args={'value': 0, 'prev_value': None, 'change': True}
2024-09-18 14:07:34,777 : INFO : EventManager : Event: ======'machine_var_audits_switches_s_3_top_target'====== Args={'value': 0, 'prev_value': None, 'change': True}
2024-09-18 14:07:34,777 : INFO : EventManager : Event: ======'machine_var_audits_switches_s_4_top_grop_target'====== Args={'value': 0, 'prev_value': None, 'change': True}
2024-09-18 14:07:34,778 : INFO : EventManager : Event: ======'machine_var_audits_switches_s_4_top_rollover'====== Args={'value': 0, 'prev_value': None, 'change': True}
2024-09-18 14:07:34,778 : INFO : EventManager : Event: ======'machine_var_audits_switches_s_bottom_bumper'====== Args={'value': 0, 'prev_value': None, 'change': True}
2024-09-18 14:07:34,778 : INFO : EventManager : Event: ======'machine_var_audits_switches_s_center_coin'====== Args={'value': 0, 'prev_value': None, 'change': True}
2024-09-18 14:07:34,778 : INFO : EventManager : Event: ======'machine_var_audits_switches_s_hole'====== Args={'value': 0, 'prev_value': None, 'change': True}
2024-09-18 14:07:34,778 : INFO : EventManager : Event: ======'machine_var_audits_switches_s_kicking_2'====== Args={'value': 0, 'prev_value': None, 'change': True}
2024-09-18 14:07:34,778 : INFO : EventManager : Event: ======'machine_var_audits_switches_s_left_adv'====== Args={'value': 0, 'prev_value': None, 'change': True}
2024-09-18 14:07:34,778 : INFO : EventManager : Event: ======'machine_var_audits_switches_s_left_coin'====== Args={'value': 0, 'prev_value': None, 'change': True}
2024-09-18 14:07:34,778 : INFO : EventManager : Event: ======'machine_var_audits_switches_s_left_out_rollover'====== Args={'value': 0, 'prev_value': None, 'change': True}
2024-09-18 14:07:34,778 : INFO : EventManager : Event: ======'machine_var_audits_switches_s_left_return_rollover'====== Args={'value': 0, 'prev_value': None, 'change': True}
2024-09-18 14:07:34,779 : INFO : EventManager : Event: ======'machine_var_audits_switches_s_left_spot_target'====== Args={'value': 0, 'prev_value': None, 'change': True}
2024-09-18 14:07:34,779 : INFO : EventManager : Event: ======'machine_var_audits_switches_s_outhole'====== Args={'value': 0, 'prev_value': None, 'change': True}
2024-09-18 14:07:34,779 : INFO : EventManager : Event: ======'machine_var_audits_switches_s_play_test_play'====== Args={'value': 0, 'prev_value': None, 'change': True}
2024-09-18 14:07:34,779 : INFO : EventManager : Event: ======'machine_var_audits_switches_s_right_adv'====== Args={'value': 0, 'prev_value': None, 'change': True}
2024-09-18 14:07:34,779 : INFO : EventManager : Event: ======'machine_var_audits_switches_s_right_coin'====== Args={'value': 0, 'prev_value': None, 'change': True}
2024-09-18 14:07:34,779 : INFO : EventManager : Event: ======'machine_var_audits_switches_s_right_flipper'====== Args={'value': 0, 'prev_value': None, 'change': True}
2024-09-18 14:07:34,779 : INFO : EventManager : Event: ======'machine_var_audits_switches_s_right_out_rollover'====== Args={'value': 0, 'prev_value': None, 'change': True}
2024-09-18 14:07:34,780 : INFO : EventManager : Event: ======'machine_var_audits_switches_s_right_return_rollover'====== Args={'value': 0, 'prev_value': None, 'change': True}
2024-09-18 14:07:34,780 : INFO : EventManager : Event: ======'machine_var_audits_switches_s_right_side_rollover'====== Args={'value': 0, 'prev_value': None, 'change': True}
2024-09-18 14:07:34,780 : INFO : EventManager : Event: ======'machine_var_audits_switches_s_shooter_lane_rollover'====== Args={'value': 0, 'prev_value': None, 'change': True}
2024-09-18 14:07:34,780 : INFO : EventManager : Event: ======'machine_var_audits_switches_s_spinner'====== Args={'value': 0, 'prev_value': None, 'change': True}
2024-09-18 14:07:34,780 : INFO : EventManager : Event: ======'machine_var_audits_switches_s_stargate_rollover'====== Args={'value': 0, 'prev_value': None, 'change': True}
2024-09-18 14:07:34,780 : INFO : EventManager : Event: ======'machine_var_audits_switches_s_stargate_spot'====== Args={'value': 0, 'prev_value': None, 'change': True}
2024-09-18 14:07:34,780 : INFO : EventManager : Event: ======'machine_var_audits_switches_s_start'====== Args={'value': 4, 'prev_value': None, 'change': True}
2024-09-18 14:07:34,780 : INFO : EventManager : Event: ======'machine_var_audits_switches_s_throught'====== Args={'value': 0, 'prev_value': None, 'change': True}
2024-09-18 14:07:34,781 : INFO : EventManager : Event: ======'machine_var_audits_switches_s_tilt'====== Args={'value': 0, 'prev_value': None, 'change': True}
2024-09-18 14:07:34,781 : INFO : EventManager : Event: ======'machine_var_audits_switches_s_top_left_bumper'====== Args={'value': 0, 'prev_value': None, 'change': True}
2024-09-18 14:07:34,781 : INFO : EventManager : Event: ======'machine_var_audits_switches_s_top_right_bumper'====== Args={'value': 0, 'prev_value': None, 'change': True}
2024-09-18 14:07:34,781 : INFO : EventManager : Event: ======'machine_var_audits_switches_s_top_right_rollunder'====== Args={'value': 0, 'prev_value': None, 'change': True}
2024-09-18 14:07:34,781 : INFO : EventManager : Event: ======'init_phase_5'====== Args={}
2024-09-18 14:07:34,794 : INFO : EventManager : Event: ======'init_done'====== Args={}
2024-09-18 14:07:34,794 : INFO : EventManager : Event: ======'machine_reset_phase_1'====== Args={}
2024-09-18 14:07:34,794 : INFO : EventManager : Event: ======'machine_reset_phase_2'====== Args={}
2024-09-18 14:07:34,794 : INFO : EventManager : Event: ======'machine_reset_phase_3'====== Args={}
2024-09-18 14:07:34,795 : INFO : EventManager : Event: ======'reset_complete'====== Args={}
2024-09-18 14:07:34,795 : INFO : EventManager : Event: ======'mode_attract_will_start'====== Args={}
2024-09-18 14:07:34,795 : INFO : EventManager : Event: ======'mode_attract_starting'====== Args={}
2024-09-18 14:07:34,795 : INFO : Mode.attract : Started. Priority: 10
2024-09-18 14:07:34,795 : INFO : EventManager : Event: ======'modes_active_modes_changed'====== Args={}
2024-09-18 14:07:34,795 : INFO : EventManager : Event: ======'mode_attract_started'====== Args={}
2024-09-18 14:07:34,795 : INFO : EventManager : Event: ======'collecting_balls_complete'====== Args={}
2024-09-18 14:07:34,795 : INFO : Machine : Starting the main run loop.
2024-09-18 14:07:37,906 : INFO : SwitchController : <<<<<<< 's_start' active >>>>>>>
2024-09-18 14:07:37,942 : INFO : SwitchController : <<<<<<< 's_start' inactive >>>>>>>
2024-09-18 14:07:37,942 : INFO : EventManager : Event: ======'request_to_start_game'====== Args={}
2024-09-18 14:07:37,943 : INFO : EventManager : Event: ======'game_start'====== Args={'buttons': [], 'hold_time': 0.03563231099542463}
2024-09-18 14:07:37,943 : INFO : EventManager : Event: ======'mode_game_will_start'====== Args={'buttons': [], 'hold_time': 0.03563231099542463}
2024-09-18 14:07:37,944 : INFO : EventManager : Event: ======'mode_game_starting'====== Args={'buttons': [], 'hold_time': 0.03563231099542463}
2024-09-18 14:07:37,944 : INFO : EventManager : Event: ======'mode_attract_will_stop'====== Args={}
2024-09-18 14:07:37,944 : INFO : EventManager : Event: ======'mode_attract_stopping'====== Args={}
2024-09-18 14:07:37,944 : INFO : Mode.attract : Stopped.
2024-09-18 14:07:37,945 : INFO : EventManager : Event: ======'modes_active_modes_changed'====== Args={}
2024-09-18 14:07:37,945 : INFO : EventManager : Event: ======'mode_attract_stopped'====== Args={}
2024-09-18 14:07:37,945 : INFO : EventManager : Event: ======'clear'====== Args={'key': 'attract'}
2024-09-18 14:07:37,945 : INFO : Mode.game : Started. Priority: 20
2024-09-18 14:07:37,945 : INFO : EventManager : Event: ======'modes_active_modes_changed'====== Args={}
2024-09-18 14:07:37,945 : INFO : EventManager : Event: ======'mode_game_started'====== Args={'buttons': [], 'hold_time': 0.03563231099542463}
2024-09-18 14:07:37,946 : INFO : EventManager : Event: ======'game_will_start'====== Args={}
2024-09-18 14:07:37,947 : INFO : EventManager : Event: ======'game_starting'====== Args={'game': <Mode.game>}
2024-09-18 14:07:37,947 : INFO : SwitchController : <<<<<<< 's_start' active >>>>>>>
2024-09-18 14:07:37,947 : INFO : EventManager : Event: ======'sw_start'====== Args={}
2024-09-18 14:07:37,947 : INFO : EventManager : Event: ======'player_add_request'====== Args={}
2024-09-18 14:07:37,947 : INFO : EventManager : Event: ======'player_will_add'====== Args={'number': 1}
2024-09-18 14:07:37,948 : INFO : EventManager : Event: ======'player_adding'====== Args={'player': <Player 1>, 'number': 1}
2024-09-18 14:07:37,948 : INFO : EventManager : Event: ======'player_added'====== Args={'player': <Player 1>, 'num': 1}
2024-09-18 14:07:37,948 : INFO : Mode.game : Player added successfully. Total players: 1
2024-09-18 14:07:37,948 : INFO : EventManager : Event: ======'player_index'====== Args={'value': 0, 'prev_value': 0, 'change': 0, 'player_num': 1}
2024-09-18 14:07:37,948 : INFO : EventManager : Event: ======'player_number'====== Args={'value': 1, 'prev_value': 1, 'change': 0, 'player_num': 1}
2024-09-18 14:07:37,948 : INFO : EventManager : Event: ======'player_score'====== Args={'value': 0, 'prev_value': 0, 'change': 0, 'player_num': 1}
2024-09-18 14:07:37,950 : INFO : EventManager : Unordered handler for class <Auditor> on event game_ended with priority 1. Handlers: [RegisteredHandler(callback=<bound method Auditor.disable of <Auditor>>, priority=1, kwargs={}, key=UUID('feedcea5-c685-4c12-9e39-8a8f3d68ffa4'), condition=None, blocking_facility=None), RegisteredHandler(callback=<bound method Auditor._save_audits of <Auditor>>, priority=1, kwargs={}, key=UUID('ffa01182-ca41-448d-84f6-412e4d3a7bae'), condition=None, blocking_facility=None)]. The order of those handlers is not defined and they will be executed in random order. This might lead to race conditions and potential bugs.
2024-09-18 14:07:37,950 : INFO : EventManager : Event: ======'game_started'====== Args={}
2024-09-18 14:07:37,951 : INFO : SwitchController : <<<<<<< 's_start' inactive >>>>>>>
2024-09-18 14:07:37,951 : INFO : EventManager : Event: ======'player_turn_will_start'====== Args={'player': <Player 1>, 'number': 1}
2024-09-18 14:07:37,952 : INFO : EventManager : Event: ======'player_turn_starting'====== Args={'player': <Player 1>, 'number': 1}
2024-09-18 14:07:37,968 : INFO : EventManager : Event: ======'player_ball'====== Args={'value': 1, 'prev_value': 0, 'change': 1, 'player_num': 1}
2024-09-18 14:07:37,969 : INFO : EventManager : Event: ======'player_turn_started'====== Args={'player': <Player 1>, 'number': 1}
2024-09-18 14:07:37,969 : INFO : EventManager : Event: ======'ball_will_start'====== Args={'player': 1, 'ball': 1, 'balls_remaining': 2, 'is_extra_ball': False}
2024-09-18 14:07:37,969 : INFO : EventManager : Event: ======'ball_starting'====== Args={'player': 1, 'ball': 1, 'balls_remaining': 2, 'is_extra_ball': False}
2024-09-18 14:07:37,969 : INFO : EventManager : Event: ======'balls_in_play'====== Args={'balls': 1}
2024-09-18 14:07:37,969 : INFO : EventManager : Event: ======'ball_started'====== Args={'player': 1, 'ball': 1, 'balls_remaining': 2, 'is_extra_ball': False}
2024-09-18 14:07:37,970 : INFO : EventManager : Event: ======'single_player_ball_started'====== Args={}
2024-09-18 14:07:37,970 : INFO : EventManager : Event: ======'ball_start_target'====== Args={'target': 'playfield'}
2024-09-18 14:07:37,970 : INFO : ball_device.bd_drain : Setting up player-controlled eject. Balls: 1, Target: <playfield.playfield>, player_controlled_eject_event: None
2024-09-18 14:07:37,970 : INFO : ball_device.bd_drain : Adding 1 ball(s) to the eject_queue with target <playfield.playfield>.
2024-09-18 14:07:37,970 : INFO : EventManager : Event: ======'balldevice_balls_available'====== Args={}
2024-09-18 14:07:37,970 : INFO : ball_device.bd_drain : State: waiting_for_target_ready
2024-09-18 14:07:37,970 : INFO : EventManager : Event: ======'balldevice_bd_drain_ball_eject_attempt'====== Args={'balls': 1, 'target': <playfield.playfield>, 'source': <ball_device.bd_drain>, 'mechanical_eject': False, 'num_attempts': 0}
2024-09-18 14:07:37,970 : INFO : ball_device.bd_drain : State: ejecting
2024-09-18 14:07:37,970 : INFO : ball_device.bd_drain : Ejecting ball to <playfield.playfield>
2024-09-18 14:07:37,971 : INFO : EventManager : Event: ======'balldevice_bd_drain_ejecting_ball'====== Args={'balls': 1, 'target': <playfield.playfield>, 'source': <ball_device.bd_drain>, 'mechanical_eject': False, 'num_attempts': 0}
2024-09-18 14:07:37,971 : INFO : ball_device.bd_drain : Wait for ball to leave device
2024-09-18 14:07:37,972 : INFO : coil.c_ball_release : Pulsing Driver for 20ms (1.0 pulse_power)
2024-09-18 14:07:37,995 : INFO : SwitchController : <<<<<<< 's_start' active >>>>>>>
2024-09-18 14:07:37,995 : INFO : EventManager : Event: ======'sw_start'====== Args={}
2024-09-18 14:07:37,995 : INFO : EventManager : Event: ======'machine_var_audits_switches_s_start'====== Args={'value': 5, 'prev_value': 4, 'change': 1}
2024-09-18 14:07:37,995 : INFO : EventManager : Event: ======'player_add_request'====== Args={}
2024-09-18 14:07:37,995 : INFO : EventManager : Event: ======'player_will_add'====== Args={'number': 2}
2024-09-18 14:07:37,995 : INFO : EventManager : Event: ======'player_adding'====== Args={'player': <Player 2>, 'number': 2}
2024-09-18 14:07:37,995 : INFO : EventManager : Event: ======'player_added'====== Args={'player': <Player 2>, 'num': 2}
2024-09-18 14:07:37,995 : INFO : Mode.game : Player added successfully. Total players: 2
2024-09-18 14:07:37,995 : INFO : EventManager : Event: ======'multiplayer_game'====== Args={}
2024-09-18 14:07:37,995 : INFO : EventManager : Event: ======'player_index'====== Args={'value': 1, 'prev_value': 1, 'change': 0, 'player_num': 2}
2024-09-18 14:07:37,995 : INFO : EventManager : Event: ======'player_number'====== Args={'value': 2, 'prev_value': 2, 'change': 0, 'player_num': 2}
2024-09-18 14:07:37,995 : INFO : EventManager : Event: ======'player_score'====== Args={'value': 0, 'prev_value': 0, 'change': 0, 'player_num': 2}
2024-09-18 14:07:38,238 : INFO : SwitchController : <<<<<<< 's_start' inactive >>>>>>>
2024-09-18 14:07:47,974 : INFO : EventManager : Event: ======'balldevice_bd_drain_ball_eject_failed'====== Args={'target': <playfield.playfield>, 'balls': 1, 'retry': True, 'num_attempts': 1}
2024-09-18 14:07:47,975 : INFO : ball_device.bd_drain : State: waiting_for_target_ready
2024-09-18 14:07:47,976 : INFO : EventManager : Event: ======'balldevice_bd_drain_ball_eject_attempt'====== Args={'balls': 1, 'target': <playfield.playfield>, 'source': <ball_device.bd_drain>, 'mechanical_eject': False, 'num_attempts': 1}
2024-09-18 14:07:47,976 : INFO : ball_device.bd_drain : State: ejecting
2024-09-18 14:07:47,977 : INFO : ball_device.bd_drain : Ejecting ball to <playfield.playfield>
2024-09-18 14:07:47,977 : INFO : EventManager : Event: ======'balldevice_bd_drain_ejecting_ball'====== Args={'balls': 1, 'target': <playfield.playfield>, 'source': <ball_device.bd_drain>, 'mechanical_eject': False, 'num_attempts': 1}
2024-09-18 14:07:47,978 : INFO : ball_device.bd_drain : Wait for ball to leave device
2024-09-18 14:07:47,978 : INFO : coil.c_ball_release : Pulsing Driver for 20ms (1.0 pulse_power)
2024-09-18 14:07:48,037 : INFO : SwitchController : <<<<<<< 's_1_left_target' inactive >>>>>>>
2024-09-18 14:07:48,045 : INFO : SwitchController : <<<<<<< 's_1_left_target' active >>>>>>>
2024-09-18 14:07:48,045 : INFO : EventManager : Event: ======'machine_var_audits_switches_s_1_left_target'====== Args={'value': 2, 'prev_value': 1, 'change': 1}
2024-09-18 14:07:56,175 : INFO : SwitchController : <<<<<<< 's_1_left_target' inactive >>>>>>>
2024-09-18 14:07:56,213 : INFO : SwitchController : <<<<<<< 's_1_left_target' active >>>>>>>
2024-09-18 14:07:56,213 : INFO : EventManager : Event: ======'machine_var_audits_switches_s_1_left_target'====== Args={'value': 3, 'prev_value': 2, 'change': 1}
2024-09-18 14:07:57,979 : INFO : EventManager : Event: ======'balldevice_bd_drain_ball_eject_failed'====== Args={'target': <playfield.playfield>, 'balls': 1, 'retry': True, 'num_attempts': 2}
2024-09-18 14:07:57,980 : INFO : ball_device.bd_drain : State: waiting_for_target_ready
2024-09-18 14:07:57,980 : INFO : EventManager : Event: ======'balldevice_bd_drain_ball_eject_attempt'====== Args={'balls': 1, 'target': <playfield.playfield>, 'source': <ball_device.bd_drain>, 'mechanical_eject': False, 'num_attempts': 2}
2024-09-18 14:07:57,981 : INFO : ball_device.bd_drain : State: ejecting
2024-09-18 14:07:57,981 : INFO : ball_device.bd_drain : Ejecting ball to <playfield.playfield>
2024-09-18 14:07:57,981 : INFO : EventManager : Event: ======'balldevice_bd_drain_ejecting_ball'====== Args={'balls': 1, 'target': <playfield.playfield>, 'source': <ball_device.bd_drain>, 'mechanical_eject': False, 'num_attempts': 2}
2024-09-18 14:07:57,982 : INFO : ball_device.bd_drain : Wait for ball to leave device
2024-09-18 14:07:57,982 : INFO : coil.c_ball_release : Pulsing Driver for 20ms (1.0 pulse_power)
2024-09-18 14:08:00,318 : INFO : SwitchController : <<<<<<< 's_top_right_rollunder' active >>>>>>>
2024-09-18 14:08:00,319 : INFO : EventManager : Event: ======'machine_var_audits_switches_s_top_right_rollunder'====== Args={'value': 1, 'prev_value': 0, 'change': 1}
2024-09-18 14:08:00,364 : INFO : SwitchController : <<<<<<< 's_top_right_rollunder' inactive >>>>>>>
2024-09-18 14:08:00,456 : INFO : SwitchController : <<<<<<< 's_top_right_rollunder' active >>>>>>>
2024-09-18 14:08:00,457 : INFO : EventManager : Event: ======'machine_var_audits_switches_s_top_right_rollunder'====== Args={'value': 2, 'prev_value': 1, 'change': 1}
2024-09-18 14:08:00,500 : INFO : SwitchController : <<<<<<< 's_top_right_rollunder' inactive >>>>>>>
2024-09-18 14:08:00,591 : INFO : SwitchController : <<<<<<< 's_top_right_rollunder' active >>>>>>>
2024-09-18 14:08:00,591 : INFO : EventManager : Event: ======'machine_var_audits_switches_s_top_right_rollunder'====== Args={'value': 3, 'prev_value': 2, 'change': 1}
2024-09-18 14:08:00,623 : INFO : SwitchController : <<<<<<< 's_top_right_rollunder' inactive >>>>>>>
2024-09-18 14:08:00,703 : INFO : SwitchController : <<<<<<< 's_top_right_rollunder' active >>>>>>>
2024-09-18 14:08:00,704 : INFO : EventManager : Event: ======'machine_var_audits_switches_s_top_right_rollunder'====== Args={'value': 4, 'prev_value': 3, 'change': 1}
2024-09-18 14:08:00,757 : INFO : SwitchController : <<<<<<< 's_top_right_rollunder' inactive >>>>>>>
2024-09-18 14:08:00,853 : INFO : SwitchController : <<<<<<< 's_top_right_rollunder' active >>>>>>>
2024-09-18 14:08:00,853 : INFO : EventManager : Event: ======'machine_var_audits_switches_s_top_right_rollunder'====== Args={'value': 5, 'prev_value': 4, 'change': 1}
2024-09-18 14:08:00,887 : INFO : SwitchController : <<<<<<< 's_top_right_rollunder' inactive >>>>>>>
2024-09-18 14:08:00,975 : INFO : SwitchController : <<<<<<< 's_top_right_rollunder' active >>>>>>>
2024-09-18 14:08:00,975 : INFO : EventManager : Event: ======'machine_var_audits_switches_s_top_right_rollunder'====== Args={'value': 6, 'prev_value': 5, 'change': 1}
2024-09-18 14:08:01,001 : INFO : SwitchController : <<<<<<< 's_top_right_rollunder' inactive >>>>>>>
2024-09-18 14:08:01,116 : INFO : SwitchController : <<<<<<< 's_top_right_rollunder' active >>>>>>>
2024-09-18 14:08:01,116 : INFO : EventManager : Event: ======'machine_var_audits_switches_s_top_right_rollunder'====== Args={'value': 7, 'prev_value': 6, 'change': 1}
2024-09-18 14:08:01,147 : INFO : SwitchController : <<<<<<< 's_top_right_rollunder' inactive >>>>>>>
2024-09-18 14:08:01,246 : INFO : SwitchController : <<<<<<< 's_top_right_rollunder' active >>>>>>>
2024-09-18 14:08:01,247 : INFO : EventManager : Event: ======'machine_var_audits_switches_s_top_right_rollunder'====== Args={'value': 8, 'prev_value': 7, 'change': 1}
2024-09-18 14:08:01,279 : INFO : SwitchController : <<<<<<< 's_top_right_rollunder' inactive >>>>>>>
2024-09-18 14:08:02,943 : INFO : SwitchController : <<<<<<< 's_top_right_rollunder' active >>>>>>>
2024-09-18 14:08:02,943 : INFO : EventManager : Event: ======'machine_var_audits_switches_s_top_right_rollunder'====== Args={'value': 9, 'prev_value': 8, 'change': 1}
2024-09-18 14:08:02,973 : INFO : SwitchController : <<<<<<< 's_top_right_rollunder' inactive >>>>>>>
2024-09-18 14:08:03,015 : INFO : SwitchController : <<<<<<< 's_top_right_rollunder' active >>>>>>>
2024-09-18 14:08:03,016 : INFO : EventManager : Event: ======'machine_var_audits_switches_s_top_right_rollunder'====== Args={'value': 10, 'prev_value': 9, 'change': 1}
2024-09-18 14:08:03,036 : INFO : SwitchController : <<<<<<< 's_top_right_rollunder' inactive >>>>>>>
2024-09-18 14:08:03,596 : INFO : SwitchController : <<<<<<< 's_top_right_rollunder' active >>>>>>>
2024-09-18 14:08:03,596 : INFO : EventManager : Event: ======'machine_var_audits_switches_s_top_right_rollunder'====== Args={'value': 11, 'prev_value': 10, 'change': 1}
2024-09-18 14:08:03,625 : INFO : SwitchController : <<<<<<< 's_top_right_rollunder' inactive >>>>>>>
2024-09-18 14:08:03,626 : INFO : SwitchController : <<<<<<< 's_top_right_rollunder' active >>>>>>>
2024-09-18 14:08:03,626 : INFO : EventManager : Event: ======'machine_var_audits_switches_s_top_right_rollunder'====== Args={'value': 12, 'prev_value': 11, 'change': 1}
2024-09-18 14:08:03,726 : INFO : SwitchController : <<<<<<< 's_top_right_rollunder' inactive >>>>>>>
2024-09-18 14:08:03,769 : INFO : SwitchController : <<<<<<< 's_top_right_rollunder' active >>>>>>>
2024-09-18 14:08:03,770 : INFO : EventManager : Event: ======'machine_var_audits_switches_s_top_right_rollunder'====== Args={'value': 13, 'prev_value': 12, 'change': 1}
2024-09-18 14:08:03,799 : INFO : SwitchController : <<<<<<< 's_top_right_rollunder' inactive >>>>>>>
2024-09-18 14:08:03,822 : INFO : SwitchController : <<<<<<< 's_top_right_rollunder' active >>>>>>>
2024-09-18 14:08:03,822 : INFO : EventManager : Event: ======'machine_var_audits_switches_s_top_right_rollunder'====== Args={'value': 14, 'prev_value': 13, 'change': 1}
2024-09-18 14:08:03,823 : INFO : SwitchController : <<<<<<< 's_top_right_rollunder' inactive >>>>>>>
2024-09-18 14:08:03,890 : INFO : SwitchController : <<<<<<< 's_top_right_rollunder' active >>>>>>>
2024-09-18 14:08:03,890 : INFO : EventManager : Event: ======'machine_var_audits_switches_s_top_right_rollunder'====== Args={'value': 15, 'prev_value': 14, 'change': 1}
2024-09-18 14:08:07,983 : INFO : EventManager : Event: ======'balldevice_bd_drain_ball_eject_failed'====== Args={'target': <playfield.playfield>, 'balls': 1, 'retry': True, 'num_attempts': 3}
2024-09-18 14:08:07,984 : INFO : ball_device.bd_drain : State: waiting_for_target_ready
2024-09-18 14:08:07,984 : INFO : EventManager : Event: ======'balldevice_bd_drain_ball_eject_attempt'====== Args={'balls': 1, 'target': <playfield.playfield>, 'source': <ball_device.bd_drain>, 'mechanical_eject': False, 'num_attempts': 3}
2024-09-18 14:08:07,984 : INFO : ball_device.bd_drain : State: ejecting
2024-09-18 14:08:07,984 : INFO : ball_device.bd_drain : Ejecting ball to <playfield.playfield>
2024-09-18 14:08:07,985 : INFO : EventManager : Event: ======'balldevice_bd_drain_ejecting_ball'====== Args={'balls': 1, 'target': <playfield.playfield>, 'source': <ball_device.bd_drain>, 'mechanical_eject': False, 'num_attempts': 3}
2024-09-18 14:08:07,985 : INFO : ball_device.bd_drain : Wait for ball to leave device
2024-09-18 14:08:07,985 : INFO : coil.c_ball_release : Pulsing Driver for 20ms (1.0 pulse_power)
2024-09-18 14:08:08,031 : INFO : SwitchController : <<<<<<< 's_top_right_rollunder' inactive >>>>>>>
2024-09-18 14:08:08,063 : INFO : SwitchController : <<<<<<< 's_top_right_rollunder' active >>>>>>>
2024-09-18 14:08:08,063 : INFO : EventManager : Event: ======'machine_var_audits_switches_s_top_right_rollunder'====== Args={'value': 16, 'prev_value': 15, 'change': 1}
2024-09-18 14:08:09,023 : INFO : SwitchController : <<<<<<< 's_top_right_rollunder' inactive >>>>>>>
2024-09-18 14:08:09,059 : INFO : SwitchController : <<<<<<< 's_top_right_rollunder' active >>>>>>>
2024-09-18 14:08:09,059 : INFO : EventManager : Event: ======'machine_var_audits_switches_s_top_right_rollunder'====== Args={'value': 17, 'prev_value': 16, 'change': 1}
2024-09-18 14:08:09,171 : INFO : SwitchController : <<<<<<< 's_top_right_rollunder' inactive >>>>>>>
2024-09-18 14:08:09,205 : INFO : SwitchController : <<<<<<< 's_top_right_rollunder' active >>>>>>>
2024-09-18 14:08:09,206 : INFO : EventManager : Event: ======'machine_var_audits_switches_s_top_right_rollunder'====== Args={'value': 18, 'prev_value': 17, 'change': 1}
2024-09-18 14:08:09,296 : INFO : SwitchController : <<<<<<< 's_top_right_rollunder' inactive >>>>>>>
2024-09-18 14:08:09,366 : INFO : SwitchController : <<<<<<< 's_top_right_rollunder' active >>>>>>>
2024-09-18 14:08:09,366 : INFO : EventManager : Event: ======'machine_var_audits_switches_s_top_right_rollunder'====== Args={'value': 19, 'prev_value': 18, 'change': 1}
2024-09-18 14:08:09,397 : INFO : SwitchController : <<<<<<< 's_top_right_rollunder' inactive >>>>>>>
2024-09-18 14:08:09,584 : INFO : SwitchController : <<<<<<< 's_top_right_rollunder' active >>>>>>>
2024-09-18 14:08:09,584 : INFO : EventManager : Event: ======'machine_var_audits_switches_s_top_right_rollunder'====== Args={'value': 20, 'prev_value': 19, 'change': 1}
2024-09-18 14:08:09,657 : INFO : SwitchController : <<<<<<< 's_top_right_rollunder' inactive >>>>>>>
2024-09-18 14:08:09,686 : INFO : SwitchController : <<<<<<< 's_top_right_rollunder' active >>>>>>>
2024-09-18 14:08:09,687 : INFO : EventManager : Event: ======'machine_var_audits_switches_s_top_right_rollunder'====== Args={'value': 21, 'prev_value': 20, 'change': 1}
2024-09-18 14:08:09,688 : INFO : SwitchController : <<<<<<< 's_top_right_rollunder' inactive >>>>>>>
2024-09-18 14:08:09,689 : INFO : SwitchController : <<<<<<< 's_top_right_rollunder' active >>>>>>>
2024-09-18 14:08:09,689 : INFO : EventManager : Event: ======'machine_var_audits_switches_s_top_right_rollunder'====== Args={'value': 22, 'prev_value': 21, 'change': 1}
2024-09-18 14:08:09,715 : INFO : SwitchController : <<<<<<< 's_top_right_rollunder' inactive >>>>>>>
2024-09-18 14:08:09,770 : INFO : SwitchController : <<<<<<< 's_top_right_rollunder' active >>>>>>>
2024-09-18 14:08:09,770 : INFO : EventManager : Event: ======'machine_var_audits_switches_s_top_right_rollunder'====== Args={'value': 23, 'prev_value': 22, 'change': 1}
2024-09-18 14:08:09,790 : INFO : SwitchController : <<<<<<< 's_top_right_rollunder' inactive >>>>>>>
2024-09-18 14:08:09,795 : INFO : SwitchController : <<<<<<< 's_top_right_rollunder' active >>>>>>>
2024-09-18 14:08:09,795 : INFO : EventManager : Event: ======'machine_var_audits_switches_s_top_right_rollunder'====== Args={'value': 24, 'prev_value': 23, 'change': 1}
2024-09-18 14:08:09,811 : INFO : SwitchController : <<<<<<< 's_top_right_rollunder' inactive >>>>>>>
2024-09-18 14:08:09,830 : INFO : SwitchController : <<<<<<< 's_top_right_rollunder' active >>>>>>>
2024-09-18 14:08:09,830 : INFO : EventManager : Event: ======'machine_var_audits_switches_s_top_right_rollunder'====== Args={'value': 25, 'prev_value': 24, 'change': 1}
2024-09-18 14:08:09,873 : INFO : SwitchController : <<<<<<< 's_top_right_rollunder' inactive >>>>>>>
2024-09-18 14:08:09,893 : INFO : SwitchController : <<<<<<< 's_top_right_rollunder' active >>>>>>>
2024-09-18 14:08:09,893 : INFO : EventManager : Event: ======'machine_var_audits_switches_s_top_right_rollunder'====== Args={'value': 26, 'prev_value': 25, 'change': 1}
2024-09-18 14:08:09,987 : INFO : SwitchController : <<<<<<< 's_top_right_rollunder' inactive >>>>>>>
2024-09-18 14:08:10,090 : INFO : SwitchController : <<<<<<< 's_top_right_rollunder' active >>>>>>>
2024-09-18 14:08:10,090 : INFO : EventManager : Event: ======'machine_var_audits_switches_s_top_right_rollunder'====== Args={'value': 27, 'prev_value': 26, 'change': 1}
2024-09-18 14:08:10,147 : INFO : SwitchController : <<<<<<< 's_top_right_rollunder' inactive >>>>>>>
2024-09-18 14:08:10,170 : INFO : SwitchController : <<<<<<< 's_top_right_rollunder' active >>>>>>>
2024-09-18 14:08:10,170 : INFO : EventManager : Event: ======'machine_var_audits_switches_s_top_right_rollunder'====== Args={'value': 28, 'prev_value': 27, 'change': 1}
2024-09-18 14:08:10,207 : INFO : SwitchController : <<<<<<< 's_top_right_rollunder' inactive >>>>>>>
2024-09-18 14:08:10,366 : INFO : SwitchController : <<<<<<< 's_top_right_rollunder' active >>>>>>>
2024-09-18 14:08:10,366 : INFO : EventManager : Event: ======'machine_var_audits_switches_s_top_right_rollunder'====== Args={'value': 29, 'prev_value': 28, 'change': 1}
2024-09-18 14:08:10,410 : INFO : SwitchController : <<<<<<< 's_top_right_rollunder' inactive >>>>>>>
2024-09-18 14:08:10,432 : INFO : SwitchController : <<<<<<< 's_top_right_rollunder' active >>>>>>>
2024-09-18 14:08:10,432 : INFO : EventManager : Event: ======'machine_var_audits_switches_s_top_right_rollunder'====== Args={'value': 30, 'prev_value': 29, 'change': 1}
2024-09-18 14:08:10,453 : INFO : SwitchController : <<<<<<< 's_top_right_rollunder' inactive >>>>>>>
2024-09-18 14:08:10,533 : INFO : SwitchController : <<<<<<< 's_top_right_rollunder' active >>>>>>>
2024-09-18 14:08:10,533 : INFO : EventManager : Event: ======'machine_var_audits_switches_s_top_right_rollunder'====== Args={'value': 31, 'prev_value': 30, 'change': 1}
2024-09-18 14:08:10,558 : INFO : SwitchController : <<<<<<< 's_top_right_rollunder' inactive >>>>>>>
2024-09-18 14:08:10,559 : INFO : SwitchController : <<<<<<< 's_top_right_rollunder' active >>>>>>>
2024-09-18 14:08:10,559 : INFO : EventManager : Event: ======'machine_var_audits_switches_s_top_right_rollunder'====== Args={'value': 32, 'prev_value': 31, 'change': 1}
2024-09-18 14:08:10,686 : INFO : SwitchController : <<<<<<< 's_top_right_rollunder' inactive >>>>>>>
2024-09-18 14:08:10,717 : INFO : SwitchController : <<<<<<< 's_top_right_rollunder' active >>>>>>>
2024-09-18 14:08:10,717 : INFO : EventManager : Event: ======'machine_var_audits_switches_s_top_right_rollunder'====== Args={'value': 33, 'prev_value': 32, 'change': 1}
2024-09-18 14:08:10,718 : INFO : SwitchController : <<<<<<< 's_top_right_rollunder' inactive >>>>>>>
2024-09-18 14:08:10,747 : INFO : SwitchController : <<<<<<< 's_top_right_rollunder' active >>>>>>>
2024-09-18 14:08:10,748 : INFO : EventManager : Event: ======'machine_var_audits_switches_s_top_right_rollunder'====== Args={'value': 34, 'prev_value': 33, 'change': 1}
2024-09-18 14:08:10,749 : INFO : SwitchController : <<<<<<< 's_top_right_rollunder' inactive >>>>>>>
2024-09-18 14:08:10,775 : INFO : SwitchController : <<<<<<< 's_top_right_rollunder' active >>>>>>>
2024-09-18 14:08:10,775 : INFO : EventManager : Event: ======'machine_var_audits_switches_s_top_right_rollunder'====== Args={'value': 35, 'prev_value': 34, 'change': 1}
2024-09-18 14:08:10,798 : INFO : SwitchController : <<<<<<< 's_top_right_rollunder' inactive >>>>>>>
2024-09-18 14:08:10,799 : INFO : SwitchController : <<<<<<< 's_top_right_rollunder' active >>>>>>>
2024-09-18 14:08:10,799 : INFO : EventManager : Event: ======'machine_var_audits_switches_s_top_right_rollunder'====== Args={'value': 36, 'prev_value': 35, 'change': 1}
2024-09-18 14:08:10,910 : INFO : SwitchController : <<<<<<< 's_top_right_rollunder' inactive >>>>>>>
2024-09-18 14:08:10,990 : INFO : SwitchController : <<<<<<< 's_top_right_rollunder' active >>>>>>>
2024-09-18 14:08:10,990 : INFO : EventManager : Event: ======'machine_var_audits_switches_s_top_right_rollunder'====== Args={'value': 37, 'prev_value': 36, 'change': 1}
2024-09-18 14:08:11,193 : INFO : SwitchController : <<<<<<< 's_top_right_rollunder' inactive >>>>>>>
2024-09-18 14:08:11,227 : INFO : SwitchController : <<<<<<< 's_top_right_rollunder' active >>>>>>>
2024-09-18 14:08:11,228 : INFO : EventManager : Event: ======'machine_var_audits_switches_s_top_right_rollunder'====== Args={'value': 38, 'prev_value': 37, 'change': 1}
2024-09-18 14:08:11,273 : INFO : SwitchController : <<<<<<< 's_top_right_rollunder' inactive >>>>>>>
2024-09-18 14:08:11,304 : INFO : SwitchController : <<<<<<< 's_top_right_rollunder' active >>>>>>>
2024-09-18 14:08:11,304 : INFO : EventManager : Event: ======'machine_var_audits_switches_s_top_right_rollunder'====== Args={'value': 39, 'prev_value': 38, 'change': 1}
2024-09-18 14:08:11,702 : INFO : SwitchController : <<<<<<< 's_top_right_rollunder' inactive >>>>>>>
2024-09-18 14:08:11,765 : INFO : SwitchController : <<<<<<< 's_top_right_rollunder' active >>>>>>>
2024-09-18 14:08:11,765 : INFO : EventManager : Event: ======'machine_var_audits_switches_s_top_right_rollunder'====== Args={'value': 40, 'prev_value': 39, 'change': 1}
2024-09-18 14:08:11,807 : INFO : SwitchController : <<<<<<< 's_top_right_rollunder' inactive >>>>>>>
2024-09-18 14:08:12,470 : INFO : SwitchController : <<<<<<< 's_top_right_rollunder' active >>>>>>>
2024-09-18 14:08:12,471 : INFO : EventManager : Event: ======'machine_var_audits_switches_s_top_right_rollunder'====== Args={'value': 41, 'prev_value': 40, 'change': 1}
2024-09-18 14:08:12,503 : INFO : SwitchController : <<<<<<< 's_top_right_rollunder' inactive >>>>>>>
2024-09-18 14:08:12,930 : INFO : SwitchController : <<<<<<< 's_1_right_target' inactive >>>>>>>
2024-09-18 14:08:12,932 : INFO : SwitchController : <<<<<<< 's_2_right_target' inactive >>>>>>>
2024-09-18 14:08:12,933 : INFO : SwitchController : <<<<<<< 's_3_right_target' inactive >>>>>>>
2024-09-18 14:08:12,965 : INFO : SwitchController : <<<<<<< 's_shooter_lane_rollover' active >>>>>>>
2024-09-18 14:08:12,965 : INFO : EventManager : Event: ======'sw_playfield_active'====== Args={}
2024-09-18 14:08:12,966 : INFO : EventManager : Event: ======'machine_var_audits_switches_s_shooter_lane_rollover'====== Args={'value': 1, 'prev_value': 0, 'change': 1}
2024-09-18 14:08:12,966 : INFO : EventManager : Event: ======'playfield_active'====== Args={'source': None}
2024-09-18 14:08:12,967 : INFO : SwitchController : <<<<<<< 's_1_left_target' inactive >>>>>>>
2024-09-18 14:08:12,968 : INFO : SwitchController : <<<<<<< 's_2_right_target' active >>>>>>>
2024-09-18 14:08:12,968 : INFO : EventManager : Event: ======'machine_var_audits_switches_s_2_right_target'====== Args={'value': 1, 'prev_value': 0, 'change': 1}
2024-09-18 14:08:12,969 : INFO : SwitchController : <<<<<<< 's_top_right_bumper' active >>>>>>>
2024-09-18 14:08:12,969 : INFO : EventManager : Event: ======'machine_var_audits_switches_s_top_right_bumper'====== Args={'value': 1, 'prev_value': 0, 'change': 1}
2024-09-18 14:08:12,970 : INFO : SwitchController : <<<<<<< 's_outhole' active >>>>>>>
2024-09-18 14:08:12,970 : INFO : EventManager : Event: ======'machine_var_audits_switches_s_outhole'====== Args={'value': 1, 'prev_value': 0, 'change': 1}
2024-09-18 14:08:12,972 : INFO : SwitchController : <<<<<<< 's_shooter_lane_rollover' inactive >>>>>>>
2024-09-18 14:08:12,973 : INFO : SwitchController : <<<<<<< 's_1_left_target' active >>>>>>>
2024-09-18 14:08:12,973 : INFO : EventManager : Event: ======'machine_var_audits_switches_s_1_left_target'====== Args={'value': 4, 'prev_value': 3, 'change': 1}
2024-09-18 14:08:12,974 : INFO : SwitchController : <<<<<<< 's_3_right_target' active >>>>>>>
2024-09-18 14:08:12,974 : INFO : EventManager : Event: ======'machine_var_audits_switches_s_3_right_target'====== Args={'value': 1, 'prev_value': 0, 'change': 1}
2024-09-18 14:08:12,990 : INFO : SwitchController : <<<<<<< 's_outhole' inactive >>>>>>>
2024-09-18 14:08:12,991 : INFO : SwitchController : <<<<<<< 's_1_left_target' inactive >>>>>>>
2024-09-18 14:08:12,991 : INFO : SwitchController : <<<<<<< 's_3_right_target' inactive >>>>>>>
2024-09-18 14:08:12,992 : INFO : SwitchController : <<<<<<< 's_top_right_bumper' inactive >>>>>>>
2024-09-18 14:08:12,992 : INFO : SwitchController : <<<<<<< 's_3_right_target' active >>>>>>>
2024-09-18 14:08:12,992 : INFO : EventManager : Event: ======'machine_var_audits_switches_s_3_right_target'====== Args={'value': 2, 'prev_value': 1, 'change': 1}
2024-09-18 14:08:12,993 : INFO : SwitchController : <<<<<<< 's_1_right_target' active >>>>>>>
2024-09-18 14:08:12,993 : INFO : EventManager : Event: ======'machine_var_audits_switches_s_1_right_target'====== Args={'value': 1, 'prev_value': 0, 'change': 1}
2024-09-18 14:08:12,993 : INFO : SwitchController : <<<<<<< 's_2_right_target' inactive >>>>>>>
2024-09-18 14:08:12,994 : INFO : SwitchController : <<<<<<< 's_1_right_target' inactive >>>>>>>
2024-09-18 14:08:12,994 : INFO : SwitchController : <<<<<<< 's_1_left_target' active >>>>>>>
2024-09-18 14:08:12,994 : INFO : EventManager : Event: ======'machine_var_audits_switches_s_1_left_target'====== Args={'value': 5, 'prev_value': 4, 'change': 1}
2024-09-18 14:08:12,995 : INFO : SwitchController : <<<<<<< 's_3_right_target' inactive >>>>>>>
2024-09-18 14:08:13,014 : INFO : SwitchController : <<<<<<< 's_1_left_target' inactive >>>>>>>
2024-09-18 14:08:13,014 : INFO : SwitchController : <<<<<<< 's_3_right_target' active >>>>>>>
2024-09-18 14:08:13,014 : INFO : EventManager : Event: ======'machine_var_audits_switches_s_3_right_target'====== Args={'value': 3, 'prev_value': 2, 'change': 1}
2024-09-18 14:08:13,015 : INFO : SwitchController : <<<<<<< 's_throught' inactive >>>>>>>
2024-09-18 14:08:13,015 : INFO : ball_device.bd_drain : State: ball_left
2024-09-18 14:08:13,015 : INFO : ball_device.bd_drain : Ball left
2024-09-18 14:08:13,015 : INFO : ball_device.bd_drain : Wait for confirm with timeout 10.0
2024-09-18 14:08:13,016 : INFO : SwitchController : <<<<<<< 's_3_right_target' inactive >>>>>>>
2024-09-18 14:08:13,033 : INFO : SwitchController : <<<<<<< 's_throught' active >>>>>>>
2024-09-18 14:08:13,033 : INFO : EventManager : Event: ======'machine_var_audits_switches_s_throught'====== Args={'value': 1, 'prev_value': 0, 'change': 1}
2024-09-18 14:08:13,034 : INFO : SwitchController : <<<<<<< 's_1_left_target' active >>>>>>>
2024-09-18 14:08:13,034 : INFO : EventManager : Event: ======'machine_var_audits_switches_s_1_left_target'====== Args={'value': 6, 'prev_value': 5, 'change': 1}
2024-09-18 14:08:13,034 : INFO : SwitchController : <<<<<<< 's_3_right_target' active >>>>>>>
2024-09-18 14:08:13,035 : INFO : EventManager : Event: ======'machine_var_audits_switches_s_3_right_target'====== Args={'value': 4, 'prev_value': 3, 'change': 1}
2024-09-18 14:08:13,053 : INFO : SwitchController : <<<<<<< 's_2_right_target' active >>>>>>>
2024-09-18 14:08:13,054 : INFO : EventManager : Event: ======'machine_var_audits_switches_s_2_right_target'====== Args={'value': 2, 'prev_value': 1, 'change': 1}
2024-09-18 14:08:13,055 : INFO : SwitchController : <<<<<<< 's_3_right_target' inactive >>>>>>>
2024-09-18 14:08:13,057 : INFO : SwitchController : <<<<<<< 's_3_right_target' active >>>>>>>
2024-09-18 14:08:13,057 : INFO : EventManager : Event: ======'machine_var_audits_switches_s_3_right_target'====== Args={'value': 5, 'prev_value': 4, 'change': 1}
2024-09-18 14:08:13,076 : INFO : SwitchController : <<<<<<< 's_1_right_target' active >>>>>>>
2024-09-18 14:08:13,076 : INFO : EventManager : Event: ======'machine_var_audits_switches_s_1_right_target'====== Args={'value': 2, 'prev_value': 1, 'change': 1}
2024-09-18 14:08:13,097 : INFO : SwitchController : <<<<<<< 's_1_left_target' inactive >>>>>>>
2024-09-18 14:08:13,119 : INFO : SwitchController : <<<<<<< 's_1_left_target' active >>>>>>>
2024-09-18 14:08:13,119 : INFO : EventManager : Event: ======'machine_var_audits_switches_s_1_left_target'====== Args={'value': 7, 'prev_value': 6, 'change': 1}
2024-09-18 14:08:13,120 : INFO : SwitchController : <<<<<<< 's_1_left_target' inactive >>>>>>>
2024-09-18 14:08:13,120 : INFO : SwitchController : <<<<<<< 's_1_left_target' active >>>>>>>
2024-09-18 14:08:13,120 : INFO : EventManager : Event: ======'machine_var_audits_switches_s_1_left_target'====== Args={'value': 8, 'prev_value': 7, 'change': 1}
2024-09-18 14:08:14,346 : INFO : SwitchController : <<<<<<< 's_2_right_target' inactive >>>>>>>
2024-09-18 14:08:14,381 : INFO : SwitchController : <<<<<<< 's_2_right_target' active >>>>>>>
2024-09-18 14:08:14,382 : INFO : EventManager : Event: ======'machine_var_audits_switches_s_2_right_target'====== Args={'value': 3, 'prev_value': 2, 'change': 1}
2024-09-18 14:08:16,453 : INFO : SwitchController : <<<<<<< 's_start' active >>>>>>>
2024-09-18 14:08:16,454 : INFO : EventManager : Event: ======'sw_start'====== Args={}
2024-09-18 14:08:16,454 : INFO : EventManager : Event: ======'machine_var_audits_switches_s_start'====== Args={'value': 6, 'prev_value': 5, 'change': 1}
2024-09-18 14:08:16,455 : INFO : EventManager : Event: ======'player_add_request'====== Args={}
2024-09-18 14:08:16,455 : INFO : EventManager : Event: ======'player_will_add'====== Args={'number': 3}
2024-09-18 14:08:16,456 : INFO : EventManager : Event: ======'player_adding'====== Args={'player': <Player 3>, 'number': 3}
2024-09-18 14:08:16,456 : INFO : EventManager : Event: ======'player_added'====== Args={'player': <Player 3>, 'num': 3}
2024-09-18 14:08:16,456 : INFO : Mode.game : Player added successfully. Total players: 3
2024-09-18 14:08:16,456 : INFO : EventManager : Event: ======'player_index'====== Args={'value': 2, 'prev_value': 2, 'change': 0, 'player_num': 3}
2024-09-18 14:08:16,457 : INFO : EventManager : Event: ======'player_number'====== Args={'value': 3, 'prev_value': 3, 'change': 0, 'player_num': 3}
2024-09-18 14:08:16,457 : INFO : EventManager : Event: ======'player_score'====== Args={'value': 0, 'prev_value': 0, 'change': 0, 'player_num': 3}
2024-09-18 14:08:16,610 : INFO : SwitchController : <<<<<<< 's_start' inactive >>>>>>>
2024-09-18 14:08:18,404 : INFO : Machine : Shutting down...
2024-09-18 14:08:18,404 : INFO : EventManager : Event: ======'shutdown'====== Args={}
2024-09-18 14:08:18,406 : INFO : EventManager : Event: ======'mode_game_will_stop'====== Args={}
2024-09-18 14:08:18,406 : INFO : EventManager : Event: ======'mode_game_stopping'====== Args={}
2024-09-18 14:08:18,407 : INFO : Mode.game : Stopped.
2024-09-18 14:08:18,407 : INFO : EventManager : Event: ======'modes_active_modes_changed'====== Args={}
2024-09-18 14:08:18,407 : INFO : EventManager : Event: ======'mode_game_stopped'====== Args={}
2024-09-18 14:08:18,407 : INFO : EventManager : Event: ======'clear'====== Args={'key': 'game'}
2024-09-18 14:08:18,511 : INFO : root : MPF run loop ended.
