2024-09-18 14:14:38,222 : INFO : root : Loading config.
2024-09-18 14:14:38,224 : INFO : YamlMultifileConfigLoader : Machine config file #1: config.yaml
2024-09-18 14:14:38,224 : INFO : ConfigProcessor : Loading config from cache: /tmp/ce9187e7529af622f3b6e40d00abcf94.mpf_cache
2024-09-18 14:14:38,224 : WARNING : ConfigProcessor : Config file in cache changed: /home/pinball/Documents/Robowar/config/coils.yaml
2024-09-18 14:14:38,224 : INFO : ConfigProcessor : Loading config from file /home/pinball/mpfenv/lib/python3.12/site-packages/mpf/mpfconfig.yaml.
2024-09-18 14:14:38,232 : INFO : ConfigProcessor : Loading config: /home/pinball/mpfenv/lib/python3.12/site-packages/mpf/mpfconfig.yaml
2024-09-18 14:14:38,233 : INFO : ConfigProcessor : Loading config from file /home/pinball/Documents/Robowar/config/config.yaml.
2024-09-18 14:14:38,233 : INFO : ConfigProcessor : Loading config: /home/pinball/Documents/Robowar/config/config.yaml
2024-09-18 14:14:38,235 : INFO : ConfigProcessor : Loading config: /home/pinball/Documents/Robowar/config/switches.yaml
2024-09-18 14:14:38,237 : INFO : ConfigProcessor : Loading config: /home/pinball/Documents/Robowar/config/coils.yaml
2024-09-18 14:14:38,237 : INFO : ConfigProcessor : Loading config: /home/pinball/Documents/Robowar/config/displays.yaml
2024-09-18 14:14:38,240 : INFO : ConfigProcessor : Loading config: /home/pinball/Documents/Robowar/config/lamps.yaml
2024-09-18 14:14:38,241 : INFO : ConfigProcessor : Config file cache created: /tmp/ce9187e7529af622f3b6e40d00abcf94.mpf_cache
2024-09-18 14:14:38,268 : INFO : ConfigProcessor : Loading config from cache: /tmp/8973a6dc4f28e221c9999ded5d94a924.mpf_cache
2024-09-18 14:14:38,269 : INFO : ConfigProcessor : Loading config from cache: /tmp/630a60b96e3d9b5031cbb1e5fa5514c1.mpf_cache
2024-09-18 14:14:38,269 : INFO : Machine : Mission Pinball Framework Core Engine v0.80.0.dev4
2024-09-18 14:14:38,269 : INFO : Machine : Command line arguments: {'no_load_cache': False, 'create_config_cache': True, 'bcp': False, 'configfile': ['config.yaml'], 'force_assets_load': False, 'platform_integration_test': False, 'jsonlogging': False, 'logfile': 'logs/2024-09-18-14-14-38-mpf-mpf.log', 'pause': False, 'production': False, 'text_ui': True, 'loglevel': 15, 'consoleloglevel': 20, 'force_platform': None, 'syslog_address': None, 'mc_file_name': None, 'no_sound': False, 'full_logfile_path': '/home/pinball/Documents/Robowar/logs/2024-09-18-14-14-38-mpf-mpf.log'}
2024-09-18 14:14:38,269 : INFO : Machine : MPF path: /home/pinball/mpfenv/lib/python3.12/site-packages/mpf
2024-09-18 14:14:38,269 : INFO : Machine : Machine path: /home/pinball/Documents/Robowar
2024-09-18 14:14:38,269 : INFO : Machine : Platform: linux
2024-09-18 14:14:38,269 : INFO : Machine : Python executable location: /home/pinball/mpfenv/bin/python3
2024-09-18 14:14:38,269 : INFO : Machine : Python version: 3.12.3 (64-bit)
2024-09-18 14:14:38,270 : INFO : Machine : Initializing MPF...
2024-09-18 14:14:38,321 : INFO : lisy : Connecting to /dev/ttyACM0 at 115200bps
2024-09-18 14:14:38,428 : INFO : EventManager : Event: ======'machine_var_lisy_hardware'====== Args={'value': 'LISY80', 'prev_value': None, 'change': True}
2024-09-18 14:14:38,429 : INFO : EventManager : Event: ======'machine_var_lisy_version'====== Args={'value': '5.26 ', 'prev_value': None, 'change': True}
2024-09-18 14:14:38,429 : INFO : EventManager : Event: ======'machine_var_lisy_api_version'====== Args={'value': b'0.09', 'prev_value': None, 'change': True}
2024-09-18 14:14:38,511 : INFO : EventManager : Event: ======'machine_var_credits_string'====== Args={'value': 'FREE PLAY', 'prev_value': None, 'change': True}
2024-09-18 14:14:38,527 : INFO : EventManager : Event: ======'machine_var_master_volume'====== Args={'value': 0.5, 'prev_value': None, 'change': True}
2024-09-18 14:14:38,528 : INFO : EventManager : Event: ======'machine_var_mpf_version'====== Args={'value': 'Mission Pinball Framework v0.80.0.dev4', 'prev_value': None, 'change': True}
2024-09-18 14:14:38,528 : INFO : EventManager : Event: ======'machine_var_mpf_extended_version'====== Args={'value': 'Mission Pinball Framework v0.80.0.dev4, Config version:6, Show version: 6, BCP version:1.1', 'prev_value': None, 'change': True}
2024-09-18 14:14:38,528 : INFO : EventManager : Event: ======'machine_var_python_version'====== Args={'value': '3.12.3', 'prev_value': None, 'change': True}
2024-09-18 14:14:38,530 : INFO : EventManager : Event: ======'machine_var_platform'====== Args={'value': 'Linux-6.8.0-38-generic-x86_64-with-glibc2.39', 'prev_value': None, 'change': True}
2024-09-18 14:14:38,530 : INFO : EventManager : Event: ======'machine_var_platform_system'====== Args={'value': 'Linux', 'prev_value': None, 'change': True}
2024-09-18 14:14:38,530 : INFO : EventManager : Event: ======'machine_var_platform_release'====== Args={'value': '6.8.0-38-generic', 'prev_value': None, 'change': True}
2024-09-18 14:14:38,530 : INFO : EventManager : Event: ======'machine_var_platform_version'====== Args={'value': '#38-Ubuntu SMP PREEMPT_DYNAMIC Fri Jun  7 15:25:01 UTC 2024', 'prev_value': None, 'change': True}
2024-09-18 14:14:38,530 : INFO : EventManager : Event: ======'machine_var_platform_machine'====== Args={'value': 'x86_64', 'prev_value': None, 'change': True}
2024-09-18 14:14:38,530 : INFO : EventManager : Event: ======'machine_var_log_file_path'====== Args={'value': '/home/pinball/Documents/Robowar/logs/2024-09-18-14-14-38-mpf-mpf.log', 'prev_value': None, 'change': True}
2024-09-18 14:14:38,530 : INFO : EventManager : Event: ======'init_phase_1'====== Args={}
2024-09-18 14:14:38,545 : WARNING : segment_display.upper_display : Segment display update_method will default to 'replace' in a future MPF release. You have no config value specified and are currently getting 'stack' for backwards compatibility. To avoid a breaking change, please set 'update_method: "stack"' in your segment display config.
2024-09-18 14:14:38,545 : WARNING : segment_display.lower_display : Segment display update_method will default to 'replace' in a future MPF release. You have no config value specified and are currently getting 'stack' for backwards compatibility. To avoid a breaking change, please set 'update_method: "stack"' in your segment display config.
2024-09-18 14:14:38,559 : INFO : EventManager : Event: ======'init_phase_2'====== Args={}
2024-09-18 14:14:38,559 : INFO : SwitchController : Found active switch: ('36', <mpf.platforms.lisy.lisy.LisyHardwarePlatform object at 0x7c3884094dd0>) <switch.s_shooter_lane_rollover>
2024-09-18 14:14:38,559 : INFO : SwitchController : Found active switch: ('40', <mpf.platforms.lisy.lisy.LisyHardwarePlatform object at 0x7c3884094dd0>) <switch.s_1_top_target>
2024-09-18 14:14:38,559 : INFO : SwitchController : Found active switch: ('41', <mpf.platforms.lisy.lisy.LisyHardwarePlatform object at 0x7c3884094dd0>) <switch.s_1_right_target>
2024-09-18 14:14:38,559 : INFO : SwitchController : Found active switch: ('42', <mpf.platforms.lisy.lisy.LisyHardwarePlatform object at 0x7c3884094dd0>) <switch.s_1_center_target>
2024-09-18 14:14:38,559 : INFO : SwitchController : Found active switch: ('43', <mpf.platforms.lisy.lisy.LisyHardwarePlatform object at 0x7c3884094dd0>) <switch.s_1_left_target>
2024-09-18 14:14:38,559 : INFO : SwitchController : Found active switch: ('50', <mpf.platforms.lisy.lisy.LisyHardwarePlatform object at 0x7c3884094dd0>) <switch.s_2_top_target>
2024-09-18 14:14:38,559 : INFO : SwitchController : Found active switch: ('51', <mpf.platforms.lisy.lisy.LisyHardwarePlatform object at 0x7c3884094dd0>) <switch.s_2_right_target>
2024-09-18 14:14:38,559 : INFO : SwitchController : Found active switch: ('52', <mpf.platforms.lisy.lisy.LisyHardwarePlatform object at 0x7c3884094dd0>) <switch.s_2_center_target>
2024-09-18 14:14:38,559 : INFO : SwitchController : Found active switch: ('56', <mpf.platforms.lisy.lisy.LisyHardwarePlatform object at 0x7c3884094dd0>) <switch.s_throught>
2024-09-18 14:14:38,559 : INFO : SwitchController : Found active switch: ('60', <mpf.platforms.lisy.lisy.LisyHardwarePlatform object at 0x7c3884094dd0>) <switch.s_3_top_target>
2024-09-18 14:14:38,559 : INFO : SwitchController : Found active switch: ('61', <mpf.platforms.lisy.lisy.LisyHardwarePlatform object at 0x7c3884094dd0>) <switch.s_3_right_target>
2024-09-18 14:14:38,559 : INFO : SwitchController : Found active switch: ('70', <mpf.platforms.lisy.lisy.LisyHardwarePlatform object at 0x7c3884094dd0>) <switch.s_4_top_grop_target>
2024-09-18 14:14:38,560 : INFO : SwitchController : Found active switch: ('73', <mpf.platforms.lisy.lisy.LisyHardwarePlatform object at 0x7c3884094dd0>) <switch.s_bottom_bumper>
2024-09-18 14:14:38,561 : INFO : ball_device.bd_drain : BCH: Initial count: 1
2024-09-18 14:14:38,561 : INFO : ball_device.bd_drain : State: idle
2024-09-18 14:14:38,566 : INFO : EventManager : Event: ======'init_phase_3'====== Args={}
2024-09-18 14:14:38,567 : INFO : EventManager : Event: ======'init_phase_4'====== Args={}
2024-09-18 14:14:38,568 : INFO : BallController : Initial balls found: 1
2024-09-18 14:14:38,568 : INFO : EventManager : Event: ======'machine_var_audits_events_game_ended'====== Args={'value': 0, 'prev_value': None, 'change': True}
2024-09-18 14:14:38,568 : INFO : EventManager : Event: ======'machine_var_audits_events_game_started'====== Args={'value': 12, 'prev_value': None, 'change': True}
2024-09-18 14:14:38,568 : INFO : EventManager : Event: ======'machine_var_audits_missing_switches_s_1_center_target'====== Args={'value': 12, 'prev_value': None, 'change': True}
2024-09-18 14:14:38,568 : INFO : EventManager : Event: ======'machine_var_audits_missing_switches_s_1_top_rollover'====== Args={'value': 12, 'prev_value': None, 'change': True}
2024-09-18 14:14:38,569 : INFO : EventManager : Event: ======'machine_var_audits_missing_switches_s_1_top_target'====== Args={'value': 12, 'prev_value': None, 'change': True}
2024-09-18 14:14:38,569 : INFO : EventManager : Event: ======'machine_var_audits_missing_switches_s_2_center_target'====== Args={'value': 12, 'prev_value': None, 'change': True}
2024-09-18 14:14:38,569 : INFO : EventManager : Event: ======'machine_var_audits_missing_switches_s_2_right_target'====== Args={'value': 6, 'prev_value': None, 'change': True}
2024-09-18 14:14:38,569 : INFO : EventManager : Event: ======'machine_var_audits_missing_switches_s_2_top_rollover'====== Args={'value': 12, 'prev_value': None, 'change': True}
2024-09-18 14:14:38,569 : INFO : EventManager : Event: ======'machine_var_audits_missing_switches_s_2_top_target'====== Args={'value': 12, 'prev_value': None, 'change': True}
2024-09-18 14:14:38,569 : INFO : EventManager : Event: ======'machine_var_audits_missing_switches_s_3_right_target'====== Args={'value': 8, 'prev_value': None, 'change': True}
2024-09-18 14:14:38,569 : INFO : EventManager : Event: ======'machine_var_audits_missing_switches_s_3_top_rollover'====== Args={'value': 12, 'prev_value': None, 'change': True}
2024-09-18 14:14:38,569 : INFO : EventManager : Event: ======'machine_var_audits_missing_switches_s_3_top_target'====== Args={'value': 12, 'prev_value': None, 'change': True}
2024-09-18 14:14:38,569 : INFO : EventManager : Event: ======'machine_var_audits_missing_switches_s_4_top_grop_target'====== Args={'value': 12, 'prev_value': None, 'change': True}
2024-09-18 14:14:38,569 : INFO : EventManager : Event: ======'machine_var_audits_missing_switches_s_4_top_rollover'====== Args={'value': 12, 'prev_value': None, 'change': True}
2024-09-18 14:14:38,569 : INFO : EventManager : Event: ======'machine_var_audits_missing_switches_s_bottom_bumper'====== Args={'value': 12, 'prev_value': None, 'change': True}
2024-09-18 14:14:38,569 : INFO : EventManager : Event: ======'machine_var_audits_missing_switches_s_center_coin'====== Args={'value': 12, 'prev_value': None, 'change': True}
2024-09-18 14:14:38,569 : INFO : EventManager : Event: ======'machine_var_audits_missing_switches_s_hole'====== Args={'value': 12, 'prev_value': None, 'change': True}
2024-09-18 14:14:38,569 : INFO : EventManager : Event: ======'machine_var_audits_missing_switches_s_kicking_2'====== Args={'value': 12, 'prev_value': None, 'change': True}
2024-09-18 14:14:38,569 : INFO : EventManager : Event: ======'machine_var_audits_missing_switches_s_left_adv'====== Args={'value': 12, 'prev_value': None, 'change': True}
2024-09-18 14:14:38,570 : INFO : EventManager : Event: ======'machine_var_audits_missing_switches_s_left_coin'====== Args={'value': 12, 'prev_value': None, 'change': True}
2024-09-18 14:14:38,570 : INFO : EventManager : Event: ======'machine_var_audits_missing_switches_s_left_out_rollover'====== Args={'value': 12, 'prev_value': None, 'change': True}
2024-09-18 14:14:38,570 : INFO : EventManager : Event: ======'machine_var_audits_missing_switches_s_left_return_rollover'====== Args={'value': 12, 'prev_value': None, 'change': True}
2024-09-18 14:14:38,570 : INFO : EventManager : Event: ======'machine_var_audits_missing_switches_s_left_spot_target'====== Args={'value': 12, 'prev_value': None, 'change': True}
2024-09-18 14:14:38,570 : INFO : EventManager : Event: ======'machine_var_audits_missing_switches_s_outhole'====== Args={'value': 4, 'prev_value': None, 'change': True}
2024-09-18 14:14:38,570 : INFO : EventManager : Event: ======'machine_var_audits_missing_switches_s_play_test_play'====== Args={'value': 12, 'prev_value': None, 'change': True}
2024-09-18 14:14:38,570 : INFO : EventManager : Event: ======'machine_var_audits_missing_switches_s_right_adv'====== Args={'value': 12, 'prev_value': None, 'change': True}
2024-09-18 14:14:38,570 : INFO : EventManager : Event: ======'machine_var_audits_missing_switches_s_right_coin'====== Args={'value': 12, 'prev_value': None, 'change': True}
2024-09-18 14:14:38,570 : INFO : EventManager : Event: ======'machine_var_audits_missing_switches_s_right_flipper'====== Args={'value': 12, 'prev_value': None, 'change': True}
2024-09-18 14:14:38,570 : INFO : EventManager : Event: ======'machine_var_audits_missing_switches_s_right_out_rollover'====== Args={'value': 12, 'prev_value': None, 'change': True}
2024-09-18 14:14:38,570 : INFO : EventManager : Event: ======'machine_var_audits_missing_switches_s_right_return_rollover'====== Args={'value': 12, 'prev_value': None, 'change': True}
2024-09-18 14:14:38,570 : INFO : EventManager : Event: ======'machine_var_audits_missing_switches_s_right_side_rollover'====== Args={'value': 12, 'prev_value': None, 'change': True}
2024-09-18 14:14:38,570 : INFO : EventManager : Event: ======'machine_var_audits_missing_switches_s_spinner'====== Args={'value': 12, 'prev_value': None, 'change': True}
2024-09-18 14:14:38,570 : INFO : EventManager : Event: ======'machine_var_audits_missing_switches_s_stargate_rollover'====== Args={'value': 12, 'prev_value': None, 'change': True}
2024-09-18 14:14:38,571 : INFO : EventManager : Event: ======'machine_var_audits_missing_switches_s_stargate_spot'====== Args={'value': 12, 'prev_value': None, 'change': True}
2024-09-18 14:14:38,571 : INFO : EventManager : Event: ======'machine_var_audits_missing_switches_s_start'====== Args={'value': 2, 'prev_value': None, 'change': True}
2024-09-18 14:14:38,571 : INFO : EventManager : Event: ======'machine_var_audits_missing_switches_s_throught'====== Args={'value': 4, 'prev_value': None, 'change': True}
2024-09-18 14:14:38,571 : INFO : EventManager : Event: ======'machine_var_audits_missing_switches_s_tilt'====== Args={'value': 12, 'prev_value': None, 'change': True}
2024-09-18 14:14:38,571 : INFO : EventManager : Event: ======'machine_var_audits_missing_switches_s_top_left_bumper'====== Args={'value': 12, 'prev_value': None, 'change': True}
2024-09-18 14:14:38,571 : INFO : EventManager : Event: ======'machine_var_audits_missing_switches_s_top_right_bumper'====== Args={'value': 8, 'prev_value': None, 'change': True}
2024-09-18 14:14:38,571 : INFO : EventManager : Event: ======'machine_var_audits_missing_switches_s_top_right_rollunder'====== Args={'value': 8, 'prev_value': None, 'change': True}
2024-09-18 14:14:38,571 : INFO : EventManager : Event: ======'machine_var_audits_player_score'====== Args={'value': {'average': 0, 'top': [], 'total': 0}, 'prev_value': None, 'change': True}
2024-09-18 14:14:38,571 : INFO : EventManager : Event: ======'machine_var_audits_switches_s_1_center_target'====== Args={'value': 0, 'prev_value': None, 'change': True}
2024-09-18 14:14:38,571 : INFO : EventManager : Event: ======'machine_var_audits_switches_s_1_left_target'====== Args={'value': 15, 'prev_value': None, 'change': True}
2024-09-18 14:14:38,571 : INFO : EventManager : Event: ======'machine_var_audits_switches_s_1_right_target'====== Args={'value': 11, 'prev_value': None, 'change': True}
2024-09-18 14:14:38,572 : INFO : EventManager : Event: ======'machine_var_audits_switches_s_1_top_rollover'====== Args={'value': 0, 'prev_value': None, 'change': True}
2024-09-18 14:14:38,572 : INFO : EventManager : Event: ======'machine_var_audits_switches_s_1_top_target'====== Args={'value': 0, 'prev_value': None, 'change': True}
2024-09-18 14:14:38,572 : INFO : EventManager : Event: ======'machine_var_audits_switches_s_2_center_target'====== Args={'value': 0, 'prev_value': None, 'change': True}
2024-09-18 14:14:38,572 : INFO : EventManager : Event: ======'machine_var_audits_switches_s_2_right_target'====== Args={'value': 4, 'prev_value': None, 'change': True}
2024-09-18 14:14:38,572 : INFO : EventManager : Event: ======'machine_var_audits_switches_s_2_top_rollover'====== Args={'value': 0, 'prev_value': None, 'change': True}
2024-09-18 14:14:38,572 : INFO : EventManager : Event: ======'machine_var_audits_switches_s_2_top_target'====== Args={'value': 0, 'prev_value': None, 'change': True}
2024-09-18 14:14:38,572 : INFO : EventManager : Event: ======'machine_var_audits_switches_s_3_right_target'====== Args={'value': 5, 'prev_value': None, 'change': True}
2024-09-18 14:14:38,572 : INFO : EventManager : Event: ======'machine_var_audits_switches_s_3_top_rollover'====== Args={'value': 0, 'prev_value': None, 'change': True}
2024-09-18 14:14:38,572 : INFO : EventManager : Event: ======'machine_var_audits_switches_s_3_top_target'====== Args={'value': 0, 'prev_value': None, 'change': True}
2024-09-18 14:14:38,573 : INFO : EventManager : Event: ======'machine_var_audits_switches_s_4_top_grop_target'====== Args={'value': 0, 'prev_value': None, 'change': True}
2024-09-18 14:14:38,573 : INFO : EventManager : Event: ======'machine_var_audits_switches_s_4_top_rollover'====== Args={'value': 0, 'prev_value': None, 'change': True}
2024-09-18 14:14:38,573 : INFO : EventManager : Event: ======'machine_var_audits_switches_s_bottom_bumper'====== Args={'value': 0, 'prev_value': None, 'change': True}
2024-09-18 14:14:38,573 : INFO : EventManager : Event: ======'machine_var_audits_switches_s_center_coin'====== Args={'value': 0, 'prev_value': None, 'change': True}
2024-09-18 14:14:38,573 : INFO : EventManager : Event: ======'machine_var_audits_switches_s_hole'====== Args={'value': 0, 'prev_value': None, 'change': True}
2024-09-18 14:14:38,573 : INFO : EventManager : Event: ======'machine_var_audits_switches_s_kicking_2'====== Args={'value': 0, 'prev_value': None, 'change': True}
2024-09-18 14:14:38,573 : INFO : EventManager : Event: ======'machine_var_audits_switches_s_left_adv'====== Args={'value': 0, 'prev_value': None, 'change': True}
2024-09-18 14:14:38,573 : INFO : EventManager : Event: ======'machine_var_audits_switches_s_left_coin'====== Args={'value': 0, 'prev_value': None, 'change': True}
2024-09-18 14:14:38,573 : INFO : EventManager : Event: ======'machine_var_audits_switches_s_left_out_rollover'====== Args={'value': 0, 'prev_value': None, 'change': True}
2024-09-18 14:14:38,574 : INFO : EventManager : Event: ======'machine_var_audits_switches_s_left_return_rollover'====== Args={'value': 0, 'prev_value': None, 'change': True}
2024-09-18 14:14:38,574 : INFO : EventManager : Event: ======'machine_var_audits_switches_s_left_spot_target'====== Args={'value': 0, 'prev_value': None, 'change': True}
2024-09-18 14:14:38,574 : INFO : EventManager : Event: ======'machine_var_audits_switches_s_outhole'====== Args={'value': 4, 'prev_value': None, 'change': True}
2024-09-18 14:14:38,574 : INFO : EventManager : Event: ======'machine_var_audits_switches_s_play_test_play'====== Args={'value': 0, 'prev_value': None, 'change': True}
2024-09-18 14:14:38,574 : INFO : EventManager : Event: ======'machine_var_audits_switches_s_right_adv'====== Args={'value': 0, 'prev_value': None, 'change': True}
2024-09-18 14:14:38,574 : INFO : EventManager : Event: ======'machine_var_audits_switches_s_right_coin'====== Args={'value': 0, 'prev_value': None, 'change': True}
2024-09-18 14:14:38,575 : INFO : EventManager : Event: ======'machine_var_audits_switches_s_right_flipper'====== Args={'value': 0, 'prev_value': None, 'change': True}
2024-09-18 14:14:38,575 : INFO : EventManager : Event: ======'machine_var_audits_switches_s_right_out_rollover'====== Args={'value': 0, 'prev_value': None, 'change': True}
2024-09-18 14:14:38,575 : INFO : EventManager : Event: ======'machine_var_audits_switches_s_right_return_rollover'====== Args={'value': 0, 'prev_value': None, 'change': True}
2024-09-18 14:14:38,575 : INFO : EventManager : Event: ======'machine_var_audits_switches_s_right_side_rollover'====== Args={'value': 0, 'prev_value': None, 'change': True}
2024-09-18 14:14:38,575 : INFO : EventManager : Event: ======'machine_var_audits_switches_s_shooter_lane_rollover'====== Args={'value': 8, 'prev_value': None, 'change': True}
2024-09-18 14:14:38,575 : INFO : EventManager : Event: ======'machine_var_audits_switches_s_spinner'====== Args={'value': 0, 'prev_value': None, 'change': True}
2024-09-18 14:14:38,575 : INFO : EventManager : Event: ======'machine_var_audits_switches_s_stargate_rollover'====== Args={'value': 0, 'prev_value': None, 'change': True}
2024-09-18 14:14:38,575 : INFO : EventManager : Event: ======'machine_var_audits_switches_s_stargate_spot'====== Args={'value': 0, 'prev_value': None, 'change': True}
2024-09-18 14:14:38,575 : INFO : EventManager : Event: ======'machine_var_audits_switches_s_start'====== Args={'value': 17, 'prev_value': None, 'change': True}
2024-09-18 14:14:38,576 : INFO : EventManager : Event: ======'machine_var_audits_switches_s_throught'====== Args={'value': 5, 'prev_value': None, 'change': True}
2024-09-18 14:14:38,576 : INFO : EventManager : Event: ======'machine_var_audits_switches_s_tilt'====== Args={'value': 0, 'prev_value': None, 'change': True}
2024-09-18 14:14:38,576 : INFO : EventManager : Event: ======'machine_var_audits_switches_s_top_left_bumper'====== Args={'value': 0, 'prev_value': None, 'change': True}
2024-09-18 14:14:38,576 : INFO : EventManager : Event: ======'machine_var_audits_switches_s_top_right_bumper'====== Args={'value': 1, 'prev_value': None, 'change': True}
2024-09-18 14:14:38,576 : INFO : EventManager : Event: ======'machine_var_audits_switches_s_top_right_rollunder'====== Args={'value': 41, 'prev_value': None, 'change': True}
2024-09-18 14:14:38,576 : INFO : EventManager : Event: ======'init_phase_5'====== Args={}
2024-09-18 14:14:38,586 : INFO : EventManager : Event: ======'init_done'====== Args={}
2024-09-18 14:14:38,586 : INFO : EventManager : Event: ======'machine_reset_phase_1'====== Args={}
2024-09-18 14:14:38,586 : INFO : EventManager : Event: ======'machine_reset_phase_2'====== Args={}
2024-09-18 14:14:38,586 : INFO : EventManager : Event: ======'machine_reset_phase_3'====== Args={}
2024-09-18 14:14:38,586 : INFO : EventManager : Event: ======'reset_complete'====== Args={}
2024-09-18 14:14:38,586 : INFO : EventManager : Event: ======'mode_attract_will_start'====== Args={}
2024-09-18 14:14:38,587 : INFO : EventManager : Event: ======'mode_attract_starting'====== Args={}
2024-09-18 14:14:38,587 : INFO : Mode.attract : Started. Priority: 10
2024-09-18 14:14:38,587 : INFO : EventManager : Event: ======'modes_active_modes_changed'====== Args={}
2024-09-18 14:14:38,587 : INFO : EventManager : Event: ======'mode_attract_started'====== Args={}
2024-09-18 14:14:38,587 : INFO : EventManager : Event: ======'collecting_balls_complete'====== Args={}
2024-09-18 14:14:38,587 : INFO : SwitchController : <<<<<<< 's_shooter_lane_rollover' inactive >>>>>>>
2024-09-18 14:14:38,588 : INFO : Machine : Starting the main run loop.
2024-09-18 14:14:38,588 : INFO : SwitchController : <<<<<<< 's_throught' inactive >>>>>>>
2024-09-18 14:14:38,589 : INFO : SwitchController : <<<<<<< 's_throught' active >>>>>>>
2024-09-18 14:14:38,589 : INFO : SwitchController : <<<<<<< 's_throught' inactive >>>>>>>
2024-09-18 14:14:38,590 : INFO : SwitchController : <<<<<<< 's_shooter_lane_rollover' active >>>>>>>
2024-09-18 14:14:38,590 : INFO : EventManager : Event: ======'sw_playfield_active'====== Args={}
2024-09-18 14:14:38,590 : INFO : EventManager : Event: ======'playfield_active'====== Args={'source': None}
2024-09-18 14:14:38,590 : INFO : EventManager : Event: ======'unexpected_ball_on_playfield'====== Args={}
2024-09-18 14:14:38,591 : INFO : SwitchController : <<<<<<< 's_shooter_lane_rollover' inactive >>>>>>>
2024-09-18 14:14:38,591 : INFO : SwitchController : <<<<<<< 's_throught' active >>>>>>>
2024-09-18 14:14:38,592 : INFO : SwitchController : <<<<<<< 's_throught' inactive >>>>>>>
2024-09-18 14:14:38,593 : INFO : SwitchController : <<<<<<< 's_throught' active >>>>>>>
2024-09-18 14:14:38,594 : INFO : SwitchController : <<<<<<< 's_throught' inactive >>>>>>>
2024-09-18 14:14:38,595 : INFO : SwitchController : <<<<<<< 's_throught' active >>>>>>>
2024-09-18 14:14:38,596 : INFO : SwitchController : <<<<<<< 's_top_right_rollunder' active >>>>>>>
2024-09-18 14:14:38,596 : INFO : SwitchController : <<<<<<< 's_top_right_rollunder' inactive >>>>>>>
2024-09-18 14:14:38,597 : INFO : SwitchController : <<<<<<< 's_start' active >>>>>>>
2024-09-18 14:14:38,618 : INFO : SwitchController : <<<<<<< 's_start' inactive >>>>>>>
2024-09-18 14:14:38,618 : INFO : EventManager : Event: ======'request_to_start_game'====== Args={}
2024-09-18 14:14:38,619 : INFO : BallController : Known balls: 1
2024-09-18 14:14:38,619 : INFO : BallController : bd_drain contains 1 balls. Tags ['drain', 'home', 'trough']
2024-09-18 14:14:38,619 : INFO : BallController : playfield contains 0 balls. Tags ['default']
2024-09-18 14:14:38,619 : WARNING : BallController : BallController denies game start. Not enough balls. -1 found. 1 required
2024-09-18 14:14:38,619 : INFO : BallController : Triggering ball search.
2024-09-18 14:14:41,965 : INFO : SwitchController : <<<<<<< 's_start' active >>>>>>>
2024-09-18 14:14:42,165 : INFO : SwitchController : <<<<<<< 's_start' inactive >>>>>>>
2024-09-18 14:14:42,166 : INFO : EventManager : Event: ======'request_to_start_game'====== Args={}
2024-09-18 14:14:42,166 : INFO : EventManager : Event: ======'game_start'====== Args={'buttons': [], 'hold_time': 0.20095647200651}
2024-09-18 14:14:42,166 : INFO : EventManager : Event: ======'mode_game_will_start'====== Args={'buttons': [], 'hold_time': 0.20095647200651}
2024-09-18 14:14:42,167 : INFO : EventManager : Event: ======'mode_game_starting'====== Args={'buttons': [], 'hold_time': 0.20095647200651}
2024-09-18 14:14:42,167 : INFO : EventManager : Event: ======'mode_attract_will_stop'====== Args={}
2024-09-18 14:14:42,167 : INFO : EventManager : Event: ======'mode_attract_stopping'====== Args={}
2024-09-18 14:14:42,167 : INFO : Mode.attract : Stopped.
2024-09-18 14:14:42,167 : INFO : EventManager : Event: ======'modes_active_modes_changed'====== Args={}
2024-09-18 14:14:42,167 : INFO : EventManager : Event: ======'mode_attract_stopped'====== Args={}
2024-09-18 14:14:42,167 : INFO : EventManager : Event: ======'clear'====== Args={'key': 'attract'}
2024-09-18 14:14:42,168 : INFO : Mode.game : Started. Priority: 20
2024-09-18 14:14:42,168 : INFO : EventManager : Event: ======'modes_active_modes_changed'====== Args={}
2024-09-18 14:14:42,168 : INFO : EventManager : Event: ======'mode_game_started'====== Args={'buttons': [], 'hold_time': 0.20095647200651}
2024-09-18 14:14:42,168 : INFO : EventManager : Event: ======'game_will_start'====== Args={}
2024-09-18 14:14:42,168 : INFO : EventManager : Event: ======'game_starting'====== Args={'game': <Mode.game>}
2024-09-18 14:14:42,169 : INFO : EventManager : Unordered handler for class <Auditor> on event game_ended with priority 1. Handlers: [RegisteredHandler(callback=<bound method Auditor.disable of <Auditor>>, priority=1, kwargs={}, key=UUID('611fb53a-1903-4e74-8695-a1de76bd43a7'), condition=None, blocking_facility=None), RegisteredHandler(callback=<bound method Auditor._save_audits of <Auditor>>, priority=1, kwargs={}, key=UUID('8558fe4b-40e5-42a3-8e61-9bdc5d343aa3'), condition=None, blocking_facility=None)]. The order of those handlers is not defined and they will be executed in random order. This might lead to race conditions and potential bugs.
2024-09-18 14:14:42,169 : INFO : EventManager : Event: ======'player_add_request'====== Args={}
2024-09-18 14:14:42,169 : INFO : EventManager : Event: ======'player_will_add'====== Args={'number': 1}
2024-09-18 14:14:42,169 : INFO : EventManager : Event: ======'player_adding'====== Args={'player': <Player 1>, 'number': 1}
2024-09-18 14:14:42,169 : INFO : EventManager : Event: ======'player_added'====== Args={'player': <Player 1>, 'num': 1}
2024-09-18 14:14:42,169 : INFO : Mode.game : Player added successfully. Total players: 1
2024-09-18 14:14:42,169 : INFO : EventManager : Event: ======'player_index'====== Args={'value': 0, 'prev_value': 0, 'change': 0, 'player_num': 1}
2024-09-18 14:14:42,169 : INFO : EventManager : Event: ======'player_number'====== Args={'value': 1, 'prev_value': 1, 'change': 0, 'player_num': 1}
2024-09-18 14:14:42,169 : INFO : EventManager : Event: ======'player_score'====== Args={'value': 0, 'prev_value': 0, 'change': 0, 'player_num': 1}
2024-09-18 14:14:42,170 : INFO : EventManager : Event: ======'game_started'====== Args={}
2024-09-18 14:14:42,170 : INFO : EventManager : Event: ======'player_turn_will_start'====== Args={'player': <Player 1>, 'number': 1}
2024-09-18 14:14:42,170 : INFO : EventManager : Event: ======'player_turn_starting'====== Args={'player': <Player 1>, 'number': 1}
2024-09-18 14:14:42,170 : INFO : EventManager : Event: ======'player_ball'====== Args={'value': 1, 'prev_value': 0, 'change': 1, 'player_num': 1}
2024-09-18 14:14:42,170 : INFO : EventManager : Event: ======'player_turn_started'====== Args={'player': <Player 1>, 'number': 1}
2024-09-18 14:14:42,170 : INFO : EventManager : Event: ======'ball_will_start'====== Args={'player': 1, 'ball': 1, 'balls_remaining': 2, 'is_extra_ball': False}
2024-09-18 14:14:42,170 : INFO : EventManager : Event: ======'ball_starting'====== Args={'player': 1, 'ball': 1, 'balls_remaining': 2, 'is_extra_ball': False}
2024-09-18 14:14:42,170 : INFO : EventManager : Event: ======'balls_in_play'====== Args={'balls': 1}
2024-09-18 14:14:42,170 : INFO : EventManager : Event: ======'ball_started'====== Args={'player': 1, 'ball': 1, 'balls_remaining': 2, 'is_extra_ball': False}
2024-09-18 14:14:42,171 : INFO : EventManager : Event: ======'single_player_ball_started'====== Args={}
2024-09-18 14:14:42,171 : INFO : EventManager : Event: ======'ball_start_target'====== Args={'target': 'playfield'}
2024-09-18 14:14:42,171 : INFO : ball_device.bd_drain : Setting up player-controlled eject. Balls: 1, Target: <playfield.playfield>, player_controlled_eject_event: None
2024-09-18 14:14:42,171 : INFO : ball_device.bd_drain : Adding 1 ball(s) to the eject_queue with target <playfield.playfield>.
2024-09-18 14:14:42,171 : INFO : EventManager : Event: ======'balldevice_balls_available'====== Args={}
2024-09-18 14:14:42,171 : INFO : ball_device.bd_drain : State: waiting_for_target_ready
2024-09-18 14:14:42,171 : INFO : EventManager : Event: ======'balldevice_bd_drain_ball_eject_attempt'====== Args={'balls': 1, 'target': <playfield.playfield>, 'source': <ball_device.bd_drain>, 'mechanical_eject': False, 'num_attempts': 0}
2024-09-18 14:14:42,171 : INFO : ball_device.bd_drain : State: ejecting
2024-09-18 14:14:42,171 : INFO : ball_device.bd_drain : Ejecting ball to <playfield.playfield>
2024-09-18 14:14:42,171 : INFO : EventManager : Event: ======'balldevice_bd_drain_ejecting_ball'====== Args={'balls': 1, 'target': <playfield.playfield>, 'source': <ball_device.bd_drain>, 'mechanical_eject': False, 'num_attempts': 0}
2024-09-18 14:14:42,172 : INFO : ball_device.bd_drain : Wait for ball to leave device
2024-09-18 14:14:42,172 : INFO : coil.c_ball_release : Pulsing Driver for 120ms (1.0 pulse_power)
2024-09-18 14:14:42,295 : INFO : SwitchController : <<<<<<< 's_1_left_target' inactive >>>>>>>
2024-09-18 14:14:42,296 : INFO : SwitchController : <<<<<<< 's_1_left_target' active >>>>>>>
2024-09-18 14:14:42,296 : INFO : EventManager : Event: ======'machine_var_audits_switches_s_1_left_target'====== Args={'value': 16, 'prev_value': 15, 'change': 1}
2024-09-18 14:14:52,173 : INFO : EventManager : Event: ======'balldevice_bd_drain_ball_eject_failed'====== Args={'target': <playfield.playfield>, 'balls': 1, 'retry': True, 'num_attempts': 1}
2024-09-18 14:14:52,174 : INFO : ball_device.bd_drain : State: waiting_for_target_ready
2024-09-18 14:14:52,174 : INFO : EventManager : Event: ======'balldevice_bd_drain_ball_eject_attempt'====== Args={'balls': 1, 'target': <playfield.playfield>, 'source': <ball_device.bd_drain>, 'mechanical_eject': False, 'num_attempts': 1}
2024-09-18 14:14:52,175 : INFO : ball_device.bd_drain : State: ejecting
2024-09-18 14:14:52,175 : INFO : ball_device.bd_drain : Ejecting ball to <playfield.playfield>
2024-09-18 14:14:52,175 : INFO : EventManager : Event: ======'balldevice_bd_drain_ejecting_ball'====== Args={'balls': 1, 'target': <playfield.playfield>, 'source': <ball_device.bd_drain>, 'mechanical_eject': False, 'num_attempts': 1}
2024-09-18 14:14:52,175 : INFO : ball_device.bd_drain : Wait for ball to leave device
2024-09-18 14:14:52,175 : INFO : coil.c_ball_release : Pulsing Driver for 120ms (1.0 pulse_power)
2024-09-18 14:14:52,299 : INFO : SwitchController : <<<<<<< 's_1_left_target' inactive >>>>>>>
2024-09-18 14:14:52,300 : INFO : SwitchController : <<<<<<< 's_1_left_target' active >>>>>>>
2024-09-18 14:14:52,300 : INFO : EventManager : Event: ======'machine_var_audits_switches_s_1_left_target'====== Args={'value': 17, 'prev_value': 16, 'change': 1}
2024-09-18 14:14:52,726 : INFO : SwitchController : <<<<<<< 's_shooter_lane_rollover' active >>>>>>>
2024-09-18 14:14:52,726 : INFO : EventManager : Event: ======'sw_playfield_active'====== Args={}
2024-09-18 14:14:52,727 : INFO : EventManager : Event: ======'machine_var_audits_switches_s_shooter_lane_rollover'====== Args={'value': 9, 'prev_value': 8, 'change': 1}
2024-09-18 14:14:52,727 : INFO : EventManager : Event: ======'playfield_active'====== Args={'source': None}
2024-09-18 14:14:55,568 : INFO : SwitchController : <<<<<<< 's_shooter_lane_rollover' inactive >>>>>>>
2024-09-18 14:15:02,177 : INFO : EventManager : Event: ======'balldevice_bd_drain_ball_eject_failed'====== Args={'target': <playfield.playfield>, 'balls': 1, 'retry': True, 'num_attempts': 2}
2024-09-18 14:15:02,178 : INFO : ball_device.bd_drain : State: waiting_for_target_ready
2024-09-18 14:15:02,178 : INFO : EventManager : Event: ======'balldevice_bd_drain_ball_eject_attempt'====== Args={'balls': 1, 'target': <playfield.playfield>, 'source': <ball_device.bd_drain>, 'mechanical_eject': False, 'num_attempts': 2}
2024-09-18 14:15:02,178 : INFO : ball_device.bd_drain : State: ejecting
2024-09-18 14:15:02,179 : INFO : ball_device.bd_drain : Ejecting ball to <playfield.playfield>
2024-09-18 14:15:02,179 : INFO : EventManager : Event: ======'balldevice_bd_drain_ejecting_ball'====== Args={'balls': 1, 'target': <playfield.playfield>, 'source': <ball_device.bd_drain>, 'mechanical_eject': False, 'num_attempts': 2}
2024-09-18 14:15:02,179 : INFO : ball_device.bd_drain : Wait for ball to leave device
2024-09-18 14:15:02,179 : INFO : coil.c_ball_release : Pulsing Driver for 120ms (1.0 pulse_power)
2024-09-18 14:15:02,303 : INFO : SwitchController : <<<<<<< 's_1_right_target' inactive >>>>>>>
2024-09-18 14:15:02,304 : INFO : SwitchController : <<<<<<< 's_1_right_target' active >>>>>>>
2024-09-18 14:15:02,304 : INFO : EventManager : Event: ======'machine_var_audits_switches_s_1_right_target'====== Args={'value': 12, 'prev_value': 11, 'change': 1}
2024-09-18 14:15:05,110 : INFO : SwitchController : <<<<<<< 's_shooter_lane_rollover' active >>>>>>>
2024-09-18 14:15:05,110 : INFO : EventManager : Event: ======'sw_playfield_active'====== Args={}
2024-09-18 14:15:05,110 : INFO : EventManager : Event: ======'machine_var_audits_switches_s_shooter_lane_rollover'====== Args={'value': 10, 'prev_value': 9, 'change': 1}
2024-09-18 14:15:05,111 : INFO : EventManager : Event: ======'playfield_active'====== Args={'source': None}
2024-09-18 14:15:05,781 : INFO : SwitchController : <<<<<<< 's_shooter_lane_rollover' inactive >>>>>>>
2024-09-18 14:15:06,489 : INFO : SwitchController : <<<<<<< 's_shooter_lane_rollover' active >>>>>>>
2024-09-18 14:15:06,489 : INFO : EventManager : Event: ======'sw_playfield_active'====== Args={}
2024-09-18 14:15:06,489 : INFO : EventManager : Event: ======'machine_var_audits_switches_s_shooter_lane_rollover'====== Args={'value': 11, 'prev_value': 10, 'change': 1}
2024-09-18 14:15:06,489 : INFO : EventManager : Event: ======'playfield_active'====== Args={'source': None}
2024-09-18 14:15:07,215 : INFO : SwitchController : <<<<<<< 's_shooter_lane_rollover' inactive >>>>>>>
2024-09-18 14:15:07,578 : INFO : SwitchController : <<<<<<< 's_shooter_lane_rollover' active >>>>>>>
2024-09-18 14:15:07,578 : INFO : EventManager : Event: ======'sw_playfield_active'====== Args={}
2024-09-18 14:15:07,578 : INFO : EventManager : Event: ======'machine_var_audits_switches_s_shooter_lane_rollover'====== Args={'value': 12, 'prev_value': 11, 'change': 1}
2024-09-18 14:15:07,580 : INFO : EventManager : Event: ======'playfield_active'====== Args={'source': None}
2024-09-18 14:15:07,985 : INFO : SwitchController : <<<<<<< 's_shooter_lane_rollover' inactive >>>>>>>
2024-09-18 14:15:08,237 : INFO : SwitchController : <<<<<<< 's_shooter_lane_rollover' active >>>>>>>
2024-09-18 14:15:08,238 : INFO : EventManager : Event: ======'sw_playfield_active'====== Args={}
2024-09-18 14:15:08,238 : INFO : EventManager : Event: ======'machine_var_audits_switches_s_shooter_lane_rollover'====== Args={'value': 13, 'prev_value': 12, 'change': 1}
2024-09-18 14:15:08,239 : INFO : EventManager : Event: ======'playfield_active'====== Args={'source': None}
2024-09-18 14:15:09,189 : INFO : SwitchController : <<<<<<< 's_shooter_lane_rollover' inactive >>>>>>>
2024-09-18 14:15:12,180 : INFO : EventManager : Event: ======'balldevice_bd_drain_ball_eject_failed'====== Args={'target': <playfield.playfield>, 'balls': 1, 'retry': True, 'num_attempts': 3}
2024-09-18 14:15:12,181 : INFO : ball_device.bd_drain : State: waiting_for_target_ready
2024-09-18 14:15:12,182 : INFO : EventManager : Event: ======'balldevice_bd_drain_ball_eject_attempt'====== Args={'balls': 1, 'target': <playfield.playfield>, 'source': <ball_device.bd_drain>, 'mechanical_eject': False, 'num_attempts': 3}
2024-09-18 14:15:12,182 : INFO : ball_device.bd_drain : State: ejecting
2024-09-18 14:15:12,182 : INFO : ball_device.bd_drain : Ejecting ball to <playfield.playfield>
2024-09-18 14:15:12,182 : INFO : EventManager : Event: ======'balldevice_bd_drain_ejecting_ball'====== Args={'balls': 1, 'target': <playfield.playfield>, 'source': <ball_device.bd_drain>, 'mechanical_eject': False, 'num_attempts': 3}
2024-09-18 14:15:12,183 : INFO : ball_device.bd_drain : Wait for ball to leave device
2024-09-18 14:15:12,183 : INFO : coil.c_ball_release : Pulsing Driver for 120ms (1.0 pulse_power)
2024-09-18 14:15:12,318 : INFO : SwitchController : <<<<<<< 's_1_right_target' inactive >>>>>>>
2024-09-18 14:15:12,319 : INFO : SwitchController : <<<<<<< 's_1_right_target' active >>>>>>>
2024-09-18 14:15:12,319 : INFO : EventManager : Event: ======'machine_var_audits_switches_s_1_right_target'====== Args={'value': 13, 'prev_value': 12, 'change': 1}
2024-09-18 14:15:12,342 : INFO : SwitchController : <<<<<<< 's_throught' inactive >>>>>>>
2024-09-18 14:15:12,343 : INFO : ball_device.bd_drain : State: ball_left
2024-09-18 14:15:12,343 : INFO : ball_device.bd_drain : Ball left
2024-09-18 14:15:12,343 : INFO : ball_device.bd_drain : Wait for confirm with timeout 10.0
2024-09-18 14:15:12,724 : INFO : SwitchController : <<<<<<< 's_shooter_lane_rollover' active >>>>>>>
2024-09-18 14:15:12,724 : INFO : EventManager : Event: ======'sw_playfield_active'====== Args={}
2024-09-18 14:15:12,724 : INFO : EventManager : Event: ======'machine_var_audits_switches_s_shooter_lane_rollover'====== Args={'value': 14, 'prev_value': 13, 'change': 1}
2024-09-18 14:15:12,725 : INFO : EventManager : Event: ======'playfield_active'====== Args={'source': None}
2024-09-18 14:15:12,725 : INFO : ball_device.bd_drain : Got eject confirm
2024-09-18 14:15:12,726 : INFO : ball_device.bd_drain : Eject successful
2024-09-18 14:15:12,726 : INFO : EventManager : Event: ======'balldevice_bd_drain_ball_eject_success'====== Args={'balls': 1, 'target': <playfield.playfield>}
2024-09-18 14:15:12,726 : INFO : EventManager : Event: ======'balldevice_playfield_ball_enter'====== Args={'new_balls': 1, 'unclaimed_balls': 1, 'device': <playfield.playfield>}
2024-09-18 14:15:12,726 : INFO : EventManager : Event: ======'playfield_ball_count_change'====== Args={'balls': 1, 'change': 1}
2024-09-18 14:15:12,727 : INFO : EventManager : Event: ======'balldevice_bd_drain_ball_count_changed'====== Args={'balls': 0}
2024-09-18 14:15:12,727 : INFO : ball_device.bd_drain : State: idle
2024-09-18 14:15:12,752 : INFO : SwitchController : <<<<<<< 's_throught' active >>>>>>>
2024-09-18 14:15:12,752 : INFO : EventManager : Event: ======'machine_var_audits_switches_s_throught'====== Args={'value': 6, 'prev_value': 5, 'change': 1}
2024-09-18 14:15:13,006 : INFO : SwitchController : <<<<<<< 's_throught' inactive >>>>>>>
2024-09-18 14:15:32,422 : INFO : Machine : Shutting down...
2024-09-18 14:15:32,422 : INFO : EventManager : Event: ======'shutdown'====== Args={}
2024-09-18 14:15:32,423 : INFO : EventManager : Event: ======'mode_game_will_stop'====== Args={}
2024-09-18 14:15:32,423 : INFO : EventManager : Event: ======'mode_game_stopping'====== Args={}
2024-09-18 14:15:32,423 : INFO : Mode.game : Stopped.
2024-09-18 14:15:32,423 : INFO : EventManager : Event: ======'modes_active_modes_changed'====== Args={}
2024-09-18 14:15:32,423 : INFO : EventManager : Event: ======'mode_game_stopped'====== Args={}
2024-09-18 14:15:32,423 : INFO : EventManager : Event: ======'clear'====== Args={'key': 'game'}
2024-09-18 14:15:32,527 : INFO : root : MPF run loop ended.
