2024-09-16 20:10:21,251 : INFO : root : Loading config.
2024-09-16 20:10:21,252 : INFO : YamlMultifileConfigLoader : Machine config file #1: config.yaml
2024-09-16 20:10:21,253 : WARNING : ConfigProcessor : Config file in cache changed: /home/pinball/Documents/robowar/config/config.yaml
2024-09-16 20:10:21,253 : INFO : ConfigProcessor : Loading config from file /home/pinball/mpfenv/lib/python3.12/site-packages/mpf/mpfconfig.yaml.
2024-09-16 20:10:21,264 : INFO : ConfigProcessor : Loading config: /home/pinball/mpfenv/lib/python3.12/site-packages/mpf/mpfconfig.yaml
2024-09-16 20:10:21,265 : INFO : ConfigProcessor : Loading config from file /home/pinball/Documents/robowar/config/config.yaml.
2024-09-16 20:10:21,267 : INFO : ConfigProcessor : Loading config: /home/pinball/Documents/robowar/config/config.yaml
2024-09-16 20:10:21,268 : INFO : ConfigProcessor : Config file cache created: /tmp/228763e525bfce5a238e0b1bd6dd6347.mpf_cache
2024-09-16 20:10:21,296 : INFO : ConfigProcessor : Loading config from cache: /tmp/8973a6dc4f28e221c9999ded5d94a924.mpf_cache
2024-09-16 20:10:21,296 : INFO : ConfigProcessor : Loading config from cache: /tmp/630a60b96e3d9b5031cbb1e5fa5514c1.mpf_cache
2024-09-16 20:10:21,296 : INFO : Machine : Mission Pinball Framework Core Engine v0.80.0.dev4
2024-09-16 20:10:21,297 : INFO : Machine : Command line arguments: {'no_load_cache': False, 'create_config_cache': True, 'bcp': False, 'configfile': ['config.yaml'], 'force_assets_load': False, 'platform_integration_test': False, 'jsonlogging': False, 'logfile': 'logs/2024-09-16-20-10-21-mpf-mpf.log', 'pause': False, 'production': False, 'text_ui': True, 'loglevel': 15, 'consoleloglevel': 20, 'force_platform': None, 'syslog_address': None, 'mc_file_name': None, 'no_sound': False, 'full_logfile_path': '/home/pinball/Documents/robowar/logs/2024-09-16-20-10-21-mpf-mpf.log'}
2024-09-16 20:10:21,297 : INFO : Machine : MPF path: /home/pinball/mpfenv/lib/python3.12/site-packages/mpf
2024-09-16 20:10:21,297 : INFO : Machine : Machine path: /home/pinball/Documents/robowar
2024-09-16 20:10:21,297 : INFO : Machine : Platform: linux
2024-09-16 20:10:21,297 : INFO : Machine : Python executable location: /home/pinball/mpfenv/bin/python3
2024-09-16 20:10:21,297 : INFO : Machine : Python version: 3.12.3 (64-bit)
2024-09-16 20:10:21,297 : INFO : Machine : Initializing MPF...
2024-09-16 20:10:21,348 : INFO : lisy : Connecting to /dev/ttyACM0 at 115200bps
2024-09-16 20:10:21,456 : INFO : EventManager : Event: ======'machine_var_lisy_hardware'====== Args={'value': 'LISY80', 'prev_value': None, 'change': True}
2024-09-16 20:10:21,456 : INFO : EventManager : Event: ======'machine_var_lisy_version'====== Args={'value': '5.26 ', 'prev_value': None, 'change': True}
2024-09-16 20:10:21,456 : INFO : EventManager : Event: ======'machine_var_lisy_api_version'====== Args={'value': b'0.09', 'prev_value': None, 'change': True}
2024-09-16 20:10:21,555 : INFO : EventManager : Event: ======'machine_var_credits_string'====== Args={'value': 'FREE PLAY', 'prev_value': None, 'change': True}
2024-09-16 20:10:21,571 : INFO : EventManager : Event: ======'machine_var_master_volume'====== Args={'value': 0.5, 'prev_value': None, 'change': True}
2024-09-16 20:10:21,571 : INFO : EventManager : Event: ======'machine_var_mpf_version'====== Args={'value': 'Mission Pinball Framework v0.80.0.dev4', 'prev_value': None, 'change': True}
2024-09-16 20:10:21,571 : INFO : EventManager : Event: ======'machine_var_mpf_extended_version'====== Args={'value': 'Mission Pinball Framework v0.80.0.dev4, Config version:6, Show version: 6, BCP version:1.1', 'prev_value': None, 'change': True}
2024-09-16 20:10:21,572 : INFO : EventManager : Event: ======'machine_var_python_version'====== Args={'value': '3.12.3', 'prev_value': None, 'change': True}
2024-09-16 20:10:21,573 : INFO : EventManager : Event: ======'machine_var_platform'====== Args={'value': 'Linux-6.8.0-38-generic-x86_64-with-glibc2.39', 'prev_value': None, 'change': True}
2024-09-16 20:10:21,574 : INFO : EventManager : Event: ======'machine_var_platform_system'====== Args={'value': 'Linux', 'prev_value': None, 'change': True}
2024-09-16 20:10:21,574 : INFO : EventManager : Event: ======'machine_var_platform_release'====== Args={'value': '6.8.0-38-generic', 'prev_value': None, 'change': True}
2024-09-16 20:10:21,574 : INFO : EventManager : Event: ======'machine_var_platform_version'====== Args={'value': '#38-Ubuntu SMP PREEMPT_DYNAMIC Fri Jun  7 15:25:01 UTC 2024', 'prev_value': None, 'change': True}
2024-09-16 20:10:21,574 : INFO : EventManager : Event: ======'machine_var_platform_machine'====== Args={'value': 'x86_64', 'prev_value': None, 'change': True}
2024-09-16 20:10:21,574 : INFO : EventManager : Event: ======'machine_var_log_file_path'====== Args={'value': '/home/pinball/Documents/robowar/logs/2024-09-16-20-10-21-mpf-mpf.log', 'prev_value': None, 'change': True}
2024-09-16 20:10:21,574 : INFO : EventManager : Event: ======'init_phase_1'====== Args={}
2024-09-16 20:10:21,586 : INFO : EventManager : Event: ======'init_phase_2'====== Args={}
2024-09-16 20:10:21,586 : INFO : SwitchController : Found active switch: ('56', <mpf.platforms.lisy.lisy.LisyHardwarePlatform object at 0x7a0b5a1a4dd0>) <switch.s_2_throught>
2024-09-16 20:10:21,589 : INFO : EventManager : Event: ======'init_phase_3'====== Args={}
2024-09-16 20:10:21,591 : INFO : EventManager : Event: ======'init_phase_4'====== Args={}
2024-09-16 20:10:21,591 : INFO : EventManager : Event: ======'machine_var_audits_switches_s_2_top_rollover'====== Args={'value': 0, 'prev_value': None, 'change': True}
2024-09-16 20:10:21,592 : INFO : EventManager : Event: ======'machine_var_audits_switches_s_right_side_rollover'====== Args={'value': 0, 'prev_value': None, 'change': True}
2024-09-16 20:10:21,592 : INFO : EventManager : Event: ======'machine_var_audits_switches_s_stargate_rollover'====== Args={'value': 0, 'prev_value': None, 'change': True}
2024-09-16 20:10:21,592 : INFO : EventManager : Event: ======'machine_var_audits_switches_s_right_coin'====== Args={'value': 0, 'prev_value': None, 'change': True}
2024-09-16 20:10:21,592 : INFO : EventManager : Event: ======'machine_var_audits_switches_s_stargate_spot'====== Args={'value': 0, 'prev_value': None, 'change': True}
2024-09-16 20:10:21,592 : INFO : EventManager : Event: ======'machine_var_audits_switches_s_hole'====== Args={'value': 0, 'prev_value': None, 'change': True}
2024-09-16 20:10:21,592 : INFO : EventManager : Event: ======'machine_var_audits_switches_s_right_out_rollover'====== Args={'value': 0, 'prev_value': None, 'change': True}
2024-09-16 20:10:21,592 : INFO : EventManager : Event: ======'machine_var_audits_switches_s_4_top_rollover'====== Args={'value': 0, 'prev_value': None, 'change': True}
2024-09-16 20:10:21,592 : INFO : EventManager : Event: ======'machine_var_audits_switches_s_2_center_target'====== Args={'value': 0, 'prev_value': None, 'change': True}
2024-09-16 20:10:21,592 : INFO : EventManager : Event: ======'machine_var_audits_switches_s_bottom_bumper'====== Args={'value': 0, 'prev_value': None, 'change': True}
2024-09-16 20:10:21,592 : INFO : EventManager : Event: ======'machine_var_audits_switches_s_right_return_rollover'====== Args={'value': 0, 'prev_value': None, 'change': True}
2024-09-16 20:10:21,592 : INFO : EventManager : Event: ======'machine_var_audits_switches_s_top_right_bumper'====== Args={'value': 0, 'prev_value': None, 'change': True}
2024-09-16 20:10:21,592 : INFO : EventManager : Event: ======'machine_var_audits_switches_s_3_right_target'====== Args={'value': 0, 'prev_value': None, 'change': True}
2024-09-16 20:10:21,592 : INFO : EventManager : Event: ======'machine_var_audits_switches_s_shooter_lane_rollover'====== Args={'value': 0, 'prev_value': None, 'change': True}
2024-09-16 20:10:21,593 : INFO : EventManager : Event: ======'machine_var_audits_switches_s_replay'====== Args={'value': 0, 'prev_value': None, 'change': True}
2024-09-16 20:10:21,593 : INFO : EventManager : Event: ======'machine_var_audits_switches_s_tilt'====== Args={'value': 0, 'prev_value': None, 'change': True}
2024-09-16 20:10:21,593 : INFO : EventManager : Event: ======'machine_var_audits_switches_s_1_top_target'====== Args={'value': 0, 'prev_value': None, 'change': True}
2024-09-16 20:10:21,593 : INFO : EventManager : Event: ======'machine_var_audits_switches_s_1_left_target'====== Args={'value': 0, 'prev_value': None, 'change': True}
2024-09-16 20:10:21,593 : INFO : EventManager : Event: ======'machine_var_audits_switches_s_left_adv'====== Args={'value': 0, 'prev_value': None, 'change': True}
2024-09-16 20:10:21,593 : INFO : EventManager : Event: ======'machine_var_audits_switches_s_center_coin'====== Args={'value': 0, 'prev_value': None, 'change': True}
2024-09-16 20:10:21,593 : INFO : EventManager : Event: ======'machine_var_audits_switches_s_1_top_rollover'====== Args={'value': 0, 'prev_value': None, 'change': True}
2024-09-16 20:10:21,593 : INFO : EventManager : Event: ======'machine_var_audits_switches_s_left_spot_target'====== Args={'value': 0, 'prev_value': None, 'change': True}
2024-09-16 20:10:21,593 : INFO : EventManager : Event: ======'machine_var_audits_switches_s_left_out_rollover'====== Args={'value': 0, 'prev_value': None, 'change': True}
2024-09-16 20:10:21,593 : INFO : EventManager : Event: ======'machine_var_audits_switches_s_top_left_bumper'====== Args={'value': 0, 'prev_value': None, 'change': True}
2024-09-16 20:10:21,593 : INFO : EventManager : Event: ======'machine_var_audits_switches_s_left_coin'====== Args={'value': 0, 'prev_value': None, 'change': True}
2024-09-16 20:10:21,593 : INFO : EventManager : Event: ======'machine_var_audits_switches_s_right_flipper'====== Args={'value': 0, 'prev_value': None, 'change': True}
2024-09-16 20:10:21,594 : INFO : EventManager : Event: ======'machine_var_audits_switches_s_1_center_target'====== Args={'value': 0, 'prev_value': None, 'change': True}
2024-09-16 20:10:21,594 : INFO : EventManager : Event: ======'machine_var_audits_switches_s_2_top_target'====== Args={'value': 0, 'prev_value': None, 'change': True}
2024-09-16 20:10:21,594 : INFO : EventManager : Event: ======'machine_var_audits_switches_s_4_top_grop_target'====== Args={'value': 0, 'prev_value': None, 'change': True}
2024-09-16 20:10:21,594 : INFO : EventManager : Event: ======'machine_var_audits_switches_s_2_right_target'====== Args={'value': 0, 'prev_value': None, 'change': True}
2024-09-16 20:10:21,594 : INFO : EventManager : Event: ======'machine_var_audits_switches_s_play_test_play'====== Args={'value': 0, 'prev_value': None, 'change': True}
2024-09-16 20:10:21,594 : INFO : EventManager : Event: ======'machine_var_audits_switches_s_3_top_target'====== Args={'value': 0, 'prev_value': None, 'change': True}
2024-09-16 20:10:21,594 : INFO : EventManager : Event: ======'machine_var_audits_switches_s_left_return_rollover'====== Args={'value': 0, 'prev_value': None, 'change': True}
2024-09-16 20:10:21,594 : INFO : EventManager : Event: ======'machine_var_audits_switches_s_3_top_rollover'====== Args={'value': 0, 'prev_value': None, 'change': True}
2024-09-16 20:10:21,594 : INFO : EventManager : Event: ======'machine_var_audits_switches_s_right_adv'====== Args={'value': 0, 'prev_value': None, 'change': True}
2024-09-16 20:10:21,594 : INFO : EventManager : Event: ======'machine_var_audits_switches_s_spinner'====== Args={'value': 0, 'prev_value': None, 'change': True}
2024-09-16 20:10:21,595 : INFO : EventManager : Event: ======'machine_var_audits_switches_s_top_right_rollunder'====== Args={'value': 0, 'prev_value': None, 'change': True}
2024-09-16 20:10:21,595 : INFO : EventManager : Event: ======'machine_var_audits_switches_s_outhole'====== Args={'value': 0, 'prev_value': None, 'change': True}
2024-09-16 20:10:21,595 : INFO : EventManager : Event: ======'machine_var_audits_switches_s_2_throught'====== Args={'value': 0, 'prev_value': None, 'change': True}
2024-09-16 20:10:21,595 : INFO : EventManager : Event: ======'machine_var_audits_switches_s_1_right_target'====== Args={'value': 0, 'prev_value': None, 'change': True}
2024-09-16 20:10:21,595 : INFO : EventManager : Event: ======'machine_var_audits_switches_s_kicking_2'====== Args={'value': 0, 'prev_value': None, 'change': True}
2024-09-16 20:10:21,595 : INFO : EventManager : Event: ======'machine_var_audits_events_game_started'====== Args={'value': 0, 'prev_value': None, 'change': True}
2024-09-16 20:10:21,595 : INFO : EventManager : Event: ======'machine_var_audits_events_game_ended'====== Args={'value': 0, 'prev_value': None, 'change': True}
2024-09-16 20:10:21,595 : INFO : EventManager : Event: ======'machine_var_audits_player_score'====== Args={'value': {'top': [], 'average': 0, 'total': 0}, 'prev_value': None, 'change': True}
2024-09-16 20:10:21,596 : INFO : EventManager : Event: ======'init_phase_5'====== Args={}
2024-09-16 20:10:21,596 : INFO : EventManager : Event: ======'init_done'====== Args={}
2024-09-16 20:10:21,596 : INFO : EventManager : Event: ======'machine_reset_phase_1'====== Args={}
2024-09-16 20:10:21,596 : INFO : EventManager : Event: ======'machine_reset_phase_2'====== Args={}
2024-09-16 20:10:21,596 : INFO : EventManager : Event: ======'machine_reset_phase_3'====== Args={}
2024-09-16 20:10:21,596 : INFO : EventManager : Event: ======'reset_complete'====== Args={}
2024-09-16 20:10:21,596 : INFO : EventManager : Event: ======'mode_attract_will_start'====== Args={}
2024-09-16 20:10:21,596 : INFO : EventManager : Event: ======'mode_attract_starting'====== Args={}
2024-09-16 20:10:21,596 : INFO : Mode.attract : Started. Priority: 10
2024-09-16 20:10:21,597 : INFO : EventManager : Event: ======'modes_active_modes_changed'====== Args={}
2024-09-16 20:10:21,597 : INFO : EventManager : Event: ======'mode_attract_started'====== Args={}
2024-09-16 20:10:21,597 : INFO : EventManager : Event: ======'collecting_balls_complete'====== Args={}
2024-09-16 20:10:21,597 : INFO : SwitchController : <<<<<<< 's_bottom_bumper' active >>>>>>>
2024-09-16 20:10:21,607 : INFO : Machine : Starting the main run loop.
2024-09-16 20:10:30,215 : INFO : SwitchController : <<<<<<< 's_right_out_rollover' active >>>>>>>
2024-09-16 20:10:30,237 : INFO : SwitchController : <<<<<<< 's_right_out_rollover' inactive >>>>>>>
2024-09-16 20:10:30,345 : INFO : SwitchController : <<<<<<< 's_right_out_rollover' active >>>>>>>
2024-09-16 20:10:30,378 : INFO : SwitchController : <<<<<<< 's_right_out_rollover' inactive >>>>>>>
2024-09-16 20:10:30,398 : INFO : SwitchController : <<<<<<< 's_right_out_rollover' active >>>>>>>
2024-09-16 20:10:30,416 : INFO : SwitchController : <<<<<<< 's_right_out_rollover' inactive >>>>>>>
2024-09-16 20:10:30,779 : INFO : SwitchController : <<<<<<< 's_right_out_rollover' active >>>>>>>
2024-09-16 20:10:30,804 : INFO : SwitchController : <<<<<<< 's_right_out_rollover' inactive >>>>>>>
2024-09-16 20:10:30,840 : INFO : SwitchController : <<<<<<< 's_right_out_rollover' active >>>>>>>
2024-09-16 20:10:30,865 : INFO : SwitchController : <<<<<<< 's_right_out_rollover' inactive >>>>>>>
2024-09-16 20:10:30,866 : INFO : SwitchController : <<<<<<< 's_right_out_rollover' active >>>>>>>
2024-09-16 20:10:30,867 : INFO : SwitchController : <<<<<<< 's_right_out_rollover' inactive >>>>>>>
2024-09-16 20:10:30,890 : INFO : SwitchController : <<<<<<< 's_right_out_rollover' active >>>>>>>
2024-09-16 20:10:30,923 : INFO : SwitchController : <<<<<<< 's_right_out_rollover' inactive >>>>>>>
2024-09-16 20:10:30,946 : INFO : SwitchController : <<<<<<< 's_right_out_rollover' active >>>>>>>
2024-09-16 20:10:30,947 : INFO : SwitchController : <<<<<<< 's_right_out_rollover' inactive >>>>>>>
2024-09-16 20:10:30,947 : INFO : SwitchController : <<<<<<< 's_right_out_rollover' active >>>>>>>
2024-09-16 20:10:31,574 : INFO : SwitchController : <<<<<<< 's_right_out_rollover' inactive >>>>>>>
2024-09-16 20:10:32,148 : INFO : SwitchController : <<<<<<< 's_right_return_rollover' active >>>>>>>
2024-09-16 20:10:33,824 : INFO : SwitchController : <<<<<<< 's_right_return_rollover' inactive >>>>>>>
2024-09-16 20:10:34,102 : INFO : SwitchController : <<<<<<< 's_right_out_rollover' active >>>>>>>
2024-09-16 20:10:34,103 : INFO : SwitchController : <<<<<<< 's_right_out_rollover' inactive >>>>>>>
2024-09-16 20:10:34,128 : INFO : SwitchController : <<<<<<< 's_right_out_rollover' active >>>>>>>
2024-09-16 20:10:34,128 : INFO : SwitchController : <<<<<<< 's_right_out_rollover' inactive >>>>>>>
2024-09-16 20:10:34,150 : INFO : SwitchController : <<<<<<< 's_right_out_rollover' active >>>>>>>
2024-09-16 20:10:34,174 : INFO : SwitchController : <<<<<<< 's_right_out_rollover' inactive >>>>>>>
2024-09-16 20:10:34,200 : INFO : SwitchController : <<<<<<< 's_right_out_rollover' active >>>>>>>
2024-09-16 20:10:34,201 : INFO : SwitchController : <<<<<<< 's_right_out_rollover' inactive >>>>>>>
2024-09-16 20:10:34,202 : INFO : SwitchController : <<<<<<< 's_right_out_rollover' active >>>>>>>
2024-09-16 20:10:34,659 : INFO : SwitchController : <<<<<<< 's_right_out_rollover' inactive >>>>>>>
2024-09-16 20:10:35,025 : INFO : SwitchController : <<<<<<< 's_right_return_rollover' active >>>>>>>
2024-09-16 20:10:35,026 : INFO : SwitchController : <<<<<<< 's_right_return_rollover' inactive >>>>>>>
2024-09-16 20:10:35,053 : INFO : SwitchController : <<<<<<< 's_right_return_rollover' active >>>>>>>
2024-09-16 20:10:35,382 : INFO : SwitchController : <<<<<<< 's_right_return_rollover' inactive >>>>>>>
2024-09-16 20:10:37,381 : INFO : SwitchController : <<<<<<< 's_left_return_rollover' active >>>>>>>
2024-09-16 20:10:37,840 : INFO : SwitchController : <<<<<<< 's_left_return_rollover' inactive >>>>>>>
2024-09-16 20:10:38,265 : INFO : SwitchController : <<<<<<< 's_left_out_rollover' active >>>>>>>
2024-09-16 20:10:38,358 : INFO : SwitchController : <<<<<<< 's_left_out_rollover' inactive >>>>>>>
2024-09-16 20:10:38,359 : INFO : SwitchController : <<<<<<< 's_left_out_rollover' active >>>>>>>
2024-09-16 20:10:38,478 : INFO : SwitchController : <<<<<<< 's_left_out_rollover' inactive >>>>>>>
2024-09-16 20:10:38,631 : INFO : SwitchController : <<<<<<< 's_left_out_rollover' active >>>>>>>
2024-09-16 20:10:38,981 : INFO : SwitchController : <<<<<<< 's_left_out_rollover' inactive >>>>>>>
2024-09-16 20:10:39,009 : INFO : SwitchController : <<<<<<< 's_left_out_rollover' active >>>>>>>
2024-09-16 20:10:39,063 : INFO : SwitchController : <<<<<<< 's_left_out_rollover' inactive >>>>>>>
2024-09-16 20:10:39,512 : INFO : SwitchController : <<<<<<< 's_left_out_rollover' active >>>>>>>
2024-09-16 20:10:39,589 : INFO : SwitchController : <<<<<<< 's_left_out_rollover' inactive >>>>>>>
2024-09-16 20:10:39,616 : INFO : SwitchController : <<<<<<< 's_left_out_rollover' active >>>>>>>
2024-09-16 20:10:39,617 : INFO : SwitchController : <<<<<<< 's_left_out_rollover' inactive >>>>>>>
2024-09-16 20:10:39,643 : INFO : SwitchController : <<<<<<< 's_left_out_rollover' active >>>>>>>
2024-09-16 20:10:40,300 : INFO : SwitchController : <<<<<<< 's_left_out_rollover' inactive >>>>>>>
2024-09-16 20:10:40,332 : INFO : SwitchController : <<<<<<< 's_left_out_rollover' active >>>>>>>
2024-09-16 20:10:40,350 : INFO : SwitchController : <<<<<<< 's_left_out_rollover' inactive >>>>>>>
2024-09-16 20:10:43,898 : INFO : SwitchController : <<<<<<< 's_right_flipper' active >>>>>>>
2024-09-16 20:10:44,137 : INFO : SwitchController : <<<<<<< 's_right_flipper' inactive >>>>>>>
2024-09-16 20:10:44,567 : INFO : SwitchController : <<<<<<< 's_right_flipper' active >>>>>>>
2024-09-16 20:10:45,440 : INFO : SwitchController : <<<<<<< 's_right_flipper' inactive >>>>>>>
2024-09-16 20:10:49,601 : INFO : SwitchController : <<<<<<< 's_shooter_lane_rollover' active >>>>>>>
2024-09-16 20:10:50,031 : INFO : SwitchController : <<<<<<< 's_shooter_lane_rollover' inactive >>>>>>>
2024-09-16 20:10:50,820 : INFO : SwitchController : <<<<<<< 's_shooter_lane_rollover' active >>>>>>>
2024-09-16 20:10:50,975 : INFO : SwitchController : <<<<<<< 's_shooter_lane_rollover' inactive >>>>>>>
2024-09-16 20:10:51,141 : INFO : SwitchController : <<<<<<< 's_shooter_lane_rollover' active >>>>>>>
2024-09-16 20:10:51,346 : INFO : SwitchController : <<<<<<< 's_shooter_lane_rollover' inactive >>>>>>>
2024-09-16 20:10:53,472 : INFO : SwitchController : <<<<<<< 's_right_side_rollover' active >>>>>>>
2024-09-16 20:10:54,346 : INFO : SwitchController : <<<<<<< 's_right_side_rollover' inactive >>>>>>>
2024-09-16 20:10:55,111 : INFO : SwitchController : <<<<<<< 's_right_return_rollover' active >>>>>>>
2024-09-16 20:10:55,560 : INFO : SwitchController : <<<<<<< 's_right_return_rollover' inactive >>>>>>>
2024-09-16 20:10:55,946 : INFO : SwitchController : <<<<<<< 's_right_side_rollover' active >>>>>>>
2024-09-16 20:10:56,432 : INFO : SwitchController : <<<<<<< 's_right_side_rollover' inactive >>>>>>>
2024-09-16 20:10:57,191 : INFO : SwitchController : <<<<<<< 's_right_out_rollover' active >>>>>>>
2024-09-16 20:10:57,192 : INFO : SwitchController : <<<<<<< 's_right_out_rollover' inactive >>>>>>>
2024-09-16 20:10:57,218 : INFO : SwitchController : <<<<<<< 's_right_out_rollover' active >>>>>>>
2024-09-16 20:10:57,218 : INFO : SwitchController : <<<<<<< 's_right_out_rollover' inactive >>>>>>>
2024-09-16 20:10:57,292 : INFO : SwitchController : <<<<<<< 's_right_out_rollover' active >>>>>>>
2024-09-16 20:10:57,329 : INFO : SwitchController : <<<<<<< 's_right_out_rollover' inactive >>>>>>>
2024-09-16 20:10:57,463 : INFO : SwitchController : <<<<<<< 's_right_out_rollover' active >>>>>>>
2024-09-16 20:10:57,730 : INFO : SwitchController : <<<<<<< 's_right_out_rollover' inactive >>>>>>>
2024-09-16 20:10:59,013 : INFO : SwitchController : <<<<<<< 's_3_right_target' active >>>>>>>
2024-09-16 20:10:59,039 : INFO : SwitchController : <<<<<<< 's_3_right_target' inactive >>>>>>>
2024-09-16 20:10:59,058 : INFO : SwitchController : <<<<<<< 's_3_right_target' active >>>>>>>
2024-09-16 20:10:59,591 : INFO : SwitchController : <<<<<<< 's_3_right_target' inactive >>>>>>>
2024-09-16 20:10:59,611 : INFO : SwitchController : <<<<<<< 's_3_right_target' active >>>>>>>
2024-09-16 20:10:59,715 : INFO : SwitchController : <<<<<<< 's_3_right_target' inactive >>>>>>>
2024-09-16 20:10:59,742 : INFO : SwitchController : <<<<<<< 's_3_right_target' active >>>>>>>
2024-09-16 20:10:59,743 : INFO : SwitchController : <<<<<<< 's_2_right_target' active >>>>>>>
2024-09-16 20:11:00,324 : INFO : SwitchController : <<<<<<< 's_2_right_target' inactive >>>>>>>
2024-09-16 20:11:00,325 : INFO : SwitchController : <<<<<<< 's_3_right_target' inactive >>>>>>>
2024-09-16 20:11:00,326 : INFO : SwitchController : <<<<<<< 's_3_right_target' active >>>>>>>
2024-09-16 20:11:00,350 : INFO : SwitchController : <<<<<<< 's_2_right_target' active >>>>>>>
2024-09-16 20:11:00,351 : INFO : SwitchController : <<<<<<< 's_1_right_target' active >>>>>>>
2024-09-16 20:11:04,637 : INFO : SwitchController : <<<<<<< 's_3_right_target' inactive >>>>>>>
2024-09-16 20:11:04,660 : INFO : SwitchController : <<<<<<< 's_3_right_target' active >>>>>>>
2024-09-16 20:11:04,992 : INFO : SwitchController : <<<<<<< 's_3_right_target' inactive >>>>>>>
2024-09-16 20:11:05,017 : INFO : SwitchController : <<<<<<< 's_3_right_target' active >>>>>>>
2024-09-16 20:11:05,535 : INFO : SwitchController : <<<<<<< 's_2_right_target' inactive >>>>>>>
2024-09-16 20:11:05,536 : INFO : SwitchController : <<<<<<< 's_3_right_target' inactive >>>>>>>
2024-09-16 20:11:05,537 : INFO : SwitchController : <<<<<<< 's_2_right_target' active >>>>>>>
2024-09-16 20:11:05,538 : INFO : SwitchController : <<<<<<< 's_3_right_target' active >>>>>>>
2024-09-16 20:11:05,799 : INFO : SwitchController : <<<<<<< 's_2_right_target' inactive >>>>>>>
2024-09-16 20:11:05,825 : INFO : SwitchController : <<<<<<< 's_2_right_target' active >>>>>>>
2024-09-16 20:11:05,852 : INFO : SwitchController : <<<<<<< 's_2_right_target' inactive >>>>>>>
2024-09-16 20:11:05,852 : INFO : SwitchController : <<<<<<< 's_2_right_target' active >>>>>>>
2024-09-16 20:11:05,870 : INFO : SwitchController : <<<<<<< 's_2_right_target' inactive >>>>>>>
2024-09-16 20:11:05,969 : INFO : SwitchController : <<<<<<< 's_2_right_target' active >>>>>>>
2024-09-16 20:11:06,101 : INFO : SwitchController : <<<<<<< 's_2_right_target' inactive >>>>>>>
2024-09-16 20:11:06,128 : INFO : SwitchController : <<<<<<< 's_2_right_target' active >>>>>>>
2024-09-16 20:11:06,129 : INFO : SwitchController : <<<<<<< 's_2_right_target' inactive >>>>>>>
2024-09-16 20:11:06,129 : INFO : SwitchController : <<<<<<< 's_2_right_target' active >>>>>>>
2024-09-16 20:11:07,161 : INFO : SwitchController : <<<<<<< 's_2_right_target' inactive >>>>>>>
2024-09-16 20:11:07,178 : INFO : SwitchController : <<<<<<< 's_2_right_target' active >>>>>>>
2024-09-16 20:11:07,179 : INFO : SwitchController : <<<<<<< 's_2_right_target' inactive >>>>>>>
2024-09-16 20:11:07,201 : INFO : SwitchController : <<<<<<< 's_2_right_target' active >>>>>>>
2024-09-16 20:11:07,223 : INFO : SwitchController : <<<<<<< 's_2_right_target' inactive >>>>>>>
2024-09-16 20:11:07,324 : INFO : SwitchController : <<<<<<< 's_2_right_target' active >>>>>>>
2024-09-16 20:11:07,452 : INFO : SwitchController : <<<<<<< 's_2_right_target' inactive >>>>>>>
2024-09-16 20:11:07,514 : INFO : SwitchController : <<<<<<< 's_2_right_target' active >>>>>>>
2024-09-16 20:11:07,958 : INFO : SwitchController : <<<<<<< 's_1_right_target' inactive >>>>>>>
2024-09-16 20:11:07,998 : INFO : SwitchController : <<<<<<< 's_1_right_target' active >>>>>>>
2024-09-16 20:11:08,039 : INFO : SwitchController : <<<<<<< 's_1_right_target' inactive >>>>>>>
2024-09-16 20:11:08,148 : INFO : SwitchController : <<<<<<< 's_1_right_target' active >>>>>>>
2024-09-16 20:11:08,275 : INFO : SwitchController : <<<<<<< 's_1_right_target' inactive >>>>>>>
2024-09-16 20:11:08,349 : INFO : SwitchController : <<<<<<< 's_1_right_target' active >>>>>>>
2024-09-16 20:11:10,911 : INFO : SwitchController : <<<<<<< 's_2_center_target' active >>>>>>>
2024-09-16 20:11:11,458 : INFO : SwitchController : <<<<<<< 's_1_center_target' active >>>>>>>
2024-09-16 20:11:14,739 : INFO : SwitchController : <<<<<<< 's_1_left_target' active >>>>>>>
2024-09-16 20:11:14,776 : INFO : SwitchController : <<<<<<< 's_1_left_target' inactive >>>>>>>
2024-09-16 20:11:14,799 : INFO : SwitchController : <<<<<<< 's_1_left_target' active >>>>>>>
2024-09-16 20:11:15,931 : INFO : SwitchController : <<<<<<< 's_1_left_target' inactive >>>>>>>
2024-09-16 20:11:15,953 : INFO : SwitchController : <<<<<<< 's_1_left_target' active >>>>>>>
2024-09-16 20:11:16,012 : INFO : SwitchController : <<<<<<< 's_1_top_target' active >>>>>>>
2024-09-16 20:11:16,012 : INFO : SwitchController : <<<<<<< 's_1_left_target' inactive >>>>>>>
2024-09-16 20:11:16,036 : INFO : SwitchController : <<<<<<< 's_1_top_target' inactive >>>>>>>
2024-09-16 20:11:16,036 : INFO : SwitchController : <<<<<<< 's_1_left_target' active >>>>>>>
2024-09-16 20:11:16,037 : INFO : SwitchController : <<<<<<< 's_1_top_target' active >>>>>>>
2024-09-16 20:11:16,393 : INFO : SwitchController : <<<<<<< 's_2_top_target' active >>>>>>>
2024-09-16 20:11:16,432 : INFO : SwitchController : <<<<<<< 's_1_left_target' inactive >>>>>>>
2024-09-16 20:11:16,433 : INFO : SwitchController : <<<<<<< 's_1_left_target' active >>>>>>>
2024-09-16 20:11:16,695 : INFO : SwitchController : <<<<<<< 's_3_top_target' active >>>>>>>
2024-09-16 20:11:17,148 : INFO : SwitchController : <<<<<<< 's_4_top_grop_target' active >>>>>>>
2024-09-16 20:11:17,150 : INFO : SwitchController : <<<<<<< 's_4_top_grop_target' inactive >>>>>>>
2024-09-16 20:11:17,176 : INFO : SwitchController : <<<<<<< 's_4_top_grop_target' active >>>>>>>
2024-09-16 20:11:20,399 : INFO : SwitchController : <<<<<<< 's_1_top_rollover' active >>>>>>>
2024-09-16 20:11:20,946 : INFO : SwitchController : <<<<<<< 's_1_top_rollover' inactive >>>>>>>
2024-09-16 20:11:21,275 : INFO : SwitchController : <<<<<<< 's_2_top_rollover' active >>>>>>>
2024-09-16 20:11:21,785 : INFO : SwitchController : <<<<<<< 's_2_top_rollover' inactive >>>>>>>
2024-09-16 20:11:22,229 : INFO : SwitchController : <<<<<<< 's_2_top_rollover' active >>>>>>>
2024-09-16 20:11:22,249 : INFO : SwitchController : <<<<<<< 's_1_top_rollover' active >>>>>>>
2024-09-16 20:11:22,269 : INFO : SwitchController : <<<<<<< 's_1_top_rollover' inactive >>>>>>>
2024-09-16 20:11:22,631 : INFO : SwitchController : <<<<<<< 's_2_top_rollover' inactive >>>>>>>
2024-09-16 20:11:22,962 : INFO : SwitchController : <<<<<<< 's_2_top_rollover' active >>>>>>>
2024-09-16 20:11:22,990 : INFO : SwitchController : <<<<<<< 's_2_top_rollover' inactive >>>>>>>
2024-09-16 20:11:23,009 : INFO : SwitchController : <<<<<<< 's_2_top_rollover' active >>>>>>>
2024-09-16 20:11:23,071 : INFO : SwitchController : <<<<<<< 's_2_top_rollover' inactive >>>>>>>
2024-09-16 20:11:23,252 : INFO : SwitchController : <<<<<<< 's_2_top_rollover' active >>>>>>>
2024-09-16 20:11:23,392 : INFO : SwitchController : <<<<<<< 's_2_top_rollover' inactive >>>>>>>
2024-09-16 20:11:23,393 : INFO : SwitchController : <<<<<<< 's_1_top_rollover' active >>>>>>>
2024-09-16 20:11:23,727 : INFO : SwitchController : <<<<<<< 's_1_top_rollover' inactive >>>>>>>
2024-09-16 20:11:23,889 : INFO : SwitchController : <<<<<<< 's_2_top_rollover' active >>>>>>>
2024-09-16 20:11:24,287 : INFO : SwitchController : <<<<<<< 's_2_top_rollover' inactive >>>>>>>
2024-09-16 20:11:24,902 : INFO : SwitchController : <<<<<<< 's_1_top_rollover' active >>>>>>>
2024-09-16 20:11:25,209 : INFO : SwitchController : <<<<<<< 's_2_top_rollover' active >>>>>>>
2024-09-16 20:11:25,248 : INFO : SwitchController : <<<<<<< 's_1_top_rollover' inactive >>>>>>>
2024-09-16 20:11:25,786 : INFO : SwitchController : <<<<<<< 's_2_top_rollover' inactive >>>>>>>
2024-09-16 20:11:26,251 : INFO : SwitchController : <<<<<<< 's_3_top_rollover' active >>>>>>>
2024-09-16 20:11:26,560 : INFO : SwitchController : <<<<<<< 's_3_top_rollover' inactive >>>>>>>
2024-09-16 20:11:26,779 : INFO : SwitchController : <<<<<<< 's_4_top_rollover' active >>>>>>>
2024-09-16 20:11:26,808 : INFO : SwitchController : <<<<<<< 's_4_top_rollover' inactive >>>>>>>
2024-09-16 20:11:26,921 : INFO : SwitchController : <<<<<<< 's_4_top_rollover' active >>>>>>>
2024-09-16 20:11:27,351 : INFO : SwitchController : <<<<<<< 's_4_top_rollover' inactive >>>>>>>
2024-09-16 20:11:31,384 : INFO : SwitchController : <<<<<<< 's_spinner' active >>>>>>>
2024-09-16 20:11:31,887 : INFO : SwitchController : <<<<<<< 's_spinner' inactive >>>>>>>
2024-09-16 20:11:33,705 : INFO : SwitchController : <<<<<<< 's_stargate_rollover' active >>>>>>>
2024-09-16 20:11:33,724 : INFO : SwitchController : <<<<<<< 's_stargate_rollover' inactive >>>>>>>
2024-09-16 20:11:36,466 : INFO : SwitchController : <<<<<<< 's_left_spot_target' active >>>>>>>
2024-09-16 20:11:36,894 : INFO : SwitchController : <<<<<<< 's_left_spot_target' inactive >>>>>>>
2024-09-16 20:11:37,165 : INFO : SwitchController : <<<<<<< 's_left_spot_target' active >>>>>>>
2024-09-16 20:11:37,618 : INFO : SwitchController : <<<<<<< 's_left_spot_target' inactive >>>>>>>
2024-09-16 20:11:37,910 : INFO : SwitchController : <<<<<<< 's_left_spot_target' active >>>>>>>
2024-09-16 20:11:38,421 : INFO : SwitchController : <<<<<<< 's_left_spot_target' inactive >>>>>>>
2024-09-16 20:11:38,615 : INFO : SwitchController : <<<<<<< 's_left_spot_target' active >>>>>>>
2024-09-16 20:11:38,970 : INFO : SwitchController : <<<<<<< 's_left_spot_target' inactive >>>>>>>
2024-09-16 20:11:49,095 : INFO : SwitchController : <<<<<<< 's_replay' active >>>>>>>
2024-09-16 20:11:49,201 : INFO : SwitchController : <<<<<<< 's_replay' inactive >>>>>>>
2024-09-16 20:11:49,638 : INFO : SwitchController : <<<<<<< 's_replay' active >>>>>>>
2024-09-16 20:11:49,674 : INFO : SwitchController : <<<<<<< 's_replay' inactive >>>>>>>
2024-09-16 20:11:49,695 : INFO : SwitchController : <<<<<<< 's_replay' active >>>>>>>
2024-09-16 20:11:50,129 : INFO : SwitchController : <<<<<<< 's_replay' inactive >>>>>>>
2024-09-16 20:11:50,614 : INFO : SwitchController : <<<<<<< 's_replay' active >>>>>>>
2024-09-16 20:11:51,263 : INFO : SwitchController : <<<<<<< 's_replay' inactive >>>>>>>
2024-09-16 20:11:51,743 : INFO : SwitchController : <<<<<<< 's_replay' active >>>>>>>
2024-09-16 20:11:51,909 : INFO : SwitchController : <<<<<<< 's_replay' inactive >>>>>>>
2024-09-16 20:11:52,395 : INFO : SwitchController : <<<<<<< 's_replay' active >>>>>>>
2024-09-16 20:11:52,395 : INFO : SwitchController : <<<<<<< 's_replay' inactive >>>>>>>
2024-09-16 20:11:52,431 : INFO : SwitchController : <<<<<<< 's_replay' active >>>>>>>
2024-09-16 20:11:52,456 : INFO : SwitchController : <<<<<<< 's_replay' inactive >>>>>>>
2024-09-16 20:11:52,841 : INFO : SwitchController : <<<<<<< 's_replay' active >>>>>>>
2024-09-16 20:11:52,989 : INFO : SwitchController : <<<<<<< 's_replay' inactive >>>>>>>
2024-09-16 20:11:54,708 : INFO : SwitchController : <<<<<<< 's_left_adv' active >>>>>>>
2024-09-16 20:11:55,145 : INFO : SwitchController : <<<<<<< 's_left_adv' inactive >>>>>>>
2024-09-16 20:11:55,288 : INFO : SwitchController : <<<<<<< 's_left_adv' active >>>>>>>
2024-09-16 20:11:55,344 : INFO : SwitchController : <<<<<<< 's_right_adv' active >>>>>>>
2024-09-16 20:11:55,548 : INFO : SwitchController : <<<<<<< 's_left_adv' inactive >>>>>>>
2024-09-16 20:11:55,786 : INFO : SwitchController : <<<<<<< 's_right_adv' inactive >>>>>>>
2024-09-16 20:11:55,932 : INFO : SwitchController : <<<<<<< 's_left_adv' active >>>>>>>
2024-09-16 20:11:56,137 : INFO : SwitchController : <<<<<<< 's_left_adv' inactive >>>>>>>
2024-09-16 20:11:56,288 : INFO : SwitchController : <<<<<<< 's_left_adv' active >>>>>>>
2024-09-16 20:11:56,368 : INFO : SwitchController : <<<<<<< 's_right_adv' active >>>>>>>
2024-09-16 20:11:56,451 : INFO : SwitchController : <<<<<<< 's_right_adv' inactive >>>>>>>
2024-09-16 20:11:56,478 : INFO : SwitchController : <<<<<<< 's_left_adv' inactive >>>>>>>
2024-09-16 20:11:56,840 : INFO : SwitchController : <<<<<<< 's_left_adv' active >>>>>>>
2024-09-16 20:11:57,173 : INFO : SwitchController : <<<<<<< 's_left_adv' inactive >>>>>>>
2024-09-16 20:11:57,240 : INFO : SwitchController : <<<<<<< 's_right_adv' active >>>>>>>
2024-09-16 20:11:57,524 : INFO : SwitchController : <<<<<<< 's_right_adv' inactive >>>>>>>
2024-09-16 20:11:57,643 : INFO : SwitchController : <<<<<<< 's_left_adv' active >>>>>>>
2024-09-16 20:11:57,823 : INFO : SwitchController : <<<<<<< 's_left_adv' inactive >>>>>>>
2024-09-16 20:11:57,980 : INFO : SwitchController : <<<<<<< 's_right_adv' active >>>>>>>
2024-09-16 20:11:58,160 : INFO : SwitchController : <<<<<<< 's_right_adv' inactive >>>>>>>
2024-09-16 20:11:58,409 : INFO : SwitchController : <<<<<<< 's_left_adv' active >>>>>>>
2024-09-16 20:11:58,625 : INFO : SwitchController : <<<<<<< 's_left_adv' inactive >>>>>>>
2024-09-16 20:11:58,741 : INFO : SwitchController : <<<<<<< 's_right_adv' active >>>>>>>
2024-09-16 20:11:58,900 : INFO : SwitchController : <<<<<<< 's_right_adv' inactive >>>>>>>
2024-09-16 20:12:14,603 : INFO : SwitchController : <<<<<<< 's_center_coin' active >>>>>>>
2024-09-16 20:12:14,856 : INFO : SwitchController : <<<<<<< 's_center_coin' inactive >>>>>>>
2024-09-16 20:12:15,239 : INFO : SwitchController : <<<<<<< 's_center_coin' active >>>>>>>
2024-09-16 20:12:15,502 : INFO : SwitchController : <<<<<<< 's_center_coin' inactive >>>>>>>
2024-09-16 20:12:22,251 : INFO : SwitchController : <<<<<<< 's_tilt' active >>>>>>>
2024-09-16 20:12:22,276 : INFO : SwitchController : <<<<<<< 's_tilt' inactive >>>>>>>
2024-09-16 20:12:22,277 : INFO : SwitchController : <<<<<<< 's_tilt' active >>>>>>>
2024-09-16 20:12:22,277 : INFO : SwitchController : <<<<<<< 's_tilt' inactive >>>>>>>
2024-09-16 20:12:29,872 : INFO : Machine : Shutting down...
2024-09-16 20:12:29,872 : INFO : EventManager : Event: ======'shutdown'====== Args={}
2024-09-16 20:12:29,976 : INFO : root : MPF run loop ended.
