2024-09-17 18:26:51,743 : INFO : root : Loading config.
2024-09-17 18:26:51,745 : INFO : YamlMultifileConfigLoader : Machine config file #1: config.yaml
2024-09-17 18:26:51,745 : INFO : ConfigProcessor : Loading config from file /home/pinball/mpfenv/lib/python3.12/site-packages/mpf/mpfconfig.yaml.
2024-09-17 18:26:51,754 : INFO : ConfigProcessor : Loading config: /home/pinball/mpfenv/lib/python3.12/site-packages/mpf/mpfconfig.yaml
2024-09-17 18:26:51,754 : INFO : ConfigProcessor : Loading config from file /home/pinball/Documents/Robowar/config/config.yaml.
2024-09-17 18:26:51,755 : INFO : ConfigProcessor : Loading config: /home/pinball/Documents/Robowar/config/config.yaml
2024-09-17 18:26:51,757 : INFO : ConfigProcessor : Loading config: /home/pinball/Documents/Robowar/config/switches.yaml
2024-09-17 18:26:51,758 : INFO : ConfigProcessor : Config file cache created: /tmp/ce9187e7529af622f3b6e40d00abcf94.mpf_cache
2024-09-17 18:26:51,786 : INFO : ConfigProcessor : Loading config from cache: /tmp/8973a6dc4f28e221c9999ded5d94a924.mpf_cache
2024-09-17 18:26:51,787 : INFO : ConfigProcessor : Loading config from cache: /tmp/630a60b96e3d9b5031cbb1e5fa5514c1.mpf_cache
2024-09-17 18:26:51,787 : INFO : Machine : Mission Pinball Framework Core Engine v0.80.0.dev4
2024-09-17 18:26:51,787 : INFO : Machine : Command line arguments: {'no_load_cache': False, 'create_config_cache': True, 'bcp': False, 'configfile': ['config.yaml'], 'force_assets_load': False, 'platform_integration_test': False, 'jsonlogging': False, 'logfile': 'logs/2024-09-17-18-26-51-mpf-mpf.log', 'pause': False, 'production': False, 'text_ui': True, 'loglevel': 15, 'consoleloglevel': 20, 'force_platform': None, 'syslog_address': None, 'mc_file_name': None, 'no_sound': False, 'full_logfile_path': '/home/pinball/Documents/Robowar/logs/2024-09-17-18-26-51-mpf-mpf.log'}
2024-09-17 18:26:51,787 : INFO : Machine : MPF path: /home/pinball/mpfenv/lib/python3.12/site-packages/mpf
2024-09-17 18:26:51,787 : INFO : Machine : Machine path: /home/pinball/Documents/Robowar
2024-09-17 18:26:51,787 : INFO : Machine : Platform: linux
2024-09-17 18:26:51,787 : INFO : Machine : Python executable location: /home/pinball/mpfenv/bin/python3
2024-09-17 18:26:51,787 : INFO : Machine : Python version: 3.12.3 (64-bit)
2024-09-17 18:26:51,788 : INFO : Machine : Initializing MPF...
2024-09-17 18:26:51,836 : INFO : lisy : Connecting to /dev/ttyACM0 at 115200bps
2024-09-17 18:26:51,943 : INFO : EventManager : Event: ======'machine_var_lisy_hardware'====== Args={'value': 'LISY80', 'prev_value': None, 'change': True}
2024-09-17 18:26:51,943 : INFO : EventManager : Event: ======'machine_var_lisy_version'====== Args={'value': '5.26 ', 'prev_value': None, 'change': True}
2024-09-17 18:26:51,943 : INFO : EventManager : Event: ======'machine_var_lisy_api_version'====== Args={'value': b'0.09', 'prev_value': None, 'change': True}
2024-09-17 18:26:52,027 : INFO : EventManager : Event: ======'machine_var_credits_string'====== Args={'value': 'FREE PLAY', 'prev_value': None, 'change': True}
2024-09-17 18:26:52,041 : INFO : EventManager : Event: ======'machine_var_master_volume'====== Args={'value': 0.5, 'prev_value': None, 'change': True}
2024-09-17 18:26:52,042 : INFO : EventManager : Event: ======'machine_var_mpf_version'====== Args={'value': 'Mission Pinball Framework v0.80.0.dev4', 'prev_value': None, 'change': True}
2024-09-17 18:26:52,042 : INFO : EventManager : Event: ======'machine_var_mpf_extended_version'====== Args={'value': 'Mission Pinball Framework v0.80.0.dev4, Config version:6, Show version: 6, BCP version:1.1', 'prev_value': None, 'change': True}
2024-09-17 18:26:52,042 : INFO : EventManager : Event: ======'machine_var_python_version'====== Args={'value': '3.12.3', 'prev_value': None, 'change': True}
2024-09-17 18:26:52,044 : INFO : EventManager : Event: ======'machine_var_platform'====== Args={'value': 'Linux-6.8.0-38-generic-x86_64-with-glibc2.39', 'prev_value': None, 'change': True}
2024-09-17 18:26:52,044 : INFO : EventManager : Event: ======'machine_var_platform_system'====== Args={'value': 'Linux', 'prev_value': None, 'change': True}
2024-09-17 18:26:52,044 : INFO : EventManager : Event: ======'machine_var_platform_release'====== Args={'value': '6.8.0-38-generic', 'prev_value': None, 'change': True}
2024-09-17 18:26:52,045 : INFO : EventManager : Event: ======'machine_var_platform_version'====== Args={'value': '#38-Ubuntu SMP PREEMPT_DYNAMIC Fri Jun  7 15:25:01 UTC 2024', 'prev_value': None, 'change': True}
2024-09-17 18:26:52,045 : INFO : EventManager : Event: ======'machine_var_platform_machine'====== Args={'value': 'x86_64', 'prev_value': None, 'change': True}
2024-09-17 18:26:52,045 : INFO : EventManager : Event: ======'machine_var_log_file_path'====== Args={'value': '/home/pinball/Documents/Robowar/logs/2024-09-17-18-26-51-mpf-mpf.log', 'prev_value': None, 'change': True}
2024-09-17 18:26:52,045 : INFO : EventManager : Event: ======'init_phase_1'====== Args={}
2024-09-17 18:26:52,058 : WARNING : segment_display.upper_display : Segment display update_method will default to 'replace' in a future MPF release. You have no config value specified and are currently getting 'stack' for backwards compatibility. To avoid a breaking change, please set 'update_method: "stack"' in your segment display config.
2024-09-17 18:26:52,058 : WARNING : segment_display.lower_display : Segment display update_method will default to 'replace' in a future MPF release. You have no config value specified and are currently getting 'stack' for backwards compatibility. To avoid a breaking change, please set 'update_method: "stack"' in your segment display config.
2024-09-17 18:26:52,070 : INFO : EventManager : Event: ======'init_phase_2'====== Args={}
2024-09-17 18:26:52,071 : INFO : SwitchController : Found active switch: ('40', <mpf.platforms.lisy.lisy.LisyHardwarePlatform object at 0x750ed2198ef0>) <switch.s_1_top_target>
2024-09-17 18:26:52,073 : INFO : ball_device.bd_drain : BCH: Initial count: 0
2024-09-17 18:26:52,073 : INFO : ball_device.bd_drain : State: idle
2024-09-17 18:26:52,076 : INFO : EventManager : Event: ======'init_phase_3'====== Args={}
2024-09-17 18:26:52,077 : INFO : EventManager : Event: ======'init_phase_4'====== Args={}
2024-09-17 18:26:52,077 : INFO : BallController : Initial balls found: 0
2024-09-17 18:26:52,078 : INFO : EventManager : Event: ======'machine_var_audits_switches_s_right_adv'====== Args={'value': 0, 'prev_value': None, 'change': True}
2024-09-17 18:26:52,078 : INFO : EventManager : Event: ======'machine_var_audits_switches_s_3_right_target'====== Args={'value': 0, 'prev_value': None, 'change': True}
2024-09-17 18:26:52,078 : INFO : EventManager : Event: ======'machine_var_audits_switches_s_spinner'====== Args={'value': 0, 'prev_value': None, 'change': True}
2024-09-17 18:26:52,078 : INFO : EventManager : Event: ======'machine_var_audits_switches_s_2_top_target'====== Args={'value': 0, 'prev_value': None, 'change': True}
2024-09-17 18:26:52,078 : INFO : EventManager : Event: ======'machine_var_audits_switches_s_left_spot_target'====== Args={'value': 0, 'prev_value': None, 'change': True}
2024-09-17 18:26:52,078 : INFO : EventManager : Event: ======'machine_var_audits_switches_s_center_coin'====== Args={'value': 0, 'prev_value': None, 'change': True}
2024-09-17 18:26:52,078 : INFO : EventManager : Event: ======'machine_var_audits_switches_s_right_out_rollover'====== Args={'value': 0, 'prev_value': None, 'change': True}
2024-09-17 18:26:52,078 : INFO : EventManager : Event: ======'machine_var_audits_switches_s_kicking_2'====== Args={'value': 0, 'prev_value': None, 'change': True}
2024-09-17 18:26:52,078 : INFO : EventManager : Event: ======'machine_var_audits_switches_s_left_out_rollover'====== Args={'value': 0, 'prev_value': None, 'change': True}
2024-09-17 18:26:52,078 : INFO : EventManager : Event: ======'machine_var_audits_switches_s_2_right_target'====== Args={'value': 0, 'prev_value': None, 'change': True}
2024-09-17 18:26:52,078 : INFO : EventManager : Event: ======'machine_var_audits_switches_s_stargate_rollover'====== Args={'value': 0, 'prev_value': None, 'change': True}
2024-09-17 18:26:52,078 : INFO : EventManager : Event: ======'machine_var_audits_switches_s_outhole'====== Args={'value': 0, 'prev_value': None, 'change': True}
2024-09-17 18:26:52,079 : INFO : EventManager : Event: ======'machine_var_audits_switches_s_2_throught'====== Args={'value': 0, 'prev_value': None, 'change': True}
2024-09-17 18:26:52,079 : INFO : EventManager : Event: ======'machine_var_audits_switches_s_1_top_target'====== Args={'value': 0, 'prev_value': None, 'change': True}
2024-09-17 18:26:52,079 : INFO : EventManager : Event: ======'machine_var_audits_switches_s_right_flipper'====== Args={'value': 0, 'prev_value': None, 'change': True}
2024-09-17 18:26:52,079 : INFO : EventManager : Event: ======'machine_var_audits_switches_s_2_center_target'====== Args={'value': 0, 'prev_value': None, 'change': True}
2024-09-17 18:26:52,079 : INFO : EventManager : Event: ======'machine_var_audits_switches_s_1_right_target'====== Args={'value': 0, 'prev_value': None, 'change': True}
2024-09-17 18:26:52,079 : INFO : EventManager : Event: ======'machine_var_audits_switches_s_tilt'====== Args={'value': 0, 'prev_value': None, 'change': True}
2024-09-17 18:26:52,079 : INFO : EventManager : Event: ======'machine_var_audits_switches_s_2_top_rollover'====== Args={'value': 0, 'prev_value': None, 'change': True}
2024-09-17 18:26:52,079 : INFO : EventManager : Event: ======'machine_var_audits_switches_s_1_center_target'====== Args={'value': 0, 'prev_value': None, 'change': True}
2024-09-17 18:26:52,079 : INFO : EventManager : Event: ======'machine_var_audits_switches_s_stargate_spot'====== Args={'value': 0, 'prev_value': None, 'change': True}
2024-09-17 18:26:52,079 : INFO : EventManager : Event: ======'machine_var_audits_switches_s_1_left_target'====== Args={'value': 0, 'prev_value': None, 'change': True}
2024-09-17 18:26:52,079 : INFO : EventManager : Event: ======'machine_var_audits_switches_s_right_coin'====== Args={'value': 0, 'prev_value': None, 'change': True}
2024-09-17 18:26:52,079 : INFO : EventManager : Event: ======'machine_var_audits_switches_s_shooter_lane_rollover'====== Args={'value': 0, 'prev_value': None, 'change': True}
2024-09-17 18:26:52,079 : INFO : EventManager : Event: ======'machine_var_audits_switches_s_play_test_play'====== Args={'value': 0, 'prev_value': None, 'change': True}
2024-09-17 18:26:52,079 : INFO : EventManager : Event: ======'machine_var_audits_switches_s_top_left_bumper'====== Args={'value': 0, 'prev_value': None, 'change': True}
2024-09-17 18:26:52,079 : INFO : EventManager : Event: ======'machine_var_audits_switches_s_bottom_bumper'====== Args={'value': 0, 'prev_value': None, 'change': True}
2024-09-17 18:26:52,079 : INFO : EventManager : Event: ======'machine_var_audits_switches_s_4_top_rollover'====== Args={'value': 0, 'prev_value': None, 'change': True}
2024-09-17 18:26:52,080 : INFO : EventManager : Event: ======'machine_var_audits_switches_s_top_right_bumper'====== Args={'value': 0, 'prev_value': None, 'change': True}
2024-09-17 18:26:52,080 : INFO : EventManager : Event: ======'machine_var_audits_switches_s_right_return_rollover'====== Args={'value': 0, 'prev_value': None, 'change': True}
2024-09-17 18:26:52,080 : INFO : EventManager : Event: ======'machine_var_audits_switches_s_top_right_rollunder'====== Args={'value': 0, 'prev_value': None, 'change': True}
2024-09-17 18:26:52,080 : INFO : EventManager : Event: ======'machine_var_audits_switches_s_left_return_rollover'====== Args={'value': 0, 'prev_value': None, 'change': True}
2024-09-17 18:26:52,080 : INFO : EventManager : Event: ======'machine_var_audits_switches_s_3_top_rollover'====== Args={'value': 0, 'prev_value': None, 'change': True}
2024-09-17 18:26:52,080 : INFO : EventManager : Event: ======'machine_var_audits_switches_s_3_top_target'====== Args={'value': 0, 'prev_value': None, 'change': True}
2024-09-17 18:26:52,080 : INFO : EventManager : Event: ======'machine_var_audits_switches_s_left_adv'====== Args={'value': 0, 'prev_value': None, 'change': True}
2024-09-17 18:26:52,080 : INFO : EventManager : Event: ======'machine_var_audits_switches_s_right_side_rollover'====== Args={'value': 0, 'prev_value': None, 'change': True}
2024-09-17 18:26:52,080 : INFO : EventManager : Event: ======'machine_var_audits_switches_s_4_top_grop_target'====== Args={'value': 0, 'prev_value': None, 'change': True}
2024-09-17 18:26:52,080 : INFO : EventManager : Event: ======'machine_var_audits_switches_s_hole'====== Args={'value': 0, 'prev_value': None, 'change': True}
2024-09-17 18:26:52,080 : INFO : EventManager : Event: ======'machine_var_audits_switches_s_start'====== Args={'value': 0, 'prev_value': None, 'change': True}
2024-09-17 18:26:52,080 : INFO : EventManager : Event: ======'machine_var_audits_switches_s_1_top_rollover'====== Args={'value': 0, 'prev_value': None, 'change': True}
2024-09-17 18:26:52,081 : INFO : EventManager : Event: ======'machine_var_audits_switches_s_left_coin'====== Args={'value': 0, 'prev_value': None, 'change': True}
2024-09-17 18:26:52,081 : INFO : EventManager : Event: ======'machine_var_audits_events_game_started'====== Args={'value': 0, 'prev_value': None, 'change': True}
2024-09-17 18:26:52,081 : INFO : EventManager : Event: ======'machine_var_audits_events_game_ended'====== Args={'value': 0, 'prev_value': None, 'change': True}
2024-09-17 18:26:52,081 : INFO : EventManager : Event: ======'machine_var_audits_player_score'====== Args={'value': {'top': [], 'average': 0, 'total': 0}, 'prev_value': None, 'change': True}
2024-09-17 18:26:52,081 : INFO : EventManager : Event: ======'init_phase_5'====== Args={}
2024-09-17 18:26:52,081 : INFO : EventManager : Event: ======'init_done'====== Args={}
2024-09-17 18:26:52,081 : INFO : EventManager : Event: ======'machine_reset_phase_1'====== Args={}
2024-09-17 18:26:52,082 : INFO : EventManager : Event: ======'machine_reset_phase_2'====== Args={}
2024-09-17 18:26:52,082 : INFO : EventManager : Event: ======'machine_reset_phase_3'====== Args={}
2024-09-17 18:26:52,082 : INFO : EventManager : Event: ======'reset_complete'====== Args={}
2024-09-17 18:26:52,082 : INFO : EventManager : Event: ======'mode_attract_will_start'====== Args={}
2024-09-17 18:26:52,082 : INFO : EventManager : Event: ======'mode_attract_starting'====== Args={}
2024-09-17 18:26:52,082 : INFO : Mode.attract : Started. Priority: 10
2024-09-17 18:26:52,082 : INFO : EventManager : Event: ======'modes_active_modes_changed'====== Args={}
2024-09-17 18:26:52,082 : INFO : EventManager : Event: ======'mode_attract_started'====== Args={}
2024-09-17 18:26:52,082 : INFO : EventManager : Event: ======'collecting_balls_complete'====== Args={}
2024-09-17 18:26:52,092 : INFO : SwitchController : <<<<<<< 's_1_right_target' active >>>>>>>
2024-09-17 18:26:52,093 : INFO : Machine : Starting the main run loop.
2024-09-17 18:26:52,093 : INFO : SwitchController : <<<<<<< 's_1_center_target' active >>>>>>>
2024-09-17 18:26:52,093 : INFO : SwitchController : <<<<<<< 's_1_left_target' active >>>>>>>
2024-09-17 18:26:52,094 : INFO : SwitchController : <<<<<<< 's_2_top_target' active >>>>>>>
2024-09-17 18:26:52,095 : INFO : SwitchController : <<<<<<< 's_2_right_target' active >>>>>>>
2024-09-17 18:26:52,095 : INFO : SwitchController : <<<<<<< 's_2_center_target' active >>>>>>>
2024-09-17 18:26:52,095 : INFO : SwitchController : <<<<<<< 's_2_throught' active >>>>>>>
2024-09-17 18:26:52,096 : INFO : SwitchController : <<<<<<< 's_3_top_target' active >>>>>>>
2024-09-17 18:26:52,096 : INFO : SwitchController : <<<<<<< 's_3_right_target' active >>>>>>>
2024-09-17 18:26:52,097 : INFO : SwitchController : <<<<<<< 's_4_top_grop_target' active >>>>>>>
2024-09-17 18:26:52,098 : INFO : SwitchController : <<<<<<< 's_bottom_bumper' active >>>>>>>
2024-09-17 18:26:54,645 : INFO : SwitchController : <<<<<<< 's_start' active >>>>>>>
2024-09-17 18:26:54,707 : INFO : SwitchController : <<<<<<< 's_start' inactive >>>>>>>
2024-09-17 18:26:54,707 : INFO : EventManager : Event: ======'request_to_start_game'====== Args={}
2024-09-17 18:26:54,707 : INFO : BallController : Known balls: 0
2024-09-17 18:26:54,707 : INFO : BallController : bd_drain contains 0 balls. Tags ['drain', 'home', 'trough']
2024-09-17 18:26:54,707 : INFO : BallController : playfield contains 0 balls. Tags ['default']
2024-09-17 18:26:54,707 : WARNING : BallController : BallController denies game start. Not enough balls. 0 found. 1 required
2024-09-17 18:26:54,708 : INFO : BallController : Triggering ball search.
2024-09-17 18:26:55,842 : INFO : SwitchController : <<<<<<< 's_start' active >>>>>>>
2024-09-17 18:26:55,866 : INFO : SwitchController : <<<<<<< 's_start' inactive >>>>>>>
2024-09-17 18:26:55,866 : INFO : EventManager : Event: ======'request_to_start_game'====== Args={}
2024-09-17 18:26:55,866 : INFO : BallController : Known balls: 0
2024-09-17 18:26:55,866 : INFO : BallController : bd_drain contains 0 balls. Tags ['drain', 'home', 'trough']
2024-09-17 18:26:55,866 : INFO : BallController : playfield contains 0 balls. Tags ['default']
2024-09-17 18:26:55,866 : WARNING : BallController : BallController denies game start. Not enough balls. 0 found. 1 required
2024-09-17 18:26:55,866 : INFO : BallController : Triggering ball search.
2024-09-17 18:26:55,887 : INFO : SwitchController : <<<<<<< 's_start' active >>>>>>>
2024-09-17 18:26:55,888 : INFO : SwitchController : <<<<<<< 's_start' inactive >>>>>>>
2024-09-17 18:26:55,888 : INFO : EventManager : Event: ======'request_to_start_game'====== Args={}
2024-09-17 18:26:55,888 : INFO : BallController : Known balls: 0
2024-09-17 18:26:55,888 : INFO : BallController : bd_drain contains 0 balls. Tags ['drain', 'home', 'trough']
2024-09-17 18:26:55,888 : INFO : BallController : playfield contains 0 balls. Tags ['default']
2024-09-17 18:26:55,888 : WARNING : BallController : BallController denies game start. Not enough balls. 0 found. 1 required
2024-09-17 18:26:55,888 : INFO : BallController : Triggering ball search.
2024-09-17 18:26:55,917 : INFO : SwitchController : <<<<<<< 's_start' active >>>>>>>
2024-09-17 18:26:55,918 : INFO : SwitchController : <<<<<<< 's_start' inactive >>>>>>>
2024-09-17 18:26:55,918 : INFO : EventManager : Event: ======'request_to_start_game'====== Args={}
2024-09-17 18:26:55,918 : INFO : BallController : Known balls: 0
2024-09-17 18:26:55,918 : INFO : BallController : bd_drain contains 0 balls. Tags ['drain', 'home', 'trough']
2024-09-17 18:26:55,918 : INFO : BallController : playfield contains 0 balls. Tags ['default']
2024-09-17 18:26:55,918 : WARNING : BallController : BallController denies game start. Not enough balls. 0 found. 1 required
2024-09-17 18:26:55,918 : INFO : BallController : Triggering ball search.
2024-09-17 18:26:56,206 : INFO : SwitchController : <<<<<<< 's_start' active >>>>>>>
2024-09-17 18:26:56,305 : INFO : SwitchController : <<<<<<< 's_start' inactive >>>>>>>
2024-09-17 18:26:56,305 : INFO : EventManager : Event: ======'request_to_start_game'====== Args={}
2024-09-17 18:26:56,306 : INFO : BallController : Known balls: 0
2024-09-17 18:26:56,306 : INFO : BallController : bd_drain contains 0 balls. Tags ['drain', 'home', 'trough']
2024-09-17 18:26:56,306 : INFO : BallController : playfield contains 0 balls. Tags ['default']
2024-09-17 18:26:56,306 : WARNING : BallController : BallController denies game start. Not enough balls. 0 found. 1 required
2024-09-17 18:26:56,306 : INFO : BallController : Triggering ball search.
2024-09-17 18:26:57,241 : INFO : SwitchController : <<<<<<< 's_start' active >>>>>>>
2024-09-17 18:26:57,331 : INFO : SwitchController : <<<<<<< 's_start' inactive >>>>>>>
2024-09-17 18:26:57,331 : INFO : EventManager : Event: ======'request_to_start_game'====== Args={}
2024-09-17 18:26:57,332 : INFO : BallController : Known balls: 0
2024-09-17 18:26:57,332 : INFO : BallController : bd_drain contains 0 balls. Tags ['drain', 'home', 'trough']
2024-09-17 18:26:57,332 : INFO : BallController : playfield contains 0 balls. Tags ['default']
2024-09-17 18:26:57,332 : WARNING : BallController : BallController denies game start. Not enough balls. 0 found. 1 required
2024-09-17 18:26:57,332 : INFO : BallController : Triggering ball search.
2024-09-17 18:27:03,561 : INFO : SwitchController : <<<<<<< 's_start' active >>>>>>>
2024-09-17 18:27:03,589 : INFO : SwitchController : <<<<<<< 's_start' inactive >>>>>>>
2024-09-17 18:27:03,589 : INFO : EventManager : Event: ======'request_to_start_game'====== Args={}
2024-09-17 18:27:03,589 : INFO : BallController : Known balls: 0
2024-09-17 18:27:03,589 : INFO : BallController : bd_drain contains 0 balls. Tags ['drain', 'home', 'trough']
2024-09-17 18:27:03,589 : INFO : BallController : playfield contains 0 balls. Tags ['default']
2024-09-17 18:27:03,589 : WARNING : BallController : BallController denies game start. Not enough balls. 0 found. 1 required
2024-09-17 18:27:03,589 : INFO : BallController : Triggering ball search.
2024-09-17 18:27:03,608 : INFO : SwitchController : <<<<<<< 's_start' active >>>>>>>
2024-09-17 18:27:03,626 : INFO : SwitchController : <<<<<<< 's_start' inactive >>>>>>>
2024-09-17 18:27:03,626 : INFO : EventManager : Event: ======'request_to_start_game'====== Args={}
2024-09-17 18:27:03,626 : INFO : BallController : Known balls: 0
2024-09-17 18:27:03,626 : INFO : BallController : bd_drain contains 0 balls. Tags ['drain', 'home', 'trough']
2024-09-17 18:27:03,626 : INFO : BallController : playfield contains 0 balls. Tags ['default']
2024-09-17 18:27:03,626 : WARNING : BallController : BallController denies game start. Not enough balls. 0 found. 1 required
2024-09-17 18:27:03,626 : INFO : BallController : Triggering ball search.
2024-09-17 18:27:03,644 : INFO : SwitchController : <<<<<<< 's_start' active >>>>>>>
2024-09-17 18:27:03,698 : INFO : SwitchController : <<<<<<< 's_start' inactive >>>>>>>
2024-09-17 18:27:03,698 : INFO : EventManager : Event: ======'request_to_start_game'====== Args={}
2024-09-17 18:27:03,698 : INFO : BallController : Known balls: 0
2024-09-17 18:27:03,698 : INFO : BallController : bd_drain contains 0 balls. Tags ['drain', 'home', 'trough']
2024-09-17 18:27:03,698 : INFO : BallController : playfield contains 0 balls. Tags ['default']
2024-09-17 18:27:03,698 : WARNING : BallController : BallController denies game start. Not enough balls. 0 found. 1 required
2024-09-17 18:27:03,698 : INFO : BallController : Triggering ball search.
2024-09-17 18:27:04,140 : INFO : SwitchController : <<<<<<< 's_start' active >>>>>>>
2024-09-17 18:27:04,190 : INFO : SwitchController : <<<<<<< 's_start' inactive >>>>>>>
2024-09-17 18:27:04,191 : INFO : EventManager : Event: ======'request_to_start_game'====== Args={}
2024-09-17 18:27:04,191 : INFO : BallController : Known balls: 0
2024-09-17 18:27:04,191 : INFO : BallController : bd_drain contains 0 balls. Tags ['drain', 'home', 'trough']
2024-09-17 18:27:04,191 : INFO : BallController : playfield contains 0 balls. Tags ['default']
2024-09-17 18:27:04,191 : WARNING : BallController : BallController denies game start. Not enough balls. 0 found. 1 required
2024-09-17 18:27:04,191 : INFO : BallController : Triggering ball search.
2024-09-17 18:27:04,235 : INFO : SwitchController : <<<<<<< 's_start' active >>>>>>>
2024-09-17 18:27:04,283 : INFO : SwitchController : <<<<<<< 's_start' inactive >>>>>>>
2024-09-17 18:27:04,283 : INFO : EventManager : Event: ======'request_to_start_game'====== Args={}
2024-09-17 18:27:04,283 : INFO : BallController : Known balls: 0
2024-09-17 18:27:04,283 : INFO : BallController : bd_drain contains 0 balls. Tags ['drain', 'home', 'trough']
2024-09-17 18:27:04,283 : INFO : BallController : playfield contains 0 balls. Tags ['default']
2024-09-17 18:27:04,284 : WARNING : BallController : BallController denies game start. Not enough balls. 0 found. 1 required
2024-09-17 18:27:04,284 : INFO : BallController : Triggering ball search.
2024-09-17 18:27:04,320 : INFO : SwitchController : <<<<<<< 's_start' active >>>>>>>
2024-09-17 18:27:04,427 : INFO : SwitchController : <<<<<<< 's_start' inactive >>>>>>>
2024-09-17 18:27:04,427 : INFO : EventManager : Event: ======'request_to_start_game'====== Args={}
2024-09-17 18:27:04,427 : INFO : BallController : Known balls: 0
2024-09-17 18:27:04,428 : INFO : BallController : bd_drain contains 0 balls. Tags ['drain', 'home', 'trough']
2024-09-17 18:27:04,428 : INFO : BallController : playfield contains 0 balls. Tags ['default']
2024-09-17 18:27:04,428 : WARNING : BallController : BallController denies game start. Not enough balls. 0 found. 1 required
2024-09-17 18:27:04,428 : INFO : BallController : Triggering ball search.
2024-09-17 18:27:04,455 : INFO : SwitchController : <<<<<<< 's_start' active >>>>>>>
2024-09-17 18:27:04,483 : INFO : SwitchController : <<<<<<< 's_start' inactive >>>>>>>
2024-09-17 18:27:04,483 : INFO : EventManager : Event: ======'request_to_start_game'====== Args={}
2024-09-17 18:27:04,483 : INFO : BallController : Known balls: 0
2024-09-17 18:27:04,484 : INFO : BallController : bd_drain contains 0 balls. Tags ['drain', 'home', 'trough']
2024-09-17 18:27:04,484 : INFO : BallController : playfield contains 0 balls. Tags ['default']
2024-09-17 18:27:04,484 : WARNING : BallController : BallController denies game start. Not enough balls. 0 found. 1 required
2024-09-17 18:27:04,484 : INFO : BallController : Triggering ball search.
2024-09-17 18:27:04,510 : INFO : SwitchController : <<<<<<< 's_start' active >>>>>>>
2024-09-17 18:27:04,565 : INFO : SwitchController : <<<<<<< 's_start' inactive >>>>>>>
2024-09-17 18:27:04,565 : INFO : EventManager : Event: ======'request_to_start_game'====== Args={}
2024-09-17 18:27:04,565 : INFO : BallController : Known balls: 0
2024-09-17 18:27:04,565 : INFO : BallController : bd_drain contains 0 balls. Tags ['drain', 'home', 'trough']
2024-09-17 18:27:04,565 : INFO : BallController : playfield contains 0 balls. Tags ['default']
2024-09-17 18:27:04,565 : WARNING : BallController : BallController denies game start. Not enough balls. 0 found. 1 required
2024-09-17 18:27:04,566 : INFO : BallController : Triggering ball search.
2024-09-17 18:27:04,676 : INFO : SwitchController : <<<<<<< 's_start' active >>>>>>>
2024-09-17 18:27:04,705 : INFO : SwitchController : <<<<<<< 's_start' inactive >>>>>>>
2024-09-17 18:27:04,705 : INFO : EventManager : Event: ======'request_to_start_game'====== Args={}
2024-09-17 18:27:04,705 : INFO : BallController : Known balls: 0
2024-09-17 18:27:04,705 : INFO : BallController : bd_drain contains 0 balls. Tags ['drain', 'home', 'trough']
2024-09-17 18:27:04,705 : INFO : BallController : playfield contains 0 balls. Tags ['default']
2024-09-17 18:27:04,706 : WARNING : BallController : BallController denies game start. Not enough balls. 0 found. 1 required
2024-09-17 18:27:04,706 : INFO : BallController : Triggering ball search.
2024-09-17 18:27:04,707 : INFO : SwitchController : <<<<<<< 's_start' active >>>>>>>
2024-09-17 18:27:04,732 : INFO : SwitchController : <<<<<<< 's_start' inactive >>>>>>>
2024-09-17 18:27:04,732 : INFO : EventManager : Event: ======'request_to_start_game'====== Args={}
2024-09-17 18:27:04,732 : INFO : BallController : Known balls: 0
2024-09-17 18:27:04,732 : INFO : BallController : bd_drain contains 0 balls. Tags ['drain', 'home', 'trough']
2024-09-17 18:27:04,733 : INFO : BallController : playfield contains 0 balls. Tags ['default']
2024-09-17 18:27:04,733 : WARNING : BallController : BallController denies game start. Not enough balls. 0 found. 1 required
2024-09-17 18:27:04,733 : INFO : BallController : Triggering ball search.
2024-09-17 18:27:04,733 : INFO : SwitchController : <<<<<<< 's_start' active >>>>>>>
2024-09-17 18:27:04,755 : INFO : SwitchController : <<<<<<< 's_start' inactive >>>>>>>
2024-09-17 18:27:04,755 : INFO : EventManager : Event: ======'request_to_start_game'====== Args={}
2024-09-17 18:27:04,756 : INFO : BallController : Known balls: 0
2024-09-17 18:27:04,756 : INFO : BallController : bd_drain contains 0 balls. Tags ['drain', 'home', 'trough']
2024-09-17 18:27:04,756 : INFO : BallController : playfield contains 0 balls. Tags ['default']
2024-09-17 18:27:04,756 : WARNING : BallController : BallController denies game start. Not enough balls. 0 found. 1 required
2024-09-17 18:27:04,756 : INFO : BallController : Triggering ball search.
2024-09-17 18:27:04,777 : INFO : SwitchController : <<<<<<< 's_start' active >>>>>>>
2024-09-17 18:27:04,800 : INFO : SwitchController : <<<<<<< 's_start' inactive >>>>>>>
2024-09-17 18:27:04,800 : INFO : EventManager : Event: ======'request_to_start_game'====== Args={}
2024-09-17 18:27:04,801 : INFO : BallController : Known balls: 0
2024-09-17 18:27:04,801 : INFO : BallController : bd_drain contains 0 balls. Tags ['drain', 'home', 'trough']
2024-09-17 18:27:04,801 : INFO : BallController : playfield contains 0 balls. Tags ['default']
2024-09-17 18:27:04,801 : WARNING : BallController : BallController denies game start. Not enough balls. 0 found. 1 required
2024-09-17 18:27:04,801 : INFO : BallController : Triggering ball search.
2024-09-17 18:27:04,802 : INFO : SwitchController : <<<<<<< 's_start' active >>>>>>>
2024-09-17 18:27:04,830 : INFO : SwitchController : <<<<<<< 's_start' inactive >>>>>>>
2024-09-17 18:27:04,830 : INFO : EventManager : Event: ======'request_to_start_game'====== Args={}
2024-09-17 18:27:04,831 : INFO : BallController : Known balls: 0
2024-09-17 18:27:04,831 : INFO : BallController : bd_drain contains 0 balls. Tags ['drain', 'home', 'trough']
2024-09-17 18:27:04,831 : INFO : BallController : playfield contains 0 balls. Tags ['default']
2024-09-17 18:27:04,831 : WARNING : BallController : BallController denies game start. Not enough balls. 0 found. 1 required
2024-09-17 18:27:04,831 : INFO : BallController : Triggering ball search.
2024-09-17 18:27:04,832 : INFO : SwitchController : <<<<<<< 's_start' active >>>>>>>
2024-09-17 18:27:04,846 : INFO : SwitchController : <<<<<<< 's_start' inactive >>>>>>>
2024-09-17 18:27:04,846 : INFO : EventManager : Event: ======'request_to_start_game'====== Args={}
2024-09-17 18:27:04,847 : INFO : BallController : Known balls: 0
2024-09-17 18:27:04,847 : INFO : BallController : bd_drain contains 0 balls. Tags ['drain', 'home', 'trough']
2024-09-17 18:27:04,847 : INFO : BallController : playfield contains 0 balls. Tags ['default']
2024-09-17 18:27:04,847 : WARNING : BallController : BallController denies game start. Not enough balls. 0 found. 1 required
2024-09-17 18:27:04,847 : INFO : BallController : Triggering ball search.
2024-09-17 18:27:04,879 : INFO : SwitchController : <<<<<<< 's_start' active >>>>>>>
2024-09-17 18:27:04,946 : INFO : SwitchController : <<<<<<< 's_start' inactive >>>>>>>
2024-09-17 18:27:04,946 : INFO : EventManager : Event: ======'request_to_start_game'====== Args={}
2024-09-17 18:27:04,946 : INFO : BallController : Known balls: 0
2024-09-17 18:27:04,947 : INFO : BallController : bd_drain contains 0 balls. Tags ['drain', 'home', 'trough']
2024-09-17 18:27:04,947 : INFO : BallController : playfield contains 0 balls. Tags ['default']
2024-09-17 18:27:04,947 : WARNING : BallController : BallController denies game start. Not enough balls. 0 found. 1 required
2024-09-17 18:27:04,947 : INFO : BallController : Triggering ball search.
2024-09-17 18:27:05,005 : INFO : SwitchController : <<<<<<< 's_start' active >>>>>>>
2024-09-17 18:27:05,030 : INFO : SwitchController : <<<<<<< 's_start' inactive >>>>>>>
2024-09-17 18:27:05,030 : INFO : EventManager : Event: ======'request_to_start_game'====== Args={}
2024-09-17 18:27:05,030 : INFO : BallController : Known balls: 0
2024-09-17 18:27:05,031 : INFO : BallController : bd_drain contains 0 balls. Tags ['drain', 'home', 'trough']
2024-09-17 18:27:05,031 : INFO : BallController : playfield contains 0 balls. Tags ['default']
2024-09-17 18:27:05,031 : WARNING : BallController : BallController denies game start. Not enough balls. 0 found. 1 required
2024-09-17 18:27:05,031 : INFO : BallController : Triggering ball search.
2024-09-17 18:27:05,344 : INFO : SwitchController : <<<<<<< 's_start' active >>>>>>>
2024-09-17 18:27:05,609 : INFO : SwitchController : <<<<<<< 's_start' inactive >>>>>>>
2024-09-17 18:27:05,610 : INFO : EventManager : Event: ======'request_to_start_game'====== Args={}
2024-09-17 18:27:05,611 : INFO : BallController : Known balls: 0
2024-09-17 18:27:05,611 : INFO : BallController : bd_drain contains 0 balls. Tags ['drain', 'home', 'trough']
2024-09-17 18:27:05,611 : INFO : BallController : playfield contains 0 balls. Tags ['default']
2024-09-17 18:27:05,611 : WARNING : BallController : BallController denies game start. Not enough balls. 0 found. 1 required
2024-09-17 18:27:05,611 : INFO : BallController : Triggering ball search.
2024-09-17 18:27:05,612 : INFO : SwitchController : <<<<<<< 's_start' active >>>>>>>
2024-09-17 18:27:05,639 : INFO : SwitchController : <<<<<<< 's_start' inactive >>>>>>>
2024-09-17 18:27:05,640 : INFO : EventManager : Event: ======'request_to_start_game'====== Args={}
2024-09-17 18:27:05,640 : INFO : BallController : Known balls: 0
2024-09-17 18:27:05,640 : INFO : BallController : bd_drain contains 0 balls. Tags ['drain', 'home', 'trough']
2024-09-17 18:27:05,640 : INFO : BallController : playfield contains 0 balls. Tags ['default']
2024-09-17 18:27:05,640 : WARNING : BallController : BallController denies game start. Not enough balls. 0 found. 1 required
2024-09-17 18:27:05,640 : INFO : BallController : Triggering ball search.
2024-09-17 18:27:05,665 : INFO : SwitchController : <<<<<<< 's_start' active >>>>>>>
2024-09-17 18:27:05,666 : INFO : SwitchController : <<<<<<< 's_start' inactive >>>>>>>
2024-09-17 18:27:05,666 : INFO : EventManager : Event: ======'request_to_start_game'====== Args={}
2024-09-17 18:27:05,667 : INFO : BallController : Known balls: 0
2024-09-17 18:27:05,667 : INFO : BallController : bd_drain contains 0 balls. Tags ['drain', 'home', 'trough']
2024-09-17 18:27:05,667 : INFO : BallController : playfield contains 0 balls. Tags ['default']
2024-09-17 18:27:05,667 : WARNING : BallController : BallController denies game start. Not enough balls. 0 found. 1 required
2024-09-17 18:27:05,667 : INFO : BallController : Triggering ball search.
2024-09-17 18:27:05,690 : INFO : SwitchController : <<<<<<< 's_start' active >>>>>>>
2024-09-17 18:27:05,809 : INFO : SwitchController : <<<<<<< 's_start' inactive >>>>>>>
2024-09-17 18:27:05,810 : INFO : EventManager : Event: ======'request_to_start_game'====== Args={}
2024-09-17 18:27:05,811 : INFO : BallController : Known balls: 0
2024-09-17 18:27:05,811 : INFO : BallController : bd_drain contains 0 balls. Tags ['drain', 'home', 'trough']
2024-09-17 18:27:05,811 : INFO : BallController : playfield contains 0 balls. Tags ['default']
2024-09-17 18:27:05,811 : WARNING : BallController : BallController denies game start. Not enough balls. 0 found. 1 required
2024-09-17 18:27:05,811 : INFO : BallController : Triggering ball search.
2024-09-17 18:27:08,312 : INFO : SwitchController : <<<<<<< 's_right_flipper' active >>>>>>>
2024-09-17 18:27:09,455 : INFO : SwitchController : <<<<<<< 's_right_flipper' inactive >>>>>>>
2024-09-17 18:27:13,512 : INFO : Machine : Shutting down...
2024-09-17 18:27:13,512 : INFO : EventManager : Event: ======'shutdown'====== Args={}
2024-09-17 18:27:13,616 : INFO : root : MPF run loop ended.
